Parameter-settings: 

--inputfile          instances/pr107-thop/pr107_05_usw_10_01.thop
--outputfile         solutions/acothop/pr107-thop/pr107_05_usw_10_01_03.thop.sol
--tries              1
--tours              0
--ptries             1
--time               53.00
--seed               644764
--optimum            1
--ants               196
--nnants             20
--alpha              1.24
--beta               5.46
--rho                0.51
--q0                 0.00
--elitistants        0
--rasranks           0
--localsearch        0
--nnls               20
--dlb                1
--as                 0
--eas                0
--ras                0
--mmas               1
--bwas               0
--acs                0


begin try 0 
best     129813,        iteration:          1,        time       0.10
best     133607,        iteration:          2,        time       0.21
best     133823,        iteration:          3,        time       0.31
best     135363,        iteration:          6,        time       0.62
best     135898,        iteration:          7,        time       0.72
best     136515,        iteration:          8,        time       0.82
best     136876,        iteration:         17,        time       1.77
best     137447,        iteration:         18,        time       1.87
best     137621,        iteration:         29,        time       3.06
best     137664,        iteration:         32,        time       3.39
best     138308,        iteration:         33,        time       3.49
best     138332,        iteration:         55,        time       5.88
best     138380,        iteration:         86,        time       9.24
best     138733,        iteration:         88,        time       9.45
best     139448,        iteration:        110,        time      11.85
best     139461,        iteration:        112,        time      12.07
best     139491,        iteration:        130,        time      14.01
end try 0 


try          0,        best     139491,        found at iteration        130,        found at time      14.01
