Parameter-settings: 

--inputfile          instances/pr107-thop/pr107_03_unc_01_01.thop
--outputfile         solutions/acothop/pr107-thop/pr107_03_unc_01_01_04.thop.sol
--tries              1
--tours              0
--ptries             1
--time               32.00
--seed               547617
--optimum            1
--ants               196
--nnants             20
--alpha              1.24
--beta               5.46
--rho                0.51
--q0                 0.00
--elitistants        0
--rasranks           0
--localsearch        0
--nnls               20
--dlb                1
--as                 0
--eas                0
--ras                0
--mmas               1
--bwas               0
--acs                0


begin try 0 
best      24727,        iteration:          1,        time       0.05
best      25510,        iteration:          2,        time       0.10
best      27875,        iteration:          4,        time       0.21
best      27988,        iteration:          7,        time       0.36
best      28169,        iteration:          8,        time       0.41
best      28608,        iteration:         20,        time       0.99
best      28710,        iteration:         53,        time       2.56
best      29134,        iteration:         63,        time       3.04
end try 0 


try          0,        best      29134,        found at iteration         63,        found at time       3.04
