Parameter-settings: 

--inputfile          instances/pr107-thop/pr107_10_usw_01_02.thop
--outputfile         solutions/acothop/pr107-thop/pr107_10_usw_01_02_08.thop.sol
--tries              1
--tours              0
--ptries             1
--time               105.00
--seed               858990
--optimum            1
--ants               196
--nnants             20
--alpha              1.24
--beta               5.46
--rho                0.51
--q0                 0.00
--elitistants        0
--rasranks           0
--localsearch        0
--nnls               20
--dlb                1
--as                 0
--eas                0
--ras                0
--mmas               1
--bwas               0
--acs                0


begin try 0 
best      79488,        iteration:          1,        time       0.15
best      80256,        iteration:          2,        time       0.29
best      80889,        iteration:          7,        time       1.00
best      80984,        iteration:         24,        time       2.94
best      81047,        iteration:         35,        time       4.17
best      81117,        iteration:        175,        time      19.47
best      81201,        iteration:        483,        time      52.56
best      81428,        iteration:        567,        time      61.59
end try 0 


try          0,        best      81428,        found at iteration        567,        found at time      61.59
