Parameter-settings: 

--inputfile          instances/pr107-thop/pr107_10_usw_01_03.thop
--outputfile         solutions/acothop/pr107-thop/pr107_10_usw_01_03_07.thop.sol
--tries              1
--tours              0
--ptries             1
--time               105.00
--seed               462018
--optimum            1
--ants               196
--nnants             20
--alpha              1.24
--beta               5.46
--rho                0.51
--q0                 0.00
--elitistants        0
--rasranks           0
--localsearch        0
--nnls               20
--dlb                1
--as                 0
--eas                0
--ras                0
--mmas               1
--bwas               0
--acs                0


begin try 0 
best      82682,        iteration:          1,        time       0.16
best      84761,        iteration:          2,        time       0.31
best      85292,        iteration:          4,        time       0.59
best      86296,        iteration:         43,        time       4.69
best      86443,        iteration:         49,        time       5.45
best      86582,        iteration:         57,        time       6.27
best      86609,        iteration:        516,        time      54.21
best      86627,        iteration:        518,        time      54.43
best      86645,        iteration:        859,        time      89.66
best      86685,        iteration:        900,        time      93.91
best      86730,        iteration:        901,        time      94.04
end try 0 


try          0,        best      86730,        found at iteration        901,        found at time      94.04
