Parameter-settings: 

--inputfile          instances/pr107-thop/pr107_05_bsc_10_01.thop
--outputfile         solutions/acothop/pr107-thop/pr107_05_bsc_10_01_02.thop.sol
--tries              1
--tours              0
--ptries             1
--time               53.00
--seed               126489
--optimum            1
--ants               196
--nnants             20
--alpha              1.24
--beta               5.46
--rho                0.51
--q0                 0.00
--elitistants        0
--rasranks           0
--localsearch        0
--nnls               20
--dlb                1
--as                 0
--eas                0
--ras                0
--mmas               1
--bwas               0
--acs                0


begin try 0 
best     302691,        iteration:          1,        time       0.10
best     315500,        iteration:          2,        time       0.20
best     318247,        iteration:          3,        time       0.30
best     323334,        iteration:          4,        time       0.40
best     324582,        iteration:          6,        time       0.60
best     326251,        iteration:          7,        time       0.71
best     326878,        iteration:          8,        time       0.81
best     327158,        iteration:         12,        time       1.20
best     327533,        iteration:         63,        time       6.35
best     327702,        iteration:         73,        time       7.35
best     327739,        iteration:         84,        time       8.48
best     328229,        iteration:         95,        time       9.59
best     328293,        iteration:         96,        time       9.69
best     328427,        iteration:         97,        time       9.78
best     328918,        iteration:        123,        time      12.40
best     331384,        iteration:        124,        time      12.51
best     331961,        iteration:        184,        time      18.75
best     333590,        iteration:        185,        time      18.85
best     335154,        iteration:        235,        time      24.10
end try 0 


try          0,        best     335154,        found at iteration        235,        found at time      24.10
