Parameter-settings: 

--inputfile          instances/pr107-thop/pr107_05_bsc_10_03.thop
--outputfile         solutions/acothop/pr107-thop/pr107_05_bsc_10_03_09.thop.sol
--tries              1
--tours              0
--ptries             1
--time               53.00
--seed               756112
--optimum            1
--ants               196
--nnants             20
--alpha              1.24
--beta               5.46
--rho                0.51
--q0                 0.00
--elitistants        0
--rasranks           0
--localsearch        0
--nnls               20
--dlb                1
--as                 0
--eas                0
--ras                0
--mmas               1
--bwas               0
--acs                0


begin try 0 
best     454282,        iteration:          1,        time       0.14
best     454964,        iteration:        104,        time      14.04
best     455022,        iteration:        110,        time      14.86
best     457563,        iteration:        117,        time      15.81
best     457877,        iteration:        118,        time      15.95
best     459602,        iteration:        151,        time      20.43
end try 0 


try          0,        best     459602,        found at iteration        151,        found at time      20.43
