Parameter-settings: 

--inputfile          instances/pr107-thop/pr107_05_unc_10_02.thop
--outputfile         solutions/acothop/pr107-thop/pr107_05_unc_10_02_07.thop.sol
--tries              1
--tours              0
--ptries             1
--time               53.00
--seed               462018
--optimum            1
--ants               196
--nnants             20
--alpha              1.24
--beta               5.46
--rho                0.51
--q0                 0.00
--elitistants        0
--rasranks           0
--localsearch        0
--nnls               20
--dlb                1
--as                 0
--eas                0
--ras                0
--mmas               1
--bwas               0
--acs                0


begin try 0 
best     145333,        iteration:          1,        time       0.13
best     155660,        iteration:          2,        time       0.26
best     161807,        iteration:          3,        time       0.38
best     166106,        iteration:          4,        time       0.51
best     174435,        iteration:          5,        time       0.64
best     174685,        iteration:         10,        time       1.29
best     174802,        iteration:         12,        time       1.55
best     175074,        iteration:         19,        time       2.49
best     175282,        iteration:         42,        time       5.54
best     175796,        iteration:        141,        time      18.65
best     176249,        iteration:        272,        time      36.07
end try 0 


try          0,        best     176249,        found at iteration        272,        found at time      36.07
