Parameter-settings: 

--inputfile          instances/pr107-thop/pr107_05_usw_01_03.thop
--outputfile         solutions/acothop/pr107-thop/pr107_05_usw_01_03_04.thop.sol
--tries              1
--tours              0
--ptries             1
--time               53.00
--seed               547617
--optimum            1
--ants               196
--nnants             20
--alpha              1.24
--beta               5.46
--rho                0.51
--q0                 0.00
--elitistants        0
--rasranks           0
--localsearch        0
--nnls               20
--dlb                1
--as                 0
--eas                0
--ras                0
--mmas               1
--bwas               0
--acs                0


begin try 0 
best      41208,        iteration:          1,        time       0.07
best      41429,        iteration:          2,        time       0.15
best      41614,        iteration:          4,        time       0.28
best      41696,        iteration:          5,        time       0.34
best      41990,        iteration:          7,        time       0.45
best      42216,        iteration:          8,        time       0.50
best      42455,        iteration:         30,        time       1.63
best      42473,        iteration:         31,        time       1.68
best      42636,        iteration:         32,        time       1.74
best      42741,        iteration:         33,        time       1.80
best      42906,        iteration:         34,        time       1.86
best      43285,        iteration:         36,        time       2.00
best      43373,        iteration:         39,        time       2.22
end try 0 


try          0,        best      43373,        found at iteration         39,        found at time       2.22
