Parameter-settings: 

--inputfile          instances/pr107-thop/pr107_01_bsc_05_01.thop
--outputfile         solutions/acothop/pr107-thop/pr107_01_bsc_05_01_04.thop.sol
--tries              1
--tours              0
--ptries             1
--time               11.00
--seed               547617
--optimum            1
--ants               196
--nnants             20
--alpha              1.24
--beta               5.46
--rho                0.51
--q0                 0.00
--elitistants        0
--rasranks           0
--localsearch        0
--nnls               20
--dlb                1
--as                 0
--eas                0
--ras                0
--mmas               1
--bwas               0
--acs                0


begin try 0 
best      41935,        iteration:          1,        time       0.02
best      42830,        iteration:          3,        time       0.06
best      43634,        iteration:          4,        time       0.08
best      43721,        iteration:         32,        time       0.66
best      43974,        iteration:         34,        time       0.70
best      44091,        iteration:        306,        time       6.32
best      44322,        iteration:        307,        time       6.34
best      44326,        iteration:        315,        time       6.50
best      44411,        iteration:        316,        time       6.52
end try 0 


try          0,        best      44411,        found at iteration        316,        found at time       6.52
