Parameter-settings: 

--inputfile          instances/pr107-thop/pr107_01_usw_05_01.thop
--outputfile         solutions/acothop/pr107-thop/pr107_01_usw_05_01_03.thop.sol
--tries              1
--tours              0
--ptries             1
--time               11.00
--seed               644764
--optimum            1
--ants               196
--nnants             20
--alpha              1.24
--beta               5.46
--rho                0.51
--q0                 0.00
--elitistants        0
--rasranks           0
--localsearch        0
--nnls               20
--dlb                1
--as                 0
--eas                0
--ras                0
--mmas               1
--bwas               0
--acs                0


begin try 0 
best      23928,        iteration:          1,        time       0.02
best      24394,        iteration:          2,        time       0.04
best      24567,        iteration:          6,        time       0.13
best      24799,        iteration:         16,        time       0.33
best      24802,        iteration:         50,        time       1.02
best      25022,        iteration:         55,        time       1.12
best      25155,        iteration:         61,        time       1.24
best      25208,        iteration:        162,        time       3.25
best      25413,        iteration:        176,        time       3.54
best      25578,        iteration:        270,        time       5.41
end try 0 


try          0,        best      25578,        found at iteration        270,        found at time       5.41
