Parameter-settings: 

--inputfile          instances/pr107-thop/pr107_01_unc_10_03.thop
--outputfile         solutions/acothop/pr107-thop/pr107_01_unc_10_03_00.thop.sol
--tries              1
--tours              0
--ptries             1
--time               11.00
--seed               269070
--optimum            1
--ants               196
--nnants             20
--alpha              1.24
--beta               5.46
--rho                0.51
--q0                 0.00
--elitistants        0
--rasranks           0
--localsearch        0
--nnls               20
--dlb                1
--as                 0
--eas                0
--ras                0
--mmas               1
--bwas               0
--acs                0


begin try 0 
best      41932,        iteration:          1,        time       0.03
best      42332,        iteration:          3,        time       0.08
best      43286,        iteration:          4,        time       0.10
best      43397,        iteration:          6,        time       0.15
best      43621,        iteration:          7,        time       0.18
best      43682,        iteration:         19,        time       0.47
best      43795,        iteration:         33,        time       0.83
best      43903,        iteration:         69,        time       1.72
end try 0 


try          0,        best      43903,        found at iteration         69,        found at time       1.72
