Parameter-settings: 

--inputfile          instances/pr107-thop/pr107_01_bsc_01_02.thop
--outputfile         solutions/acothop/pr107-thop/pr107_01_bsc_01_02_02.thop.sol
--tries              1
--tours              0
--ptries             1
--time               11.00
--seed               126489
--optimum            1
--ants               196
--nnants             20
--alpha              1.24
--beta               5.46
--rho                0.51
--q0                 0.00
--elitistants        0
--rasranks           0
--localsearch        0
--nnls               20
--dlb                1
--as                 0
--eas                0
--ras                0
--mmas               1
--bwas               0
--acs                0


begin try 0 
best      13050,        iteration:          1,        time       0.02
best      13792,        iteration:          2,        time       0.04
best      13888,        iteration:          5,        time       0.08
best      14078,        iteration:         15,        time       0.21
best      14088,        iteration:        407,        time       5.51
end try 0 


try          0,        best      14088,        found at iteration        407,        found at time       5.51
