Parameter-settings: 

--inputfile          instances/pr107-thop/pr107_05_unc_05_02.thop
--outputfile         solutions/acothop/pr107-thop/pr107_05_unc_05_02_07.thop.sol
--tries              1
--tours              0
--ptries             1
--time               53.00
--seed               462018
--optimum            1
--ants               196
--nnants             20
--alpha              1.24
--beta               5.46
--rho                0.51
--q0                 0.00
--elitistants        0
--rasranks           0
--localsearch        0
--nnls               20
--dlb                1
--as                 0
--eas                0
--ras                0
--mmas               1
--bwas               0
--acs                0


begin try 0 
best     126792,        iteration:          1,        time       0.12
best     128344,        iteration:          2,        time       0.25
best     129058,        iteration:          3,        time       0.37
best     134025,        iteration:          4,        time       0.49
best     134061,        iteration:        222,        time      27.79
best     134072,        iteration:        303,        time      37.90
best     134797,        iteration:        310,        time      38.78
best     135284,        iteration:        329,        time      41.16
best     136319,        iteration:        330,        time      41.28
best     136454,        iteration:        338,        time      42.28
best     136740,        iteration:        348,        time      43.53
best     136757,        iteration:        350,        time      43.79
best     136901,        iteration:        352,        time      44.04
best     137034,        iteration:        358,        time      44.80
best     137307,        iteration:        359,        time      44.92
best     137356,        iteration:        360,        time      45.05
best     138195,        iteration:        361,        time      45.17
end try 0 


try          0,        best     138195,        found at iteration        361,        found at time      45.17
