Parameter-settings: 

--inputfile          instances/pr107-thop/pr107_10_unc_05_02.thop
--outputfile         solutions/acothop/pr107-thop/pr107_10_unc_05_02_04.thop.sol
--tries              1
--tours              0
--ptries             1
--time               105.00
--seed               547617
--optimum            1
--ants               196
--nnants             20
--alpha              1.24
--beta               5.46
--rho                0.51
--q0                 0.00
--elitistants        0
--rasranks           0
--localsearch        0
--nnls               20
--dlb                1
--as                 0
--eas                0
--ras                0
--mmas               1
--bwas               0
--acs                0


begin try 0 
best     248565,        iteration:          1,        time       0.26
best     249374,        iteration:          8,        time       2.06
best     249402,        iteration:         17,        time       4.40
best     249528,        iteration:         29,        time       7.53
best     250388,        iteration:         30,        time       7.78
best     251323,        iteration:         33,        time       8.53
best     251641,        iteration:         38,        time       9.84
best     252189,        iteration:         54,        time      14.04
best     252534,        iteration:        106,        time      27.58
best     252613,        iteration:        173,        time      45.32
end try 0 


try          0,        best     252613,        found at iteration        173,        found at time      45.32
