Parameter-settings: 

--inputfile          instances/pr107-thop/pr107_10_usw_10_01.thop
--outputfile         solutions/acothop/pr107-thop/pr107_10_usw_10_01_00.thop.sol
--tries              1
--tours              0
--ptries             1
--time               105.00
--seed               269070
--optimum            1
--ants               196
--nnants             20
--alpha              1.24
--beta               5.46
--rho                0.51
--q0                 0.00
--elitistants        0
--rasranks           0
--localsearch        0
--nnls               20
--dlb                1
--as                 0
--eas                0
--ras                0
--mmas               1
--bwas               0
--acs                0


begin try 0 
best     272226,        iteration:          1,        time       0.20
best     273269,        iteration:          2,        time       0.41
best     278451,        iteration:          3,        time       0.62
best     281391,        iteration:          4,        time       0.82
best     282051,        iteration:          7,        time       1.46
best     282151,        iteration:         18,        time       3.85
best     282643,        iteration:         61,        time      13.18
best     283034,        iteration:         62,        time      13.40
best     284253,        iteration:         75,        time      16.27
best     284596,        iteration:        151,        time      32.96
end try 0 


try          0,        best     284596,        found at iteration        151,        found at time      32.96
