Parameter-settings: 

--inputfile          instances/pr107-thop/pr107_10_bsc_10_01.thop
--outputfile         solutions/acothop/pr107-thop/pr107_10_bsc_10_01_01.thop.sol
--tries              1
--tours              0
--ptries             1
--time               105.00
--seed               99470
--optimum            1
--ants               196
--nnants             20
--alpha              1.24
--beta               5.46
--rho                0.51
--q0                 0.00
--elitistants        0
--rasranks           0
--localsearch        0
--nnls               20
--dlb                1
--as                 0
--eas                0
--ras                0
--mmas               1
--bwas               0
--acs                0


begin try 0 
best     636198,        iteration:          1,        time       0.20
best     636706,        iteration:          7,        time       1.40
best     637617,        iteration:          8,        time       1.60
best     639041,        iteration:         39,        time       8.12
best     639475,        iteration:        102,        time      21.40
best     639745,        iteration:        105,        time      22.03
best     639902,        iteration:        120,        time      25.22
best     639945,        iteration:        122,        time      25.63
best     640014,        iteration:        137,        time      28.80
best     643872,        iteration:        394,        time      82.70
best     647162,        iteration:        403,        time      84.60
best     647168,        iteration:        406,        time      85.23
best     648708,        iteration:        416,        time      87.33
end try 0 


try          0,        best     648708,        found at iteration        416,        found at time      87.33
