Parameter-settings: 

--inputfile          instances/pr107-thop/pr107_01_unc_10_03.thop
--outputfile         solutions/acothop/pr107-thop/pr107_01_unc_10_03_06.thop.sol
--tries              1
--tours              0
--ptries             1
--time               11.00
--seed               73456
--optimum            1
--ants               196
--nnants             20
--alpha              1.24
--beta               5.46
--rho                0.51
--q0                 0.00
--elitistants        0
--rasranks           0
--localsearch        0
--nnls               20
--dlb                1
--as                 0
--eas                0
--ras                0
--mmas               1
--bwas               0
--acs                0


begin try 0 
best      42620,        iteration:          1,        time       0.03
best      42835,        iteration:          2,        time       0.05
best      43234,        iteration:          3,        time       0.08
best      43596,        iteration:          5,        time       0.13
best      43836,        iteration:          6,        time       0.16
best      43847,        iteration:         10,        time       0.26
best      44056,        iteration:         15,        time       0.39
best      44062,        iteration:         35,        time       0.90
best      44065,        iteration:         38,        time       0.98
best      44085,        iteration:         98,        time       2.51
best      44123,        iteration:         99,        time       2.54
best      44139,        iteration:        107,        time       2.75
best      44151,        iteration:        108,        time       2.78
best      44185,        iteration:        119,        time       3.06
best      44235,        iteration:        171,        time       4.38
best      44250,        iteration:        281,        time       7.11
end try 0 


try          0,        best      44250,        found at iteration        281,        found at time       7.11
