Parameter-settings: 

--inputfile          instances/pr107-thop/pr107_05_usw_05_03.thop
--outputfile         solutions/acothop/pr107-thop/pr107_05_usw_05_03_01.thop.sol
--tries              1
--tours              0
--ptries             1
--time               53.00
--seed               99470
--optimum            1
--ants               196
--nnants             20
--alpha              1.24
--beta               5.46
--rho                0.51
--q0                 0.00
--elitistants        0
--rasranks           0
--localsearch        0
--nnls               20
--dlb                1
--as                 0
--eas                0
--ras                0
--mmas               1
--bwas               0
--acs                0


begin try 0 
best     148465,        iteration:          1,        time       0.12
best     149153,        iteration:          4,        time       0.48
best     149583,        iteration:          5,        time       0.59
best     150387,        iteration:          6,        time       0.71
best     151118,        iteration:          7,        time       0.83
best     152956,        iteration:          8,        time       0.95
best     153712,        iteration:         14,        time       1.63
best     153884,        iteration:         18,        time       2.08
best     153907,        iteration:         19,        time       2.19
best     154469,        iteration:         20,        time       2.30
best     154480,        iteration:         88,        time       9.88
best     155486,        iteration:         92,        time      10.33
best     155830,        iteration:         95,        time      10.66
best     155845,        iteration:         98,        time      10.99
best     156648,        iteration:        147,        time      16.46
best     156650,        iteration:        430,        time      48.29
best     157044,        iteration:        443,        time      49.72
best     157193,        iteration:        444,        time      49.83
end try 0 


try          0,        best     157193,        found at iteration        444,        found at time      49.83
