Parameter-settings: 

--inputfile          instances/pr107-thop/pr107_05_bsc_01_02.thop
--outputfile         solutions/acothop/pr107-thop/pr107_05_bsc_01_02_05.thop.sol
--tries              1
--tours              0
--ptries             1
--time               53.00
--seed               642580
--optimum            1
--ants               196
--nnants             20
--alpha              1.24
--beta               5.46
--rho                0.51
--q0                 0.00
--elitistants        0
--rasranks           0
--localsearch        0
--nnls               20
--dlb                1
--as                 0
--eas                0
--ras                0
--mmas               1
--bwas               0
--acs                0


begin try 0 
best      61999,        iteration:          1,        time       0.09
best      62285,        iteration:          2,        time       0.17
best      63086,        iteration:          3,        time       0.25
best      63547,        iteration:          4,        time       0.33
best      64174,        iteration:          7,        time       0.55
best      64476,        iteration:          9,        time       0.69
best      64572,        iteration:         19,        time       1.39
best      64980,        iteration:         20,        time       1.46
best      64998,        iteration:        167,        time      11.70
best      65143,        iteration:        314,        time      21.91
best      65392,        iteration:        546,        time      38.06
end try 0 


try          0,        best      65392,        found at iteration        546,        found at time      38.06
