Parameter-settings: 

--inputfile          instances/pr107-thop/pr107_10_bsc_01_02.thop
--outputfile         solutions/acothop/pr107-thop/pr107_10_bsc_01_02_01.thop.sol
--tries              1
--tours              0
--ptries             1
--time               105.00
--seed               99470
--optimum            1
--ants               196
--nnants             20
--alpha              1.24
--beta               5.46
--rho                0.51
--q0                 0.00
--elitistants        0
--rasranks           0
--localsearch        0
--nnls               20
--dlb                1
--as                 0
--eas                0
--ras                0
--mmas               1
--bwas               0
--acs                0


begin try 0 
best     123924,        iteration:          1,        time       0.18
best     124101,        iteration:        101,        time      14.97
best     124147,        iteration:        118,        time      17.46
best     124301,        iteration:        119,        time      17.60
best     124338,        iteration:        201,        time      29.67
best     124457,        iteration:        211,        time      31.19
best     124549,        iteration:        263,        time      38.81
best     124652,        iteration:        276,        time      40.73
best     125057,        iteration:        306,        time      45.17
best     125856,        iteration:        327,        time      48.29
best     127947,        iteration:        328,        time      48.44
best     128080,        iteration:        438,        time      64.73
best     128533,        iteration:        489,        time      72.32
best     128603,        iteration:        552,        time      81.76
end try 0 


try          0,        best     128603,        found at iteration        552,        found at time      81.76
