Parameter-settings: 

--inputfile          instances/pr107-thop/pr107_01_bsc_10_03.thop
--outputfile         solutions/acothop/pr107-thop/pr107_01_bsc_10_03_09.thop.sol
--tries              1
--tours              0
--ptries             1
--time               11.00
--seed               756112
--optimum            1
--ants               196
--nnants             20
--alpha              1.24
--beta               5.46
--rho                0.51
--q0                 0.00
--elitistants        0
--rasranks           0
--localsearch        0
--nnls               20
--dlb                1
--as                 0
--eas                0
--ras                0
--mmas               1
--bwas               0
--acs                0


begin try 0 
best      88960,        iteration:          1,        time       0.03
best      90432,        iteration:          2,        time       0.05
best      92250,        iteration:          4,        time       0.10
best      92257,        iteration:          5,        time       0.13
best      92885,        iteration:          7,        time       0.18
best      93179,        iteration:         16,        time       0.41
best      93391,        iteration:         17,        time       0.44
end try 0 


try          0,        best      93391,        found at iteration         17,        found at time       0.44
