Parameter-settings: 

--inputfile          instances/pr107-thop/pr107_05_usw_01_03.thop
--outputfile         solutions/acothop/pr107-thop/pr107_05_usw_01_03_02.thop.sol
--tries              1
--tours              0
--ptries             1
--time               53.00
--seed               126489
--optimum            1
--ants               196
--nnants             20
--alpha              1.24
--beta               5.46
--rho                0.51
--q0                 0.00
--elitistants        0
--rasranks           0
--localsearch        0
--nnls               20
--dlb                1
--as                 0
--eas                0
--ras                0
--mmas               1
--bwas               0
--acs                0


begin try 0 
best      40540,        iteration:          1,        time       0.08
best      41696,        iteration:          2,        time       0.15
best      42112,        iteration:          5,        time       0.36
best      42302,        iteration:          6,        time       0.42
best      42476,        iteration:         11,        time       0.69
best      42607,        iteration:        292,        time      15.30
best      42972,        iteration:        293,        time      15.37
end try 0 


try          0,        best      42972,        found at iteration        293,        found at time      15.37
