Parameter-settings: 

--inputfile          instances/pr107-thop/pr107_05_bsc_05_03.thop
--outputfile         solutions/acothop/pr107-thop/pr107_05_bsc_05_03_07.thop.sol
--tries              1
--tours              0
--ptries             1
--time               53.00
--seed               462018
--optimum            1
--ants               196
--nnants             20
--alpha              1.24
--beta               5.46
--rho                0.51
--q0                 0.00
--elitistants        0
--rasranks           0
--localsearch        0
--nnls               20
--dlb                1
--as                 0
--eas                0
--ras                0
--mmas               1
--bwas               0
--acs                0


begin try 0 
best     279000,        iteration:          1,        time       0.12
best     281377,        iteration:          2,        time       0.24
best     282469,        iteration:          6,        time       0.72
best     282951,        iteration:          9,        time       1.06
best     283560,        iteration:         11,        time       1.27
best     283585,        iteration:        161,        time      17.97
best     283680,        iteration:        178,        time      19.83
best     283684,        iteration:        180,        time      20.05
best     283776,        iteration:        185,        time      20.60
best     283782,        iteration:        194,        time      21.57
best     284032,        iteration:        227,        time      25.20
best     284635,        iteration:        288,        time      31.89
end try 0 


try          0,        best     284635,        found at iteration        288,        found at time      31.89
