Parameter-settings: 

--inputfile          instances/pr107-thop/pr107_10_usw_01_01.thop
--outputfile         solutions/acothop/pr107-thop/pr107_10_usw_01_01_07.thop.sol
--tries              1
--tours              0
--ptries             1
--time               105.00
--seed               462018
--optimum            1
--ants               196
--nnants             20
--alpha              1.24
--beta               5.46
--rho                0.51
--q0                 0.00
--elitistants        0
--rasranks           0
--localsearch        0
--nnls               20
--dlb                1
--as                 0
--eas                0
--ras                0
--mmas               1
--bwas               0
--acs                0


begin try 0 
best      67041,        iteration:          1,        time       0.15
best      67791,        iteration:          2,        time       0.30
best      68244,        iteration:          4,        time       0.60
best      68985,        iteration:          5,        time       0.76
best      69262,        iteration:          6,        time       0.90
best      69296,        iteration:          7,        time       1.03
best      69389,        iteration:        117,        time      15.16
best      69439,        iteration:        119,        time      15.42
best      69887,        iteration:        277,        time      35.22
best      69906,        iteration:        281,        time      35.72
best      70012,        iteration:        428,        time      54.08
best      70096,        iteration:        431,        time      54.46
best      70113,        iteration:        432,        time      54.58
best      70349,        iteration:        556,        time      70.10
best      70415,        iteration:        557,        time      70.21
best      70420,        iteration:        558,        time      70.35
best      70773,        iteration:        693,        time      87.37
best      70849,        iteration:        694,        time      87.50
best      70858,        iteration:        713,        time      89.92
end try 0 


try          0,        best      70858,        found at iteration        713,        found at time      89.92
