Parameter-settings: 

--inputfile          instances/pr107-thop/pr107_05_bsc_10_03.thop
--outputfile         solutions/acothop/pr107-thop/pr107_05_bsc_10_03_02.thop.sol
--tries              1
--tours              0
--ptries             1
--time               53.00
--seed               126489
--optimum            1
--ants               196
--nnants             20
--alpha              1.24
--beta               5.46
--rho                0.51
--q0                 0.00
--elitistants        0
--rasranks           0
--localsearch        0
--nnls               20
--dlb                1
--as                 0
--eas                0
--ras                0
--mmas               1
--bwas               0
--acs                0


begin try 0 
best     439076,        iteration:          1,        time       0.13
best     441946,        iteration:          3,        time       0.41
best     444652,        iteration:          4,        time       0.54
best     452376,        iteration:          5,        time       0.68
best     458304,        iteration:          6,        time       0.81
best     458413,        iteration:          8,        time       1.09
best     459419,        iteration:          9,        time       1.22
best     461023,        iteration:         10,        time       1.36
best     461109,        iteration:         50,        time       6.76
best     461265,        iteration:         69,        time       9.34
best     461655,        iteration:         88,        time      11.91
best     462971,        iteration:         89,        time      12.04
best     463660,        iteration:        213,        time      28.81
best     464098,        iteration:        230,        time      31.11
best     464209,        iteration:        250,        time      33.83
best     464340,        iteration:        277,        time      37.50
end try 0 


try          0,        best     464340,        found at iteration        277,        found at time      37.50
