Parameter-settings: 

--inputfile          instances/pr107-thop/pr107_01_usw_10_02.thop
--outputfile         solutions/acothop/pr107-thop/pr107_01_usw_10_02_05.thop.sol
--tries              1
--tours              0
--ptries             1
--time               11.00
--seed               642580
--optimum            1
--ants               196
--nnants             20
--alpha              1.24
--beta               5.46
--rho                0.51
--q0                 0.00
--elitistants        0
--rasranks           0
--localsearch        0
--nnls               20
--dlb                1
--as                 0
--eas                0
--ras                0
--mmas               1
--bwas               0
--acs                0


begin try 0 
best      38952,        iteration:          1,        time       0.02
best      39753,        iteration:          2,        time       0.05
best      39951,        iteration:          4,        time       0.10
best      41254,        iteration:          5,        time       0.12
best      41388,        iteration:          6,        time       0.14
best      41706,        iteration:          8,        time       0.19
best      41741,        iteration:         39,        time       0.88
best      41778,        iteration:         40,        time       0.91
best      42097,        iteration:         54,        time       1.22
best      42556,        iteration:         78,        time       1.78
best      42561,        iteration:         92,        time       2.09
end try 0 


try          0,        best      42561,        found at iteration         92,        found at time       2.09
