Parameter-settings: 

--inputfile          instances/pr107-thop/pr107_05_bsc_05_03.thop
--outputfile         solutions/acothop/pr107-thop/pr107_05_bsc_05_03_03.thop.sol
--tries              1
--tours              0
--ptries             1
--time               53.00
--seed               644764
--optimum            1
--ants               196
--nnants             20
--alpha              1.24
--beta               5.46
--rho                0.51
--q0                 0.00
--elitistants        0
--rasranks           0
--localsearch        0
--nnls               20
--dlb                1
--as                 0
--eas                0
--ras                0
--mmas               1
--bwas               0
--acs                0


begin try 0 
best     279896,        iteration:          1,        time       0.12
best     280598,        iteration:          2,        time       0.24
best     280782,        iteration:          3,        time       0.36
best     280861,        iteration:          6,        time       0.72
best     281056,        iteration:         20,        time       2.35
best     281387,        iteration:         27,        time       3.16
best     282393,        iteration:        307,        time      35.30
best     282888,        iteration:        309,        time      35.52
best     283046,        iteration:        310,        time      35.63
best     283266,        iteration:        314,        time      36.07
best     283468,        iteration:        357,        time      40.80
end try 0 


try          0,        best     283468,        found at iteration        357,        found at time      40.80
