Parameter-settings: 

--inputfile          instances/pr107-thop/pr107_10_unc_10_03.thop
--outputfile         solutions/acothop/pr107-thop/pr107_10_unc_10_03_02.thop.sol
--tries              1
--tours              0
--ptries             1
--time               105.00
--seed               126489
--optimum            1
--ants               196
--nnants             20
--alpha              1.24
--beta               5.46
--rho                0.51
--q0                 0.00
--elitistants        0
--rasranks           0
--localsearch        0
--nnls               20
--dlb                1
--as                 0
--eas                0
--ras                0
--mmas               1
--bwas               0
--acs                0


begin try 0 
best     403210,        iteration:          1,        time       0.30
best     407129,        iteration:          2,        time       0.61
best     414994,        iteration:          3,        time       0.91
best     415374,        iteration:          4,        time       1.21
best     419526,        iteration:          5,        time       1.51
best     420685,        iteration:          6,        time       1.81
best     422495,        iteration:          7,        time       2.12
best     424925,        iteration:          8,        time       2.41
best     425019,        iteration:          9,        time       2.71
best     425445,        iteration:         10,        time       3.02
best     425622,        iteration:         13,        time       3.92
best     425657,        iteration:         14,        time       4.22
best     425844,        iteration:         15,        time       4.51
best     425859,        iteration:         23,        time       6.90
best     426682,        iteration:         32,        time       9.60
best     426760,        iteration:         33,        time       9.90
best     427246,        iteration:         34,        time      10.21
best     427893,        iteration:         41,        time      12.32
best     427958,        iteration:         45,        time      13.51
best     428088,        iteration:         46,        time      13.80
best     428121,        iteration:         48,        time      14.40
best     428321,        iteration:         56,        time      16.77
best     428847,        iteration:         57,        time      17.07
best     429209,        iteration:         58,        time      17.36
best     429240,        iteration:         59,        time      17.66
best     429256,        iteration:         72,        time      21.54
best     430641,        iteration:         85,        time      25.42
best     430967,        iteration:         86,        time      25.72
best     431045,        iteration:         88,        time      26.32
best     431093,        iteration:         94,        time      28.13
best     431144,        iteration:        111,        time      33.25
best     431145,        iteration:        139,        time      41.67
best     431164,        iteration:        158,        time      47.38
best     431168,        iteration:        167,        time      50.08
best     433155,        iteration:        200,        time      59.99
best     433229,        iteration:        215,        time      64.49
best     433302,        iteration:        219,        time      65.68
best     433478,        iteration:        221,        time      66.28
end try 0 


try          0,        best     433478,        found at iteration        221,        found at time      66.28
