Parameter-settings: 

--inputfile          instances/pr107-thop/pr107_03_usw_10_02.thop
--outputfile         solutions/acothop/pr107-thop/pr107_03_usw_10_02_04.thop.sol
--tries              1
--tours              0
--ptries             1
--time               32.00
--seed               547617
--optimum            1
--ants               196
--nnants             20
--alpha              1.24
--beta               5.46
--rho                0.51
--q0                 0.00
--elitistants        0
--rasranks           0
--localsearch        0
--nnls               20
--dlb                1
--as                 0
--eas                0
--ras                0
--mmas               1
--bwas               0
--acs                0


begin try 0 
best     100388,        iteration:          1,        time       0.07
best     102302,        iteration:          2,        time       0.14
best     103639,        iteration:          5,        time       0.35
best     104707,        iteration:          6,        time       0.42
best     105722,        iteration:          7,        time       0.49
best     106558,        iteration:          8,        time       0.57
best     107993,        iteration:          9,        time       0.64
best     108357,        iteration:         11,        time       0.78
best     108424,        iteration:         15,        time       1.08
best     108881,        iteration:         22,        time       1.60
best     109231,        iteration:         25,        time       1.83
best     109418,        iteration:         28,        time       2.05
best     110183,        iteration:         36,        time       2.64
best     110392,        iteration:         37,        time       2.71
best     110990,        iteration:         41,        time       3.01
best     111012,        iteration:        114,        time       8.46
best     111158,        iteration:        332,        time      24.83
end try 0 


try          0,        best     111158,        found at iteration        332,        found at time      24.83
