Parameter-settings: 

--inputfile          instances/pr107-thop/pr107_05_usw_05_02.thop
--outputfile         solutions/acothop/pr107-thop/pr107_05_usw_05_02_03.thop.sol
--tries              1
--tours              0
--ptries             1
--time               53.00
--seed               644764
--optimum            1
--ants               196
--nnants             20
--alpha              1.24
--beta               5.46
--rho                0.51
--q0                 0.00
--elitistants        0
--rasranks           0
--localsearch        0
--nnls               20
--dlb                1
--as                 0
--eas                0
--ras                0
--mmas               1
--bwas               0
--acs                0


begin try 0 
best     131286,        iteration:          1,        time       0.11
best     134943,        iteration:         17,        time       1.95
best     135012,        iteration:         19,        time       2.19
best     135637,        iteration:         20,        time       2.30
best     135698,        iteration:         31,        time       3.58
best     135746,        iteration:         34,        time       3.93
best     136172,        iteration:         79,        time       9.13
best     136462,        iteration:        355,        time      41.03
best     136725,        iteration:        373,        time      43.11
best     137100,        iteration:        374,        time      43.22
end try 0 


try          0,        best     137100,        found at iteration        374,        found at time      43.22
