Parameter-settings: 

--inputfile          instances/pr107-thop/pr107_05_unc_01_01.thop
--outputfile         solutions/acothop/pr107-thop/pr107_05_unc_01_01_07.thop.sol
--tries              1
--tours              0
--ptries             1
--time               53.00
--seed               462018
--optimum            1
--ants               196
--nnants             20
--alpha              1.24
--beta               5.46
--rho                0.51
--q0                 0.00
--elitistants        0
--rasranks           0
--localsearch        0
--nnls               20
--dlb                1
--as                 0
--eas                0
--ras                0
--mmas               1
--bwas               0
--acs                0


begin try 0 
best      40612,        iteration:          1,        time       0.06
best      42926,        iteration:          2,        time       0.14
best      43602,        iteration:          5,        time       0.38
best      43759,        iteration:          6,        time       0.46
best      43786,        iteration:         11,        time       0.85
best      43942,        iteration:         66,        time       5.09
best      43975,        iteration:        211,        time      16.64
best      44630,        iteration:        423,        time      33.47
end try 0 


try          0,        best      44630,        found at iteration        423,        found at time      33.47
