Parameter-settings: 

--inputfile          instances/pr107-thop/pr107_03_usw_01_02.thop
--outputfile         solutions/acothop/pr107-thop/pr107_03_usw_01_02_08.thop.sol
--tries              1
--tours              0
--ptries             1
--time               32.00
--seed               858990
--optimum            1
--ants               196
--nnants             20
--alpha              1.24
--beta               5.46
--rho                0.51
--q0                 0.00
--elitistants        0
--rasranks           0
--localsearch        0
--nnls               20
--dlb                1
--as                 0
--eas                0
--ras                0
--mmas               1
--bwas               0
--acs                0


begin try 0 
best      23766,        iteration:          1,        time       0.05
best      23911,        iteration:          3,        time       0.13
best      24122,        iteration:          4,        time       0.17
best      24299,        iteration:          5,        time       0.22
best      24358,        iteration:         19,        time       0.87
best      24369,        iteration:         90,        time       4.18
best      24389,        iteration:        217,        time      10.06
best      24486,        iteration:        708,        time      31.50
end try 0 


try          0,        best      24486,        found at iteration        708,        found at time      31.50
