Parameter-settings: 

--inputfile          instances/pr107-thop/pr107_01_unc_05_02.thop
--outputfile         solutions/acothop/pr107-thop/pr107_01_unc_05_02_00.thop.sol
--tries              1
--tours              0
--ptries             1
--time               11.00
--seed               269070
--optimum            1
--ants               196
--nnants             20
--alpha              1.24
--beta               5.46
--rho                0.51
--q0                 0.00
--elitistants        0
--rasranks           0
--localsearch        0
--nnls               20
--dlb                1
--as                 0
--eas                0
--ras                0
--mmas               1
--bwas               0
--acs                0


begin try 0 
best      26406,        iteration:          1,        time       0.02
best      26499,        iteration:          4,        time       0.07
best      26742,        iteration:          5,        time       0.10
best      26978,        iteration:          6,        time       0.12
best      28036,        iteration:          7,        time       0.14
best      28238,        iteration:         19,        time       0.40
best      28362,        iteration:         30,        time       0.62
best      28609,        iteration:         51,        time       1.07
best      28618,        iteration:         95,        time       1.98
best      28764,        iteration:         98,        time       2.04
best      28872,        iteration:        158,        time       3.27
best      29018,        iteration:        169,        time       3.50
best      29046,        iteration:        276,        time       5.67
best      29076,        iteration:        319,        time       6.57
best      29204,        iteration:        427,        time       8.81
end try 0 


try          0,        best      29204,        found at iteration        427,        found at time       8.81
