Parameter-settings: 

--inputfile          instances/pr107-thop/pr107_10_bsc_10_03.thop
--outputfile         solutions/acothop/pr107-thop/pr107_10_bsc_10_03_05.thop.sol
--tries              1
--tours              0
--ptries             1
--time               105.00
--seed               642580
--optimum            1
--ants               196
--nnants             20
--alpha              1.24
--beta               5.46
--rho                0.51
--q0                 0.00
--elitistants        0
--rasranks           0
--localsearch        0
--nnls               20
--dlb                1
--as                 0
--eas                0
--ras                0
--mmas               1
--bwas               0
--acs                0


begin try 0 
best     847334,        iteration:          1,        time       0.29
best     855014,        iteration:          2,        time       0.58
best     874128,        iteration:          5,        time       1.43
best     878475,        iteration:          8,        time       2.29
best     882374,        iteration:          9,        time       2.57
best     887080,        iteration:         11,        time       3.14
best     887617,        iteration:         13,        time       3.70
best     889250,        iteration:         30,        time       8.51
best     897368,        iteration:         35,        time       9.93
best     903335,        iteration:         46,        time      13.06
best     904570,        iteration:        180,        time      51.16
best     909924,        iteration:        358,        time     101.78
end try 0 


try          0,        best     909924,        found at iteration        358,        found at time     101.78
