Parameter-settings: 

--inputfile          instances/pr107-thop/pr107_10_usw_05_01.thop
--outputfile         solutions/acothop/pr107-thop/pr107_10_usw_05_01_07.thop.sol
--tries              1
--tours              0
--ptries             1
--time               105.00
--seed               462018
--optimum            1
--ants               196
--nnants             20
--alpha              1.24
--beta               5.46
--rho                0.51
--q0                 0.00
--elitistants        0
--rasranks           0
--localsearch        0
--nnls               20
--dlb                1
--as                 0
--eas                0
--ras                0
--mmas               1
--bwas               0
--acs                0


begin try 0 
best     224451,        iteration:          1,        time       0.21
best     226755,        iteration:          4,        time       0.83
best     228388,        iteration:          5,        time       1.04
best     230658,        iteration:          6,        time       1.26
best     231011,        iteration:          7,        time       1.47
best     233006,        iteration:          8,        time       1.69
best     233219,        iteration:          9,        time       1.90
best     233483,        iteration:         41,        time       8.87
best     233520,        iteration:         54,        time      11.70
best     233779,        iteration:         56,        time      12.13
best     233787,        iteration:         57,        time      12.35
best     234662,        iteration:        285,        time      61.80
best     234949,        iteration:        286,        time      62.01
best     234993,        iteration:        290,        time      62.88
best     235323,        iteration:        294,        time      63.76
best     236065,        iteration:        327,        time      70.99
best     236373,        iteration:        328,        time      71.21
best     236400,        iteration:        329,        time      71.44
best     236777,        iteration:        331,        time      71.87
end try 0 


try          0,        best     236777,        found at iteration        331,        found at time      71.87
