Parameter-settings: 

--inputfile          instances/pr107-thop/pr107_03_unc_05_02.thop
--outputfile         solutions/acothop/pr107-thop/pr107_03_unc_05_02_08.thop.sol
--tries              1
--tours              0
--ptries             1
--time               32.00
--seed               858990
--optimum            1
--ants               196
--nnants             20
--alpha              1.24
--beta               5.46
--rho                0.51
--q0                 0.00
--elitistants        0
--rasranks           0
--localsearch        0
--nnls               20
--dlb                1
--as                 0
--eas                0
--ras                0
--mmas               1
--bwas               0
--acs                0


begin try 0 
best      74331,        iteration:          1,        time       0.07
best      74938,        iteration:          4,        time       0.27
best      75401,        iteration:          6,        time       0.41
best      75922,        iteration:          7,        time       0.48
best      76207,        iteration:         14,        time       0.98
best      76269,        iteration:         30,        time       2.13
best      76442,        iteration:         32,        time       2.28
best      77449,        iteration:         34,        time       2.43
best      77734,        iteration:         54,        time       3.89
best      77890,        iteration:         62,        time       4.48
best      78153,        iteration:         65,        time       4.70
best      78185,        iteration:        103,        time       7.47
best      78556,        iteration:        114,        time       8.27
best      78617,        iteration:        161,        time      11.70
best      78693,        iteration:        162,        time      11.77
best      78976,        iteration:        164,        time      11.92
best      79043,        iteration:        166,        time      12.07
best      79534,        iteration:        167,        time      12.14
best      79854,        iteration:        228,        time      16.63
best      80236,        iteration:        229,        time      16.70
best      80950,        iteration:        230,        time      16.77
best      81707,        iteration:        231,        time      16.85
best      81734,        iteration:        377,        time      27.44
best      82593,        iteration:        392,        time      28.53
best      82844,        iteration:        398,        time      28.97
end try 0 


try          0,        best      82844,        found at iteration        398,        found at time      28.97
