Parameter-settings: 

--inputfile          instances/pr107-thop/pr107_05_unc_05_03.thop
--outputfile         solutions/acothop/pr107-thop/pr107_05_unc_05_03_04.thop.sol
--tries              1
--tours              0
--ptries             1
--time               53.00
--seed               547617
--optimum            1
--ants               196
--nnants             20
--alpha              1.24
--beta               5.46
--rho                0.51
--q0                 0.00
--elitistants        0
--rasranks           0
--localsearch        0
--nnls               20
--dlb                1
--as                 0
--eas                0
--ras                0
--mmas               1
--bwas               0
--acs                0


begin try 0 
best     156868,        iteration:          1,        time       0.14
best     160950,        iteration:          2,        time       0.28
best     161967,        iteration:          4,        time       0.55
best     163799,        iteration:          5,        time       0.68
best     164305,        iteration:          6,        time       0.82
best     167559,        iteration:          7,        time       0.96
best     167591,        iteration:          9,        time       1.23
best     168428,        iteration:         13,        time       1.78
best     168451,        iteration:         16,        time       2.19
best     169521,        iteration:         34,        time       4.67
best     169618,        iteration:         37,        time       5.09
best     169713,        iteration:         38,        time       5.22
best     169747,        iteration:         40,        time       5.50
best     169908,        iteration:         41,        time       5.64
best     169996,        iteration:         44,        time       6.05
best     170091,        iteration:         46,        time       6.33
best     170096,        iteration:         54,        time       7.43
best     170141,        iteration:         73,        time      10.06
end try 0 


try          0,        best     170141,        found at iteration         73,        found at time      10.06
