Parameter-settings: 

--inputfile          instances/pr107-thop/pr107_01_unc_01_03.thop
--outputfile         solutions/acothop/pr107-thop/pr107_01_unc_01_03_07.thop.sol
--tries              1
--tours              0
--ptries             1
--time               11.00
--seed               462018
--optimum            1
--ants               196
--nnants             20
--alpha              1.24
--beta               5.46
--rho                0.51
--q0                 0.00
--elitistants        0
--rasranks           0
--localsearch        0
--nnls               20
--dlb                1
--as                 0
--eas                0
--ras                0
--mmas               1
--bwas               0
--acs                0


begin try 0 
best      13231,        iteration:          1,        time       0.02
best      13776,        iteration:          2,        time       0.04
best      14113,        iteration:          5,        time       0.09
best      14156,        iteration:          7,        time       0.12
best      14170,        iteration:        123,        time       2.03
best      14213,        iteration:        190,        time       3.12
best      14237,        iteration:        508,        time       8.70
best      14304,        iteration:        510,        time       8.73
end try 0 


try          0,        best      14304,        found at iteration        510,        found at time       8.73
