Parameter-settings: 

--inputfile          instances/pr107-thop/pr107_10_bsc_10_01.thop
--outputfile         solutions/acothop/pr107-thop/pr107_10_bsc_10_01_00.thop.sol
--tries              1
--tours              0
--ptries             1
--time               105.00
--seed               269070
--optimum            1
--ants               196
--nnants             20
--alpha              1.24
--beta               5.46
--rho                0.51
--q0                 0.00
--elitistants        0
--rasranks           0
--localsearch        0
--nnls               20
--dlb                1
--as                 0
--eas                0
--ras                0
--mmas               1
--bwas               0
--acs                0


begin try 0 
best     616017,        iteration:          1,        time       0.20
best     621063,        iteration:          5,        time       1.01
best     629173,        iteration:          6,        time       1.22
best     630278,        iteration:         58,        time      12.03
best     630705,        iteration:         63,        time      13.07
best     636495,        iteration:         76,        time      15.78
best     637067,        iteration:         77,        time      15.99
best     637486,        iteration:         80,        time      16.62
best     637650,        iteration:         86,        time      17.76
best     637893,        iteration:        147,        time      30.46
best     638439,        iteration:        148,        time      30.66
best     638484,        iteration:        152,        time      31.50
best     639686,        iteration:        221,        time      45.89
best     639745,        iteration:        222,        time      46.09
best     639928,        iteration:        223,        time      46.30
best     639945,        iteration:        224,        time      46.51
best     640014,        iteration:        264,        time      54.73
best     640188,        iteration:        435,        time      90.61
end try 0 


try          0,        best     640188,        found at iteration        435,        found at time      90.61
