Parameter-settings: 

--inputfile          instances/pr107-thop/pr107_05_unc_10_01.thop
--outputfile         solutions/acothop/pr107-thop/pr107_05_unc_10_01_08.thop.sol
--tries              1
--tours              0
--ptries             1
--time               53.00
--seed               858990
--optimum            1
--ants               196
--nnants             20
--alpha              1.24
--beta               5.46
--rho                0.51
--q0                 0.00
--elitistants        0
--rasranks           0
--localsearch        0
--nnls               20
--dlb                1
--as                 0
--eas                0
--ras                0
--mmas               1
--bwas               0
--acs                0


begin try 0 
best     125159,        iteration:          1,        time       0.08
best     130840,        iteration:          2,        time       0.17
best     131167,        iteration:          3,        time       0.26
best     132462,        iteration:          4,        time       0.36
best     132499,        iteration:          5,        time       0.46
best     132907,        iteration:          6,        time       0.55
best     133341,        iteration:          8,        time       0.75
best     133365,        iteration:         10,        time       0.94
best     133466,        iteration:         56,        time       5.35
best     133673,        iteration:         89,        time       8.49
best     134119,        iteration:        253,        time      24.02
best     134241,        iteration:        431,        time      40.85
best     134482,        iteration:        434,        time      41.14
end try 0 


try          0,        best     134482,        found at iteration        434,        found at time      41.14
