Parameter-settings: 

--inputfile          instances/pr107-thop/pr107_01_bsc_10_01.thop
--outputfile         solutions/acothop/pr107-thop/pr107_01_bsc_10_01_05.thop.sol
--tries              1
--tours              0
--ptries             1
--time               11.00
--seed               642580
--optimum            1
--ants               196
--nnants             20
--alpha              1.24
--beta               5.46
--rho                0.51
--q0                 0.00
--elitistants        0
--rasranks           0
--localsearch        0
--nnls               20
--dlb                1
--as                 0
--eas                0
--ras                0
--mmas               1
--bwas               0
--acs                0


begin try 0 
best      59258,        iteration:          1,        time       0.02
best      60415,        iteration:          2,        time       0.04
best      60429,        iteration:          3,        time       0.07
best      62573,        iteration:          4,        time       0.09
best      63105,        iteration:         14,        time       0.30
best      63306,        iteration:        408,        time       8.75
best      63506,        iteration:        448,        time       9.62
best      63706,        iteration:        464,        time       9.95
end try 0 


try          0,        best      63706,        found at iteration        464,        found at time       9.95
