Parameter-settings: 

--inputfile          instances/pr107-thop/pr107_01_usw_05_01.thop
--outputfile         solutions/acothop/pr107-thop/pr107_01_usw_05_01_05.thop.sol
--tries              1
--tours              0
--ptries             1
--time               11.00
--seed               642580
--optimum            1
--ants               196
--nnants             20
--alpha              1.24
--beta               5.46
--rho                0.51
--q0                 0.00
--elitistants        0
--rasranks           0
--localsearch        0
--nnls               20
--dlb                1
--as                 0
--eas                0
--ras                0
--mmas               1
--bwas               0
--acs                0


begin try 0 
best      23721,        iteration:          1,        time       0.02
best      24155,        iteration:          2,        time       0.04
best      24518,        iteration:          3,        time       0.06
best      25155,        iteration:          4,        time       0.08
best      25186,        iteration:         29,        time       0.57
best      25208,        iteration:        175,        time       3.49
best      25421,        iteration:        451,        time       9.00
end try 0 


try          0,        best      25421,        found at iteration        451,        found at time       9.00
