Parameter-settings: 

--inputfile          instances/pr107-thop/pr107_03_bsc_01_01.thop
--outputfile         solutions/acothop/pr107-thop/pr107_03_bsc_01_01_01.thop.sol
--tries              1
--tours              0
--ptries             1
--time               32.00
--seed               99470
--optimum            1
--ants               196
--nnants             20
--alpha              1.24
--beta               5.46
--rho                0.51
--q0                 0.00
--elitistants        0
--rasranks           0
--localsearch        0
--nnls               20
--dlb                1
--as                 0
--eas                0
--ras                0
--mmas               1
--bwas               0
--acs                0


begin try 0 
best      37586,        iteration:          1,        time       0.05
best      37875,        iteration:          4,        time       0.19
best      38001,        iteration:          6,        time       0.28
best      38171,        iteration:          8,        time       0.36
best      38352,        iteration:         35,        time       1.46
best      38611,        iteration:        612,        time      25.00
end try 0 


try          0,        best      38611,        found at iteration        612,        found at time      25.00
