Parameter-settings: 

--inputfile          instances/pr107-thop/pr107_01_bsc_05_01.thop
--outputfile         solutions/acothop/pr107-thop/pr107_01_bsc_05_01_06.thop.sol
--tries              1
--tours              0
--ptries             1
--time               11.00
--seed               73456
--optimum            1
--ants               196
--nnants             20
--alpha              1.24
--beta               5.46
--rho                0.51
--q0                 0.00
--elitistants        0
--rasranks           0
--localsearch        0
--nnls               20
--dlb                1
--as                 0
--eas                0
--ras                0
--mmas               1
--bwas               0
--acs                0


begin try 0 
best      42368,        iteration:          1,        time       0.02
best      42749,        iteration:          4,        time       0.08
best      43110,        iteration:          6,        time       0.12
best      43172,        iteration:          9,        time       0.18
best      43285,        iteration:         11,        time       0.22
best      43408,        iteration:         38,        time       0.72
best      43428,        iteration:         39,        time       0.74
best      43436,        iteration:         40,        time       0.76
best      43810,        iteration:        105,        time       1.98
best      43836,        iteration:        127,        time       2.40
best      44036,        iteration:        129,        time       2.43
best      44443,        iteration:        225,        time       4.19
best      44471,        iteration:        262,        time       4.84
end try 0 


try          0,        best      44471,        found at iteration        262,        found at time       4.84
