Parameter-settings: 

--inputfile          instances/pr107-thop/pr107_10_bsc_10_03.thop
--outputfile         solutions/acothop/pr107-thop/pr107_10_bsc_10_03_08.thop.sol
--tries              1
--tours              0
--ptries             1
--time               105.00
--seed               858990
--optimum            1
--ants               196
--nnants             20
--alpha              1.24
--beta               5.46
--rho                0.51
--q0                 0.00
--elitistants        0
--rasranks           0
--localsearch        0
--nnls               20
--dlb                1
--as                 0
--eas                0
--ras                0
--mmas               1
--bwas               0
--acs                0


begin try 0 
best     827562,        iteration:          1,        time       0.29
best     847167,        iteration:          3,        time       0.86
best     870486,        iteration:          4,        time       1.14
best     888646,        iteration:          5,        time       1.42
best     889907,        iteration:         11,        time       3.10
best     894652,        iteration:         19,        time       5.38
best     895207,        iteration:         34,        time       9.67
best     895699,        iteration:        105,        time      29.89
best     896133,        iteration:        182,        time      51.88
best     899972,        iteration:        191,        time      54.45
best     900573,        iteration:        223,        time      63.64
end try 0 


try          0,        best     900573,        found at iteration        223,        found at time      63.64
