Parameter-settings: 

--inputfile          instances/pr107-thop/pr107_01_usw_10_01.thop
--outputfile         solutions/acothop/pr107-thop/pr107_01_usw_10_01_01.thop.sol
--tries              1
--tours              0
--ptries             1
--time               11.00
--seed               99470
--optimum            1
--ants               196
--nnants             20
--alpha              1.24
--beta               5.46
--rho                0.51
--q0                 0.00
--elitistants        0
--rasranks           0
--localsearch        0
--nnls               20
--dlb                1
--as                 0
--eas                0
--ras                0
--mmas               1
--bwas               0
--acs                0


begin try 0 
best      30674,        iteration:          1,        time       0.02
best      30790,        iteration:          5,        time       0.11
best      31151,        iteration:          8,        time       0.18
best      31241,        iteration:         14,        time       0.30
best      31435,        iteration:         27,        time       0.57
best      31485,        iteration:         31,        time       0.66
best      31658,        iteration:         38,        time       0.80
best      31987,        iteration:         39,        time       0.82
best      32120,        iteration:        111,        time       2.26
best      32160,        iteration:        112,        time       2.28
best      32175,        iteration:        176,        time       3.59
best      32237,        iteration:        412,        time       8.49
end try 0 


try          0,        best      32237,        found at iteration        412,        found at time       8.49
