Parameter-settings: 

--inputfile          instances/pr107-thop/pr107_03_usw_10_02.thop
--outputfile         solutions/acothop/pr107-thop/pr107_03_usw_10_02_01.thop.sol
--tries              1
--tours              0
--ptries             1
--time               32.00
--seed               99470
--optimum            1
--ants               196
--nnants             20
--alpha              1.24
--beta               5.46
--rho                0.51
--q0                 0.00
--elitistants        0
--rasranks           0
--localsearch        0
--nnls               20
--dlb                1
--as                 0
--eas                0
--ras                0
--mmas               1
--bwas               0
--acs                0


begin try 0 
best     102640,        iteration:          1,        time       0.07
best     102679,        iteration:          2,        time       0.14
best     104257,        iteration:          3,        time       0.22
best     104632,        iteration:          4,        time       0.29
best     106706,        iteration:          5,        time       0.36
best     107297,        iteration:          6,        time       0.43
best     108359,        iteration:          7,        time       0.51
best     108616,        iteration:          8,        time       0.58
best     109618,        iteration:          9,        time       0.65
best     109941,        iteration:         19,        time       1.39
best     110096,        iteration:         48,        time       3.55
best     110509,        iteration:         53,        time       3.93
best     110637,        iteration:        202,        time      15.09
best     110744,        iteration:        204,        time      15.23
best     110757,        iteration:        205,        time      15.31
best     111065,        iteration:        209,        time      15.61
best     111544,        iteration:        244,        time      18.23
end try 0 


try          0,        best     111544,        found at iteration        244,        found at time      18.23
