Parameter-settings: 

--inputfile          instances/pr107-thop/pr107_03_usw_10_01.thop
--outputfile         solutions/acothop/pr107-thop/pr107_03_usw_10_01_06.thop.sol
--tries              1
--tours              0
--ptries             1
--time               32.00
--seed               73456
--optimum            1
--ants               196
--nnants             20
--alpha              1.24
--beta               5.46
--rho                0.51
--q0                 0.00
--elitistants        0
--rasranks           0
--localsearch        0
--nnls               20
--dlb                1
--as                 0
--eas                0
--ras                0
--mmas               1
--bwas               0
--acs                0


begin try 0 
best      80675,        iteration:          1,        time       0.06
best      83014,        iteration:          2,        time       0.12
best      84190,        iteration:          4,        time       0.23
best      84915,        iteration:          5,        time       0.29
best      85312,        iteration:          6,        time       0.35
best      86050,        iteration:          7,        time       0.41
best      86241,        iteration:        136,        time       8.83
best      86439,        iteration:        297,        time      19.31
best      86495,        iteration:        447,        time      29.08
best      86907,        iteration:        449,        time      29.21
end try 0 


try          0,        best      86907,        found at iteration        449,        found at time      29.21
