Parameter-settings: 

--inputfile          instances/pr107-thop/pr107_05_bsc_05_03.thop
--outputfile         solutions/acothop/pr107-thop/pr107_05_bsc_05_03_02.thop.sol
--tries              1
--tours              0
--ptries             1
--time               53.00
--seed               126489
--optimum            1
--ants               196
--nnants             20
--alpha              1.24
--beta               5.46
--rho                0.51
--q0                 0.00
--elitistants        0
--rasranks           0
--localsearch        0
--nnls               20
--dlb                1
--as                 0
--eas                0
--ras                0
--mmas               1
--bwas               0
--acs                0


begin try 0 
best     279387,        iteration:          1,        time       0.11
best     281084,        iteration:          2,        time       0.22
best     281986,        iteration:          3,        time       0.34
best     282194,        iteration:          4,        time       0.45
best     282997,        iteration:          5,        time       0.57
best     284194,        iteration:          6,        time       0.67
best     284223,        iteration:          7,        time       0.76
best     284508,        iteration:          8,        time       0.87
best     284688,        iteration:         75,        time       8.03
best     285296,        iteration:         97,        time      10.42
best     285765,        iteration:        103,        time      11.06
best     285814,        iteration:        174,        time      18.65
end try 0 


try          0,        best     285814,        found at iteration        174,        found at time      18.65
