Parameter-settings: 

--inputfile          instances/pr107-thop/pr107_03_usw_01_03.thop
--outputfile         solutions/acothop/pr107-thop/pr107_03_usw_01_03_04.thop.sol
--tries              1
--tours              0
--ptries             1
--time               32.00
--seed               547617
--optimum            1
--ants               196
--nnants             20
--alpha              1.24
--beta               5.46
--rho                0.51
--q0                 0.00
--elitistants        0
--rasranks           0
--localsearch        0
--nnls               20
--dlb                1
--as                 0
--eas                0
--ras                0
--mmas               1
--bwas               0
--acs                0


begin try 0 
best      24723,        iteration:          1,        time       0.04
best      24887,        iteration:          2,        time       0.09
best      25742,        iteration:          4,        time       0.16
best      25853,        iteration:         10,        time       0.37
best      25964,        iteration:         11,        time       0.41
end try 0 


try          0,        best      25964,        found at iteration         11,        found at time       0.41
