Parameter-settings: 

--inputfile          instances/pr107-thop/pr107_01_bsc_10_02.thop
--outputfile         solutions/acothop/pr107-thop/pr107_01_bsc_10_02_03.thop.sol
--tries              1
--tours              0
--ptries             1
--time               11.00
--seed               644764
--optimum            1
--ants               196
--nnants             20
--alpha              1.24
--beta               5.46
--rho                0.51
--q0                 0.00
--elitistants        0
--rasranks           0
--localsearch        0
--nnls               20
--dlb                1
--as                 0
--eas                0
--ras                0
--mmas               1
--bwas               0
--acs                0


begin try 0 
best      76869,        iteration:          1,        time       0.02
best      77780,        iteration:          2,        time       0.04
best      78142,        iteration:          4,        time       0.09
best      78643,        iteration:          5,        time       0.11
best      78846,        iteration:          6,        time       0.14
best      79155,        iteration:        229,        time       5.54
best      79401,        iteration:        327,        time       7.94
best      79444,        iteration:        437,        time      10.65
end try 0 


try          0,        best      79444,        found at iteration        437,        found at time      10.65
