Parameter-settings: 

--inputfile          instances/pr107-thop/pr107_05_unc_01_03.thop
--outputfile         solutions/acothop/pr107-thop/pr107_05_unc_01_03_07.thop.sol
--tries              1
--tours              0
--ptries             1
--time               53.00
--seed               462018
--optimum            1
--ants               196
--nnants             20
--alpha              1.24
--beta               5.46
--rho                0.51
--q0                 0.00
--elitistants        0
--rasranks           0
--localsearch        0
--nnls               20
--dlb                1
--as                 0
--eas                0
--ras                0
--mmas               1
--bwas               0
--acs                0


begin try 0 
best      72334,        iteration:          1,        time       0.10
best      74916,        iteration:          2,        time       0.20
best      74963,        iteration:          3,        time       0.30
best      75198,        iteration:          9,        time       0.84
best      75245,        iteration:         10,        time       0.92
best      75645,        iteration:         11,        time       0.99
best      75650,        iteration:         19,        time       1.59
best      75701,        iteration:         61,        time       4.76
best      75793,        iteration:         88,        time       6.79
best      75835,        iteration:         89,        time       6.87
best      75842,        iteration:         92,        time       7.09
best      75872,        iteration:        108,        time       8.29
best      75948,        iteration:        140,        time      10.71
best      76287,        iteration:        143,        time      10.94
best      76399,        iteration:        310,        time      23.37
best      76455,        iteration:        312,        time      23.52
best      76518,        iteration:        313,        time      23.59
best      76601,        iteration:        315,        time      23.74
best      76631,        iteration:        316,        time      23.82
best      77010,        iteration:        337,        time      25.39
best      77016,        iteration:        380,        time      28.65
best      77413,        iteration:        599,        time      45.28
end try 0 


try          0,        best      77413,        found at iteration        599,        found at time      45.28
