Parameter-settings: 

--inputfile          instances/pr107-thop/pr107_03_usw_10_03.thop
--outputfile         solutions/acothop/pr107-thop/pr107_03_usw_10_03_02.thop.sol
--tries              1
--tours              0
--ptries             1
--time               32.00
--seed               126489
--optimum            1
--ants               196
--nnants             20
--alpha              1.24
--beta               5.46
--rho                0.51
--q0                 0.00
--elitistants        0
--rasranks           0
--localsearch        0
--nnls               20
--dlb                1
--as                 0
--eas                0
--ras                0
--mmas               1
--bwas               0
--acs                0


begin try 0 
best     131354,        iteration:          1,        time       0.08
best     134911,        iteration:          2,        time       0.16
best     136286,        iteration:          3,        time       0.23
best     138857,        iteration:          4,        time       0.31
best     139911,        iteration:          5,        time       0.38
best     140287,        iteration:          6,        time       0.46
best     140404,        iteration:          7,        time       0.54
best     140474,        iteration:          8,        time       0.62
best     140483,        iteration:          9,        time       0.69
best     140717,        iteration:         10,        time       0.77
best     140981,        iteration:         11,        time       0.85
best     141165,        iteration:         12,        time       0.92
best     141283,        iteration:         14,        time       1.08
best     141344,        iteration:         15,        time       1.16
best     141650,        iteration:         16,        time       1.24
best     141771,        iteration:         73,        time       5.73
best     142273,        iteration:         74,        time       5.81
best     142610,        iteration:         97,        time       7.64
end try 0 


try          0,        best     142610,        found at iteration         97,        found at time       7.64
