Parameter-settings: 

--inputfile          instances/pr107-thop/pr107_10_bsc_05_01.thop
--outputfile         solutions/acothop/pr107-thop/pr107_10_bsc_05_01_05.thop.sol
--tries              1
--tours              0
--ptries             1
--time               105.00
--seed               642580
--optimum            1
--ants               196
--nnants             20
--alpha              1.24
--beta               5.46
--rho                0.51
--q0                 0.00
--elitistants        0
--rasranks           0
--localsearch        0
--nnls               20
--dlb                1
--as                 0
--eas                0
--ras                0
--mmas               1
--bwas               0
--acs                0


begin try 0 
best     411741,        iteration:          1,        time       0.19
best     425671,        iteration:          4,        time       0.75
best     430563,        iteration:          9,        time       1.73
best     430650,        iteration:         13,        time       2.53
best     431496,        iteration:         48,        time       9.52
best     435071,        iteration:        134,        time      26.87
best     437898,        iteration:        135,        time      27.08
best     438254,        iteration:        212,        time      42.49
best     443833,        iteration:        215,        time      43.09
best     444018,        iteration:        221,        time      44.30
best     444188,        iteration:        278,        time      55.78
best     444737,        iteration:        318,        time      63.81
best     445145,        iteration:        319,        time      64.01
end try 0 


try          0,        best     445145,        found at iteration        319,        found at time      64.01
