Parameter-settings: 

--inputfile          instances/pr107-thop/pr107_03_bsc_10_01.thop
--outputfile         solutions/acothop/pr107-thop/pr107_03_bsc_10_01_06.thop.sol
--tries              1
--tours              0
--ptries             1
--time               32.00
--seed               73456
--optimum            1
--ants               196
--nnants             20
--alpha              1.24
--beta               5.46
--rho                0.51
--q0                 0.00
--elitistants        0
--rasranks           0
--localsearch        0
--nnls               20
--dlb                1
--as                 0
--eas                0
--ras                0
--mmas               1
--bwas               0
--acs                0


begin try 0 
best     194722,        iteration:          1,        time       0.06
best     195047,        iteration:          2,        time       0.12
best     196928,        iteration:          4,        time       0.24
best     202054,        iteration:          5,        time       0.30
best     204299,        iteration:          7,        time       0.42
best     205748,        iteration:         19,        time       1.18
best     206241,        iteration:         67,        time       4.02
best     207417,        iteration:         75,        time       4.52
end try 0 


try          0,        best     207417,        found at iteration         75,        found at time       4.52
