Parameter-settings: 

--inputfile          instances/pr107-thop/pr107_10_unc_05_02.thop
--outputfile         solutions/acothop/pr107-thop/pr107_10_unc_05_02_09.thop.sol
--tries              1
--tours              0
--ptries             1
--time               105.00
--seed               756112
--optimum            1
--ants               196
--nnants             20
--alpha              1.24
--beta               5.46
--rho                0.51
--q0                 0.00
--elitistants        0
--rasranks           0
--localsearch        0
--nnls               20
--dlb                1
--as                 0
--eas                0
--ras                0
--mmas               1
--bwas               0
--acs                0


begin try 0 
best     248912,        iteration:          1,        time       0.25
best     249550,        iteration:          5,        time       1.30
best     251427,        iteration:          8,        time       2.07
best     252065,        iteration:         13,        time       3.41
best     253009,        iteration:         62,        time      16.52
best     254245,        iteration:        163,        time      43.64
best     254376,        iteration:        169,        time      45.20
best     254800,        iteration:        173,        time      46.25
end try 0 


try          0,        best     254800,        found at iteration        173,        found at time      46.25
