Parameter-settings: 

--inputfile          instances/pr107-thop/pr107_01_unc_01_02.thop
--outputfile         solutions/acothop/pr107-thop/pr107_01_unc_01_02_08.thop.sol
--tries              1
--tours              0
--ptries             1
--time               11.00
--seed               858990
--optimum            1
--ants               196
--nnants             20
--alpha              1.24
--beta               5.46
--rho                0.51
--q0                 0.00
--elitistants        0
--rasranks           0
--localsearch        0
--nnls               20
--dlb                1
--as                 0
--eas                0
--ras                0
--mmas               1
--bwas               0
--acs                0


begin try 0 
best      10470,        iteration:          1,        time       0.02
best      10636,        iteration:          3,        time       0.06
best      10710,        iteration:          5,        time       0.09
best      11197,        iteration:          6,        time       0.11
best      11354,        iteration:         33,        time       0.54
best      11760,        iteration:         34,        time       0.56
best      11779,        iteration:        616,        time      10.66
best      11920,        iteration:        632,        time      10.96
end try 0 


try          0,        best      11920,        found at iteration        632,        found at time      10.96
