Parameter-settings: 

--inputfile          instances/pr107-thop/pr107_01_bsc_05_02.thop
--outputfile         solutions/acothop/pr107-thop/pr107_01_bsc_05_02_07.thop.sol
--tries              1
--tours              0
--ptries             1
--time               11.00
--seed               462018
--optimum            1
--ants               196
--nnants             20
--alpha              1.24
--beta               5.46
--rho                0.51
--q0                 0.00
--elitistants        0
--rasranks           0
--localsearch        0
--nnls               20
--dlb                1
--as                 0
--eas                0
--ras                0
--mmas               1
--bwas               0
--acs                0


begin try 0 
best      50973,        iteration:          1,        time       0.02
best      51176,        iteration:          4,        time       0.09
best      51498,        iteration:          5,        time       0.11
best      51705,        iteration:         17,        time       0.37
best      52016,        iteration:         48,        time       1.07
best      52252,        iteration:         55,        time       1.23
best      52399,        iteration:        222,        time       4.90
end try 0 


try          0,        best      52399,        found at iteration        222,        found at time       4.90
