Parameter-settings: 

--inputfile          instances/pr107-thop/pr107_10_unc_10_01.thop
--outputfile         solutions/acothop/pr107-thop/pr107_10_unc_10_01_07.thop.sol
--tries              1
--tours              0
--ptries             1
--time               105.00
--seed               462018
--optimum            1
--ants               196
--nnants             20
--alpha              1.24
--beta               5.46
--rho                0.51
--q0                 0.00
--elitistants        0
--rasranks           0
--localsearch        0
--nnls               20
--dlb                1
--as                 0
--eas                0
--ras                0
--mmas               1
--bwas               0
--acs                0


begin try 0 
best     235897,        iteration:          1,        time       0.18
best     245866,        iteration:          2,        time       0.37
best     248522,        iteration:          3,        time       0.55
best     251659,        iteration:          5,        time       0.93
best     255298,        iteration:          6,        time       1.12
best     257617,        iteration:          7,        time       1.32
best     257652,        iteration:          8,        time       1.50
best     257907,        iteration:          9,        time       1.70
best     258261,        iteration:         12,        time       2.30
best     258633,        iteration:         31,        time       6.09
end try 0 


try          0,        best     258633,        found at iteration         31,        found at time       6.09
