Parameter-settings: 

--inputfile          instances/pr107-thop/pr107_01_unc_10_01.thop
--outputfile         solutions/acothop/pr107-thop/pr107_01_unc_10_01_05.thop.sol
--tries              1
--tours              0
--ptries             1
--time               11.00
--seed               642580
--optimum            1
--ants               196
--nnants             20
--alpha              1.24
--beta               5.46
--rho                0.51
--q0                 0.00
--elitistants        0
--rasranks           0
--localsearch        0
--nnls               20
--dlb                1
--as                 0
--eas                0
--ras                0
--mmas               1
--bwas               0
--acs                0


begin try 0 
best      23154,        iteration:          1,        time       0.02
best      23249,        iteration:          3,        time       0.06
best      23598,        iteration:          4,        time       0.08
best      23838,        iteration:          6,        time       0.11
best      23904,        iteration:          8,        time       0.16
best      24363,        iteration:          9,        time       0.18
best      25007,        iteration:         11,        time       0.21
best      25258,        iteration:         86,        time       1.73
best      25578,        iteration:         88,        time       1.78
best      25806,        iteration:        375,        time       7.86
end try 0 


try          0,        best      25806,        found at iteration        375,        found at time       7.86
