Parameter-settings: 

--inputfile          instances/pr107-thop/pr107_05_usw_05_02.thop
--outputfile         solutions/acothop/pr107-thop/pr107_05_usw_05_02_04.thop.sol
--tries              1
--tours              0
--ptries             1
--time               53.00
--seed               547617
--optimum            1
--ants               196
--nnants             20
--alpha              1.24
--beta               5.46
--rho                0.51
--q0                 0.00
--elitistants        0
--rasranks           0
--localsearch        0
--nnls               20
--dlb                1
--as                 0
--eas                0
--ras                0
--mmas               1
--bwas               0
--acs                0


begin try 0 
best     127821,        iteration:          1,        time       0.11
best     130036,        iteration:          2,        time       0.23
best     130438,        iteration:          3,        time       0.34
best     131045,        iteration:          6,        time       0.68
best     131278,        iteration:         11,        time       1.25
best     131486,        iteration:         26,        time       2.98
best     131672,        iteration:         34,        time       3.90
best     131719,        iteration:         43,        time       4.93
best     131835,        iteration:         52,        time       5.98
best     132469,        iteration:         53,        time       6.10
best     132474,        iteration:         63,        time       7.28
best     132696,        iteration:        122,        time      14.10
best     133293,        iteration:        123,        time      14.22
best     133394,        iteration:        125,        time      14.45
best     134230,        iteration:        126,        time      14.56
best     134297,        iteration:        132,        time      15.25
best     134324,        iteration:        135,        time      15.60
best     134742,        iteration:        140,        time      16.17
best     135169,        iteration:        142,        time      16.41
best     135504,        iteration:        147,        time      16.99
best     135618,        iteration:        153,        time      17.69
best     136086,        iteration:        164,        time      18.96
best     136179,        iteration:        185,        time      21.41
best     136477,        iteration:        202,        time      23.40
end try 0 


try          0,        best     136477,        found at iteration        202,        found at time      23.40
