Parameter-settings: 

--inputfile          instances/pr107-thop/pr107_03_unc_01_01.thop
--outputfile         solutions/acothop/pr107-thop/pr107_03_unc_01_01_09.thop.sol
--tries              1
--tours              0
--ptries             1
--time               32.00
--seed               756112
--optimum            1
--ants               196
--nnants             20
--alpha              1.24
--beta               5.46
--rho                0.51
--q0                 0.00
--elitistants        0
--rasranks           0
--localsearch        0
--nnls               20
--dlb                1
--as                 0
--eas                0
--ras                0
--mmas               1
--bwas               0
--acs                0


begin try 0 
best      25238,        iteration:          1,        time       0.05
best      26911,        iteration:          3,        time       0.15
best      27857,        iteration:          8,        time       0.39
best      27972,        iteration:         30,        time       1.43
best      28084,        iteration:        133,        time       6.12
best      28256,        iteration:        212,        time       9.88
best      28662,        iteration:        257,        time      12.06
best      29284,        iteration:        337,        time      15.88
end try 0 


try          0,        best      29284,        found at iteration        337,        found at time      15.88
