Parameter-settings: 

--inputfile          instances/pr107-thop/pr107_10_usw_01_01.thop
--outputfile         solutions/acothop/pr107-thop/pr107_10_usw_01_01_01.thop.sol
--tries              1
--tours              0
--ptries             1
--time               105.00
--seed               99470
--optimum            1
--ants               196
--nnants             20
--alpha              1.24
--beta               5.46
--rho                0.51
--q0                 0.00
--elitistants        0
--rasranks           0
--localsearch        0
--nnls               20
--dlb                1
--as                 0
--eas                0
--ras                0
--mmas               1
--bwas               0
--acs                0


begin try 0 
best      67303,        iteration:          1,        time       0.16
best      68598,        iteration:          2,        time       0.30
best      69287,        iteration:          4,        time       0.59
best      69888,        iteration:          5,        time       0.75
best      70122,        iteration:         10,        time       1.38
best      70133,        iteration:         16,        time       2.09
best      70181,        iteration:         21,        time       2.68
best      70630,        iteration:        247,        time      29.85
best      71007,        iteration:        248,        time      29.96
end try 0 


try          0,        best      71007,        found at iteration        248,        found at time      29.96
