Parameter-settings: 

--inputfile          instances/pr107-thop/pr107_03_usw_10_01.thop
--outputfile         solutions/acothop/pr107-thop/pr107_03_usw_10_01_08.thop.sol
--tries              1
--tours              0
--ptries             1
--time               32.00
--seed               858990
--optimum            1
--ants               196
--nnants             20
--alpha              1.24
--beta               5.46
--rho                0.51
--q0                 0.00
--elitistants        0
--rasranks           0
--localsearch        0
--nnls               20
--dlb                1
--as                 0
--eas                0
--ras                0
--mmas               1
--bwas               0
--acs                0


begin try 0 
best      80509,        iteration:          1,        time       0.06
best      81141,        iteration:          2,        time       0.12
best      82573,        iteration:          3,        time       0.18
best      84127,        iteration:          4,        time       0.24
best      84503,        iteration:          5,        time       0.30
best      84836,        iteration:          6,        time       0.36
best      85236,        iteration:          7,        time       0.43
best      85423,        iteration:         10,        time       0.62
best      85522,        iteration:         12,        time       0.75
best      86194,        iteration:         38,        time       2.43
best      86199,        iteration:         40,        time       2.56
best      86435,        iteration:         42,        time       2.69
best      87402,        iteration:         43,        time       2.76
best      87465,        iteration:         44,        time       2.82
end try 0 


try          0,        best      87465,        found at iteration         44,        found at time       2.82
