Parameter-settings: 

--inputfile          instances/pr107-thop/pr107_03_unc_05_03.thop
--outputfile         solutions/acothop/pr107-thop/pr107_03_unc_05_03_05.thop.sol
--tries              1
--tours              0
--ptries             1
--time               32.00
--seed               642580
--optimum            1
--ants               196
--nnants             20
--alpha              1.24
--beta               5.46
--rho                0.51
--q0                 0.00
--elitistants        0
--rasranks           0
--localsearch        0
--nnls               20
--dlb                1
--as                 0
--eas                0
--ras                0
--mmas               1
--bwas               0
--acs                0


begin try 0 
best      95343,        iteration:          1,        time       0.08
best      96612,        iteration:          4,        time       0.32
best      97372,        iteration:          6,        time       0.47
best      97956,        iteration:          7,        time       0.55
best      98521,        iteration:          8,        time       0.63
best      98793,        iteration:          9,        time       0.71
best      99933,        iteration:         10,        time       0.79
best      99948,        iteration:        185,        time      14.60
best     100072,        iteration:        227,        time      17.91
best     100082,        iteration:        229,        time      18.07
best     100089,        iteration:        238,        time      18.78
end try 0 


try          0,        best     100089,        found at iteration        238,        found at time      18.78
