Parameter-settings: 

--inputfile          instances/pr107-thop/pr107_05_bsc_05_02.thop
--outputfile         solutions/acothop/pr107-thop/pr107_05_bsc_05_02_09.thop.sol
--tries              1
--tours              0
--ptries             1
--time               53.00
--seed               756112
--optimum            1
--ants               196
--nnants             20
--alpha              1.24
--beta               5.46
--rho                0.51
--q0                 0.00
--elitistants        0
--rasranks           0
--localsearch        0
--nnls               20
--dlb                1
--as                 0
--eas                0
--ras                0
--mmas               1
--bwas               0
--acs                0


begin try 0 
best     261364,        iteration:          1,        time       0.12
best     266922,        iteration:          2,        time       0.23
best     269067,        iteration:          3,        time       0.35
best     269713,        iteration:          4,        time       0.46
best     270090,        iteration:          7,        time       0.81
best     272785,        iteration:          8,        time       0.93
best     273414,        iteration:          9,        time       1.04
best     273575,        iteration:         10,        time       1.16
best     273793,        iteration:         14,        time       1.63
best     273815,        iteration:        156,        time      18.33
best     274122,        iteration:        159,        time      18.68
best     274650,        iteration:        161,        time      18.92
best     274983,        iteration:        178,        time      20.93
best     275087,        iteration:        346,        time      40.80
best     275124,        iteration:        350,        time      41.27
end try 0 


try          0,        best     275124,        found at iteration        350,        found at time      41.27
