Parameter-settings: 

--inputfile          instances/pr107-thop/pr107_03_bsc_01_02.thop
--outputfile         solutions/acothop/pr107-thop/pr107_03_bsc_01_02_03.thop.sol
--tries              1
--tours              0
--ptries             1
--time               32.00
--seed               644764
--optimum            1
--ants               196
--nnants             20
--alpha              1.24
--beta               5.46
--rho                0.51
--q0                 0.00
--elitistants        0
--rasranks           0
--localsearch        0
--nnls               20
--dlb                1
--as                 0
--eas                0
--ras                0
--mmas               1
--bwas               0
--acs                0


begin try 0 
best      39900,        iteration:          1,        time       0.05
best      40104,        iteration:          2,        time       0.10
best      40147,        iteration:         45,        time       1.82
best      40200,        iteration:         46,        time       1.86
best      40479,        iteration:         54,        time       2.18
best      40549,        iteration:         79,        time       3.13
best      40576,        iteration:        367,        time      14.26
end try 0 


try          0,        best      40576,        found at iteration        367,        found at time      14.26
