Parameter-settings: 

--inputfile          instances/pr107-thop/pr107_01_unc_10_03.thop
--outputfile         solutions/acothop/pr107-thop/pr107_01_unc_10_03_03.thop.sol
--tries              1
--tours              0
--ptries             1
--time               11.00
--seed               644764
--optimum            1
--ants               196
--nnants             20
--alpha              1.24
--beta               5.46
--rho                0.51
--q0                 0.00
--elitistants        0
--rasranks           0
--localsearch        0
--nnls               20
--dlb                1
--as                 0
--eas                0
--ras                0
--mmas               1
--bwas               0
--acs                0


begin try 0 
best      41623,        iteration:          1,        time       0.03
best      42312,        iteration:          2,        time       0.05
best      43563,        iteration:          3,        time       0.08
best      43666,        iteration:        101,        time       2.56
best      43785,        iteration:        234,        time       5.86
best      44081,        iteration:        235,        time       5.88
best      44366,        iteration:        236,        time       5.90
best      44373,        iteration:        269,        time       6.73
best      44403,        iteration:        287,        time       7.18
best      44465,        iteration:        290,        time       7.25
best      44477,        iteration:        343,        time       8.59
best      44531,        iteration:        416,        time      10.45
best      44724,        iteration:        417,        time      10.48
end try 0 


try          0,        best      44724,        found at iteration        417,        found at time      10.48
