Parameter-settings: 

--inputfile          instances/pr107-thop/pr107_03_unc_05_02.thop
--outputfile         solutions/acothop/pr107-thop/pr107_03_unc_05_02_05.thop.sol
--tries              1
--tours              0
--ptries             1
--time               32.00
--seed               642580
--optimum            1
--ants               196
--nnants             20
--alpha              1.24
--beta               5.46
--rho                0.51
--q0                 0.00
--elitistants        0
--rasranks           0
--localsearch        0
--nnls               20
--dlb                1
--as                 0
--eas                0
--ras                0
--mmas               1
--bwas               0
--acs                0


begin try 0 
best      73827,        iteration:          1,        time       0.07
best      75081,        iteration:          3,        time       0.20
best      77298,        iteration:          4,        time       0.27
best      78131,        iteration:          5,        time       0.34
best      79289,        iteration:          6,        time       0.41
best      79834,        iteration:          7,        time       0.48
best      80459,        iteration:          8,        time       0.55
best      81407,        iteration:          9,        time       0.62
best      81653,        iteration:         11,        time       0.76
best      81927,        iteration:         28,        time       1.99
best      81985,        iteration:         29,        time       2.06
best      82091,        iteration:        108,        time       7.82
best      82180,        iteration:        130,        time       9.42
best      82334,        iteration:        133,        time       9.64
best      82729,        iteration:        138,        time      10.00
best      82731,        iteration:        161,        time      11.68
best      83065,        iteration:        191,        time      13.87
best      83199,        iteration:        348,        time      25.27
best      83998,        iteration:        350,        time      25.42
end try 0 


try          0,        best      83998,        found at iteration        350,        found at time      25.42
