Parameter-settings: 

--inputfile          instances/pr107-thop/pr107_03_unc_01_03.thop
--outputfile         solutions/acothop/pr107-thop/pr107_03_unc_01_03_01.thop.sol
--tries              1
--tours              0
--ptries             1
--time               32.00
--seed               99470
--optimum            1
--ants               196
--nnants             20
--alpha              1.24
--beta               5.46
--rho                0.51
--q0                 0.00
--elitistants        0
--rasranks           0
--localsearch        0
--nnls               20
--dlb                1
--as                 0
--eas                0
--ras                0
--mmas               1
--bwas               0
--acs                0


begin try 0 
best      44003,        iteration:          1,        time       0.06
best      44789,        iteration:          2,        time       0.11
best      45965,        iteration:          3,        time       0.17
best      46201,        iteration:         12,        time       0.58
best      46275,        iteration:         70,        time       2.99
best      46326,        iteration:         76,        time       3.24
best      46347,        iteration:        110,        time       4.63
best      46545,        iteration:        119,        time       5.00
best      47399,        iteration:        120,        time       5.04
best      47403,        iteration:        121,        time       5.09
best      47494,        iteration:        130,        time       5.45
best      47620,        iteration:        215,        time       8.85
best      47663,        iteration:        252,        time      10.27
best      47688,        iteration:        352,        time      14.22
end try 0 


try          0,        best      47688,        found at iteration        352,        found at time      14.22
