Parameter-settings: 

--inputfile          instances/pr107-thop/pr107_01_usw_05_02.thop
--outputfile         solutions/acothop/pr107-thop/pr107_01_usw_05_02_05.thop.sol
--tries              1
--tours              0
--ptries             1
--time               11.00
--seed               642580
--optimum            1
--ants               196
--nnants             20
--alpha              1.24
--beta               5.46
--rho                0.51
--q0                 0.00
--elitistants        0
--rasranks           0
--localsearch        0
--nnls               20
--dlb                1
--as                 0
--eas                0
--ras                0
--mmas               1
--bwas               0
--acs                0


begin try 0 
best      29109,        iteration:          1,        time       0.02
best      29571,        iteration:          5,        time       0.11
best      29856,        iteration:          7,        time       0.16
best      30379,        iteration:         27,        time       0.61
best      30554,        iteration:        175,        time       3.89
best      30623,        iteration:        188,        time       4.17
end try 0 


try          0,        best      30623,        found at iteration        188,        found at time       4.17
