Parameter-settings: 

--inputfile          instances/pr107-thop/pr107_10_usw_05_01.thop
--outputfile         solutions/acothop/pr107-thop/pr107_10_usw_05_01_08.thop.sol
--tries              1
--tours              0
--ptries             1
--time               105.00
--seed               858990
--optimum            1
--ants               196
--nnants             20
--alpha              1.24
--beta               5.46
--rho                0.51
--q0                 0.00
--elitistants        0
--rasranks           0
--localsearch        0
--nnls               20
--dlb                1
--as                 0
--eas                0
--ras                0
--mmas               1
--bwas               0
--acs                0


begin try 0 
best     216709,        iteration:          1,        time       0.20
best     225169,        iteration:          2,        time       0.38
best     231053,        iteration:          4,        time       0.79
best     234009,        iteration:          5,        time       1.00
best     234102,        iteration:          6,        time       1.21
best     234120,        iteration:          7,        time       1.42
best     235100,        iteration:         67,        time      14.47
best     235116,        iteration:         68,        time      14.67
best     235118,        iteration:         69,        time      14.89
best     236703,        iteration:         76,        time      16.42
best     236802,        iteration:         77,        time      16.64
best     237408,        iteration:         84,        time      18.17
best     237520,        iteration:         85,        time      18.39
best     237573,        iteration:         86,        time      18.61
best     237617,        iteration:         88,        time      19.05
best     239277,        iteration:        127,        time      27.54
best     239303,        iteration:        128,        time      27.76
best     239375,        iteration:        148,        time      32.12
best     240084,        iteration:        154,        time      33.43
best     240138,        iteration:        156,        time      33.87
best     240151,        iteration:        161,        time      34.96
end try 0 


try          0,        best     240151,        found at iteration        161,        found at time      34.96
