Parameter-settings: 

--inputfile          instances/pr107-thop/pr107_10_usw_01_03.thop
--outputfile         solutions/acothop/pr107-thop/pr107_10_usw_01_03_08.thop.sol
--tries              1
--tours              0
--ptries             1
--time               105.00
--seed               858990
--optimum            1
--ants               196
--nnants             20
--alpha              1.24
--beta               5.46
--rho                0.51
--q0                 0.00
--elitistants        0
--rasranks           0
--localsearch        0
--nnls               20
--dlb                1
--as                 0
--eas                0
--ras                0
--mmas               1
--bwas               0
--acs                0


begin try 0 
best      85668,        iteration:          1,        time       0.13
best      86141,        iteration:          2,        time       0.28
best      86358,        iteration:        301,        time      30.69
best      86859,        iteration:        308,        time      31.59
end try 0 


try          0,        best      86859,        found at iteration        308,        found at time      31.59
