Parameter-settings: 

--inputfile          instances/pr107-thop/pr107_05_unc_10_03.thop
--outputfile         solutions/acothop/pr107-thop/pr107_05_unc_10_03_02.thop.sol
--tries              1
--tours              0
--ptries             1
--time               53.00
--seed               126489
--optimum            1
--ants               196
--nnants             20
--alpha              1.24
--beta               5.46
--rho                0.51
--q0                 0.00
--elitistants        0
--rasranks           0
--localsearch        0
--nnls               20
--dlb                1
--as                 0
--eas                0
--ras                0
--mmas               1
--bwas               0
--acs                0


begin try 0 
best     211074,        iteration:          1,        time       0.15
best     211127,        iteration:          3,        time       0.44
best     211526,        iteration:          9,        time       1.31
best     213625,        iteration:         10,        time       1.45
best     213837,        iteration:         11,        time       1.60
best     214199,        iteration:         13,        time       1.89
best     216226,        iteration:         14,        time       2.04
best     217158,        iteration:         16,        time       2.33
best     217216,        iteration:         17,        time       2.47
best     217230,        iteration:         18,        time       2.62
best     217489,        iteration:         20,        time       2.91
best     217622,        iteration:         21,        time       3.05
best     217638,        iteration:         23,        time       3.34
best     217673,        iteration:         24,        time       3.49
best     217688,        iteration:         38,        time       5.52
best     217922,        iteration:         40,        time       5.82
best     218710,        iteration:         41,        time       5.96
best     218719,        iteration:         43,        time       6.25
best     218789,        iteration:         47,        time       6.84
best     219695,        iteration:         51,        time       7.42
best     220899,        iteration:         52,        time       7.56
best     221930,        iteration:         53,        time       7.71
best     221946,        iteration:         54,        time       7.86
best     221967,        iteration:         56,        time       8.15
best     222009,        iteration:         62,        time       9.02
best     222975,        iteration:         65,        time       9.45
best     223426,        iteration:        166,        time      24.18
best     223599,        iteration:        237,        time      34.55
best     223931,        iteration:        238,        time      34.69
best     224588,        iteration:        239,        time      34.84
best     224820,        iteration:        240,        time      34.99
best     224964,        iteration:        244,        time      35.57
best     225727,        iteration:        246,        time      35.86
best     225747,        iteration:        247,        time      36.01
best     226216,        iteration:        334,        time      48.61
best     226346,        iteration:        336,        time      48.90
best     226348,        iteration:        338,        time      49.19
best     227407,        iteration:        354,        time      51.52
best     227478,        iteration:        357,        time      51.94
end try 0 


try          0,        best     227478,        found at iteration        357,        found at time      51.94
