Parameter-settings: 

--inputfile          instances/pr107-thop/pr107_10_unc_01_01.thop
--outputfile         solutions/acothop/pr107-thop/pr107_10_unc_01_01_03.thop.sol
--tries              1
--tours              0
--ptries             1
--time               105.00
--seed               644764
--optimum            1
--ants               196
--nnants             20
--alpha              1.24
--beta               5.46
--rho                0.51
--q0                 0.00
--elitistants        0
--rasranks           0
--localsearch        0
--nnls               20
--dlb                1
--as                 0
--eas                0
--ras                0
--mmas               1
--bwas               0
--acs                0


begin try 0 
best      83104,        iteration:          1,        time       0.17
best      84075,        iteration:          6,        time       0.98
best      84138,        iteration:         10,        time       1.65
best      84952,        iteration:         11,        time       1.82
best      85419,        iteration:         13,        time       2.15
best      85538,        iteration:         15,        time       2.49
best      86097,        iteration:         19,        time       3.14
best      86124,        iteration:         74,        time      12.04
best      86974,        iteration:         75,        time      12.21
end try 0 


try          0,        best      86974,        found at iteration         75,        found at time      12.21
