Parameter-settings: 

--inputfile          instances/pr107-thop/pr107_05_bsc_10_01.thop
--outputfile         solutions/acothop/pr107-thop/pr107_05_bsc_10_01_06.thop.sol
--tries              1
--tours              0
--ptries             1
--time               53.00
--seed               73456
--optimum            1
--ants               196
--nnants             20
--alpha              1.24
--beta               5.46
--rho                0.51
--q0                 0.00
--elitistants        0
--rasranks           0
--localsearch        0
--nnls               20
--dlb                1
--as                 0
--eas                0
--ras                0
--mmas               1
--bwas               0
--acs                0


begin try 0 
best     320782,        iteration:          1,        time       0.10
best     325375,        iteration:          3,        time       0.30
best     327640,        iteration:          5,        time       0.49
best     332275,        iteration:          6,        time       0.59
best     332361,        iteration:        150,        time      15.56
best     332524,        iteration:        261,        time      27.13
best     334399,        iteration:        262,        time      27.24
best     334666,        iteration:        277,        time      28.80
best     335605,        iteration:        278,        time      28.90
best     336884,        iteration:        283,        time      29.43
best     338453,        iteration:        332,        time      34.56
end try 0 


try          0,        best     338453,        found at iteration        332,        found at time      34.56
