Parameter-settings: 

--inputfile          instances/pr107-thop/pr107_05_unc_05_02.thop
--outputfile         solutions/acothop/pr107-thop/pr107_05_unc_05_02_08.thop.sol
--tries              1
--tours              0
--ptries             1
--time               53.00
--seed               858990
--optimum            1
--ants               196
--nnants             20
--alpha              1.24
--beta               5.46
--rho                0.51
--q0                 0.00
--elitistants        0
--rasranks           0
--localsearch        0
--nnls               20
--dlb                1
--as                 0
--eas                0
--ras                0
--mmas               1
--bwas               0
--acs                0


begin try 0 
best     130051,        iteration:          1,        time       0.12
best     130454,        iteration:          3,        time       0.37
best     133080,        iteration:          4,        time       0.50
best     133464,        iteration:         49,        time       6.06
best     133676,        iteration:        196,        time      24.34
best     134574,        iteration:        213,        time      26.46
best     134731,        iteration:        242,        time      30.10
best     134852,        iteration:        243,        time      30.23
best     135004,        iteration:        244,        time      30.35
best     135307,        iteration:        245,        time      30.47
best     135336,        iteration:        260,        time      32.31
best     135939,        iteration:        320,        time      39.79
end try 0 


try          0,        best     135939,        found at iteration        320,        found at time      39.79
