Parameter-settings: 

--inputfile          instances/pr107-thop/pr107_05_usw_05_03.thop
--outputfile         solutions/acothop/pr107-thop/pr107_05_usw_05_03_07.thop.sol
--tries              1
--tours              0
--ptries             1
--time               53.00
--seed               462018
--optimum            1
--ants               196
--nnants             20
--alpha              1.24
--beta               5.46
--rho                0.51
--q0                 0.00
--elitistants        0
--rasranks           0
--localsearch        0
--nnls               20
--dlb                1
--as                 0
--eas                0
--ras                0
--mmas               1
--bwas               0
--acs                0


begin try 0 
best     147189,        iteration:          1,        time       0.12
best     148073,        iteration:          3,        time       0.37
best     149463,        iteration:          4,        time       0.49
best     149639,        iteration:          5,        time       0.61
best     149743,        iteration:          6,        time       0.73
best     151494,        iteration:          8,        time       0.96
best     152218,        iteration:          9,        time       1.07
best     152730,        iteration:         10,        time       1.19
best     152790,        iteration:         13,        time       1.52
best     154015,        iteration:         15,        time       1.74
best     154229,        iteration:         16,        time       1.85
best     154397,        iteration:         17,        time       1.97
best     154433,        iteration:         18,        time       2.08
best     154502,        iteration:         88,        time       9.99
best     154722,        iteration:        126,        time      14.29
best     154991,        iteration:        142,        time      16.09
best     155468,        iteration:        151,        time      17.07
best     155829,        iteration:        169,        time      19.06
best     155994,        iteration:        189,        time      21.28
end try 0 


try          0,        best     155994,        found at iteration        189,        found at time      21.28
