Parameter-settings: 

--inputfile          instances/pr107-thop/pr107_10_unc_05_03.thop
--outputfile         solutions/acothop/pr107-thop/pr107_10_unc_05_03_03.thop.sol
--tries              1
--tours              0
--ptries             1
--time               105.00
--seed               644764
--optimum            1
--ants               196
--nnants             20
--alpha              1.24
--beta               5.46
--rho                0.51
--q0                 0.00
--elitistants        0
--rasranks           0
--localsearch        0
--nnls               20
--dlb                1
--as                 0
--eas                0
--ras                0
--mmas               1
--bwas               0
--acs                0


begin try 0 
best     315774,        iteration:          1,        time       0.29
best     316102,        iteration:          2,        time       0.59
best     322103,        iteration:          3,        time       0.88
best     324497,        iteration:          5,        time       1.47
best     327671,        iteration:          6,        time       1.76
best     328740,        iteration:          7,        time       2.05
best     329393,        iteration:          8,        time       2.35
best     331020,        iteration:          9,        time       2.64
best     331286,        iteration:         11,        time       3.22
best     331597,        iteration:         15,        time       4.39
best     333667,        iteration:         16,        time       4.68
best     333924,        iteration:         17,        time       4.97
best     334101,        iteration:         27,        time       7.91
best     334132,        iteration:         31,        time       9.09
best     334182,        iteration:         38,        time      11.13
best     334612,        iteration:        352,        time     102.95
best     334970,        iteration:        355,        time     103.82
end try 0 


try          0,        best     334970,        found at iteration        355,        found at time     103.82
