Parameter-settings: 

--inputfile          instances/pr107-thop/pr107_03_unc_10_03.thop
--outputfile         solutions/acothop/pr107-thop/pr107_03_unc_10_03_07.thop.sol
--tries              1
--tours              0
--ptries             1
--time               32.00
--seed               462018
--optimum            1
--ants               196
--nnants             20
--alpha              1.24
--beta               5.46
--rho                0.51
--q0                 0.00
--elitistants        0
--rasranks           0
--localsearch        0
--nnls               20
--dlb                1
--as                 0
--eas                0
--ras                0
--mmas               1
--bwas               0
--acs                0


begin try 0 
best     121844,        iteration:          1,        time       0.09
best     123026,        iteration:          4,        time       0.34
best     125338,        iteration:          6,        time       0.51
best     126699,        iteration:          7,        time       0.59
best     127373,        iteration:          9,        time       0.76
best     127412,        iteration:         10,        time       0.85
best     127463,        iteration:         13,        time       1.09
best     127955,        iteration:         14,        time       1.18
best     128082,        iteration:         40,        time       3.38
best     128383,        iteration:        118,        time       9.96
best     128633,        iteration:        134,        time      11.30
best     128947,        iteration:        135,        time      11.39
best     129000,        iteration:        136,        time      11.47
best     129017,        iteration:        137,        time      11.56
best     129038,        iteration:        144,        time      12.16
best     129194,        iteration:        147,        time      12.41
best     129409,        iteration:        151,        time      12.74
best     129425,        iteration:        154,        time      12.99
best     129426,        iteration:        155,        time      13.08
best     129439,        iteration:        156,        time      13.16
best     129518,        iteration:        172,        time      14.51
best     129523,        iteration:        175,        time      14.76
best     129600,        iteration:        215,        time      18.12
best     130179,        iteration:        244,        time      20.56
best     130321,        iteration:        245,        time      20.65
best     130413,        iteration:        255,        time      21.47
best     130476,        iteration:        256,        time      21.55
best     130578,        iteration:        260,        time      21.89
best     130595,        iteration:        261,        time      21.98
best     130614,        iteration:        270,        time      22.74
best     130836,        iteration:        275,        time      23.16
best     130897,        iteration:        306,        time      25.77
best     130953,        iteration:        307,        time      25.86
best     130976,        iteration:        308,        time      25.94
best     130985,        iteration:        314,        time      26.44
best     131010,        iteration:        368,        time      31.01
end try 0 


try          0,        best     131010,        found at iteration        368,        found at time      31.01
