Parameter-settings: 

--inputfile          instances/pr107-thop/pr107_01_usw_10_02.thop
--outputfile         solutions/acothop/pr107-thop/pr107_01_usw_10_02_03.thop.sol
--tries              1
--tours              0
--ptries             1
--time               11.00
--seed               644764
--optimum            1
--ants               196
--nnants             20
--alpha              1.24
--beta               5.46
--rho                0.51
--q0                 0.00
--elitistants        0
--rasranks           0
--localsearch        0
--nnls               20
--dlb                1
--as                 0
--eas                0
--ras                0
--mmas               1
--bwas               0
--acs                0


begin try 0 
best      39414,        iteration:          1,        time       0.02
best      39536,        iteration:          2,        time       0.05
best      40258,        iteration:          3,        time       0.07
best      41484,        iteration:          5,        time       0.12
best      41741,        iteration:          6,        time       0.14
best      41943,        iteration:          7,        time       0.17
best      42111,        iteration:          8,        time       0.19
best      42200,        iteration:        124,        time       2.68
best      42468,        iteration:        130,        time       2.81
best      42570,        iteration:        150,        time       3.21
end try 0 


try          0,        best      42570,        found at iteration        150,        found at time       3.21
