Parameter-settings: 

--inputfile          instances/pr107-thop/pr107_03_bsc_05_02.thop
--outputfile         solutions/acothop/pr107-thop/pr107_03_bsc_05_02_06.thop.sol
--tries              1
--tours              0
--ptries             1
--time               32.00
--seed               73456
--optimum            1
--ants               196
--nnants             20
--alpha              1.24
--beta               5.46
--rho                0.51
--q0                 0.00
--elitistants        0
--rasranks           0
--localsearch        0
--nnls               20
--dlb                1
--as                 0
--eas                0
--ras                0
--mmas               1
--bwas               0
--acs                0


begin try 0 
best     163829,        iteration:          1,        time       0.07
best     165910,        iteration:          2,        time       0.13
best     166715,        iteration:          4,        time       0.26
best     167203,        iteration:          5,        time       0.33
best     167593,        iteration:          6,        time       0.40
best     167757,        iteration:          7,        time       0.47
best     167915,        iteration:         24,        time       1.61
best     168037,        iteration:         37,        time       2.49
best     168188,        iteration:        253,        time      16.85
end try 0 


try          0,        best     168188,        found at iteration        253,        found at time      16.85
