Parameter-settings: 

--inputfile          instances/pr107-thop/pr107_03_unc_01_01.thop
--outputfile         solutions/acothop/pr107-thop/pr107_03_unc_01_01_07.thop.sol
--tries              1
--tours              0
--ptries             1
--time               32.00
--seed               462018
--optimum            1
--ants               196
--nnants             20
--alpha              1.24
--beta               5.46
--rho                0.51
--q0                 0.00
--elitistants        0
--rasranks           0
--localsearch        0
--nnls               20
--dlb                1
--as                 0
--eas                0
--ras                0
--mmas               1
--bwas               0
--acs                0


begin try 0 
best      24911,        iteration:          1,        time       0.05
best      25841,        iteration:          2,        time       0.10
best      26091,        iteration:          3,        time       0.15
best      27305,        iteration:          4,        time       0.20
best      27391,        iteration:         12,        time       0.60
best      27611,        iteration:        162,        time       7.98
best      27740,        iteration:        392,        time      19.26
best      27756,        iteration:        402,        time      19.77
best      27893,        iteration:        451,        time      22.19
end try 0 


try          0,        best      27893,        found at iteration        451,        found at time      22.19
