Parameter-settings: 

--inputfile          instances/pr107-thop/pr107_03_usw_01_01.thop
--outputfile         solutions/acothop/pr107-thop/pr107_03_usw_01_01_05.thop.sol
--tries              1
--tours              0
--ptries             1
--time               32.00
--seed               642580
--optimum            1
--ants               196
--nnants             20
--alpha              1.24
--beta               5.46
--rho                0.51
--q0                 0.00
--elitistants        0
--rasranks           0
--localsearch        0
--nnls               20
--dlb                1
--as                 0
--eas                0
--ras                0
--mmas               1
--bwas               0
--acs                0


begin try 0 
best      18305,        iteration:          1,        time       0.04
best      18815,        iteration:          4,        time       0.17
best      18853,        iteration:          5,        time       0.21
best      18858,        iteration:          9,        time       0.39
best      19192,        iteration:         11,        time       0.49
best      19326,        iteration:        483,        time      22.61
best      19639,        iteration:        683,        time      31.63
end try 0 


try          0,        best      19639,        found at iteration        683,        found at time      31.63
