Parameter-settings: 

--inputfile          instances/pr107-thop/pr107_01_usw_10_01.thop
--outputfile         solutions/acothop/pr107-thop/pr107_01_usw_10_01_09.thop.sol
--tries              1
--tours              0
--ptries             1
--time               11.00
--seed               756112
--optimum            1
--ants               196
--nnants             20
--alpha              1.24
--beta               5.46
--rho                0.51
--q0                 0.00
--elitistants        0
--rasranks           0
--localsearch        0
--nnls               20
--dlb                1
--as                 0
--eas                0
--ras                0
--mmas               1
--bwas               0
--acs                0


begin try 0 
best      28969,        iteration:          1,        time       0.02
best      30613,        iteration:          2,        time       0.04
best      31374,        iteration:          3,        time       0.07
best      31436,        iteration:          5,        time       0.11
best      31497,        iteration:          6,        time       0.13
best      31609,        iteration:          7,        time       0.15
best      32049,        iteration:          8,        time       0.18
best      32126,        iteration:         60,        time       1.31
best      32299,        iteration:        199,        time       4.38
end try 0 


try          0,        best      32299,        found at iteration        199,        found at time       4.38
