Parameter-settings: 

--inputfile          instances/pr107-thop/pr107_03_bsc_05_03.thop
--outputfile         solutions/acothop/pr107-thop/pr107_03_bsc_05_03_01.thop.sol
--tries              1
--tours              0
--ptries             1
--time               32.00
--seed               99470
--optimum            1
--ants               196
--nnants             20
--alpha              1.24
--beta               5.46
--rho                0.51
--q0                 0.00
--elitistants        0
--rasranks           0
--localsearch        0
--nnls               20
--dlb                1
--as                 0
--eas                0
--ras                0
--mmas               1
--bwas               0
--acs                0


begin try 0 
best     173594,        iteration:          1,        time       0.07
best     173967,        iteration:          3,        time       0.21
best     174023,        iteration:          4,        time       0.28
best     174401,        iteration:          7,        time       0.48
best     174750,        iteration:         28,        time       1.83
end try 0 


try          0,        best     174750,        found at iteration         28,        found at time       1.83
