Parameter-settings: 

--inputfile          instances/pr107-thop/pr107_01_unc_01_03.thop
--outputfile         solutions/acothop/pr107-thop/pr107_01_unc_01_03_08.thop.sol
--tries              1
--tours              0
--ptries             1
--time               11.00
--seed               858990
--optimum            1
--ants               196
--nnants             20
--alpha              1.24
--beta               5.46
--rho                0.51
--q0                 0.00
--elitistants        0
--rasranks           0
--localsearch        0
--nnls               20
--dlb                1
--as                 0
--eas                0
--ras                0
--mmas               1
--bwas               0
--acs                0


begin try 0 
best      13352,        iteration:          1,        time       0.02
best      13664,        iteration:          2,        time       0.04
best      13719,        iteration:          3,        time       0.06
best      14097,        iteration:          8,        time       0.14
best      14113,        iteration:         10,        time       0.18
best      14156,        iteration:         28,        time       0.48
best      14170,        iteration:         76,        time       1.30
best      14373,        iteration:        607,        time      10.47
end try 0 


try          0,        best      14373,        found at iteration        607,        found at time      10.47
