Parameter-settings: 

--inputfile          instances/pr107-thop/pr107_01_usw_05_01.thop
--outputfile         solutions/acothop/pr107-thop/pr107_01_usw_05_01_01.thop.sol
--tries              1
--tours              0
--ptries             1
--time               11.00
--seed               99470
--optimum            1
--ants               196
--nnants             20
--alpha              1.24
--beta               5.46
--rho                0.51
--q0                 0.00
--elitistants        0
--rasranks           0
--localsearch        0
--nnls               20
--dlb                1
--as                 0
--eas                0
--ras                0
--mmas               1
--bwas               0
--acs                0


begin try 0 
best      23611,        iteration:          1,        time       0.02
best      24293,        iteration:          2,        time       0.04
best      24535,        iteration:          5,        time       0.11
best      24799,        iteration:          6,        time       0.13
best      25004,        iteration:         29,        time       0.59
best      25022,        iteration:         30,        time       0.61
best      25155,        iteration:         32,        time       0.65
best      25186,        iteration:         53,        time       1.07
best      25360,        iteration:        103,        time       2.05
best      25695,        iteration:        138,        time       2.74
end try 0 


try          0,        best      25695,        found at iteration        138,        found at time       2.74
