Parameter-settings: 

--inputfile          instances/pr107-thop/pr107_01_usw_05_02.thop
--outputfile         solutions/acothop/pr107-thop/pr107_01_usw_05_02_08.thop.sol
--tries              1
--tours              0
--ptries             1
--time               11.00
--seed               858990
--optimum            1
--ants               196
--nnants             20
--alpha              1.24
--beta               5.46
--rho                0.51
--q0                 0.00
--elitistants        0
--rasranks           0
--localsearch        0
--nnls               20
--dlb                1
--as                 0
--eas                0
--ras                0
--mmas               1
--bwas               0
--acs                0


begin try 0 
best      29345,        iteration:          1,        time       0.02
best      30116,        iteration:          4,        time       0.09
best      30178,        iteration:          5,        time       0.11
best      30548,        iteration:        108,        time       2.42
best      30551,        iteration:        433,        time       9.61
end try 0 


try          0,        best      30551,        found at iteration        433,        found at time       9.61
