Parameter-settings: 

--inputfile          instances/pr107-thop/pr107_03_bsc_10_01.thop
--outputfile         solutions/acothop/pr107-thop/pr107_03_bsc_10_01_07.thop.sol
--tries              1
--tours              0
--ptries             1
--time               32.00
--seed               462018
--optimum            1
--ants               196
--nnants             20
--alpha              1.24
--beta               5.46
--rho                0.51
--q0                 0.00
--elitistants        0
--rasranks           0
--localsearch        0
--nnls               20
--dlb                1
--as                 0
--eas                0
--ras                0
--mmas               1
--bwas               0
--acs                0


begin try 0 
best     190435,        iteration:          1,        time       0.06
best     197580,        iteration:          2,        time       0.12
best     201464,        iteration:          5,        time       0.30
best     202338,        iteration:        198,        time      12.26
best     203586,        iteration:        206,        time      12.77
best     204168,        iteration:        213,        time      13.20
best     204299,        iteration:        291,        time      18.07
end try 0 


try          0,        best     204299,        found at iteration        291,        found at time      18.07
