Parameter-settings: 

--inputfile          instances/pr107-thop/pr107_03_unc_01_01.thop
--outputfile         solutions/acothop/pr107-thop/pr107_03_unc_01_01_02.thop.sol
--tries              1
--tours              0
--ptries             1
--time               32.00
--seed               126489
--optimum            1
--ants               196
--nnants             20
--alpha              1.24
--beta               5.46
--rho                0.51
--q0                 0.00
--elitistants        0
--rasranks           0
--localsearch        0
--nnls               20
--dlb                1
--as                 0
--eas                0
--ras                0
--mmas               1
--bwas               0
--acs                0


begin try 0 
best      26868,        iteration:          1,        time       0.05
best      27041,        iteration:          4,        time       0.20
best      27124,        iteration:          6,        time       0.30
best      27427,        iteration:          8,        time       0.40
best      27566,        iteration:         36,        time       1.81
best      28003,        iteration:         39,        time       1.94
best      28094,        iteration:        251,        time      12.25
end try 0 


try          0,        best      28094,        found at iteration        251,        found at time      12.25
