Parameter-settings: 

--inputfile          instances/pr107-thop/pr107_10_bsc_05_03.thop
--outputfile         solutions/acothop/pr107-thop/pr107_10_bsc_05_03_06.thop.sol
--tries              1
--tours              0
--ptries             1
--time               105.00
--seed               73456
--optimum            1
--ants               196
--nnants             20
--alpha              1.24
--beta               5.46
--rho                0.51
--q0                 0.00
--elitistants        0
--rasranks           0
--localsearch        0
--nnls               20
--dlb                1
--as                 0
--eas                0
--ras                0
--mmas               1
--bwas               0
--acs                0


begin try 0 
best     558282,        iteration:          1,        time       0.26
best     558629,        iteration:          3,        time       0.78
best     558767,        iteration:          9,        time       2.31
best     558981,        iteration:         22,        time       5.56
best     558985,        iteration:        190,        time      47.56
best     559043,        iteration:        253,        time      63.30
best     559168,        iteration:        254,        time      63.54
best     559488,        iteration:        255,        time      63.80
best     559543,        iteration:        322,        time      80.32
best     560329,        iteration:        406,        time     101.02
best     560380,        iteration:        414,        time     103.03
end try 0 


try          0,        best     560380,        found at iteration        414,        found at time     103.03
