Parameter-settings: 

--inputfile          instances/pr107-thop/pr107_01_unc_01_02.thop
--outputfile         solutions/acothop/pr107-thop/pr107_01_unc_01_02_00.thop.sol
--tries              1
--tours              0
--ptries             1
--time               11.00
--seed               269070
--optimum            1
--ants               196
--nnants             20
--alpha              1.24
--beta               5.46
--rho                0.51
--q0                 0.00
--elitistants        0
--rasranks           0
--localsearch        0
--nnls               20
--dlb                1
--as                 0
--eas                0
--ras                0
--mmas               1
--bwas               0
--acs                0


begin try 0 
best      11003,        iteration:          1,        time       0.02
best      11388,        iteration:          5,        time       0.09
best      11430,        iteration:        257,        time       4.20
best      11603,        iteration:        281,        time       4.59
best      12048,        iteration:        283,        time       4.63
end try 0 


try          0,        best      12048,        found at iteration        283,        found at time       4.63
