Parameter-settings: 

--inputfile          instances/pr107-thop/pr107_03_bsc_10_02.thop
--outputfile         solutions/acothop/pr107-thop/pr107_03_bsc_10_02_05.thop.sol
--tries              1
--tours              0
--ptries             1
--time               32.00
--seed               642580
--optimum            1
--ants               196
--nnants             20
--alpha              1.24
--beta               5.46
--rho                0.51
--q0                 0.00
--elitistants        0
--rasranks           0
--localsearch        0
--nnls               20
--dlb                1
--as                 0
--eas                0
--ras                0
--mmas               1
--bwas               0
--acs                0


begin try 0 
best     226028,        iteration:          1,        time       0.07
best     229904,        iteration:          2,        time       0.14
best     231471,        iteration:          3,        time       0.22
best     235523,        iteration:          4,        time       0.29
best     239073,        iteration:          5,        time       0.36
best     240010,        iteration:          6,        time       0.43
best     240376,        iteration:          7,        time       0.51
best     241954,        iteration:          8,        time       0.58
best     242989,        iteration:         10,        time       0.72
best     243620,        iteration:         43,        time       3.14
best     244177,        iteration:         60,        time       4.38
best     246972,        iteration:        324,        time      23.65
end try 0 


try          0,        best     246972,        found at iteration        324,        found at time      23.65
