Parameter-settings: 

--inputfile          instances/pr107-thop/pr107_03_usw_01_02.thop
--outputfile         solutions/acothop/pr107-thop/pr107_03_usw_01_02_05.thop.sol
--tries              1
--tours              0
--ptries             1
--time               32.00
--seed               642580
--optimum            1
--ants               196
--nnants             20
--alpha              1.24
--beta               5.46
--rho                0.51
--q0                 0.00
--elitistants        0
--rasranks           0
--localsearch        0
--nnls               20
--dlb                1
--as                 0
--eas                0
--ras                0
--mmas               1
--bwas               0
--acs                0


begin try 0 
best      23582,        iteration:          1,        time       0.04
best      23644,        iteration:          3,        time       0.13
best      23971,        iteration:          4,        time       0.16
best      24145,        iteration:          5,        time       0.20
best      24182,        iteration:        141,        time       4.83
best      24356,        iteration:        183,        time       6.26
end try 0 


try          0,        best      24356,        found at iteration        183,        found at time       6.26
