Parameter-settings: 

--inputfile          instances/pr107-thop/pr107_03_bsc_01_02.thop
--outputfile         solutions/acothop/pr107-thop/pr107_03_bsc_01_02_04.thop.sol
--tries              1
--tours              0
--ptries             1
--time               32.00
--seed               547617
--optimum            1
--ants               196
--nnants             20
--alpha              1.24
--beta               5.46
--rho                0.51
--q0                 0.00
--elitistants        0
--rasranks           0
--localsearch        0
--nnls               20
--dlb                1
--as                 0
--eas                0
--ras                0
--mmas               1
--bwas               0
--acs                0


begin try 0 
best      39511,        iteration:          1,        time       0.05
best      39734,        iteration:          2,        time       0.10
best      39816,        iteration:          4,        time       0.19
best      39889,        iteration:          6,        time       0.28
best      40062,        iteration:         10,        time       0.44
best      40145,        iteration:         27,        time       1.12
best      40341,        iteration:         58,        time       2.33
best      40443,        iteration:         78,        time       3.12
best      40454,        iteration:        114,        time       4.56
best      40515,        iteration:        376,        time      14.83
best      40576,        iteration:        377,        time      14.87
best      40854,        iteration:        380,        time      14.99
end try 0 


try          0,        best      40854,        found at iteration        380,        found at time      14.99
