Parameter-settings: 

--inputfile          instances/pr107-thop/pr107_03_unc_01_01.thop
--outputfile         solutions/acothop/pr107-thop/pr107_03_unc_01_01_01.thop.sol
--tries              1
--tours              0
--ptries             1
--time               32.00
--seed               99470
--optimum            1
--ants               196
--nnants             20
--alpha              1.24
--beta               5.46
--rho                0.51
--q0                 0.00
--elitistants        0
--rasranks           0
--localsearch        0
--nnls               20
--dlb                1
--as                 0
--eas                0
--ras                0
--mmas               1
--bwas               0
--acs                0


begin try 0 
best      25563,        iteration:          1,        time       0.05
best      27287,        iteration:          3,        time       0.15
best      28507,        iteration:          6,        time       0.29
best      28647,        iteration:        151,        time       7.22
best      28782,        iteration:        161,        time       7.69
best      29233,        iteration:        190,        time       9.08
end try 0 


try          0,        best      29233,        found at iteration        190,        found at time       9.08
