Parameter-settings: 

--inputfile          instances/pr107-thop/pr107_03_bsc_10_02.thop
--outputfile         solutions/acothop/pr107-thop/pr107_03_bsc_10_02_04.thop.sol
--tries              1
--tours              0
--ptries             1
--time               32.00
--seed               547617
--optimum            1
--ants               196
--nnants             20
--alpha              1.24
--beta               5.46
--rho                0.51
--q0                 0.00
--elitistants        0
--rasranks           0
--localsearch        0
--nnls               20
--dlb                1
--as                 0
--eas                0
--ras                0
--mmas               1
--bwas               0
--acs                0


begin try 0 
best     225048,        iteration:          1,        time       0.07
best     225356,        iteration:          2,        time       0.14
best     226950,        iteration:          4,        time       0.28
best     228867,        iteration:          6,        time       0.43
best     229798,        iteration:          7,        time       0.50
best     230754,        iteration:          8,        time       0.57
best     232721,        iteration:          9,        time       0.64
best     233761,        iteration:         34,        time       2.42
best     239159,        iteration:         44,        time       3.13
best     239737,        iteration:         79,        time       5.62
best     240021,        iteration:        148,        time      10.66
best     242086,        iteration:        149,        time      10.73
best     248032,        iteration:        152,        time      10.94
end try 0 


try          0,        best     248032,        found at iteration        152,        found at time      10.94
