Parameter-settings: 

--inputfile          instances/pr107-thop/pr107_03_usw_05_02.thop
--outputfile         solutions/acothop/pr107-thop/pr107_03_usw_05_02_03.thop.sol
--tries              1
--tours              0
--ptries             1
--time               32.00
--seed               644764
--optimum            1
--ants               196
--nnants             20
--alpha              1.24
--beta               5.46
--rho                0.51
--q0                 0.00
--elitistants        0
--rasranks           0
--localsearch        0
--nnls               20
--dlb                1
--as                 0
--eas                0
--ras                0
--mmas               1
--bwas               0
--acs                0


begin try 0 
best      80510,        iteration:          1,        time       0.06
best      81166,        iteration:          4,        time       0.25
best      83398,        iteration:          5,        time       0.32
best      83959,        iteration:          6,        time       0.38
best      84683,        iteration:          7,        time       0.45
best      84918,        iteration:          8,        time       0.52
best      85070,        iteration:         29,        time       1.95
best      85151,        iteration:        155,        time      10.63
best      85367,        iteration:        370,        time      25.24
best      85511,        iteration:        406,        time      27.67
end try 0 


try          0,        best      85511,        found at iteration        406,        found at time      27.67
