Parameter-settings: 

--inputfile          instances/pr107-thop/pr107_10_unc_01_01.thop
--outputfile         solutions/acothop/pr107-thop/pr107_10_unc_01_01_00.thop.sol
--tries              1
--tours              0
--ptries             1
--time               105.00
--seed               269070
--optimum            1
--ants               196
--nnants             20
--alpha              1.24
--beta               5.46
--rho                0.51
--q0                 0.00
--elitistants        0
--rasranks           0
--localsearch        0
--nnls               20
--dlb                1
--as                 0
--eas                0
--ras                0
--mmas               1
--bwas               0
--acs                0


begin try 0 
best      79565,        iteration:          1,        time       0.17
best      82487,        iteration:          2,        time       0.33
best      83599,        iteration:          3,        time       0.50
best      84091,        iteration:          5,        time       0.84
best      85584,        iteration:          6,        time       1.00
best      85781,        iteration:         13,        time       2.16
best      85790,        iteration:         91,        time      15.05
best      86156,        iteration:         93,        time      15.38
best      86234,        iteration:        108,        time      17.83
best      86261,        iteration:        242,        time      39.79
best      87951,        iteration:        352,        time      57.70
end try 0 


try          0,        best      87951,        found at iteration        352,        found at time      57.70
