Parameter-settings: 

--inputfile          instances/pr107-thop/pr107_03_unc_10_02.thop
--outputfile         solutions/acothop/pr107-thop/pr107_03_unc_10_02_02.thop.sol
--tries              1
--tours              0
--ptries             1
--time               32.00
--seed               126489
--optimum            1
--ants               196
--nnants             20
--alpha              1.24
--beta               5.46
--rho                0.51
--q0                 0.00
--elitistants        0
--rasranks           0
--localsearch        0
--nnls               20
--dlb                1
--as                 0
--eas                0
--ras                0
--mmas               1
--bwas               0
--acs                0


begin try 0 
best      96618,        iteration:          1,        time       0.07
best      96878,        iteration:          8,        time       0.60
best      97558,        iteration:          9,        time       0.67
best      97850,        iteration:         18,        time       1.37
best      97858,        iteration:         20,        time       1.52
best      98853,        iteration:         59,        time       4.51
best      98874,        iteration:         61,        time       4.66
best      99045,        iteration:         62,        time       4.74
best      99117,        iteration:         63,        time       4.82
best      99322,        iteration:         70,        time       5.36
best      99369,        iteration:         72,        time       5.52
best      99457,        iteration:        134,        time      10.29
best      99464,        iteration:        136,        time      10.44
best     100187,        iteration:        183,        time      14.06
best     100338,        iteration:        185,        time      14.21
best     100878,        iteration:        187,        time      14.37
best     100952,        iteration:        188,        time      14.44
best     101112,        iteration:        189,        time      14.52
best     101278,        iteration:        192,        time      14.75
best     101810,        iteration:        201,        time      15.46
best     101949,        iteration:        340,        time      26.13
best     101994,        iteration:        400,        time      30.75
end try 0 


try          0,        best     101994,        found at iteration        400,        found at time      30.75
