Parameter-settings: 

--inputfile          instances/pr107-thop/pr107_10_bsc_01_02.thop
--outputfile         solutions/acothop/pr107-thop/pr107_10_bsc_01_02_07.thop.sol
--tries              1
--tours              0
--ptries             1
--time               105.00
--seed               462018
--optimum            1
--ants               196
--nnants             20
--alpha              1.24
--beta               5.46
--rho                0.51
--q0                 0.00
--elitistants        0
--rasranks           0
--localsearch        0
--nnls               20
--dlb                1
--as                 0
--eas                0
--ras                0
--mmas               1
--bwas               0
--acs                0


begin try 0 
best     120053,        iteration:          1,        time       0.17
best     122230,        iteration:          2,        time       0.35
best     122550,        iteration:          3,        time       0.50
best     122643,        iteration:          4,        time       0.66
best     123068,        iteration:          5,        time       0.82
best     123527,        iteration:          8,        time       1.27
best     123749,        iteration:         10,        time       1.56
best     123838,        iteration:         12,        time       1.86
best     125723,        iteration:         16,        time       2.45
best     125733,        iteration:         52,        time       7.73
best     126035,        iteration:        219,        time      32.56
best     126097,        iteration:        439,        time      65.45
end try 0 


try          0,        best     126097,        found at iteration        439,        found at time      65.45
