Parameter-settings: 

--inputfile          instances/pr107-thop/pr107_10_usw_05_02.thop
--outputfile         solutions/acothop/pr107-thop/pr107_10_usw_05_02_05.thop.sol
--tries              1
--tours              0
--ptries             1
--time               105.00
--seed               642580
--optimum            1
--ants               196
--nnants             20
--alpha              1.24
--beta               5.46
--rho                0.51
--q0                 0.00
--elitistants        0
--rasranks           0
--localsearch        0
--nnls               20
--dlb                1
--as                 0
--eas                0
--ras                0
--mmas               1
--bwas               0
--acs                0


begin try 0 
best     254690,        iteration:          1,        time       0.23
best     263076,        iteration:          2,        time       0.47
best     272397,        iteration:          3,        time       0.70
best     273222,        iteration:          6,        time       1.40
best     274063,        iteration:          7,        time       1.63
best     275987,        iteration:         67,        time      15.63
best     276276,        iteration:         68,        time      15.86
best     276461,        iteration:         71,        time      16.54
best     276490,        iteration:         72,        time      16.76
best     276560,        iteration:         90,        time      20.81
best     276904,        iteration:         91,        time      21.04
best     279589,        iteration:        253,        time      57.52
best     280819,        iteration:        254,        time      57.75
best     280911,        iteration:        256,        time      58.21
best     280918,        iteration:        260,        time      59.12
best     281189,        iteration:        262,        time      59.57
best     281550,        iteration:        264,        time      60.03
best     281647,        iteration:        265,        time      60.26
best     281941,        iteration:        266,        time      60.48
best     281962,        iteration:        275,        time      62.49
best     282140,        iteration:        296,        time      67.19
best     282588,        iteration:        299,        time      67.87
end try 0 


try          0,        best     282588,        found at iteration        299,        found at time      67.87
