Parameter-settings: 

--inputfile          instances/pr107-thop/pr107_10_bsc_05_02.thop
--outputfile         solutions/acothop/pr107-thop/pr107_10_bsc_05_02_02.thop.sol
--tries              1
--tours              0
--ptries             1
--time               105.00
--seed               126489
--optimum            1
--ants               196
--nnants             20
--alpha              1.24
--beta               5.46
--rho                0.51
--q0                 0.00
--elitistants        0
--rasranks           0
--localsearch        0
--nnls               20
--dlb                1
--as                 0
--eas                0
--ras                0
--mmas               1
--bwas               0
--acs                0


begin try 0 
best     517126,        iteration:          1,        time       0.24
best     522620,        iteration:          3,        time       0.72
best     530616,        iteration:          4,        time       0.97
best     532408,        iteration:          5,        time       1.21
best     535140,        iteration:          6,        time       1.46
best     535623,        iteration:          7,        time       1.71
best     535692,        iteration:         29,        time       7.19
best     535838,        iteration:         47,        time      11.65
best     536100,        iteration:        102,        time      25.39
best     536498,        iteration:        103,        time      25.63
best     539404,        iteration:        105,        time      26.13
best     539588,        iteration:        123,        time      30.65
end try 0 


try          0,        best     539588,        found at iteration        123,        found at time      30.65
