Parameter-settings: 

--inputfile          instances/pr107-thop/pr107_03_unc_10_01.thop
--outputfile         solutions/acothop/pr107-thop/pr107_03_unc_10_01_04.thop.sol
--tries              1
--tours              0
--ptries             1
--time               32.00
--seed               547617
--optimum            1
--ants               196
--nnants             20
--alpha              1.24
--beta               5.46
--rho                0.51
--q0                 0.00
--elitistants        0
--rasranks           0
--localsearch        0
--nnls               20
--dlb                1
--as                 0
--eas                0
--ras                0
--mmas               1
--bwas               0
--acs                0


begin try 0 
best      71979,        iteration:          1,        time       0.06
best      74067,        iteration:          2,        time       0.12
best      75297,        iteration:          3,        time       0.18
best      75806,        iteration:          4,        time       0.24
best      76033,        iteration:          5,        time       0.30
best      76321,        iteration:         84,        time       5.11
best      76347,        iteration:         88,        time       5.36
best      76406,        iteration:        165,        time      10.09
best      76429,        iteration:        166,        time      10.16
best      76457,        iteration:        169,        time      10.34
best      76460,        iteration:        192,        time      11.77
best      76623,        iteration:        286,        time      17.48
best      76843,        iteration:        414,        time      25.32
end try 0 


try          0,        best      76843,        found at iteration        414,        found at time      25.32
