Parameter-settings: 

--inputfile          instances/pr107-thop/pr107_01_usw_05_02.thop
--outputfile         solutions/acothop/pr107-thop/pr107_01_usw_05_02_00.thop.sol
--tries              1
--tours              0
--ptries             1
--time               11.00
--seed               269070
--optimum            1
--ants               196
--nnants             20
--alpha              1.24
--beta               5.46
--rho                0.51
--q0                 0.00
--elitistants        0
--rasranks           0
--localsearch        0
--nnls               20
--dlb                1
--as                 0
--eas                0
--ras                0
--mmas               1
--bwas               0
--acs                0


begin try 0 
best      28265,        iteration:          1,        time       0.02
best      29110,        iteration:          2,        time       0.05
best      29790,        iteration:          3,        time       0.07
best      29856,        iteration:          5,        time       0.11
best      30207,        iteration:         13,        time       0.28
best      30231,        iteration:        320,        time       6.64
best      30294,        iteration:        346,        time       7.21
best      30445,        iteration:        359,        time       7.48
best      30461,        iteration:        415,        time       8.69
best      30514,        iteration:        427,        time       8.95
best      30650,        iteration:        431,        time       9.04
best      30815,        iteration:        476,        time      10.02
end try 0 


try          0,        best      30815,        found at iteration        476,        found at time      10.02
