Parameter-settings: 

--inputfile          instances/pr107-thop/pr107_10_bsc_01_03.thop
--outputfile         solutions/acothop/pr107-thop/pr107_10_bsc_01_03_06.thop.sol
--tries              1
--tours              0
--ptries             1
--time               105.00
--seed               73456
--optimum            1
--ants               196
--nnants             20
--alpha              1.24
--beta               5.46
--rho                0.51
--q0                 0.00
--elitistants        0
--rasranks           0
--localsearch        0
--nnls               20
--dlb                1
--as                 0
--eas                0
--ras                0
--mmas               1
--bwas               0
--acs                0


begin try 0 
best     134016,        iteration:          1,        time       0.19
best     134184,        iteration:          2,        time       0.38
best     136012,        iteration:          5,        time       0.86
best     138703,        iteration:          6,        time       1.01
best     138948,        iteration:        236,        time      31.82
best     139057,        iteration:        238,        time      32.09
best     139287,        iteration:        548,        time      74.15
best     139356,        iteration:        562,        time      76.03
best     139491,        iteration:        563,        time      76.16
best     141035,        iteration:        580,        time      78.42
end try 0 


try          0,        best     141035,        found at iteration        580,        found at time      78.42
