Parameter-settings: 

--inputfile          instances/pr107-thop/pr107_01_unc_10_03.thop
--outputfile         solutions/acothop/pr107-thop/pr107_01_unc_10_03_07.thop.sol
--tries              1
--tours              0
--ptries             1
--time               11.00
--seed               462018
--optimum            1
--ants               196
--nnants             20
--alpha              1.24
--beta               5.46
--rho                0.51
--q0                 0.00
--elitistants        0
--rasranks           0
--localsearch        0
--nnls               20
--dlb                1
--as                 0
--eas                0
--ras                0
--mmas               1
--bwas               0
--acs                0


begin try 0 
best      42284,        iteration:          1,        time       0.03
best      42303,        iteration:          2,        time       0.05
best      42471,        iteration:          7,        time       0.18
best      42847,        iteration:          8,        time       0.21
best      42946,        iteration:          9,        time       0.23
best      43068,        iteration:         10,        time       0.26
best      43225,        iteration:         11,        time       0.28
best      43317,        iteration:         24,        time       0.60
best      43340,        iteration:         27,        time       0.67
best      43605,        iteration:         39,        time       0.97
best      43891,        iteration:         51,        time       1.27
end try 0 


try          0,        best      43891,        found at iteration         51,        found at time       1.27
