Parameter-settings: 

--inputfile          instances/pr107-thop/pr107_03_bsc_01_03.thop
--outputfile         solutions/acothop/pr107-thop/pr107_03_bsc_01_03_03.thop.sol
--tries              1
--tours              0
--ptries             1
--time               32.00
--seed               644764
--optimum            1
--ants               196
--nnants             20
--alpha              1.24
--beta               5.46
--rho                0.51
--q0                 0.00
--elitistants        0
--rasranks           0
--localsearch        0
--nnls               20
--dlb                1
--as                 0
--eas                0
--ras                0
--mmas               1
--bwas               0
--acs                0


begin try 0 
best      42071,        iteration:          1,        time       0.05
best      42243,        iteration:          2,        time       0.10
best      42702,        iteration:          3,        time       0.14
best      43427,        iteration:          4,        time       0.19
best      43822,        iteration:          9,        time       0.38
best      43932,        iteration:         32,        time       1.21
best      43941,        iteration:         57,        time       2.13
best      43986,        iteration:         73,        time       2.68
best      44039,        iteration:        138,        time       5.00
best      44045,        iteration:        173,        time       6.25
best      44152,        iteration:        175,        time       6.32
best      44220,        iteration:        176,        time       6.36
best      44309,        iteration:        786,        time      28.62
end try 0 


try          0,        best      44309,        found at iteration        786,        found at time      28.62
