Parameter-settings: 

--inputfile          instances/pr107-thop/pr107_05_unc_05_02.thop
--outputfile         solutions/acothop/pr107-thop/pr107_05_unc_05_02_09.thop.sol
--tries              1
--tours              0
--ptries             1
--time               53.00
--seed               756112
--optimum            1
--ants               196
--nnants             20
--alpha              1.24
--beta               5.46
--rho                0.51
--q0                 0.00
--elitistants        0
--rasranks           0
--localsearch        0
--nnls               20
--dlb                1
--as                 0
--eas                0
--ras                0
--mmas               1
--bwas               0
--acs                0


begin try 0 
best     130327,        iteration:          1,        time       0.12
best     131365,        iteration:          3,        time       0.37
best     131959,        iteration:          9,        time       1.11
best     133168,        iteration:         11,        time       1.36
best     133430,        iteration:         28,        time       3.42
best     133539,        iteration:        141,        time      17.36
best     136482,        iteration:        142,        time      17.48
end try 0 


try          0,        best     136482,        found at iteration        142,        found at time      17.48
