Parameter-settings: 

--inputfile          instances/pr107-thop/pr107_01_unc_05_03.thop
--outputfile         solutions/acothop/pr107-thop/pr107_01_unc_05_03_09.thop.sol
--tries              1
--tours              0
--ptries             1
--time               11.00
--seed               756112
--optimum            1
--ants               196
--nnants             20
--alpha              1.24
--beta               5.46
--rho                0.51
--q0                 0.00
--elitistants        0
--rasranks           0
--localsearch        0
--nnls               20
--dlb                1
--as                 0
--eas                0
--ras                0
--mmas               1
--bwas               0
--acs                0


begin try 0 
best      32179,        iteration:          1,        time       0.02
best      32560,        iteration:          2,        time       0.05
best      32677,        iteration:          4,        time       0.10
best      32811,        iteration:          5,        time       0.12
best      32837,        iteration:          6,        time       0.15
best      33134,        iteration:          7,        time       0.17
best      33196,        iteration:          8,        time       0.19
best      33446,        iteration:          9,        time       0.21
best      33485,        iteration:         10,        time       0.24
best      33777,        iteration:         11,        time       0.26
best      33876,        iteration:         16,        time       0.38
best      33978,        iteration:         28,        time       0.65
best      34027,        iteration:        276,        time       6.26
best      34061,        iteration:        423,        time       9.57
end try 0 


try          0,        best      34061,        found at iteration        423,        found at time       9.57
