Parameter-settings: 

--inputfile          instances/pr107-thop/pr107_10_unc_10_01.thop
--outputfile         solutions/acothop/pr107-thop/pr107_10_unc_10_01_04.thop.sol
--tries              1
--tours              0
--ptries             1
--time               105.00
--seed               547617
--optimum            1
--ants               196
--nnants             20
--alpha              1.24
--beta               5.46
--rho                0.51
--q0                 0.00
--elitistants        0
--rasranks           0
--localsearch        0
--nnls               20
--dlb                1
--as                 0
--eas                0
--ras                0
--mmas               1
--bwas               0
--acs                0


begin try 0 
best     238048,        iteration:          1,        time       0.18
best     239586,        iteration:          3,        time       0.54
best     244084,        iteration:          4,        time       0.72
best     245623,        iteration:          7,        time       1.25
best     251604,        iteration:          9,        time       1.61
best     251941,        iteration:         11,        time       1.99
best     252450,        iteration:         12,        time       2.18
best     253165,        iteration:         17,        time       3.15
best     254448,        iteration:         44,        time       8.40
best     255266,        iteration:         45,        time       8.59
best     256193,        iteration:         47,        time       8.98
best     256392,        iteration:         48,        time       9.16
best     258697,        iteration:         56,        time      10.64
best     258916,        iteration:         72,        time      13.70
end try 0 


try          0,        best     258916,        found at iteration         72,        found at time      13.70
