Parameter-settings: 

--inputfile          instances/pr107-thop/pr107_03_bsc_01_02.thop
--outputfile         solutions/acothop/pr107-thop/pr107_03_bsc_01_02_05.thop.sol
--tries              1
--tours              0
--ptries             1
--time               32.00
--seed               642580
--optimum            1
--ants               196
--nnants             20
--alpha              1.24
--beta               5.46
--rho                0.51
--q0                 0.00
--elitistants        0
--rasranks           0
--localsearch        0
--nnls               20
--dlb                1
--as                 0
--eas                0
--ras                0
--mmas               1
--bwas               0
--acs                0


begin try 0 
best      39635,        iteration:          1,        time       0.05
best      39651,        iteration:          2,        time       0.10
best      40063,        iteration:          3,        time       0.14
best      40354,        iteration:          6,        time       0.27
best      40515,        iteration:         62,        time       2.45
best      40576,        iteration:        613,        time      24.18
end try 0 


try          0,        best      40576,        found at iteration        613,        found at time      24.18
