Parameter-settings: 

--inputfile          instances/pr107-thop/pr107_05_usw_05_01.thop
--outputfile         solutions/acothop/pr107-thop/pr107_05_usw_05_01_08.thop.sol
--tries              1
--tours              0
--ptries             1
--time               53.00
--seed               858990
--optimum            1
--ants               196
--nnants             20
--alpha              1.24
--beta               5.46
--rho                0.51
--q0                 0.00
--elitistants        0
--rasranks           0
--localsearch        0
--nnls               20
--dlb                1
--as                 0
--eas                0
--ras                0
--mmas               1
--bwas               0
--acs                0


begin try 0 
best     104100,        iteration:          1,        time       0.10
best     108216,        iteration:          2,        time       0.21
best     110285,        iteration:          5,        time       0.52
best     110629,        iteration:          6,        time       0.61
best     111568,        iteration:          7,        time       0.71
best     111649,        iteration:          8,        time       0.81
best     111840,        iteration:         10,        time       1.03
best     112244,        iteration:         12,        time       1.24
best     112810,        iteration:         13,        time       1.35
best     112869,        iteration:         20,        time       2.10
best     113212,        iteration:         24,        time       2.53
best     113736,        iteration:         25,        time       2.64
best     113794,        iteration:        168,        time      18.05
best     114139,        iteration:        169,        time      18.16
best     114215,        iteration:        174,        time      18.70
best     114287,        iteration:        194,        time      20.86
best     114363,        iteration:        195,        time      20.96
best     114784,        iteration:        322,        time      34.64
best     115174,        iteration:        470,        time      50.51
end try 0 


try          0,        best     115174,        found at iteration        470,        found at time      50.51
