Parameter-settings: 

--inputfile          instances/pr107-thop/pr107_03_unc_10_02.thop
--outputfile         solutions/acothop/pr107-thop/pr107_03_unc_10_02_03.thop.sol
--tries              1
--tours              0
--ptries             1
--time               32.00
--seed               644764
--optimum            1
--ants               196
--nnants             20
--alpha              1.24
--beta               5.46
--rho                0.51
--q0                 0.00
--elitistants        0
--rasranks           0
--localsearch        0
--nnls               20
--dlb                1
--as                 0
--eas                0
--ras                0
--mmas               1
--bwas               0
--acs                0


begin try 0 
best      89721,        iteration:          1,        time       0.07
best      93933,        iteration:          2,        time       0.14
best      96232,        iteration:          4,        time       0.29
best      96291,        iteration:          5,        time       0.37
best      98094,        iteration:          6,        time       0.44
best      98327,        iteration:         10,        time       0.74
best      99278,        iteration:         14,        time       1.04
best      99376,        iteration:         18,        time       1.34
best      99381,        iteration:         23,        time       1.72
best      99971,        iteration:         26,        time       1.95
best     100130,        iteration:        168,        time      12.64
best     100160,        iteration:        171,        time      12.87
best     101530,        iteration:        189,        time      14.25
best     102140,        iteration:        191,        time      14.41
best     102286,        iteration:        199,        time      15.02
best     103084,        iteration:        313,        time      23.85
best     103782,        iteration:        364,        time      27.79
best     103874,        iteration:        365,        time      27.87
best     104054,        iteration:        368,        time      28.11
end try 0 


try          0,        best     104054,        found at iteration        368,        found at time      28.11
