Parameter-settings: 

--inputfile          instances/pr107-thop/pr107_03_unc_01_03.thop
--outputfile         solutions/acothop/pr107-thop/pr107_03_unc_01_03_06.thop.sol
--tries              1
--tours              0
--ptries             1
--time               32.00
--seed               73456
--optimum            1
--ants               196
--nnants             20
--alpha              1.24
--beta               5.46
--rho                0.51
--q0                 0.00
--elitistants        0
--rasranks           0
--localsearch        0
--nnls               20
--dlb                1
--as                 0
--eas                0
--ras                0
--mmas               1
--bwas               0
--acs                0


begin try 0 
best      45835,        iteration:          1,        time       0.06
best      46121,        iteration:          2,        time       0.11
best      46227,        iteration:          9,        time       0.42
best      46452,        iteration:         10,        time       0.47
best      46637,        iteration:        177,        time       7.31
best      46757,        iteration:        199,        time       8.20
best      46968,        iteration:        263,        time      10.85
end try 0 


try          0,        best      46968,        found at iteration        263,        found at time      10.85
