Parameter-settings: 

--inputfile          instances/pr107-thop/pr107_03_bsc_05_02.thop
--outputfile         solutions/acothop/pr107-thop/pr107_03_bsc_05_02_02.thop.sol
--tries              1
--tours              0
--ptries             1
--time               32.00
--seed               126489
--optimum            1
--ants               196
--nnants             20
--alpha              1.24
--beta               5.46
--rho                0.51
--q0                 0.00
--elitistants        0
--rasranks           0
--localsearch        0
--nnls               20
--dlb                1
--as                 0
--eas                0
--ras                0
--mmas               1
--bwas               0
--acs                0


begin try 0 
best     161119,        iteration:          1,        time       0.07
best     164390,        iteration:          3,        time       0.20
best     165885,        iteration:          4,        time       0.27
best     166290,        iteration:          5,        time       0.33
best     166357,        iteration:          6,        time       0.40
best     166547,        iteration:          8,        time       0.53
best     166724,        iteration:         76,        time       5.14
best     166929,        iteration:         77,        time       5.21
best     167267,        iteration:         87,        time       5.88
best     167653,        iteration:         88,        time       5.95
best     167728,        iteration:         90,        time       6.09
best     167763,        iteration:         94,        time       6.36
best     167870,        iteration:         97,        time       6.56
best     168000,        iteration:         99,        time       6.70
best     168089,        iteration:        134,        time       9.07
best     168220,        iteration:        161,        time      10.88
best     168291,        iteration:        162,        time      10.95
best     168305,        iteration:        164,        time      11.08
best     168556,        iteration:        165,        time      11.15
best     168676,        iteration:        167,        time      11.29
best     168912,        iteration:        171,        time      11.56
best     169037,        iteration:        194,        time      13.11
best     169053,        iteration:        467,        time      31.49
end try 0 


try          0,        best     169053,        found at iteration        467,        found at time      31.49
