Parameter-settings: 

--inputfile          instances/pr107-thop/pr107_03_bsc_10_02.thop
--outputfile         solutions/acothop*/pr107-thop/pr107_03_bsc_10_02_02.thop.sol
--tries              1
--tours              0
--ptries             3
--time               32.00
--seed               126489
--optimum            1
--ants               200
--nnants             20
--alpha              0.79
--beta               3.50
--rho                0.28
--q0                 0.00
--elitistants        0
--rasranks           0
--localsearch        0
--nnls               20
--dlb                1
--as                 0
--eas                0
--ras                0
--mmas               1
--bwas               0
--acs                0


begin try 0 
best     235212,        iteration:          1,        time       0.19
best     238297,        iteration:         11,        time       2.19
best     242389,        iteration:         34,        time       6.98
best     244248,        iteration:         45,        time       9.21
best     244620,        iteration:         77,        time      16.02
best     244628,        iteration:         98,        time      20.51
best     246021,        iteration:        104,        time      21.80
best     247385,        iteration:        118,        time      24.77
end try 0 


try          0,        best     247385,        found at iteration        118,        found at time      24.77
