Parameter-settings: 

--inputfile          instances/pr107-thop/pr107_03_usw_10_02.thop
--outputfile         solutions/acothop*/pr107-thop/pr107_03_usw_10_02_02.thop.sol
--tries              1
--tours              0
--ptries             2
--time               32.00
--seed               126489
--optimum            1
--ants               20
--nnants             20
--alpha              0.84
--beta               3.73
--rho                0.62
--q0                 0.00
--elitistants        0
--rasranks           0
--localsearch        0
--nnls               20
--dlb                1
--as                 0
--eas                0
--ras                0
--mmas               1
--bwas               0
--acs                0


begin try 0 
best      90381,        iteration:          1,        time       0.03
best      91410,        iteration:          2,        time       0.06
best      94591,        iteration:          3,        time       0.09
best      98417,        iteration:          4,        time       0.11
best     102781,        iteration:          5,        time       0.14
best     102889,        iteration:          6,        time       0.17
best     104040,        iteration:          7,        time       0.20
best     104210,        iteration:          9,        time       0.26
best     106739,        iteration:         10,        time       0.29
best     106993,        iteration:         11,        time       0.32
best     107227,        iteration:         12,        time       0.34
best     107934,        iteration:         13,        time       0.37
best     108978,        iteration:         14,        time       0.40
best     109997,        iteration:         54,        time       1.58
best     110238,        iteration:        117,        time       3.43
best     110483,        iteration:        123,        time       3.61
best     110619,        iteration:        277,        time       8.09
best     111335,        iteration:        338,        time       9.80
end try 0 


try          0,        best     111335,        found at iteration        338,        found at time       9.80
