Parameter-settings: 

--inputfile          instances/pr107-thop/pr107_01_unc_10_03.thop
--outputfile         solutions/acothop*/pr107-thop/pr107_01_unc_10_03_02.thop.sol
--tries              1
--tours              0
--ptries             2
--time               11.00
--seed               126489
--optimum            1
--ants               100
--nnants             20
--alpha              1.11
--beta               3.16
--rho                0.67
--q0                 0.00
--elitistants        0
--rasranks           0
--localsearch        0
--nnls               20
--dlb                1
--as                 0
--eas                0
--ras                0
--mmas               1
--bwas               0
--acs                0


begin try 0 
best      41293,        iteration:          1,        time       0.05
best      42273,        iteration:          2,        time       0.09
best      43240,        iteration:          4,        time       0.18
best      43490,        iteration:          9,        time       0.41
best      43568,        iteration:         25,        time       1.15
best      43588,        iteration:         32,        time       1.48
best      43684,        iteration:         33,        time       1.52
best      43716,        iteration:         35,        time       1.62
best      43829,        iteration:         54,        time       2.51
best      43995,        iteration:         58,        time       2.68
best      44042,        iteration:         59,        time       2.73
best      44396,        iteration:         67,        time       3.10
best      44472,        iteration:         97,        time       4.50
end try 0 


try          0,        best      44472,        found at iteration         97,        found at time       4.50
