Parameter-settings: 

--inputfile          instances/pr107-thop/pr107_10_unc_01_03.thop
--outputfile         solutions/acothop*/pr107-thop/pr107_10_unc_01_03_07.thop.sol
--tries              1
--tours              0
--ptries             1
--time               105.00
--seed               462018
--optimum            1
--ants               200
--nnants             20
--alpha              0.97
--beta               3.98
--rho                0.69
--q0                 0.00
--elitistants        0
--rasranks           0
--localsearch        0
--nnls               20
--dlb                1
--as                 0
--eas                0
--ras                0
--mmas               1
--bwas               0
--acs                0


begin try 0 
best     141198,        iteration:          1,        time       0.23
best     141729,        iteration:          2,        time       0.45
best     141940,        iteration:          3,        time       0.67
best     142849,        iteration:          4,        time       0.90
best     147672,        iteration:          5,        time       1.12
best     149406,        iteration:         10,        time       2.02
best     149414,        iteration:         21,        time       4.02
best     149467,        iteration:         55,        time      10.48
best     150069,        iteration:         57,        time      10.84
best     151677,        iteration:         58,        time      11.03
best     152571,        iteration:         64,        time      12.11
best     153349,        iteration:         89,        time      16.65
best     153454,        iteration:         93,        time      17.33
best     153455,        iteration:         95,        time      17.68
best     153868,        iteration:        348,        time      62.07
best     154464,        iteration:        355,        time      63.24
end try 0 


try          0,        best     154464,        found at iteration        355,        found at time      63.24
