Parameter-settings: 

--inputfile          instances/pr107-thop/pr107_03_bsc_10_02.thop
--outputfile         solutions/acothop*/pr107-thop/pr107_03_bsc_10_02_07.thop.sol
--tries              1
--tours              0
--ptries             3
--time               32.00
--seed               462018
--optimum            1
--ants               200
--nnants             20
--alpha              0.79
--beta               3.50
--rho                0.28
--q0                 0.00
--elitistants        0
--rasranks           0
--localsearch        0
--nnls               20
--dlb                1
--as                 0
--eas                0
--ras                0
--mmas               1
--bwas               0
--acs                0


begin try 0 
best     214603,        iteration:          1,        time       0.20
best     227316,        iteration:          2,        time       0.41
best     227359,        iteration:          3,        time       0.61
best     239247,        iteration:          6,        time       1.22
best     239516,        iteration:         68,        time      13.99
best     239633,        iteration:         78,        time      16.05
best     241745,        iteration:        109,        time      22.47
best     244721,        iteration:        113,        time      23.31
best     245356,        iteration:        115,        time      23.73
end try 0 


try          0,        best     245356,        found at iteration        115,        found at time      23.73
