Parameter-settings: 

--inputfile          instances/pr107-thop/pr107_10_usw_10_03.thop
--outputfile         solutions/acothop*/pr107-thop/pr107_10_usw_10_03_06.thop.sol
--tries              1
--tours              0
--ptries             1
--time               105.00
--seed               73456
--optimum            1
--ants               200
--nnants             20
--alpha              0.83
--beta               3.76
--rho                0.49
--q0                 0.00
--elitistants        0
--rasranks           0
--localsearch        0
--nnls               20
--dlb                1
--as                 0
--eas                0
--ras                0
--mmas               1
--bwas               0
--acs                0


begin try 0 
best     398488,        iteration:          1,        time       0.28
best     403823,        iteration:          2,        time       0.56
best     420361,        iteration:          4,        time       1.11
best     425863,        iteration:          7,        time       1.95
best     427084,        iteration:          8,        time       2.24
best     431445,        iteration:          9,        time       2.53
best     434064,        iteration:         11,        time       3.10
best     435710,        iteration:         12,        time       3.39
best     440839,        iteration:         14,        time       3.96
best     441162,        iteration:         15,        time       4.25
best     442291,        iteration:         17,        time       4.81
best     447745,        iteration:         18,        time       5.10
best     447990,        iteration:         21,        time       5.94
best     449136,        iteration:         22,        time       6.23
best     450179,        iteration:         23,        time       6.51
best     450190,        iteration:         24,        time       6.80
best     451897,        iteration:         25,        time       7.08
best     453962,        iteration:         32,        time       9.07
best     453986,        iteration:         34,        time       9.64
best     455629,        iteration:         36,        time      10.22
best     456348,        iteration:         38,        time      10.80
best     458073,        iteration:         39,        time      11.08
best     458308,        iteration:         41,        time      11.66
best     459836,        iteration:         49,        time      13.93
best     460133,        iteration:         50,        time      14.21
best     460160,        iteration:         52,        time      14.77
best     460161,        iteration:         53,        time      15.06
best     460699,        iteration:         56,        time      15.90
best     461443,        iteration:         58,        time      16.47
best     461881,        iteration:         59,        time      16.75
best     461912,        iteration:         62,        time      17.59
best     463265,        iteration:         63,        time      17.86
best     463547,        iteration:         64,        time      18.14
best     464128,        iteration:         66,        time      18.71
best     465932,        iteration:         69,        time      19.54
best     466088,        iteration:        106,        time      30.00
best     466110,        iteration:        107,        time      30.27
best     466176,        iteration:        109,        time      30.85
best     466337,        iteration:        110,        time      31.14
best     466370,        iteration:        112,        time      31.70
best     467019,        iteration:        113,        time      31.99
best     468365,        iteration:        135,        time      38.19
best     468392,        iteration:        136,        time      38.48
best     468400,        iteration:        140,        time      39.62
best     468640,        iteration:        144,        time      40.75
best     468648,        iteration:        146,        time      41.31
best     468675,        iteration:        147,        time      41.59
best     469249,        iteration:        183,        time      51.76
best     469388,        iteration:        187,        time      52.90
best     469392,        iteration:        192,        time      54.32
best     469421,        iteration:        193,        time      54.59
best     469678,        iteration:        321,        time      90.88
best     469820,        iteration:        322,        time      91.17
best     469876,        iteration:        324,        time      91.73
end try 0 


try          0,        best     469876,        found at iteration        324,        found at time      91.73
