Parameter-settings: 

--inputfile          instances/pr107-thop/pr107_01_unc_10_01.thop
--outputfile         solutions/acothop*/pr107-thop/pr107_01_unc_10_01_06.thop.sol
--tries              1
--tours              0
--ptries             2
--time               11.00
--seed               73456
--optimum            1
--ants               100
--nnants             20
--alpha              1.11
--beta               3.16
--rho                0.67
--q0                 0.00
--elitistants        0
--rasranks           0
--localsearch        0
--nnls               20
--dlb                1
--as                 0
--eas                0
--ras                0
--mmas               1
--bwas               0
--acs                0


begin try 0 
best      21084,        iteration:          1,        time       0.04
best      22090,        iteration:          2,        time       0.07
best      23056,        iteration:          6,        time       0.22
best      24654,        iteration:          7,        time       0.26
best      24947,        iteration:         12,        time       0.45
best      25173,        iteration:         16,        time       0.60
best      25853,        iteration:         21,        time       0.77
best      25919,        iteration:         28,        time       1.04
end try 0 


try          0,        best      25919,        found at iteration         28,        found at time       1.04
