Parameter-settings: 

--inputfile          instances/pr107-thop/pr107_05_usw_01_02.thop
--outputfile         solutions/acothop*/pr107-thop/pr107_05_usw_01_02_07.thop.sol
--tries              1
--tours              0
--ptries             4
--time               53.00
--seed               462018
--optimum            1
--ants               200
--nnants             20
--alpha              0.88
--beta               2.75
--rho                0.88
--q0                 0.00
--elitistants        0
--rasranks           0
--localsearch        0
--nnls               20
--dlb                1
--as                 0
--eas                0
--ras                0
--mmas               1
--bwas               0
--acs                0


begin try 0 
best      36300,        iteration:          1,        time       0.29
best      36830,        iteration:          2,        time       0.59
best      37496,        iteration:          3,        time       0.88
best      37555,        iteration:          4,        time       1.15
best      37870,        iteration:          5,        time       1.41
best      38514,        iteration:          6,        time       1.66
best      38702,        iteration:          7,        time       1.93
best      38955,        iteration:         10,        time       2.67
best      39071,        iteration:         11,        time       2.90
best      39139,        iteration:         12,        time       3.15
best      39260,        iteration:         13,        time       3.40
best      39425,        iteration:         14,        time       3.64
best      39746,        iteration:         33,        time       8.51
best      39876,        iteration:         40,        time      10.45
end try 0 


try          0,        best      39876,        found at iteration         40,        found at time      10.45
