Parameter-settings: 

--inputfile          instances/pr107-thop/pr107_01_usw_10_01.thop
--outputfile         solutions/acothop*/pr107-thop/pr107_01_usw_10_01_03.thop.sol
--tries              1
--tours              0
--ptries             3
--time               11.00
--seed               644764
--optimum            1
--ants               50
--nnants             20
--alpha              0.94
--beta               3.72
--rho                0.61
--q0                 0.00
--elitistants        0
--rasranks           0
--localsearch        0
--nnls               20
--dlb                1
--as                 0
--eas                0
--ras                0
--mmas               1
--bwas               0
--acs                0


begin try 0 
best      29458,        iteration:          1,        time       0.03
best      30231,        iteration:          2,        time       0.06
best      30414,        iteration:          3,        time       0.09
best      30724,        iteration:          4,        time       0.11
best      31095,        iteration:          5,        time       0.14
best      31436,        iteration:          6,        time       0.17
best      31860,        iteration:          7,        time       0.20
best      32311,        iteration:          8,        time       0.23
best      32438,        iteration:         13,        time       0.37
best      32672,        iteration:         56,        time       1.58
best      32924,        iteration:         74,        time       2.08
end try 0 


try          0,        best      32924,        found at iteration         74,        found at time       2.08
