Parameter-settings: 

--inputfile          instances/pr107-thop/pr107_05_unc_05_01.thop
--outputfile         solutions/acothop*/pr107-thop/pr107_05_unc_05_01_06.thop.sol
--tries              1
--tours              0
--ptries             1
--time               53.00
--seed               73456
--optimum            1
--ants               500
--nnants             20
--alpha              0.84
--beta               4.00
--rho                0.64
--q0                 0.00
--elitistants        0
--rasranks           0
--localsearch        0
--nnls               20
--dlb                1
--as                 0
--eas                0
--ras                0
--mmas               1
--bwas               0
--acs                0


begin try 0 
best     100637,        iteration:          1,        time       0.46
best     104811,        iteration:          2,        time       0.92
best     108725,        iteration:          3,        time       1.39
best     110610,        iteration:          4,        time       1.87
best     111589,        iteration:          5,        time       2.36
best     111906,        iteration:          7,        time       3.37
best     113120,        iteration:         10,        time       4.85
best     113185,        iteration:         27,        time      13.24
best     113282,        iteration:         60,        time      29.56
best     113313,        iteration:         72,        time      35.47
best     113829,        iteration:         74,        time      36.48
end try 0 


try          0,        best     113829,        found at iteration         74,        found at time      36.48
