Parameter-settings: 

--inputfile          instances/pr107-thop/pr107_10_usw_10_02.thop
--outputfile         solutions/acothop*/pr107-thop/pr107_10_usw_10_02_03.thop.sol
--tries              1
--tours              0
--ptries             1
--time               105.00
--seed               644764
--optimum            1
--ants               200
--nnants             20
--alpha              0.83
--beta               3.76
--rho                0.49
--q0                 0.00
--elitistants        0
--rasranks           0
--localsearch        0
--nnls               20
--dlb                1
--as                 0
--eas                0
--ras                0
--mmas               1
--bwas               0
--acs                0


begin try 0 
best     297846,        iteration:          1,        time       0.24
best     307172,        iteration:          2,        time       0.49
best     320365,        iteration:          3,        time       0.73
best     320643,        iteration:          9,        time       2.21
best     322860,        iteration:         11,        time       2.70
best     324605,        iteration:         13,        time       3.19
best     325502,        iteration:         16,        time       3.93
best     329229,        iteration:         18,        time       4.42
best     330860,        iteration:         25,        time       6.13
best     335450,        iteration:         33,        time       8.11
best     339629,        iteration:         38,        time       9.35
best     341465,        iteration:         47,        time      11.58
best     346434,        iteration:         58,        time      14.31
best     352208,        iteration:         60,        time      14.81
best     354075,        iteration:        101,        time      24.96
best     356182,        iteration:        111,        time      27.49
best     356926,        iteration:        294,        time      73.24
best     357257,        iteration:        301,        time      74.99
best     358583,        iteration:        310,        time      77.16
best     358890,        iteration:        318,        time      79.13
end try 0 


try          0,        best     358890,        found at iteration        318,        found at time      79.13
