Parameter-settings: 

--inputfile          instances/pr107-thop/pr107_01_unc_01_02.thop
--outputfile         solutions/acothop*/pr107-thop/pr107_01_unc_01_02_01.thop.sol
--tries              1
--tours              0
--ptries             2
--time               11.00
--seed               99470
--optimum            1
--ants               100
--nnants             20
--alpha              1.11
--beta               3.16
--rho                0.67
--q0                 0.00
--elitistants        0
--rasranks           0
--localsearch        0
--nnls               20
--dlb                1
--as                 0
--eas                0
--ras                0
--mmas               1
--bwas               0
--acs                0


begin try 0 
best      10389,        iteration:          1,        time       0.03
best      10740,        iteration:          2,        time       0.07
best      10761,        iteration:          6,        time       0.20
best      10820,        iteration:          7,        time       0.23
best      11354,        iteration:         11,        time       0.36
best      11388,        iteration:         89,        time       2.82
best      11430,        iteration:        133,        time       4.21
best      11557,        iteration:        138,        time       4.37
best      11760,        iteration:        190,        time       6.00
end try 0 


try          0,        best      11760,        found at iteration        190,        found at time       6.00
