Parameter-settings: 

--inputfile          instances/pr107-thop/pr107_03_unc_05_01.thop
--outputfile         solutions/acothop*/pr107-thop/pr107_03_unc_05_01_07.thop.sol
--tries              1
--tours              0
--ptries             5
--time               32.00
--seed               462018
--optimum            1
--ants               200
--nnants             20
--alpha              0.78
--beta               3.31
--rho                0.74
--q0                 0.00
--elitistants        0
--rasranks           0
--localsearch        0
--nnls               20
--dlb                1
--as                 0
--eas                0
--ras                0
--mmas               1
--bwas               0
--acs                0


begin try 0 
best      51626,        iteration:          1,        time       0.26
best      59615,        iteration:          2,        time       0.53
best      60060,        iteration:          4,        time       1.07
best      60133,        iteration:          5,        time       1.34
best      60781,        iteration:          6,        time       1.61
best      61217,        iteration:          7,        time       1.89
best      61853,        iteration:          8,        time       2.16
best      61979,        iteration:          9,        time       2.59
best      62489,        iteration:         10,        time       2.87
best      62599,        iteration:         12,        time       3.43
best      62845,        iteration:         13,        time       3.71
best      62872,        iteration:         23,        time       6.49
best      63107,        iteration:         24,        time       6.77
best      63265,        iteration:         27,        time       7.58
best      63438,        iteration:         31,        time       8.70
end try 0 


try          0,        best      63438,        found at iteration         31,        found at time       8.70
