Parameter-settings: 

--inputfile          instances/pr107-thop/pr107_05_bsc_05_03.thop
--outputfile         solutions/acothop*/pr107-thop/pr107_05_bsc_05_03_05.thop.sol
--tries              1
--tours              0
--ptries             3
--time               53.00
--seed               642580
--optimum            1
--ants               1000
--nnants             20
--alpha              0.88
--beta               4.39
--rho                0.72
--q0                 0.00
--elitistants        0
--rasranks           0
--localsearch        0
--nnls               20
--dlb                1
--as                 0
--eas                0
--ras                0
--mmas               1
--bwas               0
--acs                0


begin try 0 
best     280259,        iteration:          1,        time       1.81
best     281765,        iteration:          2,        time       3.61
best     282574,        iteration:          4,        time       7.21
best     282968,        iteration:          5,        time       8.96
best     283317,        iteration:          6,        time      10.70
best     283382,        iteration:          9,        time      15.81
best     283522,        iteration:         10,        time      17.52
best     283818,        iteration:         11,        time      19.23
best     283834,        iteration:         12,        time      20.92
best     284062,        iteration:         13,        time      22.64
best     284119,        iteration:         15,        time      26.01
best     284276,        iteration:         27,        time      46.21
end try 0 


try          0,        best     284276,        found at iteration         27,        found at time      46.21
