Parameter-settings: 

--inputfile          instances/pr107-thop/pr107_01_unc_05_02.thop
--outputfile         solutions/acothop*/pr107-thop/pr107_01_unc_05_02_05.thop.sol
--tries              1
--tours              0
--ptries             2
--time               11.00
--seed               642580
--optimum            1
--ants               100
--nnants             20
--alpha              1.11
--beta               3.16
--rho                0.67
--q0                 0.00
--elitistants        0
--rasranks           0
--localsearch        0
--nnls               20
--dlb                1
--as                 0
--eas                0
--ras                0
--mmas               1
--bwas               0
--acs                0


begin try 0 
best      24317,        iteration:          1,        time       0.04
best      25504,        iteration:          2,        time       0.08
best      25699,        iteration:          3,        time       0.12
best      25757,        iteration:          4,        time       0.16
best      26453,        iteration:          5,        time       0.20
best      26780,        iteration:          6,        time       0.24
best      27118,        iteration:         11,        time       0.43
best      27572,        iteration:         15,        time       0.59
best      27832,        iteration:         22,        time       0.85
best      28107,        iteration:         98,        time       3.83
best      28108,        iteration:        107,        time       4.18
best      28128,        iteration:        108,        time       4.21
best      28231,        iteration:        112,        time       4.37
best      28494,        iteration:        113,        time       4.41
best      28618,        iteration:        114,        time       4.45
best      28699,        iteration:        165,        time       6.38
best      28825,        iteration:        208,        time       8.09
best      28878,        iteration:        226,        time       8.80
best      28953,        iteration:        237,        time       9.24
best      29075,        iteration:        240,        time       9.36
best      29102,        iteration:        241,        time       9.39
best      29201,        iteration:        244,        time       9.50
end try 0 


try          0,        best      29201,        found at iteration        244,        found at time       9.50
