Parameter-settings: 

--inputfile          instances/pr107-thop/pr107_03_usw_10_03.thop
--outputfile         solutions/acothop*/pr107-thop/pr107_03_usw_10_03_03.thop.sol
--tries              1
--tours              0
--ptries             2
--time               32.00
--seed               644764
--optimum            1
--ants               20
--nnants             20
--alpha              0.84
--beta               3.73
--rho                0.62
--q0                 0.00
--elitistants        0
--rasranks           0
--localsearch        0
--nnls               20
--dlb                1
--as                 0
--eas                0
--ras                0
--mmas               1
--bwas               0
--acs                0


begin try 0 
best     125725,        iteration:          1,        time       0.03
best     129865,        iteration:          2,        time       0.06
best     130939,        iteration:         10,        time       0.31
best     133793,        iteration:         14,        time       0.43
best     134143,        iteration:         15,        time       0.46
best     135478,        iteration:         16,        time       0.50
best     135509,        iteration:         19,        time       0.59
best     135627,        iteration:         21,        time       0.65
best     135902,        iteration:         22,        time       0.69
best     136811,        iteration:         23,        time       0.72
best     136861,        iteration:         25,        time       0.78
best     137320,        iteration:         28,        time       0.87
best     137761,        iteration:         30,        time       0.94
best     138570,        iteration:         34,        time       1.06
best     139432,        iteration:         60,        time       1.86
best     140223,        iteration:        122,        time       3.81
best     140433,        iteration:        123,        time       3.84
best     140474,        iteration:        256,        time       8.00
best     140594,        iteration:        312,        time       9.70
best     140661,        iteration:        364,        time      11.29
best     141051,        iteration:        416,        time      12.87
best     141065,        iteration:        493,        time      15.23
best     141148,        iteration:        546,        time      16.85
best     141164,        iteration:        598,        time      18.43
best     141211,        iteration:        656,        time      20.21
best     141359,        iteration:        709,        time      21.83
best     141595,        iteration:        809,        time      24.94
best     141602,        iteration:        861,        time      26.52
best     141706,        iteration:        924,        time      28.46
end try 0 


try          0,        best     141706,        found at iteration        924,        found at time      28.46
