Parameter-settings: 

--inputfile          instances/pr107-thop/pr107_05_bsc_05_02.thop
--outputfile         solutions/acothop*/pr107-thop/pr107_05_bsc_05_02_07.thop.sol
--tries              1
--tours              0
--ptries             3
--time               53.00
--seed               462018
--optimum            1
--ants               1000
--nnants             20
--alpha              0.88
--beta               4.39
--rho                0.72
--q0                 0.00
--elitistants        0
--rasranks           0
--localsearch        0
--nnls               20
--dlb                1
--as                 0
--eas                0
--ras                0
--mmas               1
--bwas               0
--acs                0


begin try 0 
best     268167,        iteration:          1,        time       1.66
best     272248,        iteration:          2,        time       3.36
best     273741,        iteration:          3,        time       5.07
best     273837,        iteration:          5,        time       8.51
best     274429,        iteration:          6,        time      10.27
best     274837,        iteration:          7,        time      12.02
best     275283,        iteration:          8,        time      13.79
best     276004,        iteration:          9,        time      15.54
best     276178,        iteration:         29,        time      50.48
end try 0 


try          0,        best     276178,        found at iteration         29,        found at time      50.48
