Parameter-settings: 

--inputfile          instances/pr107-thop/pr107_01_bsc_05_02.thop
--outputfile         solutions/acothop*/pr107-thop/pr107_01_bsc_05_02_07.thop.sol
--tries              1
--tours              0
--ptries             5
--time               11.00
--seed               462018
--optimum            1
--ants               200
--nnants             20
--alpha              0.84
--beta               3.91
--rho                0.94
--q0                 0.00
--elitistants        0
--rasranks           0
--localsearch        0
--nnls               20
--dlb                1
--as                 0
--eas                0
--ras                0
--mmas               1
--bwas               0
--acs                0


begin try 0 
best      50772,        iteration:          1,        time       0.19
best      51550,        iteration:          2,        time       0.39
best      51817,        iteration:          3,        time       0.58
best      51821,        iteration:          4,        time       0.78
best      51870,        iteration:          5,        time       0.97
best      52022,        iteration:          7,        time       1.36
best      52168,        iteration:          9,        time       1.75
best      52216,        iteration:         10,        time       1.94
best      52217,        iteration:         16,        time       3.11
best      52602,        iteration:         17,        time       3.31
end try 0 


try          0,        best      52602,        found at iteration         17,        found at time       3.31
