Parameter-settings: 

--inputfile          instances/pr107-thop/pr107_01_unc_10_03.thop
--outputfile         solutions/acothop*/pr107-thop/pr107_01_unc_10_03_08.thop.sol
--tries              1
--tours              0
--ptries             2
--time               11.00
--seed               858990
--optimum            1
--ants               100
--nnants             20
--alpha              1.11
--beta               3.16
--rho                0.67
--q0                 0.00
--elitistants        0
--rasranks           0
--localsearch        0
--nnls               20
--dlb                1
--as                 0
--eas                0
--ras                0
--mmas               1
--bwas               0
--acs                0


begin try 0 
best      41659,        iteration:          1,        time       0.05
best      42111,        iteration:          2,        time       0.09
best      42372,        iteration:          3,        time       0.14
best      43406,        iteration:          5,        time       0.23
best      43739,        iteration:          6,        time       0.28
best      43792,        iteration:          7,        time       0.32
best      43865,        iteration:          9,        time       0.42
best      43957,        iteration:         24,        time       1.10
best      44139,        iteration:         25,        time       1.15
best      44183,        iteration:         27,        time       1.24
best      44238,        iteration:         29,        time       1.33
best      44282,        iteration:         41,        time       1.88
best      44403,        iteration:         57,        time       2.61
best      44476,        iteration:         58,        time       2.65
best      44477,        iteration:         67,        time       3.05
best      44523,        iteration:         69,        time       3.14
best      44530,        iteration:         81,        time       3.68
best      44543,        iteration:        107,        time       4.84
best      44629,        iteration:        109,        time       4.93
best      44769,        iteration:        113,        time       5.11
best      44868,        iteration:        117,        time       5.29
end try 0 


try          0,        best      44868,        found at iteration        117,        found at time       5.29
