Parameter-settings: 

--inputfile          instances/pr107-thop/pr107_03_usw_01_02.thop
--outputfile         solutions/acothop*/pr107-thop/pr107_03_usw_01_02_08.thop.sol
--tries              1
--tours              0
--ptries             2
--time               32.00
--seed               858990
--optimum            1
--ants               20
--nnants             20
--alpha              0.84
--beta               3.73
--rho                0.62
--q0                 0.00
--elitistants        0
--rasranks           0
--localsearch        0
--nnls               20
--dlb                1
--as                 0
--eas                0
--ras                0
--mmas               1
--bwas               0
--acs                0


begin try 0 
best      22786,        iteration:          1,        time       0.02
best      22893,        iteration:          2,        time       0.04
best      24145,        iteration:          3,        time       0.05
best      24191,        iteration:        108,        time       1.73
best      24241,        iteration:        164,        time       2.67
best      24369,        iteration:        255,        time       4.21
best      24621,        iteration:        361,        time       6.06
end try 0 


try          0,        best      24621,        found at iteration        361,        found at time       6.06
