Parameter-settings: 

--inputfile          instances/pr107-thop/pr107_03_usw_10_02.thop
--outputfile         solutions/acothop*/pr107-thop/pr107_03_usw_10_02_08.thop.sol
--tries              1
--tours              0
--ptries             2
--time               32.00
--seed               858990
--optimum            1
--ants               20
--nnants             20
--alpha              0.84
--beta               3.73
--rho                0.62
--q0                 0.00
--elitistants        0
--rasranks           0
--localsearch        0
--nnls               20
--dlb                1
--as                 0
--eas                0
--ras                0
--mmas               1
--bwas               0
--acs                0


begin try 0 
best      96610,        iteration:          1,        time       0.03
best     100834,        iteration:          2,        time       0.06
best     102699,        iteration:          3,        time       0.09
best     105554,        iteration:          4,        time       0.11
best     106127,        iteration:         13,        time       0.37
best     107092,        iteration:         16,        time       0.46
best     107535,        iteration:         17,        time       0.49
best     108159,        iteration:         28,        time       0.81
best     108169,        iteration:         29,        time       0.84
best     108230,        iteration:         39,        time       1.14
best     108285,        iteration:         40,        time       1.17
best     108410,        iteration:         45,        time       1.31
best     109175,        iteration:         46,        time       1.34
best     109775,        iteration:         47,        time       1.37
best     109969,        iteration:        192,        time       5.57
best     111154,        iteration:        254,        time       7.35
best     111357,        iteration:        359,        time      10.35
best     111372,        iteration:        455,        time      13.09
best     111470,        iteration:        540,        time      15.51
end try 0 


try          0,        best     111470,        found at iteration        540,        found at time      15.51
