Parameter-settings: 

--inputfile          instances/pr107-thop/pr107_03_unc_10_01.thop
--outputfile         solutions/acothop*/pr107-thop/pr107_03_unc_10_01_04.thop.sol
--tries              1
--tours              0
--ptries             5
--time               32.00
--seed               547617
--optimum            1
--ants               200
--nnants             20
--alpha              0.78
--beta               3.31
--rho                0.74
--q0                 0.00
--elitistants        0
--rasranks           0
--localsearch        0
--nnls               20
--dlb                1
--as                 0
--eas                0
--ras                0
--mmas               1
--bwas               0
--acs                0


begin try 0 
best      72985,        iteration:          1,        time       0.27
best      75066,        iteration:          3,        time       0.81
best      75626,        iteration:          5,        time       1.35
best      76678,        iteration:          6,        time       1.62
best      77005,        iteration:          7,        time       1.89
best      77054,        iteration:         10,        time       2.66
best      78355,        iteration:         11,        time       2.93
best      78358,        iteration:         12,        time       3.21
best      79578,        iteration:         15,        time       4.02
best      79887,        iteration:         17,        time       4.57
best      80379,        iteration:         31,        time       8.39
best      80453,        iteration:         35,        time       9.49
best      80718,        iteration:         36,        time       9.75
best      80890,        iteration:         39,        time      10.57
best      81314,        iteration:         43,        time      11.65
end try 0 


try          0,        best      81314,        found at iteration         43,        found at time      11.65
