Parameter-settings: 

--inputfile          instances/pr107-thop/pr107_10_usw_05_02.thop
--outputfile         solutions/acothop*/pr107-thop/pr107_10_usw_05_02_06.thop.sol
--tries              1
--tours              0
--ptries             1
--time               105.00
--seed               73456
--optimum            1
--ants               200
--nnants             20
--alpha              0.83
--beta               3.76
--rho                0.49
--q0                 0.00
--elitistants        0
--rasranks           0
--localsearch        0
--nnls               20
--dlb                1
--as                 0
--eas                0
--ras                0
--mmas               1
--bwas               0
--acs                0


begin try 0 
best     266542,        iteration:          1,        time       0.24
best     268126,        iteration:          3,        time       0.71
best     268602,        iteration:          6,        time       1.41
best     268627,        iteration:          7,        time       1.64
best     271185,        iteration:          8,        time       1.88
best     271462,        iteration:         10,        time       2.35
best     272392,        iteration:         11,        time       2.58
best     273332,        iteration:         12,        time       2.82
best     274178,        iteration:         13,        time       3.06
best     275247,        iteration:         19,        time       4.50
best     276348,        iteration:         20,        time       4.74
best     276429,        iteration:         32,        time       7.62
best     276782,        iteration:         33,        time       7.86
best     276953,        iteration:         35,        time       8.33
best     277906,        iteration:         47,        time      11.19
best     281957,        iteration:         73,        time      17.34
best     282515,        iteration:         77,        time      18.28
best     283220,        iteration:         81,        time      19.23
best     283851,        iteration:        135,        time      32.10
best     284273,        iteration:        136,        time      32.33
end try 0 


try          0,        best     284273,        found at iteration        136,        found at time      32.33
