Parameter-settings: 

--inputfile          instances/pr107-thop/pr107_03_bsc_05_02.thop
--outputfile         solutions/acothop*/pr107-thop/pr107_03_bsc_05_02_07.thop.sol
--tries              1
--tours              0
--ptries             3
--time               32.00
--seed               462018
--optimum            1
--ants               200
--nnants             20
--alpha              0.79
--beta               3.50
--rho                0.28
--q0                 0.00
--elitistants        0
--rasranks           0
--localsearch        0
--nnls               20
--dlb                1
--as                 0
--eas                0
--ras                0
--mmas               1
--bwas               0
--acs                0


begin try 0 
best     160739,        iteration:          1,        time       0.19
best     161604,        iteration:          2,        time       0.37
best     162762,        iteration:          3,        time       0.56
best     163672,        iteration:          6,        time       1.14
best     166225,        iteration:          9,        time       1.70
best     166365,        iteration:         14,        time       2.65
best     166518,        iteration:         15,        time       2.84
best     167014,        iteration:         16,        time       3.03
best     167027,        iteration:         25,        time       4.73
best     167285,        iteration:         40,        time       7.59
best     167300,        iteration:         44,        time       8.33
best     167461,        iteration:         46,        time       8.69
best     167513,        iteration:         48,        time       9.06
best     167704,        iteration:         50,        time       9.43
best     168123,        iteration:         55,        time      10.39
best     168124,        iteration:         58,        time      10.97
best     168841,        iteration:         59,        time      11.16
best     169114,        iteration:         66,        time      12.52
end try 0 


try          0,        best     169114,        found at iteration         66,        found at time      12.52
