Parameter-settings: 

--inputfile          instances/pr107-thop/pr107_05_bsc_05_02.thop
--outputfile         solutions/acothop*/pr107-thop/pr107_05_bsc_05_02_04.thop.sol
--tries              1
--tours              0
--ptries             3
--time               53.00
--seed               547617
--optimum            1
--ants               1000
--nnants             20
--alpha              0.88
--beta               4.39
--rho                0.72
--q0                 0.00
--elitistants        0
--rasranks           0
--localsearch        0
--nnls               20
--dlb                1
--as                 0
--eas                0
--ras                0
--mmas               1
--bwas               0
--acs                0


begin try 0 
best     266677,        iteration:          1,        time       1.68
best     273266,        iteration:          2,        time       3.36
best     275347,        iteration:          3,        time       5.03
best     275635,        iteration:          4,        time       6.72
best     276001,        iteration:          5,        time       8.45
best     276162,        iteration:          6,        time      10.13
end try 0 


try          0,        best     276162,        found at iteration          6,        found at time      10.13
