Parameter-settings: 

--inputfile          instances/pr107-thop/pr107_03_unc_10_02.thop
--outputfile         solutions/acothop*/pr107-thop/pr107_03_unc_10_02_00.thop.sol
--tries              1
--tours              0
--ptries             5
--time               32.00
--seed               269070
--optimum            1
--ants               200
--nnants             20
--alpha              0.78
--beta               3.31
--rho                0.74
--q0                 0.00
--elitistants        0
--rasranks           0
--localsearch        0
--nnls               20
--dlb                1
--as                 0
--eas                0
--ras                0
--mmas               1
--bwas               0
--acs                0


begin try 0 
best      87718,        iteration:          1,        time       0.33
best      90318,        iteration:          2,        time       0.67
best      96973,        iteration:          3,        time       1.02
best      97887,        iteration:          5,        time       1.72
best      98136,        iteration:          6,        time       2.08
best     100484,        iteration:          7,        time       2.43
best     101519,        iteration:          8,        time       2.78
best     103611,        iteration:          9,        time       3.14
best     103679,        iteration:         17,        time       5.99
best     103997,        iteration:         19,        time       6.71
best     104090,        iteration:         23,        time       8.15
best     105665,        iteration:         24,        time       8.51
best     105871,        iteration:         25,        time       8.86
best     106196,        iteration:         29,        time      10.30
best     106514,        iteration:         31,        time      11.02
best     106656,        iteration:         75,        time      26.80
best     106776,        iteration:         78,        time      27.87
best     106908,        iteration:         84,        time      30.05
best     107181,        iteration:         88,        time      31.48
end try 0 


try          0,        best     107181,        found at iteration         88,        found at time      31.48
