Parameter-settings: 

--inputfile          instances/pr107-thop/pr107_03_usw_01_01.thop
--outputfile         solutions/acothop*/pr107-thop/pr107_03_usw_01_01_09.thop.sol
--tries              1
--tours              0
--ptries             2
--time               32.00
--seed               756112
--optimum            1
--ants               20
--nnants             20
--alpha              0.84
--beta               3.73
--rho                0.62
--q0                 0.00
--elitistants        0
--rasranks           0
--localsearch        0
--nnls               20
--dlb                1
--as                 0
--eas                0
--ras                0
--mmas               1
--bwas               0
--acs                0


begin try 0 
best      16777,        iteration:          1,        time       0.02
best      17104,        iteration:          3,        time       0.06
best      18097,        iteration:          5,        time       0.09
best      18112,        iteration:         21,        time       0.38
best      18205,        iteration:         28,        time       0.50
best      18262,        iteration:         42,        time       0.76
best      18575,        iteration:         43,        time       0.78
best      18708,        iteration:         76,        time       1.38
best      18723,        iteration:         77,        time       1.39
best      19093,        iteration:         78,        time       1.41
best      19101,        iteration:        509,        time       9.14
best      19231,        iteration:        549,        time       9.86
best      19411,        iteration:        638,        time      11.39
best      19474,        iteration:        825,        time      14.76
best      19592,        iteration:        886,        time      15.86
end try 0 


try          0,        best      19592,        found at iteration        886,        found at time      15.86
