Parameter-settings: 

--inputfile          instances/pr107-thop/pr107_05_usw_05_02.thop
--outputfile         solutions/acothop*/pr107-thop/pr107_05_usw_05_02_00.thop.sol
--tries              1
--tours              0
--ptries             4
--time               53.00
--seed               269070
--optimum            1
--ants               200
--nnants             20
--alpha              0.88
--beta               2.75
--rho                0.88
--q0                 0.00
--elitistants        0
--rasranks           0
--localsearch        0
--nnls               20
--dlb                1
--as                 0
--eas                0
--ras                0
--mmas               1
--bwas               0
--acs                0


begin try 0 
best     123696,        iteration:          1,        time       0.44
best     125928,        iteration:          2,        time       0.88
best     128431,        iteration:          3,        time       1.32
best     129712,        iteration:          4,        time       1.74
best     131391,        iteration:          5,        time       2.17
best     132122,        iteration:          6,        time       2.62
best     133294,        iteration:          7,        time       3.07
best     134080,        iteration:          8,        time       3.51
best     134815,        iteration:          9,        time       3.95
best     135316,        iteration:         11,        time       4.84
best     135677,        iteration:         12,        time       5.29
best     137808,        iteration:         13,        time       5.73
best     138123,        iteration:         20,        time       8.87
best     138490,        iteration:         37,        time      16.48
best     138563,        iteration:         38,        time      16.94
best     138609,        iteration:         42,        time      18.75
best     138711,        iteration:         50,        time      22.34
end try 0 


try          0,        best     138711,        found at iteration         50,        found at time      22.34
