Parameter-settings: 

--inputfile          instances/pr107-thop/pr107_05_bsc_01_03.thop
--outputfile         solutions/acothop*/pr107-thop/pr107_05_bsc_01_03_03.thop.sol
--tries              1
--tours              0
--ptries             3
--time               53.00
--seed               644764
--optimum            1
--ants               1000
--nnants             20
--alpha              0.88
--beta               4.39
--rho                0.72
--q0                 0.00
--elitistants        0
--rasranks           0
--localsearch        0
--nnls               20
--dlb                1
--as                 0
--eas                0
--ras                0
--mmas               1
--bwas               0
--acs                0


begin try 0 
best      68728,        iteration:          1,        time       1.21
best      69862,        iteration:          2,        time       2.44
best      70279,        iteration:          3,        time       3.69
best      70650,        iteration:          6,        time       7.25
best      71307,        iteration:          9,        time      10.46
best      71538,        iteration:         10,        time      11.45
best      72110,        iteration:         12,        time      13.33
best      72173,        iteration:         13,        time      14.26
best      72256,        iteration:         14,        time      15.18
best      72442,        iteration:         23,        time      24.08
best      72594,        iteration:         24,        time      25.02
best      72756,        iteration:         25,        time      25.99
best      72882,        iteration:         29,        time      30.07
best      73202,        iteration:         47,        time      47.44
end try 0 


try          0,        best      73202,        found at iteration         47,        found at time      47.44
