Parameter-settings: 

--inputfile          instances/pr107-thop/pr107_05_unc_01_01.thop
--outputfile         solutions/acothop*/pr107-thop/pr107_05_unc_01_01_03.thop.sol
--tries              1
--tours              0
--ptries             1
--time               53.00
--seed               644764
--optimum            1
--ants               500
--nnants             20
--alpha              0.84
--beta               4.00
--rho                0.64
--q0                 0.00
--elitistants        0
--rasranks           0
--localsearch        0
--nnls               20
--dlb                1
--as                 0
--eas                0
--ras                0
--mmas               1
--bwas               0
--acs                0


begin try 0 
best      42092,        iteration:          1,        time       0.41
best      44162,        iteration:          2,        time       0.82
best      45068,        iteration:          8,        time       3.23
best      45209,        iteration:         13,        time       5.18
best      45350,        iteration:         54,        time      21.39
best      45707,        iteration:         62,        time      24.53
best      46227,        iteration:         91,        time      36.05
end try 0 


try          0,        best      46227,        found at iteration         91,        found at time      36.05
