Parameter-settings: 

--inputfile          instances/pr107-thop/pr107_10_unc_10_03.thop
--outputfile         solutions/acothop*/pr107-thop/pr107_10_unc_10_03_01.thop.sol
--tries              1
--tours              0
--ptries             1
--time               105.00
--seed               99470
--optimum            1
--ants               200
--nnants             20
--alpha              0.97
--beta               3.98
--rho                0.69
--q0                 0.00
--elitistants        0
--rasranks           0
--localsearch        0
--nnls               20
--dlb                1
--as                 0
--eas                0
--ras                0
--mmas               1
--bwas               0
--acs                0


begin try 0 
best     402623,        iteration:          1,        time       0.30
best     418159,        iteration:          3,        time       0.91
best     419550,        iteration:          4,        time       1.21
best     424773,        iteration:          5,        time       1.52
best     428965,        iteration:          6,        time       1.82
best     433437,        iteration:          8,        time       2.44
best     435310,        iteration:         11,        time       3.36
best     435375,        iteration:         12,        time       3.66
best     436905,        iteration:         13,        time       3.96
best     436916,        iteration:         16,        time       4.88
best     437046,        iteration:         18,        time       5.48
best     437269,        iteration:         25,        time       7.59
best     437291,        iteration:         30,        time       9.11
best     437726,        iteration:         32,        time       9.71
best     438616,        iteration:         33,        time      10.02
best     438894,        iteration:         34,        time      10.33
best     439173,        iteration:         42,        time      12.74
best     440373,        iteration:         73,        time      22.16
best     440398,        iteration:         75,        time      22.77
best     440892,        iteration:         85,        time      25.83
best     441716,        iteration:         86,        time      26.13
best     442024,        iteration:         87,        time      26.44
best     442037,        iteration:        104,        time      31.63
best     442474,        iteration:        106,        time      32.25
best     443004,        iteration:        107,        time      32.55
best     443242,        iteration:        115,        time      34.99
best     443280,        iteration:        117,        time      35.60
best     443305,        iteration:        118,        time      35.91
best     444427,        iteration:        132,        time      40.20
best     444666,        iteration:        134,        time      40.82
best     445185,        iteration:        141,        time      42.96
best     445847,        iteration:        143,        time      43.58
best     446393,        iteration:        149,        time      45.42
best     447925,        iteration:        150,        time      45.73
best     448292,        iteration:        161,        time      49.09
best     448551,        iteration:        162,        time      49.39
best     448571,        iteration:        164,        time      50.01
best     448697,        iteration:        172,        time      52.47
best     449411,        iteration:        173,        time      52.77
best     449946,        iteration:        174,        time      53.08
best     450638,        iteration:        175,        time      53.38
best     451006,        iteration:        177,        time      54.00
best     451071,        iteration:        178,        time      54.31
best     451126,        iteration:        179,        time      54.62
best     451136,        iteration:        192,        time      58.61
best     451382,        iteration:        194,        time      59.23
best     451631,        iteration:        195,        time      59.54
best     451677,        iteration:        197,        time      60.15
best     451678,        iteration:        213,        time      65.09
best     452697,        iteration:        231,        time      70.64
best     454355,        iteration:        237,        time      72.49
best     455169,        iteration:        238,        time      72.79
best     455300,        iteration:        239,        time      73.10
best     455380,        iteration:        240,        time      73.40
best     455557,        iteration:        241,        time      73.69
best     455683,        iteration:        244,        time      74.61
best     455727,        iteration:        246,        time      75.22
best     455753,        iteration:        248,        time      75.84
best     455754,        iteration:        307,        time      93.95
end try 0 


try          0,        best     455754,        found at iteration        307,        found at time      93.95
