Parameter-settings: 

--inputfile          instances/pr107-thop/pr107_05_unc_10_02.thop
--outputfile         solutions/acothop*/pr107-thop/pr107_05_unc_10_02_01.thop.sol
--tries              1
--tours              0
--ptries             1
--time               53.00
--seed               99470
--optimum            1
--ants               500
--nnants             20
--alpha              0.84
--beta               4.00
--rho                0.64
--q0                 0.00
--elitistants        0
--rasranks           0
--localsearch        0
--nnls               20
--dlb                1
--as                 0
--eas                0
--ras                0
--mmas               1
--bwas               0
--acs                0


begin try 0 
best     146854,        iteration:          1,        time       0.60
best     156377,        iteration:          2,        time       1.20
best     160498,        iteration:          3,        time       1.82
best     164965,        iteration:          4,        time       2.43
best     168591,        iteration:          7,        time       4.28
best     169692,        iteration:          8,        time       4.91
best     171486,        iteration:          9,        time       5.55
best     171947,        iteration:         10,        time       6.19
best     175434,        iteration:         11,        time       6.84
best     175630,        iteration:         12,        time       7.49
best     177796,        iteration:         19,        time      12.06
best     178301,        iteration:         34,        time      21.72
best     178328,        iteration:         48,        time      30.71
best     178799,        iteration:         52,        time      33.29
end try 0 


try          0,        best     178799,        found at iteration         52,        found at time      33.29
