Parameter-settings: 

--inputfile          instances/pr107-thop/pr107_03_usw_10_01.thop
--outputfile         solutions/acothop*/pr107-thop/pr107_03_usw_10_01_08.thop.sol
--tries              1
--tours              0
--ptries             2
--time               32.00
--seed               858990
--optimum            1
--ants               20
--nnants             20
--alpha              0.84
--beta               3.73
--rho                0.62
--q0                 0.00
--elitistants        0
--rasranks           0
--localsearch        0
--nnls               20
--dlb                1
--as                 0
--eas                0
--ras                0
--mmas               1
--bwas               0
--acs                0


begin try 0 
best      81847,        iteration:          1,        time       0.03
best      82259,        iteration:          4,        time       0.10
best      83081,        iteration:          6,        time       0.15
best      83591,        iteration:          9,        time       0.22
best      83647,        iteration:         10,        time       0.25
best      84261,        iteration:         11,        time       0.27
best      84316,        iteration:         14,        time       0.35
best      84448,        iteration:         15,        time       0.37
best      85647,        iteration:         27,        time       0.68
best      87221,        iteration:         29,        time       0.73
best      87228,        iteration:        256,        time       6.34
best      87345,        iteration:        319,        time       7.85
best      87638,        iteration:        428,        time      10.53
best      88016,        iteration:        575,        time      14.14
best      88650,        iteration:        627,        time      15.38
best      88780,        iteration:        680,        time      16.64
best      89324,        iteration:        748,        time      18.27
end try 0 


try          0,        best      89324,        found at iteration        748,        found at time      18.27
