Parameter-settings: 

--inputfile          instances/pr107-thop/pr107_10_usw_05_03.thop
--outputfile         solutions/acothop*/pr107-thop/pr107_10_usw_05_03_04.thop.sol
--tries              1
--tours              0
--ptries             1
--time               105.00
--seed               547617
--optimum            1
--ants               200
--nnants             20
--alpha              0.83
--beta               3.76
--rho                0.49
--q0                 0.00
--elitistants        0
--rasranks           0
--localsearch        0
--nnls               20
--dlb                1
--as                 0
--eas                0
--ras                0
--mmas               1
--bwas               0
--acs                0


begin try 0 
best     292310,        iteration:          1,        time       0.25
best     293960,        iteration:          3,        time       0.76
best     294570,        iteration:          5,        time       1.26
best     302534,        iteration:          6,        time       1.52
best     303858,        iteration:          7,        time       1.77
best     306099,        iteration:         10,        time       2.52
best     309937,        iteration:         11,        time       2.76
best     310034,        iteration:         46,        time      11.28
best     310246,        iteration:         52,        time      12.73
best     310720,        iteration:         70,        time      17.12
best     310994,        iteration:         75,        time      18.34
best     311971,        iteration:        105,        time      25.66
best     312290,        iteration:        108,        time      26.38
best     312344,        iteration:        130,        time      31.61
best     312407,        iteration:        136,        time      33.05
best     312665,        iteration:        137,        time      33.28
best     315395,        iteration:        157,        time      38.17
end try 0 


try          0,        best     315395,        found at iteration        157,        found at time      38.17
