Parameter-settings: 

--inputfile          instances/pr107-thop/pr107_05_bsc_10_02.thop
--outputfile         solutions/acothop*/pr107-thop/pr107_05_bsc_10_02_04.thop.sol
--tries              1
--tours              0
--ptries             3
--time               53.00
--seed               547617
--optimum            1
--ants               1000
--nnants             20
--alpha              0.88
--beta               4.39
--rho                0.72
--q0                 0.00
--elitistants        0
--rasranks           0
--localsearch        0
--nnls               20
--dlb                1
--as                 0
--eas                0
--ras                0
--mmas               1
--bwas               0
--acs                0


begin try 0 
best     371289,        iteration:          1,        time       1.81
best     381525,        iteration:          2,        time       3.66
best     383449,        iteration:          4,        time       7.34
best     385963,        iteration:          6,        time      10.93
best     386027,        iteration:         12,        time      22.13
best     386845,        iteration:         13,        time      23.98
best     387843,        iteration:         17,        time      31.47
best     388973,        iteration:         18,        time      33.37
best     390063,        iteration:         19,        time      35.25
end try 0 


try          0,        best     390063,        found at iteration         19,        found at time      35.25
