Parameter-settings: 

--inputfile          instances/pr107-thop/pr107_10_usw_10_02.thop
--outputfile         solutions/acothop*/pr107-thop/pr107_10_usw_10_02_06.thop.sol
--tries              1
--tours              0
--ptries             1
--time               105.00
--seed               73456
--optimum            1
--ants               200
--nnants             20
--alpha              0.83
--beta               3.76
--rho                0.49
--q0                 0.00
--elitistants        0
--rasranks           0
--localsearch        0
--nnls               20
--dlb                1
--as                 0
--eas                0
--ras                0
--mmas               1
--bwas               0
--acs                0


begin try 0 
best     302412,        iteration:          1,        time       0.25
best     312940,        iteration:          2,        time       0.49
best     313873,        iteration:          4,        time       0.97
best     317412,        iteration:         11,        time       2.70
best     317707,        iteration:         13,        time       3.20
best     320620,        iteration:         16,        time       3.94
best     321203,        iteration:         17,        time       4.19
best     322556,        iteration:         18,        time       4.45
best     322579,        iteration:         19,        time       4.71
best     324159,        iteration:         21,        time       5.21
best     325844,        iteration:         22,        time       5.46
best     325996,        iteration:         23,        time       5.70
best     326748,        iteration:         24,        time       5.94
best     328334,        iteration:         25,        time       6.18
best     331570,        iteration:         29,        time       7.17
best     332534,        iteration:         31,        time       7.67
best     332883,        iteration:         56,        time      14.06
best     333373,        iteration:         59,        time      14.84
best     334485,        iteration:         61,        time      15.36
best     334658,        iteration:         63,        time      15.87
best     337124,        iteration:         64,        time      16.13
best     337349,        iteration:         70,        time      17.66
best     340455,        iteration:        100,        time      25.33
best     340922,        iteration:        101,        time      25.59
best     349230,        iteration:        136,        time      34.57
best     349529,        iteration:        385,        time      98.39
best     349803,        iteration:        386,        time      98.64
best     350024,        iteration:        387,        time      98.89
end try 0 


try          0,        best     350024,        found at iteration        387,        found at time      98.89
