Parameter-settings: 

--inputfile          instances/pr107-thop/pr107_10_bsc_01_02.thop
--outputfile         solutions/acothop*/pr107-thop/pr107_10_bsc_01_02_04.thop.sol
--tries              1
--tours              0
--ptries             5
--time               105.00
--seed               547617
--optimum            1
--ants               200
--nnants             20
--alpha              0.75
--beta               3.36
--rho                0.70
--q0                 0.00
--elitistants        0
--rasranks           0
--localsearch        0
--nnls               20
--dlb                1
--as                 0
--eas                0
--ras                0
--mmas               1
--bwas               0
--acs                0


begin try 0 
best     121950,        iteration:          1,        time       0.87
best     122437,        iteration:          3,        time       2.60
best     122580,        iteration:          4,        time       3.50
best     123749,        iteration:          5,        time       4.38
best     124742,        iteration:          7,        time       6.08
best     124957,        iteration:          8,        time       6.89
best     126087,        iteration:         16,        time      13.47
best     126751,        iteration:         26,        time      21.79
best     127136,        iteration:         29,        time      24.22
best     127792,        iteration:         45,        time      37.24
end try 0 


try          0,        best     127792,        found at iteration         45,        found at time      37.24
