Parameter-settings: 

--inputfile          instances/pr107-thop/pr107_03_usw_01_01.thop
--outputfile         solutions/acothop*/pr107-thop/pr107_03_usw_01_01_03.thop.sol
--tries              1
--tours              0
--ptries             2
--time               32.00
--seed               644764
--optimum            1
--ants               20
--nnants             20
--alpha              0.84
--beta               3.73
--rho                0.62
--q0                 0.00
--elitistants        0
--rasranks           0
--localsearch        0
--nnls               20
--dlb                1
--as                 0
--eas                0
--ras                0
--mmas               1
--bwas               0
--acs                0


begin try 0 
best      17436,        iteration:          1,        time       0.02
best      17561,        iteration:          3,        time       0.06
best      18601,        iteration:          5,        time       0.09
best      18749,        iteration:         11,        time       0.20
best      19058,        iteration:         19,        time       0.35
best      19094,        iteration:        100,        time       1.84
best      19264,        iteration:        224,        time       4.10
best      19592,        iteration:        282,        time       5.12
end try 0 


try          0,        best      19592,        found at iteration        282,        found at time       5.12
