Parameter-settings: 

--inputfile          instances/pr107-thop/pr107_10_usw_10_02.thop
--outputfile         solutions/acothop*/pr107-thop/pr107_10_usw_10_02_09.thop.sol
--tries              1
--tours              0
--ptries             1
--time               105.00
--seed               756112
--optimum            1
--ants               200
--nnants             20
--alpha              0.83
--beta               3.76
--rho                0.49
--q0                 0.00
--elitistants        0
--rasranks           0
--localsearch        0
--nnls               20
--dlb                1
--as                 0
--eas                0
--ras                0
--mmas               1
--bwas               0
--acs                0


begin try 0 
best     295751,        iteration:          1,        time       0.24
best     314795,        iteration:          2,        time       0.49
best     318846,        iteration:          4,        time       0.98
best     324504,        iteration:          8,        time       1.96
best     336888,        iteration:          9,        time       2.21
best     338845,        iteration:         14,        time       3.42
best     341863,        iteration:         15,        time       3.67
best     341983,        iteration:         20,        time       4.89
best     341989,        iteration:         21,        time       5.13
best     342756,        iteration:         22,        time       5.37
best     345837,        iteration:         31,        time       7.59
best     346455,        iteration:         45,        time      11.10
best     347755,        iteration:         62,        time      15.38
best     354027,        iteration:         65,        time      16.13
end try 0 


try          0,        best     354027,        found at iteration         65,        found at time      16.13
