Parameter-settings: 

--inputfile          instances/pr107-thop/pr107_03_usw_01_01.thop
--outputfile         solutions/acothop*/pr107-thop/pr107_03_usw_01_01_00.thop.sol
--tries              1
--tours              0
--ptries             2
--time               32.00
--seed               269070
--optimum            1
--ants               20
--nnants             20
--alpha              0.84
--beta               3.73
--rho                0.62
--q0                 0.00
--elitistants        0
--rasranks           0
--localsearch        0
--nnls               20
--dlb                1
--as                 0
--eas                0
--ras                0
--mmas               1
--bwas               0
--acs                0


begin try 0 
best      16429,        iteration:          1,        time       0.02
best      17011,        iteration:          2,        time       0.04
best      17335,        iteration:          6,        time       0.11
best      17567,        iteration:          8,        time       0.15
best      17577,        iteration:         10,        time       0.19
best      18155,        iteration:         13,        time       0.24
best      18177,        iteration:         43,        time       0.78
best      18615,        iteration:         49,        time       0.89
best      18815,        iteration:         50,        time       0.91
best      19063,        iteration:         54,        time       0.98
best      19079,        iteration:         58,        time       1.06
best      19274,        iteration:        295,        time       5.41
best      19436,        iteration:        645,        time      11.77
best      19592,        iteration:       1027,        time      18.75
end try 0 


try          0,        best      19592,        found at iteration       1027,        found at time      18.75
