Parameter-settings: 

--inputfile          instances/pr107-thop/pr107_03_bsc_05_01.thop
--outputfile         solutions/acothop*/pr107-thop/pr107_03_bsc_05_01_04.thop.sol
--tries              1
--tours              0
--ptries             3
--time               32.00
--seed               547617
--optimum            1
--ants               200
--nnants             20
--alpha              0.79
--beta               3.50
--rho                0.28
--q0                 0.00
--elitistants        0
--rasranks           0
--localsearch        0
--nnls               20
--dlb                1
--as                 0
--eas                0
--ras                0
--mmas               1
--bwas               0
--acs                0


begin try 0 
best     126062,        iteration:          1,        time       0.16
best     132095,        iteration:          2,        time       0.32
best     134547,        iteration:          3,        time       0.49
best     135012,        iteration:          8,        time       1.31
best     135360,        iteration:          9,        time       1.48
best     135451,        iteration:         13,        time       2.14
best     136296,        iteration:         14,        time       2.31
best     138054,        iteration:         16,        time       2.64
best     138431,        iteration:         68,        time      11.18
best     138640,        iteration:         70,        time      11.52
best     139068,        iteration:         78,        time      12.89
best     139401,        iteration:        106,        time      17.44
best     139953,        iteration:        157,        time      26.05
end try 0 


try          0,        best     139953,        found at iteration        157,        found at time      26.05
