Parameter-settings: 

--inputfile          instances/pr107-thop/pr107_03_unc_10_01.thop
--outputfile         solutions/acothop*/pr107-thop/pr107_03_unc_10_01_01.thop.sol
--tries              1
--tours              0
--ptries             5
--time               32.00
--seed               99470
--optimum            1
--ants               200
--nnants             20
--alpha              0.78
--beta               3.31
--rho                0.74
--q0                 0.00
--elitistants        0
--rasranks           0
--localsearch        0
--nnls               20
--dlb                1
--as                 0
--eas                0
--ras                0
--mmas               1
--bwas               0
--acs                0


begin try 0 
best      69141,        iteration:          1,        time       0.25
best      73661,        iteration:          2,        time       0.51
best      76513,        iteration:          4,        time       1.04
best      78527,        iteration:          5,        time       1.32
best      79210,        iteration:          9,        time       2.40
best      79350,        iteration:         20,        time       5.42
best      79760,        iteration:         37,        time      10.02
best      79801,        iteration:         46,        time      12.47
best      80416,        iteration:         61,        time      16.54
best      80629,        iteration:         62,        time      16.81
best      80675,        iteration:         68,        time      18.48
best      80834,        iteration:         82,        time      22.41
best      80896,        iteration:         87,        time      23.79
best      81054,        iteration:        101,        time      27.64
best      81319,        iteration:        103,        time      28.19
end try 0 


try          0,        best      81319,        found at iteration        103,        found at time      28.19
