Parameter-settings: 

--inputfile          instances/pr107-thop/pr107_10_bsc_01_03.thop
--outputfile         solutions/acothop*/pr107-thop/pr107_10_bsc_01_03_05.thop.sol
--tries              1
--tours              0
--ptries             5
--time               105.00
--seed               642580
--optimum            1
--ants               200
--nnants             20
--alpha              0.75
--beta               3.36
--rho                0.70
--q0                 0.00
--elitistants        0
--rasranks           0
--localsearch        0
--nnls               20
--dlb                1
--as                 0
--eas                0
--ras                0
--mmas               1
--bwas               0
--acs                0


begin try 0 
best     131133,        iteration:          1,        time       0.95
best     132170,        iteration:          2,        time       1.84
best     136301,        iteration:          3,        time       2.77
best     136956,        iteration:          4,        time       3.71
best     138323,        iteration:          6,        time       5.48
best     139816,        iteration:          8,        time       7.18
best     140697,        iteration:         12,        time      10.49
best     141181,        iteration:         13,        time      11.31
best     141921,        iteration:         14,        time      12.13
best     142104,        iteration:         16,        time      13.79
best     142995,        iteration:         17,        time      14.63
end try 0 


try          0,        best     142995,        found at iteration         17,        found at time      14.63
