Parameter-settings: 

--inputfile          instances/pr107-thop/pr107_10_usw_01_03.thop
--outputfile         solutions/acothop*/pr107-thop/pr107_10_usw_01_03_06.thop.sol
--tries              1
--tours              0
--ptries             1
--time               105.00
--seed               73456
--optimum            1
--ants               200
--nnants             20
--alpha              0.83
--beta               3.76
--rho                0.49
--q0                 0.00
--elitistants        0
--rasranks           0
--localsearch        0
--nnls               20
--dlb                1
--as                 0
--eas                0
--ras                0
--mmas               1
--bwas               0
--acs                0


begin try 0 
best      84001,        iteration:          1,        time       0.16
best      85250,        iteration:          2,        time       0.31
best      85840,        iteration:         11,        time       1.67
best      86288,        iteration:         41,        time       6.29
best      86477,        iteration:         42,        time       6.44
best      86684,        iteration:         44,        time       6.74
best      86970,        iteration:         55,        time       8.16
best      87079,        iteration:         69,        time      10.01
best      87129,        iteration:         70,        time      10.13
best      87180,        iteration:         76,        time      10.88
best      87239,        iteration:        699,        time      91.61
end try 0 


try          0,        best      87239,        found at iteration        699,        found at time      91.61
