Parameter-settings: 

--inputfile          instances/pr107-thop/pr107_05_usw_10_02.thop
--outputfile         solutions/acothop*/pr107-thop/pr107_05_usw_10_02_02.thop.sol
--tries              1
--tours              0
--ptries             4
--time               53.00
--seed               126489
--optimum            1
--ants               200
--nnants             20
--alpha              0.88
--beta               2.75
--rho                0.88
--q0                 0.00
--elitistants        0
--rasranks           0
--localsearch        0
--nnls               20
--dlb                1
--as                 0
--eas                0
--ras                0
--mmas               1
--bwas               0
--acs                0


begin try 0 
best     152905,        iteration:          1,        time       0.45
best     153851,        iteration:          4,        time       1.83
best     157581,        iteration:          5,        time       2.30
best     158819,        iteration:          6,        time       2.76
best     164226,        iteration:          7,        time       3.23
best     165001,        iteration:          8,        time       3.68
best     169289,        iteration:          9,        time       4.15
best     171565,        iteration:         10,        time       4.61
best     173675,        iteration:         12,        time       5.54
best     173712,        iteration:         16,        time       7.41
best     173996,        iteration:         19,        time       8.80
best     174517,        iteration:         20,        time       9.27
best     174653,        iteration:         22,        time      10.21
best     176178,        iteration:         25,        time      11.61
best     176449,        iteration:         80,        time      37.53
best     176519,        iteration:         83,        time      38.96
best     176794,        iteration:         86,        time      40.39
best     176820,        iteration:         95,        time      44.64
best     176946,        iteration:         99,        time      46.55
best     177772,        iteration:        100,        time      47.01
end try 0 


try          0,        best     177772,        found at iteration        100,        found at time      47.01
