Parameter-settings: 

--inputfile          instances/pr107-thop/pr107_03_bsc_10_01.thop
--outputfile         solutions/acothop*/pr107-thop/pr107_03_bsc_10_01_09.thop.sol
--tries              1
--tours              0
--ptries             3
--time               32.00
--seed               756112
--optimum            1
--ants               200
--nnants             20
--alpha              0.79
--beta               3.50
--rho                0.28
--q0                 0.00
--elitistants        0
--rasranks           0
--localsearch        0
--nnls               20
--dlb                1
--as                 0
--eas                0
--ras                0
--mmas               1
--bwas               0
--acs                0


begin try 0 
best     197194,        iteration:          1,        time       0.16
best     198628,        iteration:          6,        time       1.01
best     203335,        iteration:         16,        time       2.74
best     204299,        iteration:         17,        time       2.91
best     204568,        iteration:         39,        time       6.73
best     205060,        iteration:         42,        time       7.25
best     205397,        iteration:         57,        time       9.90
best     206307,        iteration:         60,        time      10.44
best     206539,        iteration:        110,        time      19.33
best     207222,        iteration:        113,        time      19.87
best     207991,        iteration:        115,        time      20.23
best     208551,        iteration:        117,        time      20.58
best     209399,        iteration:        138,        time      24.36
best     209952,        iteration:        158,        time      27.98
end try 0 


try          0,        best     209952,        found at iteration        158,        found at time      27.98
