Parameter-settings: 

--inputfile          instances/pr107-thop/pr107_10_unc_01_03.thop
--outputfile         solutions/acothop*/pr107-thop/pr107_10_unc_01_03_02.thop.sol
--tries              1
--tours              0
--ptries             1
--time               105.00
--seed               126489
--optimum            1
--ants               200
--nnants             20
--alpha              0.97
--beta               3.98
--rho                0.69
--q0                 0.00
--elitistants        0
--rasranks           0
--localsearch        0
--nnls               20
--dlb                1
--as                 0
--eas                0
--ras                0
--mmas               1
--bwas               0
--acs                0


begin try 0 
best     144611,        iteration:          1,        time       0.21
best     144832,        iteration:          2,        time       0.43
best     146403,        iteration:          7,        time       1.41
best     146760,        iteration:          8,        time       1.58
best     147571,        iteration:          9,        time       1.77
best     148022,        iteration:         10,        time       1.95
best     148619,        iteration:         11,        time       2.12
best     148698,        iteration:         16,        time       2.98
best     148744,        iteration:         18,        time       3.33
best     149674,        iteration:         20,        time       3.65
best     150333,        iteration:         23,        time       4.14
best     150464,        iteration:         24,        time       4.31
best     151385,        iteration:         25,        time       4.48
best     152278,        iteration:         32,        time       5.69
best     152324,        iteration:         41,        time       7.22
best     152407,        iteration:         49,        time       8.56
best     152588,        iteration:         73,        time      12.40
best     152920,        iteration:         86,        time      14.50
best     153014,        iteration:         90,        time      15.13
best     153418,        iteration:        228,        time      38.10
best     153479,        iteration:        234,        time      39.09
best     154723,        iteration:        239,        time      39.90
best     154874,        iteration:        242,        time      40.41
end try 0 


try          0,        best     154874,        found at iteration        242,        found at time      40.41
