Parameter-settings: 

--inputfile          instances/pr107-thop/pr107_01_bsc_10_03.thop
--outputfile         solutions/acothop*/pr107-thop/pr107_01_bsc_10_03_02.thop.sol
--tries              1
--tours              0
--ptries             5
--time               11.00
--seed               126489
--optimum            1
--ants               200
--nnants             20
--alpha              0.84
--beta               3.91
--rho                0.94
--q0                 0.00
--elitistants        0
--rasranks           0
--localsearch        0
--nnls               20
--dlb                1
--as                 0
--eas                0
--ras                0
--mmas               1
--bwas               0
--acs                0


begin try 0 
best      91299,        iteration:          1,        time       0.23
best      91701,        iteration:          2,        time       0.45
best      92454,        iteration:          3,        time       0.68
best      92520,        iteration:          5,        time       1.13
best      92682,        iteration:          7,        time       1.57
best      93003,        iteration:          8,        time       1.80
best      93153,        iteration:         19,        time       4.28
best      93207,        iteration:         24,        time       5.44
best      93247,        iteration:         28,        time       6.35
best      93394,        iteration:         29,        time       6.58
best      94050,        iteration:         47,        time      10.62
best      94054,        iteration:         48,        time      10.85
best      94386,        iteration:         49,        time      11.00
end try 0 


try          0,        best      94386,        found at iteration         49,        found at time      11.00
