Parameter-settings: 

--inputfile          instances/pr107-thop/pr107_03_unc_01_02.thop
--outputfile         solutions/acothop*/pr107-thop/pr107_03_unc_01_02_09.thop.sol
--tries              1
--tours              0
--ptries             5
--time               32.00
--seed               756112
--optimum            1
--ants               200
--nnants             20
--alpha              0.78
--beta               3.31
--rho                0.74
--q0                 0.00
--elitistants        0
--rasranks           0
--localsearch        0
--nnls               20
--dlb                1
--as                 0
--eas                0
--ras                0
--mmas               1
--bwas               0
--acs                0


begin try 0 
best      36564,        iteration:          1,        time       0.23
best      37109,        iteration:          2,        time       0.47
best      38613,        iteration:          3,        time       0.71
best      39210,        iteration:          4,        time       0.96
best      39779,        iteration:          5,        time       1.23
best      40337,        iteration:          6,        time       1.48
best      40444,        iteration:         10,        time       2.47
best      40575,        iteration:         12,        time       3.00
best      40986,        iteration:         13,        time       3.25
best      41614,        iteration:         14,        time       3.51
best      41727,        iteration:         29,        time       7.29
best      41812,        iteration:         95,        time      24.09
best      42083,        iteration:        114,        time      28.89
best      42128,        iteration:        127,        time      32.24
end try 0 


try          0,        best      42128,        found at iteration        127,        found at time      32.24
