Parameter-settings: 

--inputfile          instances/pr107-thop/pr107_01_unc_01_02.thop
--outputfile         solutions/acothop*/pr107-thop/pr107_01_unc_01_02_00.thop.sol
--tries              1
--tours              0
--ptries             2
--time               11.00
--seed               269070
--optimum            1
--ants               100
--nnants             20
--alpha              1.11
--beta               3.16
--rho                0.67
--q0                 0.00
--elitistants        0
--rasranks           0
--localsearch        0
--nnls               20
--dlb                1
--as                 0
--eas                0
--ras                0
--mmas               1
--bwas               0
--acs                0


begin try 0 
best      10155,        iteration:          1,        time       0.03
best      10477,        iteration:          2,        time       0.07
best      11017,        iteration:          4,        time       0.13
best      12020,        iteration:          5,        time       0.17
best      12091,        iteration:         31,        time       1.01
end try 0 


try          0,        best      12091,        found at iteration         31,        found at time       1.01
