Parameter-settings: 

--inputfile          instances/pr107-thop/pr107_10_usw_01_02.thop
--outputfile         solutions/acothop*/pr107-thop/pr107_10_usw_01_02_07.thop.sol
--tries              1
--tours              0
--ptries             1
--time               105.00
--seed               462018
--optimum            1
--ants               200
--nnants             20
--alpha              0.83
--beta               3.76
--rho                0.49
--q0                 0.00
--elitistants        0
--rasranks           0
--localsearch        0
--nnls               20
--dlb                1
--as                 0
--eas                0
--ras                0
--mmas               1
--bwas               0
--acs                0


begin try 0 
best      78482,        iteration:          1,        time       0.16
best      78833,        iteration:          3,        time       0.46
best      79477,        iteration:          4,        time       0.61
best      79790,        iteration:         10,        time       1.46
best      80399,        iteration:         12,        time       1.72
best      80543,        iteration:         13,        time       1.85
best      80585,        iteration:         16,        time       2.24
best      80871,        iteration:         25,        time       3.34
best      81546,        iteration:         28,        time       3.72
best      81711,        iteration:         33,        time       4.35
best      81724,        iteration:         36,        time       4.73
best      82001,        iteration:         70,        time       9.02
best      82176,        iteration:         72,        time       9.28
best      82280,        iteration:         95,        time      12.25
best      82352,        iteration:        136,        time      17.40
end try 0 


try          0,        best      82352,        found at iteration        136,        found at time      17.40
