Parameter-settings: 

--inputfile          instances/pr107-thop/pr107_01_bsc_05_02.thop
--outputfile         solutions/acothop*/pr107-thop/pr107_01_bsc_05_02_09.thop.sol
--tries              1
--tours              0
--ptries             5
--time               11.00
--seed               756112
--optimum            1
--ants               200
--nnants             20
--alpha              0.84
--beta               3.91
--rho                0.94
--q0                 0.00
--elitistants        0
--rasranks           0
--localsearch        0
--nnls               20
--dlb                1
--as                 0
--eas                0
--ras                0
--mmas               1
--bwas               0
--acs                0


begin try 0 
best      51117,        iteration:          1,        time       0.19
best      51661,        iteration:          2,        time       0.36
best      51850,        iteration:          3,        time       0.56
best      51905,        iteration:          5,        time       0.94
best      51962,        iteration:          8,        time       1.52
best      51999,        iteration:         12,        time       2.30
best      52052,        iteration:         17,        time       3.25
best      52254,        iteration:         18,        time       3.45
best      52355,        iteration:         19,        time       3.64
best      52503,        iteration:         20,        time       3.83
best      52542,        iteration:         24,        time       4.57
best      52656,        iteration:         25,        time       4.76
end try 0 


try          0,        best      52656,        found at iteration         25,        found at time       4.76
