Parameter-settings: 

--inputfile          instances/pr107-thop/pr107_05_usw_01_03.thop
--outputfile         solutions/acothop*/pr107-thop/pr107_05_usw_01_03_06.thop.sol
--tries              1
--tours              0
--ptries             4
--time               53.00
--seed               73456
--optimum            1
--ants               200
--nnants             20
--alpha              0.88
--beta               2.75
--rho                0.88
--q0                 0.00
--elitistants        0
--rasranks           0
--localsearch        0
--nnls               20
--dlb                1
--as                 0
--eas                0
--ras                0
--mmas               1
--bwas               0
--acs                0


begin try 0 
best      39379,        iteration:          1,        time       0.30
best      40845,        iteration:          2,        time       0.60
best      41180,        iteration:          3,        time       0.89
best      42190,        iteration:          4,        time       1.14
best      42245,        iteration:          6,        time       1.62
best      42300,        iteration:          7,        time       1.85
best      42722,        iteration:          8,        time       2.08
best      42742,        iteration:          9,        time       2.33
best      42855,        iteration:         15,        time       3.76
best      42880,        iteration:         25,        time       6.08
best      42958,        iteration:         29,        time       7.04
best      43003,        iteration:        219,        time      50.54
end try 0 


try          0,        best      43003,        found at iteration        219,        found at time      50.54
