Parameter-settings: 

--inputfile          instances/pr107-thop/pr107_05_bsc_10_03.thop
--outputfile         solutions/acothop*/pr107-thop/pr107_05_bsc_10_03_09.thop.sol
--tries              1
--tours              0
--ptries             3
--time               53.00
--seed               756112
--optimum            1
--ants               1000
--nnants             20
--alpha              0.88
--beta               4.39
--rho                0.72
--q0                 0.00
--elitistants        0
--rasranks           0
--localsearch        0
--nnls               20
--dlb                1
--as                 0
--eas                0
--ras                0
--mmas               1
--bwas               0
--acs                0


begin try 0 
best     438709,        iteration:          1,        time       2.00
best     447117,        iteration:          2,        time       4.02
best     454779,        iteration:          3,        time       6.02
best     459888,        iteration:          4,        time       8.04
best     460266,        iteration:          5,        time      10.05
best     462508,        iteration:          6,        time      12.05
best     464793,        iteration:          7,        time      14.08
best     466739,        iteration:          8,        time      16.10
best     468135,        iteration:          9,        time      18.13
best     468559,        iteration:         11,        time      22.18
best     468795,        iteration:         14,        time      28.29
best     469003,        iteration:         18,        time      36.44
best     469612,        iteration:         23,        time      46.61
best     469703,        iteration:         24,        time      48.63
best     470698,        iteration:         26,        time      52.71
end try 0 


try          0,        best     470698,        found at iteration         26,        found at time      52.71
