Parameter-settings: 

--inputfile          instances/pr107-thop/pr107_05_bsc_01_01.thop
--outputfile         solutions/acothop*/pr107-thop/pr107_05_bsc_01_01_00.thop.sol
--tries              1
--tours              0
--ptries             3
--time               53.00
--seed               269070
--optimum            1
--ants               1000
--nnants             20
--alpha              0.88
--beta               4.39
--rho                0.72
--q0                 0.00
--elitistants        0
--rasranks           0
--localsearch        0
--nnls               20
--dlb                1
--as                 0
--eas                0
--ras                0
--mmas               1
--bwas               0
--acs                0


begin try 0 
best      59889,        iteration:          1,        time       1.11
best      59899,        iteration:          2,        time       2.27
best      60304,        iteration:          3,        time       3.43
best      60446,        iteration:          6,        time       6.90
best      61450,        iteration:          7,        time       8.03
best      61457,        iteration:          8,        time       9.15
best      61894,        iteration:          9,        time      10.25
best      62019,        iteration:         10,        time      11.29
best      62027,        iteration:         13,        time      14.58
best      62093,        iteration:         20,        time      22.26
best      62169,        iteration:         38,        time      41.84
end try 0 


try          0,        best      62169,        found at iteration         38,        found at time      41.84
