Parameter-settings: 

--inputfile          instances/pr107-thop/pr107_05_usw_10_02.thop
--outputfile         solutions/acothop*/pr107-thop/pr107_05_usw_10_02_03.thop.sol
--tries              1
--tours              0
--ptries             4
--time               53.00
--seed               644764
--optimum            1
--ants               200
--nnants             20
--alpha              0.88
--beta               2.75
--rho                0.88
--q0                 0.00
--elitistants        0
--rasranks           0
--localsearch        0
--nnls               20
--dlb                1
--as                 0
--eas                0
--ras                0
--mmas               1
--bwas               0
--acs                0


begin try 0 
best     152845,        iteration:          1,        time       0.45
best     154981,        iteration:          2,        time       0.91
best     158688,        iteration:          3,        time       1.37
best     160678,        iteration:          4,        time       1.82
best     164273,        iteration:          5,        time       2.28
best     164903,        iteration:          6,        time       2.75
best     165436,        iteration:          7,        time       3.21
best     165663,        iteration:          8,        time       3.67
best     166150,        iteration:          9,        time       4.14
best     166662,        iteration:         15,        time       6.93
best     167221,        iteration:         20,        time       9.24
best     169740,        iteration:         21,        time       9.71
best     172509,        iteration:         23,        time      10.62
best     174230,        iteration:         25,        time      11.53
best     175448,        iteration:         46,        time      21.16
best     177160,        iteration:         47,        time      21.62
best     177770,        iteration:         95,        time      44.30
end try 0 


try          0,        best     177770,        found at iteration         95,        found at time      44.30
