Parameter-settings: 

--inputfile          instances/pr107-thop/pr107_03_bsc_10_02.thop
--outputfile         solutions/acothop*/pr107-thop/pr107_03_bsc_10_02_06.thop.sol
--tries              1
--tours              0
--ptries             3
--time               32.00
--seed               73456
--optimum            1
--ants               200
--nnants             20
--alpha              0.79
--beta               3.50
--rho                0.28
--q0                 0.00
--elitistants        0
--rasranks           0
--localsearch        0
--nnls               20
--dlb                1
--as                 0
--eas                0
--ras                0
--mmas               1
--bwas               0
--acs                0


begin try 0 
best     223460,        iteration:          1,        time       0.21
best     227693,        iteration:          2,        time       0.41
best     228746,        iteration:          5,        time       1.02
best     234097,        iteration:          7,        time       1.43
best     236737,        iteration:          9,        time       1.85
best     244209,        iteration:         11,        time       2.26
best     244884,        iteration:         14,        time       2.89
best     244994,        iteration:         22,        time       4.56
best     246631,        iteration:         24,        time       4.97
best     248032,        iteration:         28,        time       5.80
best     250843,        iteration:         63,        time      13.03
end try 0 


try          0,        best     250843,        found at iteration         63,        found at time      13.03
