Parameter-settings: 

--inputfile          instances/pr107-thop/pr107_01_bsc_01_02.thop
--outputfile         solutions/acothop*/pr107-thop/pr107_01_bsc_01_02_01.thop.sol
--tries              1
--tours              0
--ptries             5
--time               11.00
--seed               99470
--optimum            1
--ants               200
--nnants             20
--alpha              0.84
--beta               3.91
--rho                0.94
--q0                 0.00
--elitistants        0
--rasranks           0
--localsearch        0
--nnls               20
--dlb                1
--as                 0
--eas                0
--ras                0
--mmas               1
--bwas               0
--acs                0


begin try 0 
best      13770,        iteration:          1,        time       0.12
best      13792,        iteration:          2,        time       0.25
best      13888,        iteration:          3,        time       0.38
best      13993,        iteration:          7,        time       0.88
best      14078,        iteration:          9,        time       1.12
best      14088,        iteration:         81,        time      10.25
end try 0 


try          0,        best      14088,        found at iteration         81,        found at time      10.25
