Parameter-settings: 

--inputfile          instances/pr107-thop/pr107_10_usw_10_02.thop
--outputfile         solutions/acothop*/pr107-thop/pr107_10_usw_10_02_07.thop.sol
--tries              1
--tours              0
--ptries             1
--time               105.00
--seed               462018
--optimum            1
--ants               200
--nnants             20
--alpha              0.83
--beta               3.76
--rho                0.49
--q0                 0.00
--elitistants        0
--rasranks           0
--localsearch        0
--nnls               20
--dlb                1
--as                 0
--eas                0
--ras                0
--mmas               1
--bwas               0
--acs                0


begin try 0 
best     298086,        iteration:          1,        time       0.24
best     307880,        iteration:          2,        time       0.48
best     324907,        iteration:          3,        time       0.72
best     327423,        iteration:          4,        time       0.97
best     332568,        iteration:         17,        time       4.21
best     333675,        iteration:         18,        time       4.46
best     340819,        iteration:         19,        time       4.70
best     346892,        iteration:         22,        time       5.43
best     347135,        iteration:         23,        time       5.68
best     347740,        iteration:         53,        time      13.12
best     347997,        iteration:         56,        time      13.88
best     348060,        iteration:         57,        time      14.14
best     349796,        iteration:         59,        time      14.64
best     349943,        iteration:         62,        time      15.40
best     350635,        iteration:         72,        time      17.93
best     350640,        iteration:         74,        time      18.43
best     351204,        iteration:         79,        time      19.67
best     352229,        iteration:        103,        time      25.63
best     352945,        iteration:        104,        time      25.88
best     353055,        iteration:        108,        time      26.89
best     353572,        iteration:        197,        time      48.88
best     356839,        iteration:        200,        time      49.63
best     357338,        iteration:        220,        time      54.61
best     358397,        iteration:        224,        time      55.60
best     360272,        iteration:        228,        time      56.58
best     360275,        iteration:        230,        time      57.10
end try 0 


try          0,        best     360275,        found at iteration        230,        found at time      57.10
