Parameter-settings: 

--inputfile          instances/pr107-thop/pr107_03_unc_05_02.thop
--outputfile         solutions/acothop*/pr107-thop/pr107_03_unc_05_02_02.thop.sol
--tries              1
--tours              0
--ptries             5
--time               32.00
--seed               126489
--optimum            1
--ants               200
--nnants             20
--alpha              0.78
--beta               3.31
--rho                0.74
--q0                 0.00
--elitistants        0
--rasranks           0
--localsearch        0
--nnls               20
--dlb                1
--as                 0
--eas                0
--ras                0
--mmas               1
--bwas               0
--acs                0


begin try 0 
best      72275,        iteration:          1,        time       0.31
best      74426,        iteration:          2,        time       0.63
best      74643,        iteration:          5,        time       1.62
best      76712,        iteration:          6,        time       1.95
best      78045,        iteration:          8,        time       2.63
best      78481,        iteration:          9,        time       2.97
best      78596,        iteration:         10,        time       3.31
best      79334,        iteration:         11,        time       3.66
best      79606,        iteration:         12,        time       4.01
best      80665,        iteration:         14,        time       4.70
best      80799,        iteration:         25,        time       8.51
best      81083,        iteration:         30,        time      10.20
best      81563,        iteration:         31,        time      10.55
best      81710,        iteration:         32,        time      10.90
best      82090,        iteration:         36,        time      12.29
best      82427,        iteration:         43,        time      14.71
best      82596,        iteration:         46,        time      15.75
best      82758,        iteration:         50,        time      17.16
best      83018,        iteration:         51,        time      17.50
best      83025,        iteration:         53,        time      18.16
best      83365,        iteration:         57,        time      19.54
best      83509,        iteration:         87,        time      29.65
end try 0 


try          0,        best      83509,        found at iteration         87,        found at time      29.65
