Parameter-settings: 

--inputfile          instances/pr107-thop/pr107_01_unc_05_02.thop
--outputfile         solutions/acothop*/pr107-thop/pr107_01_unc_05_02_08.thop.sol
--tries              1
--tours              0
--ptries             2
--time               11.00
--seed               858990
--optimum            1
--ants               100
--nnants             20
--alpha              1.11
--beta               3.16
--rho                0.67
--q0                 0.00
--elitistants        0
--rasranks           0
--localsearch        0
--nnls               20
--dlb                1
--as                 0
--eas                0
--ras                0
--mmas               1
--bwas               0
--acs                0


begin try 0 
best      25261,        iteration:          1,        time       0.04
best      26172,        iteration:          3,        time       0.12
best      26392,        iteration:          6,        time       0.23
best      26599,        iteration:          7,        time       0.27
best      26726,        iteration:          8,        time       0.31
best      27052,        iteration:          9,        time       0.35
best      27231,        iteration:         11,        time       0.43
best      27515,        iteration:         18,        time       0.71
best      27978,        iteration:         32,        time       1.24
best      28090,        iteration:         47,        time       1.81
best      28108,        iteration:         72,        time       2.83
best      28199,        iteration:         73,        time       2.87
best      28231,        iteration:         78,        time       3.06
best      28321,        iteration:         81,        time       3.18
best      28368,        iteration:         88,        time       3.45
best      28622,        iteration:         90,        time       3.52
best      29004,        iteration:        137,        time       5.39
best      29122,        iteration:        173,        time       6.80
end try 0 


try          0,        best      29122,        found at iteration        173,        found at time       6.80
