Parameter-settings: 

--inputfile          instances/pr107-thop/pr107_10_bsc_01_02.thop
--outputfile         solutions/acothop*/pr107-thop/pr107_10_bsc_01_02_01.thop.sol
--tries              1
--tours              0
--ptries             5
--time               105.00
--seed               99470
--optimum            1
--ants               200
--nnants             20
--alpha              0.75
--beta               3.36
--rho                0.70
--q0                 0.00
--elitistants        0
--rasranks           0
--localsearch        0
--nnls               20
--dlb                1
--as                 0
--eas                0
--ras                0
--mmas               1
--bwas               0
--acs                0


begin try 0 
best     124674,        iteration:          1,        time       0.88
best     125287,        iteration:          6,        time       5.20
best     126538,        iteration:          7,        time       6.07
best     126953,        iteration:         45,        time      38.56
best     127037,        iteration:         64,        time      54.57
best     127138,        iteration:         67,        time      57.11
end try 0 


try          0,        best     127138,        found at iteration         67,        found at time      57.11
