Parameter-settings: 

--inputfile          instances/pr107-thop/pr107_01_usw_05_02.thop
--outputfile         solutions/acothop*/pr107-thop/pr107_01_usw_05_02_03.thop.sol
--tries              1
--tours              0
--ptries             3
--time               11.00
--seed               644764
--optimum            1
--ants               50
--nnants             20
--alpha              0.94
--beta               3.72
--rho                0.61
--q0                 0.00
--elitistants        0
--rasranks           0
--localsearch        0
--nnls               20
--dlb                1
--as                 0
--eas                0
--ras                0
--mmas               1
--bwas               0
--acs                0


begin try 0 
best      28627,        iteration:          1,        time       0.03
best      29117,        iteration:          2,        time       0.06
best      29549,        iteration:          4,        time       0.12
best      29655,        iteration:         13,        time       0.38
best      30190,        iteration:         14,        time       0.41
best      30260,        iteration:         19,        time       0.55
best      30445,        iteration:         20,        time       0.58
best      30650,        iteration:         35,        time       1.02
best      30668,        iteration:        155,        time       4.55
best      30904,        iteration:        158,        time       4.63
best      31090,        iteration:        166,        time       4.87
best      31221,        iteration:        168,        time       4.93
end try 0 


try          0,        best      31221,        found at iteration        168,        found at time       4.93
