Parameter-settings: 

--inputfile          instances/pr107-thop/pr107_01_bsc_01_02.thop
--outputfile         solutions/acothop*/pr107-thop/pr107_01_bsc_01_02_06.thop.sol
--tries              1
--tours              0
--ptries             5
--time               11.00
--seed               73456
--optimum            1
--ants               200
--nnants             20
--alpha              0.84
--beta               3.91
--rho                0.94
--q0                 0.00
--elitistants        0
--rasranks           0
--localsearch        0
--nnls               20
--dlb                1
--as                 0
--eas                0
--ras                0
--mmas               1
--bwas               0
--acs                0


begin try 0 
best      13826,        iteration:          1,        time       0.14
best      13888,        iteration:          2,        time       0.27
best      13889,        iteration:          9,        time       1.13
best      14088,        iteration:         15,        time       1.82
best      14287,        iteration:         74,        time       9.16
end try 0 


try          0,        best      14287,        found at iteration         74,        found at time       9.16
