Parameter-settings: 

--inputfile          instances/pr107-thop/pr107_03_usw_01_03.thop
--outputfile         solutions/acothop*/pr107-thop/pr107_03_usw_01_03_06.thop.sol
--tries              1
--tours              0
--ptries             2
--time               32.00
--seed               73456
--optimum            1
--ants               20
--nnants             20
--alpha              0.84
--beta               3.73
--rho                0.62
--q0                 0.00
--elitistants        0
--rasranks           0
--localsearch        0
--nnls               20
--dlb                1
--as                 0
--eas                0
--ras                0
--mmas               1
--bwas               0
--acs                0


begin try 0 
best      23246,        iteration:          1,        time       0.02
best      24713,        iteration:          2,        time       0.03
best      25098,        iteration:          3,        time       0.05
best      25642,        iteration:          5,        time       0.08
best      25665,        iteration:          7,        time       0.11
best      25704,        iteration:         47,        time       0.73
best      25765,        iteration:         92,        time       1.48
best      25805,        iteration:        255,        time       4.15
best      25868,        iteration:        319,        time       5.20
best      25911,        iteration:        564,        time       8.73
best      25920,        iteration:        879,        time      13.14
best      25970,        iteration:        935,        time      14.09
best      26002,        iteration:       1142,        time      17.59
end try 0 


try          0,        best      26002,        found at iteration       1142,        found at time      17.59
