Parameter-settings: 

--inputfile          instances/pr107-thop/pr107_03_bsc_01_01.thop
--outputfile         solutions/acothop*/pr107-thop/pr107_03_bsc_01_01_06.thop.sol
--tries              1
--tours              0
--ptries             3
--time               32.00
--seed               73456
--optimum            1
--ants               200
--nnants             20
--alpha              0.79
--beta               3.50
--rho                0.28
--q0                 0.00
--elitistants        0
--rasranks           0
--localsearch        0
--nnls               20
--dlb                1
--as                 0
--eas                0
--ras                0
--mmas               1
--bwas               0
--acs                0


begin try 0 
best      36989,        iteration:          1,        time       0.14
best      37563,        iteration:          2,        time       0.28
best      37647,        iteration:          5,        time       0.66
best      37861,        iteration:          6,        time       0.79
best      38400,        iteration:          8,        time       1.06
best      38466,        iteration:         16,        time       2.14
best      38781,        iteration:         24,        time       3.24
best      38992,        iteration:         37,        time       5.01
best      39068,        iteration:         41,        time       5.55
best      39086,        iteration:        113,        time      15.01
best      39162,        iteration:        125,        time      16.53
end try 0 


try          0,        best      39162,        found at iteration        125,        found at time      16.53
