Parameter-settings: 

--inputfile          instances/pr107-thop/pr107_05_usw_10_01.thop
--outputfile         solutions/acothop*/pr107-thop/pr107_05_usw_10_01_04.thop.sol
--tries              1
--tours              0
--ptries             4
--time               53.00
--seed               547617
--optimum            1
--ants               200
--nnants             20
--alpha              0.88
--beta               2.75
--rho                0.88
--q0                 0.00
--elitistants        0
--rasranks           0
--localsearch        0
--nnls               20
--dlb                1
--as                 0
--eas                0
--ras                0
--mmas               1
--bwas               0
--acs                0


begin try 0 
best     105478,        iteration:          1,        time       0.38
best     125046,        iteration:          2,        time       0.76
best     132373,        iteration:          3,        time       1.15
best     134248,        iteration:          4,        time       1.56
best     134896,        iteration:          7,        time       2.80
best     135288,        iteration:          8,        time       3.23
best     138119,        iteration:          9,        time       3.65
best     138670,        iteration:         10,        time       4.07
best     139417,        iteration:         11,        time       4.48
best     139709,        iteration:         12,        time       4.89
best     143017,        iteration:         13,        time       5.32
best     143611,        iteration:         14,        time       5.74
best     143818,        iteration:         16,        time       6.58
best     144006,        iteration:         23,        time       9.54
best     144319,        iteration:         47,        time      19.62
best     144432,        iteration:         91,        time      37.92
best     145008,        iteration:         92,        time      38.33
end try 0 


try          0,        best     145008,        found at iteration         92,        found at time      38.33
