Parameter-settings: 

--inputfile          instances/pr107-thop/pr107_01_unc_01_03.thop
--outputfile         solutions/acothop*/pr107-thop/pr107_01_unc_01_03_01.thop.sol
--tries              1
--tours              0
--ptries             2
--time               11.00
--seed               99470
--optimum            1
--ants               100
--nnants             20
--alpha              1.11
--beta               3.16
--rho                0.67
--q0                 0.00
--elitistants        0
--rasranks           0
--localsearch        0
--nnls               20
--dlb                1
--as                 0
--eas                0
--ras                0
--mmas               1
--bwas               0
--acs                0


begin try 0 
best      13037,        iteration:          1,        time       0.03
best      13707,        iteration:          2,        time       0.07
best      13837,        iteration:          4,        time       0.13
best      13906,        iteration:          5,        time       0.16
best      13953,        iteration:          6,        time       0.19
best      14036,        iteration:         36,        time       1.18
best      14113,        iteration:         37,        time       1.21
best      14166,        iteration:         61,        time       2.01
best      14304,        iteration:        100,        time       3.19
best      14316,        iteration:        110,        time       3.52
best      14373,        iteration:        191,        time       6.08
end try 0 


try          0,        best      14373,        found at iteration        191,        found at time       6.08
