Parameter-settings: 

--inputfile          instances/pr107-thop/pr107_03_usw_01_01.thop
--outputfile         solutions/acothop*/pr107-thop/pr107_03_usw_01_01_08.thop.sol
--tries              1
--tours              0
--ptries             2
--time               32.00
--seed               858990
--optimum            1
--ants               20
--nnants             20
--alpha              0.84
--beta               3.73
--rho                0.62
--q0                 0.00
--elitistants        0
--rasranks           0
--localsearch        0
--nnls               20
--dlb                1
--as                 0
--eas                0
--ras                0
--mmas               1
--bwas               0
--acs                0


begin try 0 
best      17178,        iteration:          1,        time       0.02
best      18197,        iteration:          2,        time       0.04
best      18793,        iteration:         12,        time       0.22
best      18815,        iteration:         15,        time       0.28
best      18874,        iteration:         18,        time       0.33
best      18911,        iteration:         45,        time       0.82
best      18996,        iteration:        171,        time       3.14
best      19201,        iteration:        172,        time       3.16
best      19326,        iteration:        258,        time       4.77
best      19399,        iteration:        622,        time      11.30
best      19436,        iteration:        784,        time      14.29
best      19479,        iteration:       1148,        time      21.00
end try 0 


try          0,        best      19479,        found at iteration       1148,        found at time      21.00
