Parameter-settings: 

--inputfile          instances/pr107-thop/pr107_10_bsc_05_03.thop
--outputfile         solutions/acothop*/pr107-thop/pr107_10_bsc_05_03_01.thop.sol
--tries              1
--tours              0
--ptries             5
--time               105.00
--seed               99470
--optimum            1
--ants               200
--nnants             20
--alpha              0.75
--beta               3.36
--rho                0.70
--q0                 0.00
--elitistants        0
--rasranks           0
--localsearch        0
--nnls               20
--dlb                1
--as                 0
--eas                0
--ras                0
--mmas               1
--bwas               0
--acs                0


begin try 0 
best     556750,        iteration:          1,        time       1.31
best     557786,        iteration:          3,        time       3.92
best     558372,        iteration:          5,        time       6.51
best     559022,        iteration:          6,        time       7.81
best     559048,        iteration:         13,        time      16.72
best     559169,        iteration:         19,        time      24.33
best     559266,        iteration:         21,        time      26.89
best     559387,        iteration:         22,        time      28.16
best     559442,        iteration:         48,        time      61.62
best     559742,        iteration:         68,        time      87.47
end try 0 


try          0,        best     559742,        found at iteration         68,        found at time      87.47
