Parameter-settings: 

--inputfile          instances/pr107-thop/pr107_05_unc_05_01.thop
--outputfile         solutions/acothop*/pr107-thop/pr107_05_unc_05_01_03.thop.sol
--tries              1
--tours              0
--ptries             1
--time               53.00
--seed               644764
--optimum            1
--ants               500
--nnants             20
--alpha              0.84
--beta               4.00
--rho                0.64
--q0                 0.00
--elitistants        0
--rasranks           0
--localsearch        0
--nnls               20
--dlb                1
--as                 0
--eas                0
--ras                0
--mmas               1
--bwas               0
--acs                0


begin try 0 
best      95520,        iteration:          1,        time       0.46
best     104388,        iteration:          2,        time       0.91
best     104759,        iteration:          5,        time       2.31
best     105907,        iteration:          6,        time       2.78
best     107904,        iteration:          7,        time       3.26
best     109073,        iteration:         10,        time       4.71
best     109511,        iteration:         11,        time       5.18
best     110107,        iteration:         15,        time       7.09
best     110662,        iteration:         17,        time       8.06
best     110829,        iteration:         19,        time       9.03
best     110991,        iteration:         23,        time      10.98
best     111036,        iteration:         24,        time      11.47
best     111646,        iteration:         25,        time      11.97
best     111913,        iteration:         28,        time      13.41
best     112010,        iteration:         35,        time      16.81
best     112991,        iteration:         48,        time      22.96
best     113185,        iteration:         50,        time      23.84
best     114445,        iteration:         55,        time      26.15
end try 0 


try          0,        best     114445,        found at iteration         55,        found at time      26.15
