Parameter-settings: 

--inputfile          instances/pr107-thop/pr107_03_bsc_05_01.thop
--outputfile         solutions/acothop*/pr107-thop/pr107_03_bsc_05_01_00.thop.sol
--tries              1
--tours              0
--ptries             3
--time               32.00
--seed               269070
--optimum            1
--ants               200
--nnants             20
--alpha              0.79
--beta               3.50
--rho                0.28
--q0                 0.00
--elitistants        0
--rasranks           0
--localsearch        0
--nnls               20
--dlb                1
--as                 0
--eas                0
--ras                0
--mmas               1
--bwas               0
--acs                0


begin try 0 
best     124994,        iteration:          1,        time       0.16
best     129542,        iteration:          2,        time       0.33
best     130277,        iteration:          3,        time       0.49
best     131171,        iteration:          4,        time       0.65
best     132607,        iteration:          5,        time       0.82
best     133570,        iteration:         11,        time       1.81
best     136177,        iteration:         12,        time       1.98
best     137515,        iteration:         20,        time       3.29
best     138702,        iteration:         21,        time       3.46
best     140138,        iteration:         22,        time       3.63
best     140706,        iteration:         24,        time       3.96
best     140867,        iteration:         44,        time       7.29
best     141261,        iteration:         47,        time       7.79
best     141269,        iteration:         50,        time       8.29
best     141362,        iteration:         67,        time      11.19
best     141734,        iteration:         77,        time      12.87
best     141822,        iteration:        187,        time      31.64
end try 0 


try          0,        best     141822,        found at iteration        187,        found at time      31.64
