Parameter-settings: 

--inputfile          instances/pr107-thop/pr107_10_bsc_10_03.thop
--outputfile         solutions/acothop*/pr107-thop/pr107_10_bsc_10_03_05.thop.sol
--tries              1
--tours              0
--ptries             5
--time               105.00
--seed               642580
--optimum            1
--ants               200
--nnants             20
--alpha              0.75
--beta               3.36
--rho                0.70
--q0                 0.00
--elitistants        0
--rasranks           0
--localsearch        0
--nnls               20
--dlb                1
--as                 0
--eas                0
--ras                0
--mmas               1
--bwas               0
--acs                0


begin try 0 
best     798217,        iteration:          1,        time       1.41
best     840535,        iteration:          2,        time       2.84
best     861669,        iteration:          4,        time       5.68
best     871432,        iteration:          5,        time       7.10
best     874276,        iteration:          6,        time       8.52
best     874936,        iteration:          7,        time       9.96
best     884896,        iteration:          8,        time      11.40
best     894793,        iteration:          9,        time      12.83
best     896778,        iteration:         10,        time      14.26
best     897773,        iteration:         12,        time      17.11
best     902160,        iteration:         16,        time      22.84
best     906439,        iteration:         19,        time      27.11
best     909045,        iteration:         37,        time      53.00
best     910097,        iteration:         66,        time      94.65
end try 0 


try          0,        best     910097,        found at iteration         66,        found at time      94.65
