Parameter-settings: 

--inputfile          instances/pr107-thop/pr107_10_usw_05_02.thop
--outputfile         solutions/acothop*/pr107-thop/pr107_10_usw_05_02_05.thop.sol
--tries              1
--tours              0
--ptries             1
--time               105.00
--seed               642580
--optimum            1
--ants               200
--nnants             20
--alpha              0.83
--beta               3.76
--rho                0.49
--q0                 0.00
--elitistants        0
--rasranks           0
--localsearch        0
--nnls               20
--dlb                1
--as                 0
--eas                0
--ras                0
--mmas               1
--bwas               0
--acs                0


begin try 0 
best     255710,        iteration:          1,        time       0.23
best     257992,        iteration:          2,        time       0.47
best     259907,        iteration:          3,        time       0.70
best     261957,        iteration:          4,        time       0.94
best     267365,        iteration:          8,        time       1.88
best     271614,        iteration:         10,        time       2.33
best     272130,        iteration:         12,        time       2.77
best     274744,        iteration:         13,        time       3.00
best     276700,        iteration:         15,        time       3.48
best     278169,        iteration:         18,        time       4.18
best     278502,        iteration:         26,        time       6.09
best     278817,        iteration:         27,        time       6.34
best     279337,        iteration:         30,        time       7.06
best     279628,        iteration:         31,        time       7.30
best     281252,        iteration:         35,        time       8.24
best     281870,        iteration:         39,        time       9.20
best     282454,        iteration:         41,        time       9.68
best     283411,        iteration:         45,        time      10.64
best     283810,        iteration:         49,        time      11.59
best     284160,        iteration:         57,        time      13.48
best     284447,        iteration:         71,        time      16.75
best     284744,        iteration:         96,        time      22.56
best     284812,        iteration:         99,        time      23.23
best     284937,        iteration:        132,        time      31.02
end try 0 


try          0,        best     284937,        found at iteration        132,        found at time      31.02
