Parameter-settings: 

--inputfile          instances/pr107-thop/pr107_05_bsc_05_02.thop
--outputfile         solutions/acothop*/pr107-thop/pr107_05_bsc_05_02_06.thop.sol
--tries              1
--tours              0
--ptries             3
--time               53.00
--seed               73456
--optimum            1
--ants               1000
--nnants             20
--alpha              0.88
--beta               4.39
--rho                0.72
--q0                 0.00
--elitistants        0
--rasranks           0
--localsearch        0
--nnls               20
--dlb                1
--as                 0
--eas                0
--ras                0
--mmas               1
--bwas               0
--acs                0


begin try 0 
best     266355,        iteration:          1,        time       1.67
best     269444,        iteration:          2,        time       3.37
best     270885,        iteration:          3,        time       5.07
best     272863,        iteration:          4,        time       6.81
best     273263,        iteration:          5,        time       8.58
best     273269,        iteration:          7,        time      12.12
best     273521,        iteration:         11,        time      19.12
best     274298,        iteration:         12,        time      20.84
best     274837,        iteration:         13,        time      22.58
best     274926,        iteration:         15,        time      26.08
best     275150,        iteration:         29,        time      50.68
best     275793,        iteration:         30,        time      52.45
end try 0 


try          0,        best     275793,        found at iteration         30,        found at time      52.45
