Parameter-settings: 

--inputfile          instances/pr107-thop/pr107_10_usw_05_01.thop
--outputfile         solutions/acothop*/pr107-thop/pr107_10_usw_05_01_07.thop.sol
--tries              1
--tours              0
--ptries             1
--time               105.00
--seed               462018
--optimum            1
--ants               200
--nnants             20
--alpha              0.83
--beta               3.76
--rho                0.49
--q0                 0.00
--elitistants        0
--rasranks           0
--localsearch        0
--nnls               20
--dlb                1
--as                 0
--eas                0
--ras                0
--mmas               1
--bwas               0
--acs                0


begin try 0 
best     201024,        iteration:          1,        time       0.21
best     215756,        iteration:          2,        time       0.42
best     227458,        iteration:          3,        time       0.62
best     230058,        iteration:          5,        time       1.05
best     231198,        iteration:          8,        time       1.69
best     231717,        iteration:         11,        time       2.34
best     231740,        iteration:         13,        time       2.77
best     232297,        iteration:         14,        time       2.99
best     232487,        iteration:         17,        time       3.64
best     232756,        iteration:         18,        time       3.84
best     233577,        iteration:         24,        time       5.16
best     234749,        iteration:         33,        time       7.14
best     235248,        iteration:         34,        time       7.36
best     235432,        iteration:         36,        time       7.81
best     235494,        iteration:         42,        time       9.12
best     235543,        iteration:         55,        time      11.92
best     236753,        iteration:         56,        time      12.14
best     238393,        iteration:         57,        time      12.35
best     238708,        iteration:         58,        time      12.56
best     238742,        iteration:         61,        time      13.22
best     238807,        iteration:         63,        time      13.64
best     239494,        iteration:        233,        time      50.21
best     239731,        iteration:        235,        time      50.65
best     239769,        iteration:        242,        time      52.19
best     239792,        iteration:        270,        time      58.22
end try 0 


try          0,        best     239792,        found at iteration        270,        found at time      58.22
