Parameter-settings: 

--inputfile          instances/pr107-thop/pr107_03_unc_10_01.thop
--outputfile         solutions/acothop*/pr107-thop/pr107_03_unc_10_01_09.thop.sol
--tries              1
--tours              0
--ptries             5
--time               32.00
--seed               756112
--optimum            1
--ants               200
--nnants             20
--alpha              0.78
--beta               3.31
--rho                0.74
--q0                 0.00
--elitistants        0
--rasranks           0
--localsearch        0
--nnls               20
--dlb                1
--as                 0
--eas                0
--ras                0
--mmas               1
--bwas               0
--acs                0


begin try 0 
best      71837,        iteration:          1,        time       0.27
best      76663,        iteration:          2,        time       0.54
best      76748,        iteration:          5,        time       1.38
best      76769,        iteration:          6,        time       1.67
best      77152,        iteration:          7,        time       1.95
best      78165,        iteration:          9,        time       2.49
best      78889,        iteration:         10,        time       2.75
best      79575,        iteration:         12,        time       3.29
best      79883,        iteration:         13,        time       3.55
best      79981,        iteration:         14,        time       3.82
best      81161,        iteration:         16,        time       4.38
best      81330,        iteration:         25,        time       6.87
best      81696,        iteration:         40,        time      10.99
best      81839,        iteration:         52,        time      14.22
best      81865,        iteration:         81,        time      22.16
best      81969,        iteration:         82,        time      22.43
best      81989,        iteration:         83,        time      22.71
best      82317,        iteration:         90,        time      24.64
end try 0 


try          0,        best      82317,        found at iteration         90,        found at time      24.64
