Parameter-settings: 

--inputfile          instances/pr107-thop/pr107_05_bsc_10_01.thop
--outputfile         solutions/acothop*/pr107-thop/pr107_05_bsc_10_01_04.thop.sol
--tries              1
--tours              0
--ptries             3
--time               53.00
--seed               547617
--optimum            1
--ants               1000
--nnants             20
--alpha              0.88
--beta               4.39
--rho                0.72
--q0                 0.00
--elitistants        0
--rasranks           0
--localsearch        0
--nnls               20
--dlb                1
--as                 0
--eas                0
--ras                0
--mmas               1
--bwas               0
--acs                0


begin try 0 
best     319444,        iteration:          1,        time       1.48
best     327640,        iteration:          2,        time       2.94
best     332275,        iteration:          3,        time       4.44
best     332607,        iteration:          7,        time      10.48
best     335948,        iteration:          8,        time      11.99
best     336109,        iteration:          9,        time      13.53
best     336215,        iteration:         11,        time      16.58
best     336775,        iteration:         12,        time      18.08
best     337923,        iteration:         13,        time      19.61
best     338962,        iteration:         19,        time      28.84
end try 0 


try          0,        best     338962,        found at iteration         19,        found at time      28.84
