Parameter-settings: 

--inputfile          instances/pr107-thop/pr107_10_usw_10_03.thop
--outputfile         solutions/acothop*/pr107-thop/pr107_10_usw_10_03_05.thop.sol
--tries              1
--tours              0
--ptries             1
--time               105.00
--seed               642580
--optimum            1
--ants               200
--nnants             20
--alpha              0.83
--beta               3.76
--rho                0.49
--q0                 0.00
--elitistants        0
--rasranks           0
--localsearch        0
--nnls               20
--dlb                1
--as                 0
--eas                0
--ras                0
--mmas               1
--bwas               0
--acs                0


begin try 0 
best     396086,        iteration:          1,        time       0.27
best     399975,        iteration:          2,        time       0.55
best     415082,        iteration:          3,        time       0.83
best     417793,        iteration:          5,        time       1.38
best     422997,        iteration:          6,        time       1.64
best     435919,        iteration:          7,        time       1.90
best     436670,        iteration:          9,        time       2.43
best     437902,        iteration:         12,        time       3.28
best     439117,        iteration:         13,        time       3.56
best     440790,        iteration:         14,        time       3.84
best     441018,        iteration:         15,        time       4.12
best     443872,        iteration:         17,        time       4.70
best     444020,        iteration:         18,        time       4.98
best     445660,        iteration:         19,        time       5.26
best     449480,        iteration:         22,        time       6.12
best     451017,        iteration:         24,        time       6.69
best     451324,        iteration:         25,        time       6.97
best     453180,        iteration:         27,        time       7.54
best     453559,        iteration:         41,        time      11.52
best     454702,        iteration:         46,        time      12.94
best     455013,        iteration:         48,        time      13.51
best     455105,        iteration:         49,        time      13.80
best     455364,        iteration:         51,        time      14.37
best     457028,        iteration:         52,        time      14.65
best     457936,        iteration:         53,        time      14.92
best     459169,        iteration:         54,        time      15.20
best     459567,        iteration:         59,        time      16.60
best     461036,        iteration:         61,        time      17.16
best     463314,        iteration:         62,        time      17.44
best     463431,        iteration:         63,        time      17.73
best     464077,        iteration:         64,        time      18.02
best     464142,        iteration:         66,        time      18.58
best     464172,        iteration:         67,        time      18.86
best     464182,        iteration:         78,        time      21.94
best     464302,        iteration:         79,        time      22.23
best     464342,        iteration:         80,        time      22.51
best     466066,        iteration:         83,        time      23.36
best     466077,        iteration:         95,        time      26.75
best     466319,        iteration:        108,        time      30.46
best     466760,        iteration:        109,        time      30.74
best     466794,        iteration:        114,        time      32.16
best     467047,        iteration:        116,        time      32.73
best     467140,        iteration:        117,        time      33.01
best     467160,        iteration:        176,        time      49.76
best     467283,        iteration:        177,        time      50.04
best     467567,        iteration:        178,        time      50.33
best     468355,        iteration:        179,        time      50.61
best     468967,        iteration:        180,        time      50.90
best     469004,        iteration:        183,        time      51.74
best     469018,        iteration:        185,        time      52.30
best     469077,        iteration:        186,        time      52.58
best     469080,        iteration:        187,        time      52.86
best     469161,        iteration:        202,        time      57.12
best     469213,        iteration:        203,        time      57.39
best     469241,        iteration:        204,        time      57.67
best     469257,        iteration:        206,        time      58.22
best     469784,        iteration:        253,        time      71.63
best     470375,        iteration:        254,        time      71.92
best     470428,        iteration:        256,        time      72.47
best     470432,        iteration:        258,        time      73.04
best     470444,        iteration:        315,        time      89.24
best     470737,        iteration:        357,        time     101.23
best     470849,        iteration:        358,        time     101.52
best     470949,        iteration:        360,        time     102.08
best     470959,        iteration:        369,        time     104.66
end try 0 


try          0,        best     470959,        found at iteration        369,        found at time     104.66
