Parameter-settings: 

--inputfile          instances/pr107-thop/pr107_01_unc_10_03.thop
--outputfile         solutions/acothop*/pr107-thop/pr107_01_unc_10_03_01.thop.sol
--tries              1
--tours              0
--ptries             2
--time               11.00
--seed               99470
--optimum            1
--ants               100
--nnants             20
--alpha              1.11
--beta               3.16
--rho                0.67
--q0                 0.00
--elitistants        0
--rasranks           0
--localsearch        0
--nnls               20
--dlb                1
--as                 0
--eas                0
--ras                0
--mmas               1
--bwas               0
--acs                0


begin try 0 
best      41433,        iteration:          1,        time       0.05
best      41621,        iteration:          2,        time       0.09
best      41634,        iteration:          3,        time       0.14
best      41924,        iteration:          4,        time       0.19
best      42353,        iteration:          5,        time       0.23
best      42570,        iteration:          6,        time       0.28
best      42896,        iteration:          7,        time       0.32
best      42987,        iteration:          8,        time       0.37
best      43119,        iteration:         11,        time       0.51
best      43277,        iteration:         15,        time       0.69
best      43324,        iteration:         16,        time       0.74
best      43344,        iteration:         17,        time       0.78
best      43440,        iteration:         18,        time       0.83
best      43547,        iteration:         27,        time       1.23
best      43634,        iteration:         41,        time       1.89
best      43721,        iteration:         42,        time       1.94
best      43753,        iteration:         52,        time       2.40
best      43769,        iteration:         68,        time       3.14
best      43816,        iteration:         94,        time       4.35
best      43891,        iteration:        126,        time       5.81
best      43995,        iteration:        235,        time      10.79
best      44042,        iteration:        236,        time      10.83
end try 0 


try          0,        best      44042,        found at iteration        236,        found at time      10.83
