Parameter-settings: 

--inputfile          instances/pr107-thop/pr107_05_unc_01_02.thop
--outputfile         solutions/acothop*/pr107-thop/pr107_05_unc_01_02_07.thop.sol
--tries              1
--tours              0
--ptries             1
--time               53.00
--seed               462018
--optimum            1
--ants               500
--nnants             20
--alpha              0.84
--beta               4.00
--rho                0.64
--q0                 0.00
--elitistants        0
--rasranks           0
--localsearch        0
--nnls               20
--dlb                1
--as                 0
--eas                0
--ras                0
--mmas               1
--bwas               0
--acs                0


begin try 0 
best      60014,        iteration:          1,        time       0.48
best      60158,        iteration:          2,        time       0.94
best      62609,        iteration:          4,        time       1.89
best      63417,        iteration:          5,        time       2.35
best      64943,        iteration:          6,        time       2.80
best      65484,        iteration:          7,        time       3.25
best      65792,        iteration:          9,        time       4.09
best      65869,        iteration:         13,        time       5.82
best      66006,        iteration:         14,        time       6.26
best      66849,        iteration:         19,        time       8.43
best      67093,        iteration:         73,        time      31.62
end try 0 


try          0,        best      67093,        found at iteration         73,        found at time      31.62
