Parameter-settings: 

--inputfile          instances/pr107-thop/pr107_05_bsc_05_02.thop
--outputfile         solutions/acothop*/pr107-thop/pr107_05_bsc_05_02_03.thop.sol
--tries              1
--tours              0
--ptries             3
--time               53.00
--seed               644764
--optimum            1
--ants               1000
--nnants             20
--alpha              0.88
--beta               4.39
--rho                0.72
--q0                 0.00
--elitistants        0
--rasranks           0
--localsearch        0
--nnls               20
--dlb                1
--as                 0
--eas                0
--ras                0
--mmas               1
--bwas               0
--acs                0


begin try 0 
best     268020,        iteration:          1,        time       1.66
best     269765,        iteration:          2,        time       3.36
best     273569,        iteration:          3,        time       5.05
best     273908,        iteration:          4,        time       6.72
best     274547,        iteration:          5,        time       8.46
best     275048,        iteration:          6,        time      10.21
best     275661,        iteration:          7,        time      11.95
best     276004,        iteration:          8,        time      13.69
best     276473,        iteration:         12,        time      20.74
best     276774,        iteration:         14,        time      24.18
best     277049,        iteration:         16,        time      27.66
best     277600,        iteration:         17,        time      29.39
best     277602,        iteration:         30,        time      52.26
end try 0 


try          0,        best     277602,        found at iteration         30,        found at time      52.26
