Parameter-settings: 

--inputfile          instances/pr107-thop/pr107_05_unc_01_01.thop
--outputfile         solutions/acothop*/pr107-thop/pr107_05_unc_01_01_01.thop.sol
--tries              1
--tours              0
--ptries             1
--time               53.00
--seed               99470
--optimum            1
--ants               500
--nnants             20
--alpha              0.84
--beta               4.00
--rho                0.64
--q0                 0.00
--elitistants        0
--rasranks           0
--localsearch        0
--nnls               20
--dlb                1
--as                 0
--eas                0
--ras                0
--mmas               1
--bwas               0
--acs                0


begin try 0 
best      41457,        iteration:          1,        time       0.41
best      42106,        iteration:          2,        time       0.82
best      43184,        iteration:          3,        time       1.22
best      43833,        iteration:          5,        time       2.01
best      44114,        iteration:          7,        time       2.81
best      44681,        iteration:          8,        time       3.21
best      45510,        iteration:          9,        time       3.60
best      45794,        iteration:         23,        time       9.03
best      47057,        iteration:         30,        time      11.79
end try 0 


try          0,        best      47057,        found at iteration         30,        found at time      11.79
