Parameter-settings: 

--inputfile          instances/pr107-thop/pr107_05_bsc_10_02.thop
--outputfile         solutions/acothop*/pr107-thop/pr107_05_bsc_10_02_08.thop.sol
--tries              1
--tours              0
--ptries             3
--time               53.00
--seed               858990
--optimum            1
--ants               1000
--nnants             20
--alpha              0.88
--beta               4.39
--rho                0.72
--q0                 0.00
--elitistants        0
--rasranks           0
--localsearch        0
--nnls               20
--dlb                1
--as                 0
--eas                0
--ras                0
--mmas               1
--bwas               0
--acs                0


begin try 0 
best     370349,        iteration:          1,        time       1.82
best     373715,        iteration:          2,        time       3.66
best     376016,        iteration:          3,        time       5.52
best     377756,        iteration:          5,        time       9.21
best     380303,        iteration:          6,        time      11.11
best     382452,        iteration:          7,        time      12.97
best     386303,        iteration:          8,        time      14.86
best     388884,        iteration:          9,        time      16.75
best     388919,        iteration:         13,        time      24.31
best     388928,        iteration:         14,        time      26.21
best     390445,        iteration:         17,        time      31.93
best     390541,        iteration:         20,        time      37.59
best     390869,        iteration:         25,        time      47.11
end try 0 


try          0,        best     390869,        found at iteration         25,        found at time      47.11
