Parameter-settings: 

--inputfile          instances/pr107-thop/pr107_05_bsc_10_01.thop
--outputfile         solutions/acothop*/pr107-thop/pr107_05_bsc_10_01_03.thop.sol
--tries              1
--tours              0
--ptries             3
--time               53.00
--seed               644764
--optimum            1
--ants               1000
--nnants             20
--alpha              0.88
--beta               4.39
--rho                0.72
--q0                 0.00
--elitistants        0
--rasranks           0
--localsearch        0
--nnls               20
--dlb                1
--as                 0
--eas                0
--ras                0
--mmas               1
--bwas               0
--acs                0


begin try 0 
best     318663,        iteration:          1,        time       1.43
best     324184,        iteration:          2,        time       2.90
best     332275,        iteration:          3,        time       4.32
best     333857,        iteration:          4,        time       5.80
best     335647,        iteration:          5,        time       7.29
best     335919,        iteration:          6,        time       8.80
best     335948,        iteration:          7,        time      10.34
best     336774,        iteration:          8,        time      11.85
best     336799,        iteration:          9,        time      13.34
best     337052,        iteration:         10,        time      14.86
best     337164,        iteration:         13,        time      19.42
best     337339,        iteration:         15,        time      22.47
best     337470,        iteration:         21,        time      31.52
end try 0 


try          0,        best     337470,        found at iteration         21,        found at time      31.52
