Parameter-settings: 

--inputfile          instances/pr107-thop/pr107_05_unc_10_02.thop
--outputfile         solutions/acothop*/pr107-thop/pr107_05_unc_10_02_08.thop.sol
--tries              1
--tours              0
--ptries             1
--time               53.00
--seed               858990
--optimum            1
--ants               500
--nnants             20
--alpha              0.84
--beta               4.00
--rho                0.64
--q0                 0.00
--elitistants        0
--rasranks           0
--localsearch        0
--nnls               20
--dlb                1
--as                 0
--eas                0
--ras                0
--mmas               1
--bwas               0
--acs                0


begin try 0 
best     150058,        iteration:          1,        time       0.60
best     159524,        iteration:          2,        time       1.21
best     162913,        iteration:          3,        time       1.83
best     164292,        iteration:          4,        time       2.45
best     166284,        iteration:          5,        time       3.07
best     171299,        iteration:          6,        time       3.71
best     173596,        iteration:          7,        time       4.35
best     173917,        iteration:          9,        time       5.65
best     174706,        iteration:         10,        time       6.29
best     176441,        iteration:         11,        time       6.95
best     177980,        iteration:         49,        time      31.41
end try 0 


try          0,        best     177980,        found at iteration         49,        found at time      31.41
