Parameter-settings: 

--inputfile          instances/pr107-thop/pr107_01_unc_10_01.thop
--outputfile         solutions/acothop*/pr107-thop/pr107_01_unc_10_01_09.thop.sol
--tries              1
--tours              0
--ptries             2
--time               11.00
--seed               756112
--optimum            1
--ants               100
--nnants             20
--alpha              1.11
--beta               3.16
--rho                0.67
--q0                 0.00
--elitistants        0
--rasranks           0
--localsearch        0
--nnls               20
--dlb                1
--as                 0
--eas                0
--ras                0
--mmas               1
--bwas               0
--acs                0


begin try 0 
best      21505,        iteration:          1,        time       0.04
best      22619,        iteration:          2,        time       0.07
best      23154,        iteration:          3,        time       0.11
best      23401,        iteration:          4,        time       0.15
best      23601,        iteration:          5,        time       0.19
best      24024,        iteration:          9,        time       0.34
best      24310,        iteration:         32,        time       1.18
best      24864,        iteration:         34,        time       1.25
best      25698,        iteration:         59,        time       2.16
end try 0 


try          0,        best      25698,        found at iteration         59,        found at time       2.16
