Parameter-settings: 

--inputfile          instances/pr107-thop/pr107_03_bsc_05_03.thop
--outputfile         solutions/acothop*/pr107-thop/pr107_03_bsc_05_03_00.thop.sol
--tries              1
--tours              0
--ptries             3
--time               32.00
--seed               269070
--optimum            1
--ants               200
--nnants             20
--alpha              0.79
--beta               3.50
--rho                0.28
--q0                 0.00
--elitistants        0
--rasranks           0
--localsearch        0
--nnls               20
--dlb                1
--as                 0
--eas                0
--ras                0
--mmas               1
--bwas               0
--acs                0


begin try 0 
best     171701,        iteration:          1,        time       0.20
best     173611,        iteration:          2,        time       0.41
best     174181,        iteration:          5,        time       1.01
best     174510,        iteration:         10,        time       2.02
best     174556,        iteration:         52,        time      10.44
best     174578,        iteration:         71,        time      14.21
best     174615,        iteration:        122,        time      24.34
best     174807,        iteration:        157,        time      31.24
end try 0 


try          0,        best     174807,        found at iteration        157,        found at time      31.24
