Parameter-settings: 

--inputfile          instances/pr107-thop/pr107_10_unc_10_03.thop
--outputfile         solutions/acothop*/pr107-thop/pr107_10_unc_10_03_07.thop.sol
--tries              1
--tours              0
--ptries             1
--time               105.00
--seed               462018
--optimum            1
--ants               200
--nnants             20
--alpha              0.97
--beta               3.98
--rho                0.69
--q0                 0.00
--elitistants        0
--rasranks           0
--localsearch        0
--nnls               20
--dlb                1
--as                 0
--eas                0
--ras                0
--mmas               1
--bwas               0
--acs                0


begin try 0 
best     407345,        iteration:          2,        time       0.61
best     414145,        iteration:          4,        time       1.22
best     415169,        iteration:          5,        time       1.52
best     416314,        iteration:          6,        time       1.83
best     417000,        iteration:          7,        time       2.12
best     417168,        iteration:          8,        time       2.43
best     418588,        iteration:          9,        time       2.73
best     421068,        iteration:         10,        time       3.03
best     422779,        iteration:         11,        time       3.34
best     423801,        iteration:         12,        time       3.64
best     427569,        iteration:         13,        time       3.94
best     430920,        iteration:         14,        time       4.24
best     431158,        iteration:         15,        time       4.55
best     431605,        iteration:         16,        time       4.84
best     433807,        iteration:         18,        time       5.45
best     434678,        iteration:         19,        time       5.76
best     434806,        iteration:         20,        time       6.07
best     434827,        iteration:         22,        time       6.68
best     434828,        iteration:         29,        time       8.82
best     434843,        iteration:         32,        time       9.73
best     435525,        iteration:         33,        time      10.04
best     437476,        iteration:         34,        time      10.34
best     438097,        iteration:         35,        time      10.65
best     438110,        iteration:         39,        time      11.87
best     438593,        iteration:         45,        time      13.71
best     438659,        iteration:         47,        time      14.33
best     438698,        iteration:         48,        time      14.63
best     438777,        iteration:         49,        time      14.94
best     439004,        iteration:         53,        time      16.16
best     439264,        iteration:         55,        time      16.77
best     439289,        iteration:         58,        time      17.69
best     440087,        iteration:         61,        time      18.57
best     442209,        iteration:         62,        time      18.87
best     442247,        iteration:         64,        time      19.48
best     442670,        iteration:         65,        time      19.79
best     442727,        iteration:         66,        time      20.09
best     442779,        iteration:         68,        time      20.70
best     443206,        iteration:         72,        time      21.92
best     444471,        iteration:         73,        time      22.23
best     444493,        iteration:         74,        time      22.54
best     445821,        iteration:         77,        time      23.45
best     447294,        iteration:         78,        time      23.76
best     448249,        iteration:         79,        time      24.06
best     448257,        iteration:         89,        time      27.14
best     449019,        iteration:         94,        time      28.67
best     449368,        iteration:         95,        time      28.98
best     449746,        iteration:         96,        time      29.29
best     450033,        iteration:         97,        time      29.59
best     450576,        iteration:         98,        time      29.89
best     451149,        iteration:         99,        time      30.19
best     452585,        iteration:        100,        time      30.49
best     452679,        iteration:        113,        time      34.50
best     454763,        iteration:        114,        time      34.81
best     455517,        iteration:        115,        time      35.11
best     455727,        iteration:        116,        time      35.42
best     455778,        iteration:        117,        time      35.73
best     455800,        iteration:        118,        time      36.04
best     456059,        iteration:        137,        time      41.90
best     457219,        iteration:        138,        time      42.20
best     457223,        iteration:        141,        time      43.13
best     457251,        iteration:        142,        time      43.44
best     457425,        iteration:        160,        time      48.99
best     458248,        iteration:        161,        time      49.30
best     458316,        iteration:        162,        time      49.61
best     458364,        iteration:        164,        time      50.23
best     458398,        iteration:        168,        time      51.46
best     458400,        iteration:        182,        time      55.73
best     458402,        iteration:        194,        time      59.37
best     458736,        iteration:        202,        time      61.84
best     459258,        iteration:        203,        time      62.15
best     459956,        iteration:        206,        time      63.06
best     459995,        iteration:        207,        time      63.38
best     460007,        iteration:        209,        time      63.99
best     460024,        iteration:        211,        time      64.61
best     460266,        iteration:        218,        time      66.75
best     460376,        iteration:        219,        time      67.06
best     460428,        iteration:        220,        time      67.37
best     460438,        iteration:        227,        time      69.52
best     460440,        iteration:        249,        time      76.27
best     460849,        iteration:        305,        time      93.47
best     461211,        iteration:        306,        time      93.78
best     461284,        iteration:        308,        time      94.40
best     461285,        iteration:        309,        time      94.71
best     461287,        iteration:        310,        time      95.02
best     461303,        iteration:        328,        time     100.55
end try 0 


try          0,        best     461303,        found at iteration        328,        found at time     100.55
