Parameter-settings: 

--inputfile          instances/pr107-thop/pr107_05_usw_01_01.thop
--outputfile         solutions/acothop*/pr107-thop/pr107_05_usw_01_01_07.thop.sol
--tries              1
--tours              0
--ptries             4
--time               53.00
--seed               462018
--optimum            1
--ants               200
--nnants             20
--alpha              0.88
--beta               2.75
--rho                0.88
--q0                 0.00
--elitistants        0
--rasranks           0
--localsearch        0
--nnls               20
--dlb                1
--as                 0
--eas                0
--ras                0
--mmas               1
--bwas               0
--acs                0


begin try 0 
best      30977,        iteration:          1,        time       0.29
best      31023,        iteration:         12,        time       3.48
best      31211,        iteration:         13,        time       3.78
best      31381,        iteration:         36,        time      10.34
best      31515,        iteration:         37,        time      10.63
best      31691,        iteration:         68,        time      19.69
best      31733,        iteration:         94,        time      27.31
end try 0 


try          0,        best      31733,        found at iteration         94,        found at time      27.31
