Parameter-settings: 

--inputfile          instances/pr107-thop/pr107_10_usw_01_02.thop
--outputfile         solutions/acothop*/pr107-thop/pr107_10_usw_01_02_08.thop.sol
--tries              1
--tours              0
--ptries             1
--time               105.00
--seed               858990
--optimum            1
--ants               200
--nnants             20
--alpha              0.83
--beta               3.76
--rho                0.49
--q0                 0.00
--elitistants        0
--rasranks           0
--localsearch        0
--nnls               20
--dlb                1
--as                 0
--eas                0
--ras                0
--mmas               1
--bwas               0
--acs                0


begin try 0 
best      75583,        iteration:          1,        time       0.17
best      79511,        iteration:          2,        time       0.32
best      80880,        iteration:          4,        time       0.63
best      80956,        iteration:         10,        time       1.54
best      81164,        iteration:         11,        time       1.68
best      81249,        iteration:         15,        time       2.22
best      81373,        iteration:         16,        time       2.35
best      81554,        iteration:         37,        time       5.10
best      81905,        iteration:         95,        time      12.68
end try 0 


try          0,        best      81905,        found at iteration         95,        found at time      12.68
