Parameter-settings: 

--inputfile          instances/pr107-thop/pr107_05_bsc_01_03.thop
--outputfile         solutions/acothop*/pr107-thop/pr107_05_bsc_01_03_00.thop.sol
--tries              1
--tours              0
--ptries             3
--time               53.00
--seed               269070
--optimum            1
--ants               1000
--nnants             20
--alpha              0.88
--beta               4.39
--rho                0.72
--q0                 0.00
--elitistants        0
--rasranks           0
--localsearch        0
--nnls               20
--dlb                1
--as                 0
--eas                0
--ras                0
--mmas               1
--bwas               0
--acs                0


begin try 0 
best      70099,        iteration:          1,        time       1.23
best      70289,        iteration:          4,        time       4.90
best      70839,        iteration:          5,        time       6.08
best      70996,        iteration:          6,        time       7.20
best      71424,        iteration:         14,        time      15.81
best      71623,        iteration:         17,        time      18.93
best      71686,        iteration:         18,        time      20.00
best      71952,        iteration:         29,        time      31.89
best      72047,        iteration:         30,        time      32.87
best      72162,        iteration:         31,        time      33.82
end try 0 


try          0,        best      72162,        found at iteration         31,        found at time      33.82
