Parameter-settings: 

--inputfile          instances/pr107-thop/pr107_01_unc_01_02.thop
--outputfile         solutions/acothop*/pr107-thop/pr107_01_unc_01_02_08.thop.sol
--tries              1
--tours              0
--ptries             2
--time               11.00
--seed               858990
--optimum            1
--ants               100
--nnants             20
--alpha              1.11
--beta               3.16
--rho                0.67
--q0                 0.00
--elitistants        0
--rasranks           0
--localsearch        0
--nnls               20
--dlb                1
--as                 0
--eas                0
--ras                0
--mmas               1
--bwas               0
--acs                0


begin try 0 
best      10552,        iteration:          1,        time       0.03
best      10899,        iteration:          3,        time       0.10
best      11272,        iteration:          7,        time       0.22
best      11354,        iteration:          8,        time       0.26
best      11760,        iteration:         25,        time       0.81
best      11859,        iteration:         37,        time       1.19
end try 0 


try          0,        best      11859,        found at iteration         37,        found at time       1.19
