Parameter-settings: 

--inputfile          instances/pr107-thop/pr107_03_bsc_01_03.thop
--outputfile         solutions/acothop*/pr107-thop/pr107_03_bsc_01_03_00.thop.sol
--tries              1
--tours              0
--ptries             3
--time               32.00
--seed               269070
--optimum            1
--ants               200
--nnants             20
--alpha              0.79
--beta               3.50
--rho                0.28
--q0                 0.00
--elitistants        0
--rasranks           0
--localsearch        0
--nnls               20
--dlb                1
--as                 0
--eas                0
--ras                0
--mmas               1
--bwas               0
--acs                0


begin try 0 
best      41934,        iteration:          1,        time       0.14
best      43440,        iteration:          2,        time       0.27
best      43733,        iteration:         17,        time       2.24
best      44019,        iteration:         31,        time       4.13
best      44152,        iteration:         69,        time       9.13
best      44247,        iteration:        183,        time      24.20
best      44356,        iteration:        213,        time      28.03
end try 0 


try          0,        best      44356,        found at iteration        213,        found at time      28.03
