Parameter-settings: 

--inputfile          instances/pr107-thop/pr107_10_usw_10_03.thop
--outputfile         solutions/acothop*/pr107-thop/pr107_10_usw_10_03_00.thop.sol
--tries              1
--tours              0
--ptries             1
--time               105.00
--seed               269070
--optimum            1
--ants               200
--nnants             20
--alpha              0.83
--beta               3.76
--rho                0.49
--q0                 0.00
--elitistants        0
--rasranks           0
--localsearch        0
--nnls               20
--dlb                1
--as                 0
--eas                0
--ras                0
--mmas               1
--bwas               0
--acs                0


begin try 0 
best     407261,        iteration:          1,        time       0.27
best     408611,        iteration:          2,        time       0.55
best     414834,        iteration:          3,        time       0.83
best     425682,        iteration:          5,        time       1.38
best     430225,        iteration:          7,        time       1.94
best     433012,        iteration:          9,        time       2.49
best     438158,        iteration:         10,        time       2.78
best     439364,        iteration:         11,        time       3.06
best     439381,        iteration:         13,        time       3.64
best     439455,        iteration:         15,        time       4.20
best     440625,        iteration:         17,        time       4.77
best     440964,        iteration:         18,        time       5.06
best     442153,        iteration:         19,        time       5.34
best     442939,        iteration:         20,        time       5.62
best     444660,        iteration:         21,        time       5.91
best     446787,        iteration:         22,        time       6.19
best     447916,        iteration:         23,        time       6.47
best     448123,        iteration:         24,        time       6.75
best     448520,        iteration:         29,        time       8.17
best     449162,        iteration:         30,        time       8.46
best     449360,        iteration:         31,        time       8.74
best     449379,        iteration:         34,        time       9.59
best     450028,        iteration:         35,        time       9.87
best     450052,        iteration:         36,        time      10.15
best     450186,        iteration:         37,        time      10.43
best     451504,        iteration:         38,        time      10.71
best     451507,        iteration:         39,        time      10.99
best     451729,        iteration:         40,        time      11.27
best     453103,        iteration:         41,        time      11.55
best     453170,        iteration:         44,        time      12.39
best     453841,        iteration:         47,        time      13.24
best     453929,        iteration:         48,        time      13.52
best     455454,        iteration:         49,        time      13.80
best     455511,        iteration:         50,        time      14.09
best     456014,        iteration:         57,        time      16.05
best     458058,        iteration:         79,        time      22.14
best     458387,        iteration:         80,        time      22.42
best     458413,        iteration:         81,        time      22.69
best     460830,        iteration:         82,        time      22.97
best     460864,        iteration:         84,        time      23.54
best     461082,        iteration:         88,        time      24.67
best     461395,        iteration:         89,        time      24.95
best     461417,        iteration:         92,        time      25.78
best     461432,        iteration:         95,        time      26.60
best     461433,        iteration:        102,        time      28.57
best     461594,        iteration:        103,        time      28.85
best     463078,        iteration:        104,        time      29.13
best     463889,        iteration:        107,        time      29.96
best     464031,        iteration:        108,        time      30.25
best     464072,        iteration:        110,        time      30.81
best     464407,        iteration:        114,        time      31.94
best     466771,        iteration:        126,        time      35.32
best     466851,        iteration:        135,        time      37.84
best     467444,        iteration:        136,        time      38.12
best     467832,        iteration:        137,        time      38.40
best     468103,        iteration:        139,        time      38.97
best     468116,        iteration:        141,        time      39.53
best     468124,        iteration:        142,        time      39.81
best     468924,        iteration:        144,        time      40.37
best     469465,        iteration:        145,        time      40.65
best     469686,        iteration:        154,        time      43.18
best     470720,        iteration:        155,        time      43.47
best     470879,        iteration:        156,        time      43.75
best     470938,        iteration:        157,        time      44.03
best     470956,        iteration:        160,        time      44.87
best     471022,        iteration:        180,        time      50.49
best     471208,        iteration:        181,        time      50.77
best     471215,        iteration:        204,        time      57.23
best     471894,        iteration:        266,        time      74.65
best     471992,        iteration:        267,        time      74.92
best     472334,        iteration:        271,        time      76.03
best     472347,        iteration:        272,        time      76.31
best     472379,        iteration:        275,        time      77.15
best     472420,        iteration:        281,        time      78.83
end try 0 


try          0,        best     472420,        found at iteration        281,        found at time      78.83
