Parameter-settings: 

--inputfile          instances/pr107-thop/pr107_10_usw_10_01.thop
--outputfile         solutions/acothop*/pr107-thop/pr107_10_usw_10_01_08.thop.sol
--tries              1
--tours              0
--ptries             1
--time               105.00
--seed               858990
--optimum            1
--ants               200
--nnants             20
--alpha              0.83
--beta               3.76
--rho                0.49
--q0                 0.00
--elitistants        0
--rasranks           0
--localsearch        0
--nnls               20
--dlb                1
--as                 0
--eas                0
--ras                0
--mmas               1
--bwas               0
--acs                0


begin try 0 
best     255535,        iteration:          1,        time       0.21
best     261970,        iteration:          2,        time       0.39
best     262357,        iteration:          3,        time       0.58
best     269514,        iteration:          4,        time       0.79
best     279487,        iteration:          7,        time       1.43
best     280419,        iteration:          8,        time       1.65
best     280554,        iteration:         10,        time       2.07
best     282044,        iteration:         11,        time       2.29
best     283484,        iteration:         12,        time       2.50
best     283879,        iteration:         14,        time       2.93
best     284253,        iteration:         20,        time       4.24
best     284422,        iteration:         44,        time       9.58
best     284710,        iteration:         45,        time       9.81
best     284792,        iteration:         46,        time      10.03
best     286021,        iteration:         47,        time      10.25
best     288061,        iteration:         48,        time      10.47
best     289143,        iteration:         49,        time      10.69
best     289269,        iteration:         50,        time      10.91
best     290340,        iteration:         52,        time      11.36
best     290475,        iteration:         74,        time      16.24
best     291044,        iteration:         80,        time      17.56
best     291776,        iteration:        113,        time      24.87
best     291967,        iteration:        115,        time      25.26
best     291981,        iteration:        250,        time      55.03
best     292611,        iteration:        252,        time      55.46
end try 0 


try          0,        best     292611,        found at iteration        252,        found at time      55.46
