Parameter-settings: 

--inputfile          instances/pr107-thop/pr107_01_usw_05_02.thop
--outputfile         solutions/acothop*/pr107-thop/pr107_01_usw_05_02_04.thop.sol
--tries              1
--tours              0
--ptries             3
--time               11.00
--seed               547617
--optimum            1
--ants               50
--nnants             20
--alpha              0.94
--beta               3.72
--rho                0.61
--q0                 0.00
--elitistants        0
--rasranks           0
--localsearch        0
--nnls               20
--dlb                1
--as                 0
--eas                0
--ras                0
--mmas               1
--bwas               0
--acs                0


begin try 0 
best      29282,        iteration:          1,        time       0.03
best      29516,        iteration:          4,        time       0.12
best      29886,        iteration:          7,        time       0.21
best      30231,        iteration:         12,        time       0.36
best      30339,        iteration:         32,        time       0.95
best      30737,        iteration:         35,        time       1.04
best      30909,        iteration:         46,        time       1.36
best      30919,        iteration:         89,        time       2.61
best      30929,        iteration:         90,        time       2.64
best      31031,        iteration:         91,        time       2.67
best      31555,        iteration:         98,        time       2.86
end try 0 


try          0,        best      31555,        found at iteration         98,        found at time       2.86
