Parameter-settings: 

--inputfile          instances/pr107-thop/pr107_10_bsc_10_03.thop
--outputfile         solutions/acothop*/pr107-thop/pr107_10_bsc_10_03_01.thop.sol
--tries              1
--tours              0
--ptries             5
--time               105.00
--seed               99470
--optimum            1
--ants               200
--nnants             20
--alpha              0.75
--beta               3.36
--rho                0.70
--q0                 0.00
--elitistants        0
--rasranks           0
--localsearch        0
--nnls               20
--dlb                1
--as                 0
--eas                0
--ras                0
--mmas               1
--bwas               0
--acs                0


begin try 0 
best     851243,        iteration:          1,        time       1.41
best     862488,        iteration:          4,        time       5.68
best     883142,        iteration:          5,        time       7.10
best     899026,        iteration:          6,        time       8.52
best     905890,        iteration:         11,        time      15.68
best     906762,        iteration:         14,        time      19.97
best     909157,        iteration:         16,        time      22.80
best     910264,        iteration:         18,        time      25.65
best     913941,        iteration:         23,        time      32.79
best     916023,        iteration:         31,        time      44.28
best     916776,        iteration:         36,        time      51.47
best     918193,        iteration:         37,        time      52.91
best     925094,        iteration:         41,        time      58.59
best     926037,        iteration:         69,        time      98.75
end try 0 


try          0,        best     926037,        found at iteration         69,        found at time      98.75
