Parameter-settings: 

--inputfile          instances/pr107-thop/pr107_03_unc_10_02.thop
--outputfile         solutions/acothop*/pr107-thop/pr107_03_unc_10_02_06.thop.sol
--tries              1
--tours              0
--ptries             5
--time               32.00
--seed               73456
--optimum            1
--ants               200
--nnants             20
--alpha              0.78
--beta               3.31
--rho                0.74
--q0                 0.00
--elitistants        0
--rasranks           0
--localsearch        0
--nnls               20
--dlb                1
--as                 0
--eas                0
--ras                0
--mmas               1
--bwas               0
--acs                0


begin try 0 
best      87434,        iteration:          1,        time       0.32
best      90053,        iteration:          2,        time       0.66
best     102697,        iteration:          4,        time       1.35
best     103034,        iteration:          7,        time       2.43
best     103943,        iteration:          8,        time       2.79
best     104249,        iteration:          9,        time       3.15
best     104648,        iteration:         10,        time       3.53
best     104889,        iteration:         11,        time       3.90
best     105030,        iteration:         12,        time       4.27
best     105128,        iteration:         15,        time       5.39
best     105135,        iteration:         29,        time      10.65
best     105304,        iteration:         31,        time      11.39
best     105434,        iteration:         34,        time      12.53
best     105905,        iteration:         35,        time      12.91
best     106245,        iteration:         36,        time      13.29
best     106996,        iteration:         39,        time      14.43
best     107164,        iteration:         41,        time      15.18
best     107475,        iteration:         46,        time      17.08
best     107516,        iteration:         54,        time      20.07
best     107600,        iteration:         57,        time      21.19
best     107920,        iteration:         60,        time      22.32
best     108321,        iteration:         75,        time      28.01
end try 0 


try          0,        best     108321,        found at iteration         75,        found at time      28.01
