Parameter-settings: 

--inputfile          instances/pr107-thop/pr107_01_unc_01_03.thop
--outputfile         solutions/acothop*/pr107-thop/pr107_01_unc_01_03_08.thop.sol
--tries              1
--tours              0
--ptries             2
--time               11.00
--seed               858990
--optimum            1
--ants               100
--nnants             20
--alpha              1.11
--beta               3.16
--rho                0.67
--q0                 0.00
--elitistants        0
--rasranks           0
--localsearch        0
--nnls               20
--dlb                1
--as                 0
--eas                0
--ras                0
--mmas               1
--bwas               0
--acs                0


begin try 0 
best      13621,        iteration:          1,        time       0.03
best      13906,        iteration:          3,        time       0.10
best      13979,        iteration:          4,        time       0.13
best      14166,        iteration:          5,        time       0.16
best      14316,        iteration:        128,        time       3.86
best      14373,        iteration:        166,        time       5.05
end try 0 


try          0,        best      14373,        found at iteration        166,        found at time       5.05
