Parameter-settings: 

--inputfile          instances/pr107-thop/pr107_05_usw_05_03.thop
--outputfile         solutions/acothop*/pr107-thop/pr107_05_usw_05_03_07.thop.sol
--tries              1
--tours              0
--ptries             4
--time               53.00
--seed               462018
--optimum            1
--ants               200
--nnants             20
--alpha              0.88
--beta               2.75
--rho                0.88
--q0                 0.00
--elitistants        0
--rasranks           0
--localsearch        0
--nnls               20
--dlb                1
--as                 0
--eas                0
--ras                0
--mmas               1
--bwas               0
--acs                0


begin try 0 
best     138215,        iteration:          1,        time       0.46
best     143694,        iteration:          2,        time       0.92
best     147689,        iteration:          3,        time       1.39
best     149838,        iteration:          4,        time       1.84
best     150837,        iteration:          5,        time       2.30
best     151012,        iteration:          6,        time       2.75
best     152199,        iteration:          7,        time       3.21
best     152511,        iteration:          8,        time       3.66
best     152544,        iteration:          9,        time       4.12
best     152687,        iteration:         10,        time       4.57
best     153018,        iteration:         11,        time       5.02
best     153202,        iteration:         12,        time       5.47
best     153710,        iteration:         14,        time       6.38
best     154180,        iteration:         15,        time       6.83
best     154543,        iteration:         16,        time       7.29
best     155300,        iteration:         17,        time       7.74
best     155560,        iteration:         21,        time       9.55
best     155910,        iteration:         22,        time      10.01
best     155968,        iteration:         23,        time      10.46
best     156032,        iteration:         24,        time      10.91
best     156080,        iteration:         43,        time      19.57
best     156348,        iteration:         44,        time      20.02
best     157429,        iteration:         45,        time      20.48
best     158029,        iteration:         46,        time      20.92
best     158093,        iteration:         48,        time      21.79
best     158340,        iteration:         49,        time      22.23
best     159302,        iteration:         50,        time      22.67
best     159333,        iteration:         55,        time      24.89
best     159830,        iteration:         56,        time      25.33
best     160221,        iteration:         58,        time      26.19
best     160266,        iteration:         64,        time      28.78
best     160337,        iteration:         65,        time      29.22
best     160432,        iteration:         66,        time      29.65
best     160864,        iteration:         68,        time      30.52
best     161056,        iteration:         72,        time      32.27
best     161135,        iteration:         74,        time      33.13
best     161320,        iteration:         75,        time      33.55
best     161347,        iteration:         96,        time      42.67
best     161505,        iteration:        105,        time      46.50
best     161667,        iteration:        106,        time      46.93
best     161882,        iteration:        113,        time      49.91
best     161948,        iteration:        114,        time      50.34
end try 0 


try          0,        best     161948,        found at iteration        114,        found at time      50.34
