Parameter-settings: 

--inputfile          instances/pr107-thop/pr107_10_bsc_01_03.thop
--outputfile         solutions/acothop*/pr107-thop/pr107_10_bsc_01_03_06.thop.sol
--tries              1
--tours              0
--ptries             5
--time               105.00
--seed               73456
--optimum            1
--ants               200
--nnants             20
--alpha              0.75
--beta               3.36
--rho                0.70
--q0                 0.00
--elitistants        0
--rasranks           0
--localsearch        0
--nnls               20
--dlb                1
--as                 0
--eas                0
--ras                0
--mmas               1
--bwas               0
--acs                0


begin try 0 
best     133961,        iteration:          1,        time       0.92
best     134114,        iteration:          2,        time       1.84
best     134738,        iteration:          3,        time       2.80
best     135703,        iteration:          4,        time       3.74
best     137740,        iteration:          5,        time       4.65
best     137927,        iteration:          8,        time       7.39
best     138752,        iteration:          9,        time       8.25
best     139960,        iteration:         10,        time       9.12
best     140018,        iteration:         22,        time      19.09
best     140299,        iteration:         27,        time      23.42
best     140607,        iteration:         45,        time      38.54
best     140744,        iteration:         69,        time      58.33
end try 0 


try          0,        best     140744,        found at iteration         69,        found at time      58.33
