Parameter-settings: 

--inputfile          instances/pr107-thop/pr107_01_bsc_05_01.thop
--outputfile         solutions/acothop*/pr107-thop/pr107_01_bsc_05_01_05.thop.sol
--tries              1
--tours              0
--ptries             5
--time               11.00
--seed               642580
--optimum            1
--ants               200
--nnants             20
--alpha              0.84
--beta               3.91
--rho                0.94
--q0                 0.00
--elitistants        0
--rasranks           0
--localsearch        0
--nnls               20
--dlb                1
--as                 0
--eas                0
--ras                0
--mmas               1
--bwas               0
--acs                0


begin try 0 
best      41945,        iteration:          1,        time       0.16
best      42830,        iteration:          2,        time       0.33
best      43574,        iteration:          3,        time       0.49
best      43879,        iteration:          4,        time       0.65
best      44322,        iteration:          5,        time       0.83
best      44524,        iteration:          6,        time       1.00
best      44580,        iteration:          8,        time       1.34
end try 0 


try          0,        best      44580,        found at iteration          8,        found at time       1.34
