Parameter-settings: 

--inputfile          instances/pr107-thop/pr107_05_bsc_05_01.thop
--outputfile         solutions/acothop*/pr107-thop/pr107_05_bsc_05_01_08.thop.sol
--tries              1
--tours              0
--ptries             3
--time               53.00
--seed               858990
--optimum            1
--ants               1000
--nnants             20
--alpha              0.88
--beta               4.39
--rho                0.72
--q0                 0.00
--elitistants        0
--rasranks           0
--localsearch        0
--nnls               20
--dlb                1
--as                 0
--eas                0
--ras                0
--mmas               1
--bwas               0
--acs                0


begin try 0 
best     220318,        iteration:          1,        time       1.40
best     227418,        iteration:          2,        time       2.77
best     229471,        iteration:          3,        time       4.14
best     230662,        iteration:          4,        time       5.49
best     230872,        iteration:          6,        time       8.40
best     231248,        iteration:         10,        time      14.22
best     231462,        iteration:         11,        time      15.68
best     231654,        iteration:         13,        time      18.60
best     232131,        iteration:         23,        time      33.13
best     233206,        iteration:         24,        time      34.57
best     234567,        iteration:         25,        time      35.99
end try 0 


try          0,        best     234567,        found at iteration         25,        found at time      35.99
