Parameter-settings: 

--inputfile          instances/pr107-thop/pr107_01_unc_01_03.thop
--outputfile         solutions/acothop*/pr107-thop/pr107_01_unc_01_03_06.thop.sol
--tries              1
--tours              0
--ptries             2
--time               11.00
--seed               73456
--optimum            1
--ants               100
--nnants             20
--alpha              1.11
--beta               3.16
--rho                0.67
--q0                 0.00
--elitistants        0
--rasranks           0
--localsearch        0
--nnls               20
--dlb                1
--as                 0
--eas                0
--ras                0
--mmas               1
--bwas               0
--acs                0


begin try 0 
best      13196,        iteration:          1,        time       0.03
best      13516,        iteration:          2,        time       0.06
best      13968,        iteration:          3,        time       0.09
best      14170,        iteration:          5,        time       0.15
best      14316,        iteration:         30,        time       0.93
best      14373,        iteration:        164,        time       5.03
end try 0 


try          0,        best      14373,        found at iteration        164,        found at time       5.03
