Parameter-settings: 

--inputfile          instances/pr107-thop/pr107_03_usw_01_02.thop
--outputfile         solutions/acothop*/pr107-thop/pr107_03_usw_01_02_03.thop.sol
--tries              1
--tours              0
--ptries             2
--time               32.00
--seed               644764
--optimum            1
--ants               20
--nnants             20
--alpha              0.84
--beta               3.73
--rho                0.62
--q0                 0.00
--elitistants        0
--rasranks           0
--localsearch        0
--nnls               20
--dlb                1
--as                 0
--eas                0
--ras                0
--mmas               1
--bwas               0
--acs                0


begin try 0 
best      23144,        iteration:          1,        time       0.02
best      23416,        iteration:          4,        time       0.07
best      24111,        iteration:          7,        time       0.13
best      24122,        iteration:         10,        time       0.18
best      24257,        iteration:         34,        time       0.56
best      24356,        iteration:         57,        time       0.91
best      24481,        iteration:         80,        time       1.26
best      24621,        iteration:         87,        time       1.37
best      24646,        iteration:        983,        time      16.02
end try 0 


try          0,        best      24646,        found at iteration        983,        found at time      16.02
