Parameter-settings: 

--inputfile          instances/pr107-thop/pr107_05_bsc_05_03.thop
--outputfile         solutions/acothop*/pr107-thop/pr107_05_bsc_05_03_02.thop.sol
--tries              1
--tours              0
--ptries             3
--time               53.00
--seed               126489
--optimum            1
--ants               1000
--nnants             20
--alpha              0.88
--beta               4.39
--rho                0.72
--q0                 0.00
--elitistants        0
--rasranks           0
--localsearch        0
--nnls               20
--dlb                1
--as                 0
--eas                0
--ras                0
--mmas               1
--bwas               0
--acs                0


begin try 0 
best     281692,        iteration:          1,        time       1.83
best     281966,        iteration:          4,        time       7.19
best     282864,        iteration:          5,        time       8.93
best     282880,        iteration:          6,        time      10.65
best     283585,        iteration:          7,        time      12.37
best     283627,        iteration:          8,        time      14.09
best     283684,        iteration:         12,        time      20.84
end try 0 


try          0,        best     283684,        found at iteration         12,        found at time      20.84
