Parameter-settings: 

--inputfile          instances/pr107-thop/pr107_10_unc_05_02.thop
--outputfile         solutions/acothop*/pr107-thop/pr107_10_unc_05_02_04.thop.sol
--tries              1
--tours              0
--ptries             1
--time               105.00
--seed               547617
--optimum            1
--ants               200
--nnants             20
--alpha              0.97
--beta               3.98
--rho                0.69
--q0                 0.00
--elitistants        0
--rasranks           0
--localsearch        0
--nnls               20
--dlb                1
--as                 0
--eas                0
--ras                0
--mmas               1
--bwas               0
--acs                0


begin try 0 
best     243889,        iteration:          1,        time       0.25
best     249294,        iteration:          3,        time       0.76
best     249848,        iteration:          6,        time       1.54
best     250107,        iteration:         15,        time       3.93
best     250464,        iteration:         40,        time      10.60
best     250612,        iteration:         41,        time      10.86
best     250726,        iteration:         65,        time      17.34
best     252889,        iteration:        119,        time      31.92
best     257133,        iteration:        121,        time      32.45
best     257327,        iteration:        163,        time      43.78
best     257535,        iteration:        232,        time      62.23
best     258243,        iteration:        245,        time      65.69
best     259988,        iteration:        263,        time      70.54
best     260541,        iteration:        297,        time      79.77
best     260614,        iteration:        300,        time      80.58
best     260780,        iteration:        346,        time      92.49
best     261731,        iteration:        347,        time      92.75
end try 0 


try          0,        best     261731,        found at iteration        347,        found at time      92.75
