Parameter-settings: 

--inputfile          instances/pr107-thop/pr107_01_unc_05_01.thop
--outputfile         solutions/acothop*/pr107-thop/pr107_01_unc_05_01_05.thop.sol
--tries              1
--tours              0
--ptries             2
--time               11.00
--seed               642580
--optimum            1
--ants               100
--nnants             20
--alpha              1.11
--beta               3.16
--rho                0.67
--q0                 0.00
--elitistants        0
--rasranks           0
--localsearch        0
--nnls               20
--dlb                1
--as                 0
--eas                0
--ras                0
--mmas               1
--bwas               0
--acs                0


begin try 0 
best      14910,        iteration:          1,        time       0.03
best      17139,        iteration:          2,        time       0.06
best      18092,        iteration:          4,        time       0.14
best      18443,        iteration:          5,        time       0.17
best      18703,        iteration:          6,        time       0.21
best      19085,        iteration:          8,        time       0.27
best      19106,        iteration:         24,        time       0.75
best      19283,        iteration:         27,        time       0.85
best      19304,        iteration:         31,        time       0.99
best      19704,        iteration:         37,        time       1.20
best      20085,        iteration:         95,        time       3.20
best      20384,        iteration:        138,        time       4.66
end try 0 


try          0,        best      20384,        found at iteration        138,        found at time       4.66
