Parameter-settings: 

--inputfile          instances/pr107-thop/pr107_01_bsc_10_01.thop
--outputfile         solutions/acothop*/pr107-thop/pr107_01_bsc_10_01_02.thop.sol
--tries              1
--tours              0
--ptries             5
--time               11.00
--seed               126489
--optimum            1
--ants               200
--nnants             20
--alpha              0.84
--beta               3.91
--rho                0.94
--q0                 0.00
--elitistants        0
--rasranks           0
--localsearch        0
--nnls               20
--dlb                1
--as                 0
--eas                0
--ras                0
--mmas               1
--bwas               0
--acs                0


begin try 0 
best      59734,        iteration:          1,        time       0.19
best      59780,        iteration:          2,        time       0.36
best      61200,        iteration:          3,        time       0.54
best      61602,        iteration:          5,        time       0.90
best      61842,        iteration:          6,        time       1.08
best      64587,        iteration:          7,        time       1.27
best      64787,        iteration:          9,        time       1.63
best      64987,        iteration:         10,        time       1.83
best      65187,        iteration:         20,        time       3.71
end try 0 


try          0,        best      65187,        found at iteration         20,        found at time       3.71
