Parameter-settings: 

--inputfile          instances/pr107-thop/pr107_10_bsc_05_01.thop
--outputfile         solutions/acothop*/pr107-thop/pr107_10_bsc_05_01_09.thop.sol
--tries              1
--tours              0
--ptries             5
--time               105.00
--seed               756112
--optimum            1
--ants               200
--nnants             20
--alpha              0.75
--beta               3.36
--rho                0.70
--q0                 0.00
--elitistants        0
--rasranks           0
--localsearch        0
--nnls               20
--dlb                1
--as                 0
--eas                0
--ras                0
--mmas               1
--bwas               0
--acs                0


begin try 0 
best     380192,        iteration:          1,        time       0.92
best     415291,        iteration:          2,        time       1.85
best     417036,        iteration:          5,        time       4.70
best     421410,        iteration:          6,        time       5.65
best     433027,        iteration:          9,        time       8.56
best     435326,        iteration:         16,        time      15.40
best     436134,        iteration:         20,        time      19.22
best     441046,        iteration:         24,        time      23.03
best     441307,        iteration:         35,        time      33.58
best     442919,        iteration:         36,        time      34.55
best     443546,        iteration:         37,        time      35.52
best     443597,        iteration:         38,        time      36.47
best     443692,        iteration:         41,        time      39.38
best     444905,        iteration:         43,        time      41.29
best     446306,        iteration:         44,        time      42.23
best     450254,        iteration:         47,        time      45.13
best     450404,        iteration:         48,        time      46.13
best     451162,        iteration:         54,        time      51.89
best     451485,        iteration:         56,        time      53.84
best     451604,        iteration:         60,        time      57.81
best     452211,        iteration:         61,        time      58.79
best     452496,        iteration:         66,        time      63.74
best     453664,        iteration:         77,        time      74.50
best     453825,        iteration:         78,        time      75.45
end try 0 


try          0,        best     453825,        found at iteration         78,        found at time      75.45
