Parameter-settings: 

--inputfile          instances/pr107-thop/pr107_05_bsc_10_03.thop
--outputfile         solutions/acothop*/pr107-thop/pr107_05_bsc_10_03_06.thop.sol
--tries              1
--tours              0
--ptries             3
--time               53.00
--seed               73456
--optimum            1
--ants               1000
--nnants             20
--alpha              0.88
--beta               4.39
--rho                0.72
--q0                 0.00
--elitistants        0
--rasranks           0
--localsearch        0
--nnls               20
--dlb                1
--as                 0
--eas                0
--ras                0
--mmas               1
--bwas               0
--acs                0


begin try 0 
best     440861,        iteration:          1,        time       1.99
best     452995,        iteration:          2,        time       4.00
best     454380,        iteration:          4,        time       8.00
best     457975,        iteration:          5,        time      10.01
best     461878,        iteration:          6,        time      12.02
best     464820,        iteration:          7,        time      14.04
best     465918,        iteration:         10,        time      20.13
best     467373,        iteration:         11,        time      22.18
best     468185,        iteration:         18,        time      36.39
end try 0 


try          0,        best     468185,        found at iteration         18,        found at time      36.39
