Parameter-settings: 

--inputfile          instances/pr107-thop/pr107_10_bsc_05_02.thop
--outputfile         solutions/acothop*/pr107-thop/pr107_10_bsc_05_02_04.thop.sol
--tries              1
--tours              0
--ptries             5
--time               105.00
--seed               547617
--optimum            1
--ants               200
--nnants             20
--alpha              0.75
--beta               3.36
--rho                0.70
--q0                 0.00
--elitistants        0
--rasranks           0
--localsearch        0
--nnls               20
--dlb                1
--as                 0
--eas                0
--ras                0
--mmas               1
--bwas               0
--acs                0


begin try 0 
best     517562,        iteration:          1,        time       1.09
best     529739,        iteration:          3,        time       3.37
best     534160,        iteration:          4,        time       4.51
best     540143,        iteration:          5,        time       5.64
best     540687,        iteration:          8,        time       9.14
best     542175,        iteration:          9,        time      10.34
best     543591,        iteration:         11,        time      12.68
best     544767,        iteration:         14,        time      16.27
best     547819,        iteration:         17,        time      19.88
best     548259,        iteration:         18,        time      21.07
best     549752,        iteration:         38,        time      45.27
best     550144,        iteration:         50,        time      59.74
best     551019,        iteration:         55,        time      65.60
best     551340,        iteration:         76,        time      91.42
best     551765,        iteration:         77,        time      92.64
end try 0 


try          0,        best     551765,        found at iteration         77,        found at time      92.64
