Parameter-settings: 

--inputfile          instances/pr107-thop/pr107_05_usw_05_01.thop
--outputfile         solutions/acothop*/pr107-thop/pr107_05_usw_05_01_05.thop.sol
--tries              1
--tours              0
--ptries             4
--time               53.00
--seed               642580
--optimum            1
--ants               200
--nnants             20
--alpha              0.88
--beta               2.75
--rho                0.88
--q0                 0.00
--elitistants        0
--rasranks           0
--localsearch        0
--nnls               20
--dlb                1
--as                 0
--eas                0
--ras                0
--mmas               1
--bwas               0
--acs                0


begin try 0 
best      93695,        iteration:          1,        time       0.38
best     106196,        iteration:          2,        time       0.77
best     110835,        iteration:          3,        time       1.16
best     111238,        iteration:          4,        time       1.57
best     113085,        iteration:          5,        time       1.98
best     113609,        iteration:          6,        time       2.39
best     113693,        iteration:          7,        time       2.81
best     113772,        iteration:          9,        time       3.64
best     113866,        iteration:         10,        time       4.05
best     113900,        iteration:         11,        time       4.47
best     113949,        iteration:         13,        time       5.28
best     114053,        iteration:         14,        time       5.69
best     114688,        iteration:         16,        time       6.51
best     114760,        iteration:         20,        time       8.14
best     114957,        iteration:         21,        time       8.54
best     114961,        iteration:         22,        time       8.94
best     115079,        iteration:         32,        time      13.04
best     115293,        iteration:         33,        time      13.45
best     115304,        iteration:         34,        time      13.86
best     115540,        iteration:         41,        time      16.73
best     115549,        iteration:         42,        time      17.14
best     115562,        iteration:         43,        time      17.54
best     115563,        iteration:         44,        time      17.95
best     116189,        iteration:         49,        time      20.02
best     116200,        iteration:         50,        time      20.42
best     116210,        iteration:         55,        time      22.46
best     116232,        iteration:         78,        time      32.01
best     116249,        iteration:         79,        time      32.43
end try 0 


try          0,        best     116249,        found at iteration         79,        found at time      32.43
