Parameter-settings: 

--inputfile          instances/pr107-thop/pr107_01_bsc_10_01.thop
--outputfile         solutions/acothop*/pr107-thop/pr107_01_bsc_10_01_05.thop.sol
--tries              1
--tours              0
--ptries             5
--time               11.00
--seed               642580
--optimum            1
--ants               200
--nnants             20
--alpha              0.84
--beta               3.91
--rho                0.94
--q0                 0.00
--elitistants        0
--rasranks           0
--localsearch        0
--nnls               20
--dlb                1
--as                 0
--eas                0
--ras                0
--mmas               1
--bwas               0
--acs                0


begin try 0 
best      59359,        iteration:          1,        time       0.18
best      60007,        iteration:          2,        time       0.36
best      60684,        iteration:          3,        time       0.55
best      62060,        iteration:          4,        time       0.73
best      62462,        iteration:          5,        time       0.92
best      62562,        iteration:          6,        time       1.09
best      62872,        iteration:          8,        time       1.46
best      63397,        iteration:          9,        time       1.64
best      64128,        iteration:         10,        time       1.83
best      64646,        iteration:         12,        time       2.20
best      64738,        iteration:         14,        time       2.55
best      65068,        iteration:         16,        time       2.89
best      65270,        iteration:         18,        time       3.23
best      65380,        iteration:         21,        time       3.80
best      65578,        iteration:         22,        time       3.98
best      66002,        iteration:         24,        time       4.36
end try 0 


try          0,        best      66002,        found at iteration         24,        found at time       4.36
