Parameter-settings: 

--inputfile          instances/pr107-thop/pr107_05_bsc_10_01.thop
--outputfile         solutions/acothop*/pr107-thop/pr107_05_bsc_10_01_09.thop.sol
--tries              1
--tours              0
--ptries             3
--time               53.00
--seed               756112
--optimum            1
--ants               1000
--nnants             20
--alpha              0.88
--beta               4.39
--rho                0.72
--q0                 0.00
--elitistants        0
--rasranks           0
--localsearch        0
--nnls               20
--dlb                1
--as                 0
--eas                0
--ras                0
--mmas               1
--bwas               0
--acs                0


begin try 0 
best     318389,        iteration:          1,        time       1.40
best     328616,        iteration:          2,        time       2.88
best     330701,        iteration:          3,        time       4.35
best     332275,        iteration:          4,        time       5.83
best     332996,        iteration:          5,        time       7.33
best     333837,        iteration:          6,        time       8.84
best     335526,        iteration:          7,        time      10.38
best     337356,        iteration:         10,        time      14.96
best     337588,        iteration:         11,        time      16.47
best     341262,        iteration:         21,        time      31.83
end try 0 


try          0,        best     341262,        found at iteration         21,        found at time      31.83
