Parameter-settings: 

--inputfile          instances/pr107-thop/pr107_03_bsc_01_02.thop
--outputfile         solutions/acothop*/pr107-thop/pr107_03_bsc_01_02_04.thop.sol
--tries              1
--tours              0
--ptries             3
--time               32.00
--seed               547617
--optimum            1
--ants               200
--nnants             20
--alpha              0.79
--beta               3.50
--rho                0.28
--q0                 0.00
--elitistants        0
--rasranks           0
--localsearch        0
--nnls               20
--dlb                1
--as                 0
--eas                0
--ras                0
--mmas               1
--bwas               0
--acs                0


begin try 0 
best      39519,        iteration:          1,        time       0.14
best      39562,        iteration:          2,        time       0.29
best      39816,        iteration:          4,        time       0.57
best      40086,        iteration:          5,        time       0.71
best      40121,        iteration:         23,        time       3.24
best      40353,        iteration:         25,        time       3.52
best      40354,        iteration:         28,        time       3.93
best      40443,        iteration:         36,        time       5.02
best      40554,        iteration:         63,        time       8.63
best      40576,        iteration:         79,        time      10.69
end try 0 


try          0,        best      40576,        found at iteration         79,        found at time      10.69
