Parameter-settings: 

--inputfile          instances/pr107-thop/pr107_01_bsc_01_02.thop
--outputfile         solutions/acothop*/pr107-thop/pr107_01_bsc_01_02_08.thop.sol
--tries              1
--tours              0
--ptries             5
--time               11.00
--seed               858990
--optimum            1
--ants               200
--nnants             20
--alpha              0.84
--beta               3.91
--rho                0.94
--q0                 0.00
--elitistants        0
--rasranks           0
--localsearch        0
--nnls               20
--dlb                1
--as                 0
--eas                0
--ras                0
--mmas               1
--bwas               0
--acs                0


begin try 0 
best      13792,        iteration:          1,        time       0.14
best      13985,        iteration:          2,        time       0.28
best      14088,        iteration:          6,        time       0.78
end try 0 


try          0,        best      14088,        found at iteration          6,        found at time       0.78
