Parameter-settings: 

--inputfile          instances/pr107-thop/pr107_01_unc_10_03.thop
--outputfile         solutions/acothop*/pr107-thop/pr107_01_unc_10_03_07.thop.sol
--tries              1
--tours              0
--ptries             2
--time               11.00
--seed               462018
--optimum            1
--ants               100
--nnants             20
--alpha              1.11
--beta               3.16
--rho                0.67
--q0                 0.00
--elitistants        0
--rasranks           0
--localsearch        0
--nnls               20
--dlb                1
--as                 0
--eas                0
--ras                0
--mmas               1
--bwas               0
--acs                0


begin try 0 
best      42108,        iteration:          2,        time       0.09
best      42698,        iteration:          3,        time       0.14
best      42714,        iteration:          4,        time       0.19
best      43238,        iteration:          5,        time       0.23
best      43334,        iteration:          7,        time       0.33
best      43372,        iteration:         10,        time       0.46
best      43382,        iteration:         11,        time       0.51
best      43556,        iteration:         12,        time       0.55
best      43622,        iteration:         15,        time       0.69
best      43703,        iteration:         20,        time       0.91
best      43802,        iteration:         24,        time       1.09
best      43891,        iteration:         58,        time       2.65
best      44245,        iteration:         59,        time       2.70
best      44268,        iteration:         61,        time       2.79
best      44432,        iteration:         64,        time       2.91
best      44499,        iteration:         78,        time       3.56
best      44523,        iteration:         83,        time       3.80
end try 0 


try          0,        best      44523,        found at iteration         83,        found at time       3.80
