Parameter-settings: 

--inputfile          instances/pr107-thop/pr107_03_unc_01_01.thop
--outputfile         solutions/acothop*/pr107-thop/pr107_03_unc_01_01_08.thop.sol
--tries              1
--tours              0
--ptries             5
--time               32.00
--seed               858990
--optimum            1
--ants               200
--nnants             20
--alpha              0.78
--beta               3.31
--rho                0.74
--q0                 0.00
--elitistants        0
--rasranks           0
--localsearch        0
--nnls               20
--dlb                1
--as                 0
--eas                0
--ras                0
--mmas               1
--bwas               0
--acs                0


begin try 0 
best      25428,        iteration:          1,        time       0.24
best      27254,        iteration:          2,        time       0.48
best      27425,        iteration:          9,        time       2.10
best      27780,        iteration:         18,        time       4.27
best      28468,        iteration:         25,        time       5.97
best      29183,        iteration:         43,        time      10.25
best      29358,        iteration:         56,        time      13.26
best      29469,        iteration:         62,        time      14.63
best      29497,        iteration:         70,        time      16.47
best      29657,        iteration:         75,        time      17.63
best      29737,        iteration:         78,        time      18.33
end try 0 


try          0,        best      29737,        found at iteration         78,        found at time      18.33
