Parameter-settings: 

--inputfile          instances/pr107-thop/pr107_05_usw_10_01.thop
--outputfile         solutions/acothop*/pr107-thop/pr107_05_usw_10_01_01.thop.sol
--tries              1
--tours              0
--ptries             4
--time               53.00
--seed               99470
--optimum            1
--ants               200
--nnants             20
--alpha              0.88
--beta               2.75
--rho                0.88
--q0                 0.00
--elitistants        0
--rasranks           0
--localsearch        0
--nnls               20
--dlb                1
--as                 0
--eas                0
--ras                0
--mmas               1
--bwas               0
--acs                0


begin try 0 
best     121167,        iteration:          1,        time       0.37
best     122658,        iteration:          2,        time       0.76
best     131986,        iteration:          3,        time       1.16
best     132603,        iteration:          4,        time       1.58
best     132999,        iteration:          5,        time       1.99
best     133567,        iteration:          6,        time       2.41
best     133981,        iteration:          7,        time       2.83
best     134577,        iteration:          8,        time       3.26
best     135934,        iteration:          9,        time       3.68
best     136455,        iteration:         10,        time       4.10
best     136490,        iteration:         13,        time       5.37
best     136513,        iteration:         22,        time       9.15
best     136514,        iteration:         25,        time      10.41
best     136781,        iteration:         50,        time      20.87
best     137135,        iteration:         75,        time      31.29
best     137515,        iteration:         77,        time      32.11
best     137606,        iteration:         78,        time      32.53
best     138516,        iteration:         79,        time      32.95
best     139144,        iteration:         80,        time      33.36
best     139481,        iteration:         81,        time      33.77
best     139578,        iteration:         82,        time      34.19
best     139853,        iteration:         88,        time      36.69
best     139857,        iteration:         95,        time      39.63
best     140121,        iteration:         96,        time      40.05
best     140236,        iteration:         97,        time      40.48
best     141343,        iteration:        107,        time      44.64
end try 0 


try          0,        best     141343,        found at iteration        107,        found at time      44.64
