Parameter-settings: 

--inputfile          instances/pr107-thop/pr107_10_usw_01_01.thop
--outputfile         solutions/acothop*/pr107-thop/pr107_10_usw_01_01_03.thop.sol
--tries              1
--tours              0
--ptries             1
--time               105.00
--seed               644764
--optimum            1
--ants               200
--nnants             20
--alpha              0.83
--beta               3.76
--rho                0.49
--q0                 0.00
--elitistants        0
--rasranks           0
--localsearch        0
--nnls               20
--dlb                1
--as                 0
--eas                0
--ras                0
--mmas               1
--bwas               0
--acs                0


begin try 0 
best      67018,        iteration:          1,        time       0.16
best      69044,        iteration:          3,        time       0.47
best      69089,        iteration:         11,        time       1.70
best      69265,        iteration:         13,        time       2.00
best      69619,        iteration:         17,        time       2.58
best      69657,        iteration:         23,        time       3.49
best      69795,        iteration:         24,        time       3.63
best      69891,        iteration:         39,        time       5.77
best      70036,        iteration:         41,        time       6.06
best      70118,        iteration:         43,        time       6.35
best      70182,        iteration:         58,        time       8.41
best      70295,        iteration:         67,        time       9.64
best      70591,        iteration:         94,        time      13.51
end try 0 


try          0,        best      70591,        found at iteration         94,        found at time      13.51
