Parameter-settings: 

--inputfile          instances/pr107-thop/pr107_10_usw_01_01.thop
--outputfile         solutions/acothop*/pr107-thop/pr107_10_usw_01_01_07.thop.sol
--tries              1
--tours              0
--ptries             1
--time               105.00
--seed               462018
--optimum            1
--ants               200
--nnants             20
--alpha              0.83
--beta               3.76
--rho                0.49
--q0                 0.00
--elitistants        0
--rasranks           0
--localsearch        0
--nnls               20
--dlb                1
--as                 0
--eas                0
--ras                0
--mmas               1
--bwas               0
--acs                0


begin try 0 
best      66278,        iteration:          1,        time       0.16
best      67381,        iteration:          2,        time       0.32
best      67707,        iteration:          5,        time       0.80
best      68241,        iteration:          6,        time       0.95
best      69057,        iteration:          7,        time       1.10
best      69158,        iteration:          8,        time       1.25
best      69519,        iteration:         13,        time       1.98
best      69549,        iteration:         28,        time       4.13
best      69657,        iteration:         87,        time      12.72
best      69775,        iteration:         88,        time      12.86
best      69795,        iteration:         89,        time      13.01
best      69872,        iteration:         90,        time      13.14
best      69881,        iteration:         96,        time      13.97
best      69948,        iteration:        102,        time      14.81
best      70107,        iteration:        103,        time      14.95
best      70124,        iteration:        111,        time      16.04
best      70284,        iteration:        113,        time      16.31
best      70305,        iteration:        114,        time      16.44
best      70335,        iteration:        119,        time      17.13
best      70351,        iteration:        120,        time      17.27
best      70405,        iteration:        573,        time      80.52
best      70558,        iteration:        576,        time      80.95
end try 0 


try          0,        best      70558,        found at iteration        576,        found at time      80.95
