Parameter-settings: 

--inputfile          instances/pr107-thop/pr107_10_unc_01_01.thop
--outputfile         solutions/acothop*/pr107-thop/pr107_10_unc_01_01_07.thop.sol
--tries              1
--tours              0
--ptries             1
--time               105.00
--seed               462018
--optimum            1
--ants               200
--nnants             20
--alpha              0.97
--beta               3.98
--rho                0.69
--q0                 0.00
--elitistants        0
--rasranks           0
--localsearch        0
--nnls               20
--dlb                1
--as                 0
--eas                0
--ras                0
--mmas               1
--bwas               0
--acs                0


begin try 0 
best      74062,        iteration:          1,        time       0.17
best      78318,        iteration:          2,        time       0.35
best      84685,        iteration:          3,        time       0.51
best      84744,        iteration:          4,        time       0.68
best      85314,        iteration:          8,        time       1.33
best      85409,        iteration:         12,        time       1.96
best      85418,        iteration:         47,        time       7.71
best      86156,        iteration:         50,        time       8.22
best      86349,        iteration:         74,        time      12.20
best      86658,        iteration:         83,        time      13.67
best      86831,        iteration:        129,        time      21.10
best      87091,        iteration:        253,        time      41.74
best      87171,        iteration:        257,        time      42.41
end try 0 


try          0,        best      87171,        found at iteration        257,        found at time      42.41
