Parameter-settings: 

--inputfile          instances/pr107-thop/pr107_03_unc_10_03.thop
--outputfile         solutions/acothop*/pr107-thop/pr107_03_unc_10_03_09.thop.sol
--tries              1
--tours              0
--ptries             5
--time               32.00
--seed               756112
--optimum            1
--ants               200
--nnants             20
--alpha              0.78
--beta               3.31
--rho                0.74
--q0                 0.00
--elitistants        0
--rasranks           0
--localsearch        0
--nnls               20
--dlb                1
--as                 0
--eas                0
--ras                0
--mmas               1
--bwas               0
--acs                0


begin try 0 
best     121063,        iteration:          4,        time       1.59
best     122224,        iteration:          5,        time       1.99
best     125264,        iteration:          6,        time       2.39
best     125523,        iteration:          7,        time       2.80
best     126556,        iteration:          8,        time       3.19
best     127492,        iteration:          9,        time       3.61
best     127952,        iteration:         10,        time       4.02
best     127991,        iteration:         12,        time       4.84
best     128359,        iteration:         13,        time       5.25
best     128447,        iteration:         14,        time       5.65
best     128635,        iteration:         15,        time       6.05
best     129368,        iteration:         27,        time      10.90
best     130184,        iteration:         28,        time      11.30
best     130236,        iteration:         30,        time      12.13
best     131018,        iteration:         31,        time      12.53
best     131031,        iteration:         32,        time      12.94
best     131051,        iteration:         33,        time      13.35
best     131363,        iteration:         34,        time      13.76
best     131364,        iteration:         35,        time      14.17
best     131618,        iteration:         36,        time      14.58
best     132041,        iteration:         37,        time      14.99
best     132320,        iteration:         40,        time      16.23
best     133194,        iteration:         41,        time      16.64
best     133284,        iteration:         46,        time      18.68
best     133687,        iteration:         47,        time      19.09
best     133692,        iteration:         50,        time      20.32
best     133793,        iteration:         54,        time      21.95
best     134187,        iteration:         55,        time      22.34
best     134265,        iteration:         56,        time      22.75
best     134333,        iteration:         57,        time      23.15
best     134386,        iteration:         59,        time      23.96
best     134446,        iteration:         60,        time      24.38
best     134473,        iteration:         61,        time      24.79
best     134533,        iteration:         64,        time      26.02
best     134780,        iteration:         66,        time      26.85
best     135095,        iteration:         68,        time      27.67
best     135257,        iteration:         69,        time      28.08
best     135287,        iteration:         71,        time      28.91
best     135358,        iteration:         72,        time      29.31
end try 0 


try          0,        best     135358,        found at iteration         72,        found at time      29.31
