Parameter-settings: 

--inputfile          instances/pr107-thop/pr107_01_bsc_01_03.thop
--outputfile         solutions/acothop*/pr107-thop/pr107_01_bsc_01_03_02.thop.sol
--tries              1
--tours              0
--ptries             5
--time               11.00
--seed               126489
--optimum            1
--ants               200
--nnants             20
--alpha              0.84
--beta               3.91
--rho                0.94
--q0                 0.00
--elitistants        0
--rasranks           0
--localsearch        0
--nnls               20
--dlb                1
--as                 0
--eas                0
--ras                0
--mmas               1
--bwas               0
--acs                0


begin try 0 
best      15002,        iteration:          1,        time       0.13
best      15105,        iteration:          2,        time       0.25
best      15178,        iteration:          3,        time       0.37
best      15274,        iteration:          6,        time       0.73
best      15316,        iteration:         15,        time       1.85
end try 0 


try          0,        best      15316,        found at iteration         15,        found at time       1.85
