Parameter-settings: 

--inputfile          instances/pr107-thop/pr107_05_unc_05_02.thop
--outputfile         solutions/acothop*/pr107-thop/pr107_05_unc_05_02_09.thop.sol
--tries              1
--tours              0
--ptries             1
--time               53.00
--seed               756112
--optimum            1
--ants               500
--nnants             20
--alpha              0.84
--beta               4.00
--rho                0.64
--q0                 0.00
--elitistants        0
--rasranks           0
--localsearch        0
--nnls               20
--dlb                1
--as                 0
--eas                0
--ras                0
--mmas               1
--bwas               0
--acs                0


begin try 0 
best     130561,        iteration:          1,        time       0.55
best     132882,        iteration:          4,        time       2.33
best     133554,        iteration:         13,        time       7.82
best     133804,        iteration:         14,        time       8.43
best     134817,        iteration:         18,        time      10.89
best     135514,        iteration:         34,        time      20.83
best     137108,        iteration:         35,        time      21.45
best     137583,        iteration:         44,        time      27.12
best     137820,        iteration:         45,        time      27.75
best     137842,        iteration:         47,        time      29.01
best     138551,        iteration:         48,        time      29.65
best     138861,        iteration:         56,        time      34.72
best     138884,        iteration:         73,        time      45.41
best     139510,        iteration:         74,        time      46.03
end try 0 


try          0,        best     139510,        found at iteration         74,        found at time      46.03
