Parameter-settings: 

--inputfile          instances/pr107-thop/pr107_01_unc_05_03.thop
--outputfile         solutions/acothop*/pr107-thop/pr107_01_unc_05_03_01.thop.sol
--tries              1
--tours              0
--ptries             2
--time               11.00
--seed               99470
--optimum            1
--ants               100
--nnants             20
--alpha              1.11
--beta               3.16
--rho                0.67
--q0                 0.00
--elitistants        0
--rasranks           0
--localsearch        0
--nnls               20
--dlb                1
--as                 0
--eas                0
--ras                0
--mmas               1
--bwas               0
--acs                0


begin try 0 
best      31735,        iteration:          1,        time       0.04
best      31928,        iteration:          2,        time       0.09
best      32659,        iteration:          3,        time       0.13
best      32686,        iteration:          4,        time       0.17
best      32764,        iteration:          5,        time       0.21
best      32973,        iteration:          6,        time       0.26
best      33362,        iteration:          7,        time       0.30
best      33638,        iteration:          8,        time       0.34
best      33663,        iteration:         31,        time       1.33
best      33703,        iteration:         39,        time       1.67
best      33809,        iteration:         40,        time       1.71
best      33906,        iteration:         67,        time       2.83
best      33908,        iteration:         77,        time       3.23
best      33989,        iteration:         81,        time       3.39
best      33995,        iteration:        114,        time       4.78
end try 0 


try          0,        best      33995,        found at iteration        114,        found at time       4.78
