Parameter-settings: 

--inputfile          instances/pr107-thop/pr107_05_bsc_05_01.thop
--outputfile         solutions/acothop*/pr107-thop/pr107_05_bsc_05_01_04.thop.sol
--tries              1
--tours              0
--ptries             3
--time               53.00
--seed               547617
--optimum            1
--ants               1000
--nnants             20
--alpha              0.88
--beta               4.39
--rho                0.72
--q0                 0.00
--elitistants        0
--rasranks           0
--localsearch        0
--nnls               20
--dlb                1
--as                 0
--eas                0
--ras                0
--mmas               1
--bwas               0
--acs                0


begin try 0 
best     215357,        iteration:          1,        time       1.39
best     224716,        iteration:          2,        time       2.79
best     226217,        iteration:          4,        time       5.62
best     226617,        iteration:          5,        time       7.07
best     227871,        iteration:          6,        time       8.49
best     228830,        iteration:          7,        time       9.91
best     229101,        iteration:          8,        time      11.35
best     230100,        iteration:          9,        time      12.78
best     231094,        iteration:         10,        time      14.24
best     231285,        iteration:         13,        time      18.57
best     231442,        iteration:         14,        time      20.02
best     231946,        iteration:         15,        time      21.48
best     232493,        iteration:         18,        time      25.83
end try 0 


try          0,        best     232493,        found at iteration         18,        found at time      25.83
