Parameter-settings: 

--inputfile          instances/eil51-thop/eil51_10_usw_10_01.thop
--outputfile         solutions/acothop/eil51-thop/eil51_10_usw_10_01_06.thop.sol
--tries              1
--tours              0
--ptries             1
--time               49.00
--seed               73456
--optimum            1
--ants               196
--nnants             20
--alpha              1.24
--beta               5.46
--rho                0.51
--q0                 0.00
--elitistants        0
--rasranks           0
--localsearch        0
--nnls               20
--dlb                1
--as                 0
--eas                0
--ras                0
--mmas               1
--bwas               0
--acs                0


begin try 0 
best     105884,        iteration:          1,        time       0.07
best     108380,        iteration:          3,        time       0.20
best     110171,        iteration:          4,        time       0.27
best     112543,        iteration:          5,        time       0.34
best     113420,        iteration:          6,        time       0.41
best     118587,        iteration:          7,        time       0.48
best     122550,        iteration:          8,        time       0.56
best     122800,        iteration:          9,        time       0.63
best     125117,        iteration:         27,        time       1.91
best     125422,        iteration:         28,        time       1.98
best     125728,        iteration:         29,        time       2.05
best     126343,        iteration:         77,        time       5.48
best     128393,        iteration:         78,        time       5.55
best     129457,        iteration:         79,        time       5.62
best     130344,        iteration:         80,        time       5.69
best     130514,        iteration:         82,        time       5.82
best     130658,        iteration:         85,        time       6.04
best     130833,        iteration:         90,        time       6.39
best     131719,        iteration:        439,        time      31.17
end try 0 


try          0,        best     131719,        found at iteration        439,        found at time      31.17
