Parameter-settings: 

--inputfile          instances/eil51-thop/eil51_10_unc_10_01.thop
--outputfile         solutions/acothop/eil51-thop/eil51_10_unc_10_01_07.thop.sol
--tries              1
--tours              0
--ptries             1
--time               49.00
--seed               462018
--optimum            1
--ants               196
--nnants             20
--alpha              1.24
--beta               5.46
--rho                0.51
--q0                 0.00
--elitistants        0
--rasranks           0
--localsearch        0
--nnls               20
--dlb                1
--as                 0
--eas                0
--ras                0
--mmas               1
--bwas               0
--acs                0


begin try 0 
best      77993,        iteration:          1,        time       0.06
best      84899,        iteration:          2,        time       0.11
best      87546,        iteration:          3,        time       0.18
best      90478,        iteration:          5,        time       0.32
best     104673,        iteration:          6,        time       0.39
best     108189,        iteration:          7,        time       0.46
best     108826,        iteration:         13,        time       0.87
best     109323,        iteration:         30,        time       2.04
best     110085,        iteration:        374,        time      25.60
best     110734,        iteration:        376,        time      25.74
best     111085,        iteration:        378,        time      25.87
best     112217,        iteration:        480,        time      32.98
best     112431,        iteration:        486,        time      33.41
best     113658,        iteration:        708,        time      48.75
best     113817,        iteration:        710,        time      48.89
end try 0 


try          0,        best     113817,        found at iteration        710,        found at time      48.89
