Parameter-settings: 

--inputfile          instances/eil51-thop/eil51_05_bsc_10_02.thop
--outputfile         solutions/acothop/eil51-thop/eil51_05_bsc_10_02_04.thop.sol
--tries              1
--tours              0
--ptries             1
--time               25.00
--seed               547617
--optimum            1
--ants               196
--nnants             20
--alpha              1.24
--beta               5.46
--rho                0.51
--q0                 0.00
--elitistants        0
--rasranks           0
--localsearch        0
--nnls               20
--dlb                1
--as                 0
--eas                0
--ras                0
--mmas               1
--bwas               0
--acs                0


begin try 0 
best     148631,        iteration:          1,        time       0.04
best     152896,        iteration:          2,        time       0.08
best     161003,        iteration:          3,        time       0.12
best     168146,        iteration:          4,        time       0.15
best     172360,        iteration:          7,        time       0.27
best     190140,        iteration:          8,        time       0.31
best     190567,        iteration:        289,        time      11.39
best     194399,        iteration:        451,        time      17.83
best     194576,        iteration:        453,        time      17.91
best     195058,        iteration:        454,        time      17.95
best     195973,        iteration:        458,        time      18.11
end try 0 


try          0,        best     195973,        found at iteration        458,        found at time      18.11
