Parameter-settings: 

--inputfile          instances/eil51-thop/eil51_05_unc_01_03.thop
--outputfile         solutions/acothop/eil51-thop/eil51_05_unc_01_03_07.thop.sol
--tries              1
--tours              0
--ptries             1
--time               25.00
--seed               462018
--optimum            1
--ants               196
--nnants             20
--alpha              1.24
--beta               5.46
--rho                0.51
--q0                 0.00
--elitistants        0
--rasranks           0
--localsearch        0
--nnls               20
--dlb                1
--as                 0
--eas                0
--ras                0
--mmas               1
--bwas               0
--acs                0


begin try 0 
best      28915,        iteration:          1,        time       0.04
best      29638,        iteration:          2,        time       0.07
best      30996,        iteration:          3,        time       0.11
best      31252,        iteration:          4,        time       0.14
best      33274,        iteration:          5,        time       0.18
best      33283,        iteration:         10,        time       0.34
best      33357,        iteration:         11,        time       0.37
best      33453,        iteration:         12,        time       0.40
best      33617,        iteration:         36,        time       1.15
best      34583,        iteration:         37,        time       1.18
best      34653,        iteration:         40,        time       1.27
best      34672,        iteration:         41,        time       1.29
best      34702,        iteration:         50,        time       1.53
best      34720,        iteration:        535,        time      15.28
best      34966,        iteration:        536,        time      15.31
end try 0 


try          0,        best      34966,        found at iteration        536,        found at time      15.31
