Parameter-settings: 

--inputfile          instances/eil51-thop/eil51_01_bsc_10_03.thop
--outputfile         solutions/acothop/eil51-thop/eil51_01_bsc_10_03_06.thop.sol
--tries              1
--tours              0
--ptries             1
--time               5.00
--seed               73456
--optimum            1
--ants               196
--nnants             20
--alpha              1.24
--beta               5.46
--rho                0.51
--q0                 0.00
--elitistants        0
--rasranks           0
--localsearch        0
--nnls               20
--dlb                1
--as                 0
--eas                0
--ras                0
--mmas               1
--bwas               0
--acs                0


begin try 0 
best      36215,        iteration:          1,        time       0.01
best      36799,        iteration:          2,        time       0.02
best      36885,        iteration:          3,        time       0.03
best      38314,        iteration:          4,        time       0.04
best      39899,        iteration:          6,        time       0.05
best      40719,        iteration:          7,        time       0.06
best      40856,        iteration:          8,        time       0.07
best      40876,        iteration:         10,        time       0.09
best      41188,        iteration:         33,        time       0.28
best      41250,        iteration:         35,        time       0.30
best      41387,        iteration:         38,        time       0.32
best      41588,        iteration:         47,        time       0.40
best      42342,        iteration:        105,        time       0.87
best      42373,        iteration:        106,        time       0.87
best      42635,        iteration:        107,        time       0.88
best      42962,        iteration:        108,        time       0.89
best      43195,        iteration:        124,        time       1.02
best      43292,        iteration:        142,        time       1.17
end try 0 


try          0,        best      43292,        found at iteration        142,        found at time       1.17
