Parameter-settings: 

--inputfile          instances/eil51-thop/eil51_05_bsc_05_02.thop
--outputfile         solutions/acothop/eil51-thop/eil51_05_bsc_05_02_06.thop.sol
--tries              1
--tours              0
--ptries             1
--time               25.00
--seed               73456
--optimum            1
--ants               196
--nnants             20
--alpha              1.24
--beta               5.46
--rho                0.51
--q0                 0.00
--elitistants        0
--rasranks           0
--localsearch        0
--nnls               20
--dlb                1
--as                 0
--eas                0
--ras                0
--mmas               1
--bwas               0
--acs                0


begin try 0 
best      99235,        iteration:          1,        time       0.04
best     105534,        iteration:          2,        time       0.07
best     108199,        iteration:          4,        time       0.14
best     117250,        iteration:          5,        time       0.18
best     118871,        iteration:          6,        time       0.21
best     123103,        iteration:          8,        time       0.28
best     125020,        iteration:          9,        time       0.32
best     127585,        iteration:         10,        time       0.35
best     128932,        iteration:         11,        time       0.39
best     129288,        iteration:         12,        time       0.42
best     129947,        iteration:         24,        time       0.86
end try 0 


try          0,        best     129947,        found at iteration         24,        found at time       0.86
