Parameter-settings: 

--inputfile          instances/eil51-thop/eil51_03_unc_10_02.thop
--outputfile         solutions/acothop/eil51-thop/eil51_03_unc_10_02_06.thop.sol
--tries              1
--tours              0
--ptries             1
--time               15.00
--seed               73456
--optimum            1
--ants               196
--nnants             20
--alpha              1.24
--beta               5.46
--rho                0.51
--q0                 0.00
--elitistants        0
--rasranks           0
--localsearch        0
--nnls               20
--dlb                1
--as                 0
--eas                0
--ras                0
--mmas               1
--bwas               0
--acs                0


begin try 0 
best      37390,        iteration:          1,        time       0.02
best      40770,        iteration:          2,        time       0.04
best      40903,        iteration:          3,        time       0.07
best      41293,        iteration:          4,        time       0.09
best      42914,        iteration:          5,        time       0.11
best      45021,        iteration:          6,        time       0.14
best      45255,        iteration:          8,        time       0.19
best      45489,        iteration:         10,        time       0.24
best      45925,        iteration:         11,        time       0.26
best      46051,        iteration:         12,        time       0.28
best      46338,        iteration:         14,        time       0.33
best      46459,        iteration:         18,        time       0.43
best      49466,        iteration:         19,        time       0.45
best      50422,        iteration:         20,        time       0.48
best      50558,        iteration:         68,        time       1.64
best      50695,        iteration:         69,        time       1.67
best      51075,        iteration:         70,        time       1.69
end try 0 


try          0,        best      51075,        found at iteration         70,        found at time       1.69
