Parameter-settings: 

--inputfile          instances/eil51-thop/eil51_03_usw_05_01.thop
--outputfile         solutions/acothop/eil51-thop/eil51_03_usw_05_01_07.thop.sol
--tries              1
--tours              0
--ptries             1
--time               15.00
--seed               462018
--optimum            1
--ants               196
--nnants             20
--alpha              1.24
--beta               5.46
--rho                0.51
--q0                 0.00
--elitistants        0
--rasranks           0
--localsearch        0
--nnls               20
--dlb                1
--as                 0
--eas                0
--ras                0
--mmas               1
--bwas               0
--acs                0


begin try 0 
best      23405,        iteration:          1,        time       0.02
best      25686,        iteration:          2,        time       0.04
best      26428,        iteration:          3,        time       0.06
best      30942,        iteration:          6,        time       0.13
best      31259,        iteration:          7,        time       0.15
best      31717,        iteration:          8,        time       0.17
best      31759,        iteration:         45,        time       0.94
best      31885,        iteration:        118,        time       2.49
best      31969,        iteration:        533,        time      11.09
best      32001,        iteration:        585,        time      12.20
best      32298,        iteration:        593,        time      12.37
best      32303,        iteration:        628,        time      13.11
best      33374,        iteration:        680,        time      14.21
best      33439,        iteration:        693,        time      14.49
end try 0 


try          0,        best      33439,        found at iteration        693,        found at time      14.49
