Parameter-settings: 

--inputfile          instances/eil51-thop/eil51_01_bsc_01_02.thop
--outputfile         solutions/acothop/eil51-thop/eil51_01_bsc_01_02_09.thop.sol
--tries              1
--tours              0
--ptries             1
--time               5.00
--seed               756112
--optimum            1
--ants               196
--nnants             20
--alpha              1.24
--beta               5.46
--rho                0.51
--q0                 0.00
--elitistants        0
--rasranks           0
--localsearch        0
--nnls               20
--dlb                1
--as                 0
--eas                0
--ras                0
--mmas               1
--bwas               0
--acs                0


begin try 0 
best       5137,        iteration:          1,        time       0.01
best       5168,        iteration:          2,        time       0.02
best       5547,        iteration:          4,        time       0.03
best       5660,        iteration:          5,        time       0.04
best       5775,        iteration:          6,        time       0.04
best       5817,        iteration:          8,        time       0.06
best       5849,        iteration:         21,        time       0.13
best       5870,        iteration:        208,        time       1.28
best       6002,        iteration:        209,        time       1.29
best       6025,        iteration:        385,        time       2.34
best       6051,        iteration:        807,        time       4.93
best       6334,        iteration:        808,        time       4.94
end try 0 


try          0,        best       6334,        found at iteration        808,        found at time       4.94
