Parameter-settings: 

--inputfile          instances/eil51-thop/eil51_03_usw_10_03.thop
--outputfile         solutions/acothop/eil51-thop/eil51_03_usw_10_03_06.thop.sol
--tries              1
--tours              0
--ptries             1
--time               15.00
--seed               73456
--optimum            1
--ants               196
--nnants             20
--alpha              1.24
--beta               5.46
--rho                0.51
--q0                 0.00
--elitistants        0
--rasranks           0
--localsearch        0
--nnls               20
--dlb                1
--as                 0
--eas                0
--ras                0
--mmas               1
--bwas               0
--acs                0


begin try 0 
best      53011,        iteration:          1,        time       0.03
best      55539,        iteration:          2,        time       0.05
best      56390,        iteration:          3,        time       0.07
best      57533,        iteration:          4,        time       0.10
best      57987,        iteration:          5,        time       0.12
best      59570,        iteration:          6,        time       0.15
best      60006,        iteration:          7,        time       0.17
best      60867,        iteration:          8,        time       0.19
best      61518,        iteration:          9,        time       0.21
best      62071,        iteration:         24,        time       0.58
best      62191,        iteration:         25,        time       0.61
best      62516,        iteration:         28,        time       0.68
best      63149,        iteration:         29,        time       0.71
best      63662,        iteration:         31,        time       0.76
best      63999,        iteration:         51,        time       1.25
best      64044,        iteration:         53,        time       1.29
best      64096,        iteration:         56,        time       1.37
best      64121,        iteration:         57,        time       1.39
best      64308,        iteration:         83,        time       2.03
best      64555,        iteration:         84,        time       2.05
best      64753,        iteration:        193,        time       4.76
best      64858,        iteration:        194,        time       4.78
best      64888,        iteration:        431,        time      10.68
best      65063,        iteration:        432,        time      10.70
best      65207,        iteration:        433,        time      10.73
best      65372,        iteration:        466,        time      11.53
best      65394,        iteration:        468,        time      11.58
best      65437,        iteration:        470,        time      11.63
best      65500,        iteration:        482,        time      11.93
best      65541,        iteration:        488,        time      12.08
end try 0 


try          0,        best      65541,        found at iteration        488,        found at time      12.08
