Parameter-settings: 

--inputfile          instances/eil51-thop/eil51_10_usw_01_01.thop
--outputfile         solutions/acothop/eil51-thop/eil51_10_usw_01_01_08.thop.sol
--tries              1
--tours              0
--ptries             1
--time               49.00
--seed               858990
--optimum            1
--ants               196
--nnants             20
--alpha              1.24
--beta               5.46
--rho                0.51
--q0                 0.00
--elitistants        0
--rasranks           0
--localsearch        0
--nnls               20
--dlb                1
--as                 0
--eas                0
--ras                0
--mmas               1
--bwas               0
--acs                0


begin try 0 
best      25659,        iteration:          1,        time       0.06
best      25800,        iteration:          2,        time       0.11
best      28242,        iteration:          5,        time       0.29
best      30055,        iteration:          6,        time       0.34
best      32452,        iteration:          7,        time       0.39
best      32464,        iteration:         60,        time       2.95
best      32722,        iteration:         67,        time       3.29
best      32855,        iteration:         68,        time       3.34
best      32927,        iteration:         69,        time       3.39
best      32953,        iteration:        936,        time      46.03
best      33124,        iteration:        998,        time      49.02
end try 0 


try          0,        best      33124,        found at iteration        998,        found at time      49.02
