Parameter-settings: 

--inputfile          instances/eil51-thop/eil51_05_unc_05_02.thop
--outputfile         solutions/acothop/eil51-thop/eil51_05_unc_05_02_01.thop.sol
--tries              1
--tours              0
--ptries             1
--time               25.00
--seed               99470
--optimum            1
--ants               196
--nnants             20
--alpha              1.24
--beta               5.46
--rho                0.51
--q0                 0.00
--elitistants        0
--rasranks           0
--localsearch        0
--nnls               20
--dlb                1
--as                 0
--eas                0
--ras                0
--mmas               1
--bwas               0
--acs                0


begin try 0 
best      41470,        iteration:          1,        time       0.04
best      42170,        iteration:          2,        time       0.07
best      43570,        iteration:          3,        time       0.11
best      45632,        iteration:          4,        time       0.15
best      50399,        iteration:          5,        time       0.18
best      51438,        iteration:          6,        time       0.22
best      51762,        iteration:          7,        time       0.26
best      52476,        iteration:          8,        time       0.29
best      52513,        iteration:          9,        time       0.33
best      52612,        iteration:         39,        time       1.45
best      53061,        iteration:         75,        time       2.79
best      53106,        iteration:        101,        time       3.77
best      53458,        iteration:        102,        time       3.81
best      53782,        iteration:        107,        time       4.00
best      53868,        iteration:        117,        time       4.38
best      57114,        iteration:        183,        time       6.83
best      57185,        iteration:        461,        time      17.42
best      57262,        iteration:        463,        time      17.49
best      58812,        iteration:        483,        time      18.25
end try 0 


try          0,        best      58812,        found at iteration        483,        found at time      18.25
