Parameter-settings: 

--inputfile          instances/eil51-thop/eil51_03_bsc_01_02.thop
--outputfile         solutions/acothop/eil51-thop/eil51_03_bsc_01_02_03.thop.sol
--tries              1
--tours              0
--ptries             1
--time               15.00
--seed               644764
--optimum            1
--ants               196
--nnants             20
--alpha              1.24
--beta               5.46
--rho                0.51
--q0                 0.00
--elitistants        0
--rasranks           0
--localsearch        0
--nnls               20
--dlb                1
--as                 0
--eas                0
--ras                0
--mmas               1
--bwas               0
--acs                0


begin try 0 
best      15691,        iteration:          1,        time       0.02
best      16331,        iteration:          4,        time       0.08
best      16599,        iteration:          5,        time       0.10
best      17088,        iteration:          6,        time       0.12
best      17184,        iteration:        245,        time       3.99
best      17208,        iteration:        246,        time       4.01
best      17295,        iteration:        262,        time       4.27
best      17414,        iteration:        391,        time       6.35
best      17601,        iteration:        709,        time      11.54
best      17728,        iteration:        713,        time      11.59
end try 0 


try          0,        best      17728,        found at iteration        713,        found at time      11.59
