Parameter-settings: 

--inputfile          instances/eil51-thop/eil51_05_bsc_05_03.thop
--outputfile         solutions/acothop/eil51-thop/eil51_05_bsc_05_03_07.thop.sol
--tries              1
--tours              0
--ptries             1
--time               25.00
--seed               462018
--optimum            1
--ants               196
--nnants             20
--alpha              1.24
--beta               5.46
--rho                0.51
--q0                 0.00
--elitistants        0
--rasranks           0
--localsearch        0
--nnls               20
--dlb                1
--as                 0
--eas                0
--ras                0
--mmas               1
--bwas               0
--acs                0


begin try 0 
best     121046,        iteration:          1,        time       0.04
best     122426,        iteration:          3,        time       0.11
best     126220,        iteration:          4,        time       0.14
best     127539,        iteration:          5,        time       0.18
best     127540,        iteration:          8,        time       0.29
best     127701,        iteration:         28,        time       1.06
best     131104,        iteration:         37,        time       1.41
best     133915,        iteration:         38,        time       1.45
best     134095,        iteration:         45,        time       1.73
best     136709,        iteration:         47,        time       1.80
best     137123,        iteration:         48,        time       1.84
best     137422,        iteration:        311,        time      11.69
best     137552,        iteration:        312,        time      11.73
best     137629,        iteration:        318,        time      11.94
best     138069,        iteration:        344,        time      12.89
best     138364,        iteration:        387,        time      14.45
best     138517,        iteration:        388,        time      14.49
best     139069,        iteration:        447,        time      16.65
best     139095,        iteration:        448,        time      16.69
best     139309,        iteration:        449,        time      16.72
best     139708,        iteration:        450,        time      16.76
end try 0 


try          0,        best     139708,        found at iteration        450,        found at time      16.76
