Parameter-settings: 

--inputfile          instances/eil51-thop/eil51_01_bsc_01_01.thop
--outputfile         solutions/acothop/eil51-thop/eil51_01_bsc_01_01_08.thop.sol
--tries              1
--tours              0
--ptries             1
--time               5.00
--seed               858990
--optimum            1
--ants               196
--nnants             20
--alpha              1.24
--beta               5.46
--rho                0.51
--q0                 0.00
--elitistants        0
--rasranks           0
--localsearch        0
--nnls               20
--dlb                1
--as                 0
--eas                0
--ras                0
--mmas               1
--bwas               0
--acs                0


begin try 0 
best       4518,        iteration:          1,        time       0.01
best       4746,        iteration:          5,        time       0.03
best       4896,        iteration:         18,        time       0.10
best       5083,        iteration:        238,        time       1.53
best       5110,        iteration:        240,        time       1.54
best       5163,        iteration:        621,        time       4.00
best       5225,        iteration:        634,        time       4.08
end try 0 


try          0,        best       5225,        found at iteration        634,        found at time       4.08
