Parameter-settings: 

--inputfile          instances/eil51-thop/eil51_10_usw_10_02.thop
--outputfile         solutions/acothop/eil51-thop/eil51_10_usw_10_02_02.thop.sol
--tries              1
--tours              0
--ptries             1
--time               49.00
--seed               126489
--optimum            1
--ants               196
--nnants             20
--alpha              1.24
--beta               5.46
--rho                0.51
--q0                 0.00
--elitistants        0
--rasranks           0
--localsearch        0
--nnls               20
--dlb                1
--as                 0
--eas                0
--ras                0
--mmas               1
--bwas               0
--acs                0


begin try 0 
best     139119,        iteration:          1,        time       0.07
best     146936,        iteration:          2,        time       0.15
best     156999,        iteration:          3,        time       0.22
best     161001,        iteration:          4,        time       0.30
best     161805,        iteration:          6,        time       0.45
best     166161,        iteration:          7,        time       0.53
best     168271,        iteration:          8,        time       0.61
best     168426,        iteration:          9,        time       0.69
best     168492,        iteration:         11,        time       0.85
best     168738,        iteration:         94,        time       7.34
best     168806,        iteration:         95,        time       7.42
best     171196,        iteration:         96,        time       7.50
best     171323,        iteration:         97,        time       7.58
best     171493,        iteration:         98,        time       7.66
best     171702,        iteration:        107,        time       8.38
best     173449,        iteration:        126,        time       9.87
best     173783,        iteration:        128,        time      10.03
best     174225,        iteration:        129,        time      10.10
best     174554,        iteration:        131,        time      10.25
best     174701,        iteration:        133,        time      10.40
end try 0 


try          0,        best     174701,        found at iteration        133,        found at time      10.40
