Parameter-settings: 

--inputfile          instances/eil51-thop/eil51_10_bsc_01_02.thop
--outputfile         solutions/acothop/eil51-thop/eil51_10_bsc_01_02_05.thop.sol
--tries              1
--tours              0
--ptries             1
--time               49.00
--seed               642580
--optimum            1
--ants               196
--nnants             20
--alpha              1.24
--beta               5.46
--rho                0.51
--q0                 0.00
--elitistants        0
--rasranks           0
--localsearch        0
--nnls               20
--dlb                1
--as                 0
--eas                0
--ras                0
--mmas               1
--bwas               0
--acs                0


begin try 0 
best      54337,        iteration:          1,        time       0.07
best      54926,        iteration:          2,        time       0.13
best      56297,        iteration:          4,        time       0.26
best      56442,        iteration:          5,        time       0.32
best      56446,        iteration:          6,        time       0.38
best      56736,        iteration:          7,        time       0.44
best      57447,        iteration:          8,        time       0.50
best      57685,        iteration:         10,        time       0.62
best      57890,        iteration:         11,        time       0.68
best      57931,        iteration:         19,        time       1.18
best      58011,        iteration:         20,        time       1.24
best      58183,        iteration:         21,        time       1.30
best      58219,        iteration:         22,        time       1.36
best      58261,        iteration:         25,        time       1.55
best      58502,        iteration:         28,        time       1.73
best      59183,        iteration:         29,        time       1.79
best      59244,        iteration:         30,        time       1.86
best      59642,        iteration:         31,        time       1.91
best      59702,        iteration:         38,        time       2.32
best      59811,        iteration:         72,        time       4.29
best      60325,        iteration:         74,        time       4.41
best      60498,        iteration:         82,        time       4.85
best      60685,        iteration:         83,        time       4.91
best      60725,        iteration:         94,        time       5.55
best      60873,        iteration:        135,        time       7.89
best      61070,        iteration:        374,        time      21.52
best      61645,        iteration:        377,        time      21.71
best      62095,        iteration:        383,        time      22.05
best      62242,        iteration:        420,        time      24.15
end try 0 


try          0,        best      62242,        found at iteration        420,        found at time      24.15
