Parameter-settings: 

--inputfile          instances/eil51-thop/eil51_01_bsc_01_02.thop
--outputfile         solutions/acothop/eil51-thop/eil51_01_bsc_01_02_06.thop.sol
--tries              1
--tours              0
--ptries             1
--time               5.00
--seed               73456
--optimum            1
--ants               196
--nnants             20
--alpha              1.24
--beta               5.46
--rho                0.51
--q0                 0.00
--elitistants        0
--rasranks           0
--localsearch        0
--nnls               20
--dlb                1
--as                 0
--eas                0
--ras                0
--mmas               1
--bwas               0
--acs                0


begin try 0 
best       5414,        iteration:          1,        time       0.01
best       5450,        iteration:          7,        time       0.05
best       5526,        iteration:          8,        time       0.06
best       5634,        iteration:         11,        time       0.07
best       5694,        iteration:         12,        time       0.08
best       5855,        iteration:         22,        time       0.14
best       5874,        iteration:        306,        time       1.85
best       5950,        iteration:        308,        time       1.86
best       6051,        iteration:        377,        time       2.28
best       6093,        iteration:        760,        time       4.59
end try 0 


try          0,        best       6093,        found at iteration        760,        found at time       4.59
