Parameter-settings: 

--inputfile          instances/eil51-thop/eil51_10_usw_05_02.thop
--outputfile         solutions/acothop/eil51-thop/eil51_10_usw_05_02_06.thop.sol
--tries              1
--tours              0
--ptries             1
--time               49.00
--seed               73456
--optimum            1
--ants               196
--nnants             20
--alpha              1.24
--beta               5.46
--rho                0.51
--q0                 0.00
--elitistants        0
--rasranks           0
--localsearch        0
--nnls               20
--dlb                1
--as                 0
--eas                0
--ras                0
--mmas               1
--bwas               0
--acs                0


begin try 0 
best     103861,        iteration:          1,        time       0.07
best     108968,        iteration:          2,        time       0.14
best     116281,        iteration:          4,        time       0.29
best     118459,        iteration:          5,        time       0.36
best     125070,        iteration:          6,        time       0.44
best     126582,        iteration:          8,        time       0.59
best     127068,        iteration:          9,        time       0.66
best     127388,        iteration:         12,        time       0.89
best     128035,        iteration:         19,        time       1.42
best     128418,        iteration:         21,        time       1.57
best     128480,        iteration:         48,        time       3.60
best     129391,        iteration:         49,        time       3.68
best     130058,        iteration:         63,        time       4.72
best     130183,        iteration:         65,        time       4.87
best     130445,        iteration:        147,        time      11.05
end try 0 


try          0,        best     130445,        found at iteration        147,        found at time      11.05
