Parameter-settings: 

--inputfile          instances/eil51-thop/eil51_05_bsc_05_02.thop
--outputfile         solutions/acothop/eil51-thop/eil51_05_bsc_05_02_05.thop.sol
--tries              1
--tours              0
--ptries             1
--time               25.00
--seed               642580
--optimum            1
--ants               196
--nnants             20
--alpha              1.24
--beta               5.46
--rho                0.51
--q0                 0.00
--elitistants        0
--rasranks           0
--localsearch        0
--nnls               20
--dlb                1
--as                 0
--eas                0
--ras                0
--mmas               1
--bwas               0
--acs                0


begin try 0 
best     102443,        iteration:          1,        time       0.04
best     110884,        iteration:          2,        time       0.07
best     112282,        iteration:          5,        time       0.18
best     117528,        iteration:          6,        time       0.22
best     118057,        iteration:          8,        time       0.29
best     118844,        iteration:          9,        time       0.33
best     122943,        iteration:         24,        time       0.88
best     123061,        iteration:         40,        time       1.47
best     127057,        iteration:         41,        time       1.51
best     127447,        iteration:         54,        time       1.98
best     130585,        iteration:         58,        time       2.12
best     131380,        iteration:         68,        time       2.49
best     131939,        iteration:         82,        time       3.00
end try 0 


try          0,        best     131939,        found at iteration         82,        found at time       3.00
