Parameter-settings: 

--inputfile          instances/eil51-thop/eil51_05_usw_10_03.thop
--outputfile         solutions/acothop/eil51-thop/eil51_05_usw_10_03_00.thop.sol
--tries              1
--tours              0
--ptries             1
--time               25.00
--seed               269070
--optimum            1
--ants               196
--nnants             20
--alpha              1.24
--beta               5.46
--rho                0.51
--q0                 0.00
--elitistants        0
--rasranks           0
--localsearch        0
--nnls               20
--dlb                1
--as                 0
--eas                0
--ras                0
--mmas               1
--bwas               0
--acs                0


begin try 0 
best      90571,        iteration:          1,        time       0.04
best      95628,        iteration:          3,        time       0.12
best      99427,        iteration:          5,        time       0.20
best     101951,        iteration:          6,        time       0.25
best     102553,        iteration:          7,        time       0.28
best     102794,        iteration:          8,        time       0.32
best     103958,        iteration:         13,        time       0.53
best     105834,        iteration:         14,        time       0.57
best     106504,        iteration:         15,        time       0.61
best     106510,        iteration:         20,        time       0.81
best     106565,        iteration:         36,        time       1.46
best     106867,        iteration:         37,        time       1.50
best     106882,        iteration:         52,        time       2.10
best     106889,        iteration:         53,        time       2.15
best     107300,        iteration:         82,        time       3.29
best     107379,        iteration:         83,        time       3.33
end try 0 


try          0,        best     107379,        found at iteration         83,        found at time       3.33
