Parameter-settings: 

--inputfile          instances/eil51-thop/eil51_05_bsc_05_01.thop
--outputfile         solutions/acothop/eil51-thop/eil51_05_bsc_05_01_02.thop.sol
--tries              1
--tours              0
--ptries             1
--time               25.00
--seed               126489
--optimum            1
--ants               196
--nnants             20
--alpha              1.24
--beta               5.46
--rho                0.51
--q0                 0.00
--elitistants        0
--rasranks           0
--localsearch        0
--nnls               20
--dlb                1
--as                 0
--eas                0
--ras                0
--mmas               1
--bwas               0
--acs                0


begin try 0 
best      79852,        iteration:          1,        time       0.03
best      81064,        iteration:          2,        time       0.07
best      93231,        iteration:          3,        time       0.10
best      94726,        iteration:          5,        time       0.16
best      99200,        iteration:        106,        time       3.48
best      99782,        iteration:        108,        time       3.54
best     100246,        iteration:        110,        time       3.61
best     100958,        iteration:        113,        time       3.71
best     102277,        iteration:        117,        time       3.85
best     102465,        iteration:        119,        time       3.92
best     105583,        iteration:        120,        time       3.95
best     105613,        iteration:        129,        time       4.25
best     105684,        iteration:        219,        time       7.25
best     105717,        iteration:        231,        time       7.65
best     108159,        iteration:        274,        time       9.09
best     110751,        iteration:        407,        time      13.56
best     111388,        iteration:        410,        time      13.67
end try 0 


try          0,        best     111388,        found at iteration        410,        found at time      13.67
