Parameter-settings: 

--inputfile          instances/eil51-thop/eil51_03_usw_10_03.thop
--outputfile         solutions/acothop/eil51-thop/eil51_03_usw_10_03_01.thop.sol
--tries              1
--tours              0
--ptries             1
--time               15.00
--seed               99470
--optimum            1
--ants               196
--nnants             20
--alpha              1.24
--beta               5.46
--rho                0.51
--q0                 0.00
--elitistants        0
--rasranks           0
--localsearch        0
--nnls               20
--dlb                1
--as                 0
--eas                0
--ras                0
--mmas               1
--bwas               0
--acs                0


begin try 0 
best      56557,        iteration:          1,        time       0.02
best      57470,        iteration:          3,        time       0.07
best      60055,        iteration:          5,        time       0.12
best      60708,        iteration:          6,        time       0.15
best      61903,        iteration:          7,        time       0.17
best      61912,        iteration:         24,        time       0.59
best      62071,        iteration:         29,        time       0.71
best      62311,        iteration:         30,        time       0.73
best      62452,        iteration:         52,        time       1.27
best      62731,        iteration:         61,        time       1.49
best      62855,        iteration:         62,        time       1.52
best      62865,        iteration:         76,        time       1.86
best      62941,        iteration:         77,        time       1.88
best      63835,        iteration:         78,        time       1.91
best      64145,        iteration:         79,        time       1.93
best      64437,        iteration:         91,        time       2.23
best      64555,        iteration:        132,        time       3.25
best      64565,        iteration:        133,        time       3.27
end try 0 


try          0,        best      64565,        found at iteration        133,        found at time       3.27
