Parameter-settings: 

--inputfile          instances/eil51-thop/eil51_10_bsc_01_01.thop
--outputfile         solutions/acothop/eil51-thop/eil51_10_bsc_01_01_02.thop.sol
--tries              1
--tours              0
--ptries             1
--time               49.00
--seed               126489
--optimum            1
--ants               196
--nnants             20
--alpha              1.24
--beta               5.46
--rho                0.51
--q0                 0.00
--elitistants        0
--rasranks           0
--localsearch        0
--nnls               20
--dlb                1
--as                 0
--eas                0
--ras                0
--mmas               1
--bwas               0
--acs                0


begin try 0 
best      49594,        iteration:          1,        time       0.06
best      54120,        iteration:          2,        time       0.12
best      54413,        iteration:          6,        time       0.37
best      54420,        iteration:          7,        time       0.43
best      54521,        iteration:          8,        time       0.49
best      55034,        iteration:         19,        time       1.11
best      56034,        iteration:         20,        time       1.17
best      56230,        iteration:         25,        time       1.44
best      56246,        iteration:         49,        time       2.81
best      56832,        iteration:         68,        time       3.91
best      56986,        iteration:         70,        time       4.03
best      57292,        iteration:         72,        time       4.15
best      57903,        iteration:        258,        time      15.08
best      58094,        iteration:        807,        time      45.31
best      58347,        iteration:        808,        time      45.37
end try 0 


try          0,        best      58347,        found at iteration        808,        found at time      45.37
