Parameter-settings: 

--inputfile          instances/eil51-thop/eil51_03_bsc_01_01.thop
--outputfile         solutions/acothop/eil51-thop/eil51_03_bsc_01_01_03.thop.sol
--tries              1
--tours              0
--ptries             1
--time               15.00
--seed               644764
--optimum            1
--ants               196
--nnants             20
--alpha              1.24
--beta               5.46
--rho                0.51
--q0                 0.00
--elitistants        0
--rasranks           0
--localsearch        0
--nnls               20
--dlb                1
--as                 0
--eas                0
--ras                0
--mmas               1
--bwas               0
--acs                0


begin try 0 
best      14812,        iteration:          1,        time       0.02
best      15028,        iteration:          2,        time       0.04
best      15156,        iteration:          3,        time       0.06
best      15493,        iteration:          4,        time       0.07
best      15677,        iteration:          5,        time       0.09
best      15827,        iteration:         55,        time       0.90
best      15894,        iteration:         56,        time       0.91
best      15942,        iteration:         59,        time       0.96
best      16130,        iteration:        192,        time       2.98
best      16223,        iteration:        194,        time       3.02
best      16344,        iteration:        200,        time       3.11
best      16634,        iteration:        203,        time       3.16
best      17048,        iteration:        511,        time       7.92
end try 0 


try          0,        best      17048,        found at iteration        511,        found at time       7.92
