Parameter-settings: 

--inputfile          instances/eil51-thop/eil51_10_unc_01_02.thop
--outputfile         solutions/acothop/eil51-thop/eil51_10_unc_01_02_07.thop.sol
--tries              1
--tours              0
--ptries             1
--time               49.00
--seed               462018
--optimum            1
--ants               196
--nnants             20
--alpha              1.24
--beta               5.46
--rho                0.51
--q0                 0.00
--elitistants        0
--rasranks           0
--localsearch        0
--nnls               20
--dlb                1
--as                 0
--eas                0
--ras                0
--mmas               1
--bwas               0
--acs                0


begin try 0 
best      47691,        iteration:          1,        time       0.07
best      47799,        iteration:          2,        time       0.14
best      48247,        iteration:          3,        time       0.21
best      50740,        iteration:          4,        time       0.28
best      51617,        iteration:          5,        time       0.35
best      53289,        iteration:          6,        time       0.42
best      53517,        iteration:          7,        time       0.49
best      53609,        iteration:          8,        time       0.56
best      54479,        iteration:          9,        time       0.63
best      54599,        iteration:         13,        time       0.89
best      54787,        iteration:         14,        time       0.95
best      54789,        iteration:         22,        time       1.45
best      55301,        iteration:         23,        time       1.51
best      55303,        iteration:         26,        time       1.70
best      55352,        iteration:         30,        time       1.97
best      56294,        iteration:         31,        time       2.03
best      58146,        iteration:         32,        time       2.10
best      58717,        iteration:         67,        time       4.23
best      59304,        iteration:         68,        time       4.29
best      59477,        iteration:         71,        time       4.48
best      60108,        iteration:         77,        time       4.84
best      60599,        iteration:         80,        time       5.00
best      60883,        iteration:         81,        time       5.06
best      60945,        iteration:         86,        time       5.37
best      61282,        iteration:         94,        time       5.84
end try 0 


try          0,        best      61282,        found at iteration         94,        found at time       5.84
