Parameter-settings: 

--inputfile          instances/eil51-thop/eil51_05_usw_01_01.thop
--outputfile         solutions/acothop/eil51-thop/eil51_05_usw_01_01_00.thop.sol
--tries              1
--tours              0
--ptries             1
--time               25.00
--seed               269070
--optimum            1
--ants               196
--nnants             20
--alpha              1.24
--beta               5.46
--rho                0.51
--q0                 0.00
--elitistants        0
--rasranks           0
--localsearch        0
--nnls               20
--dlb                1
--as                 0
--eas                0
--ras                0
--mmas               1
--bwas               0
--acs                0


begin try 0 
best      12432,        iteration:          1,        time       0.03
best      13413,        iteration:          2,        time       0.06
best      13931,        iteration:          3,        time       0.09
best      15341,        iteration:          5,        time       0.15
best      15567,        iteration:          6,        time       0.18
best      16219,        iteration:          7,        time       0.20
end try 0 


try          0,        best      16219,        found at iteration          7,        found at time       0.20
