Parameter-settings: 

--inputfile          instances/eil51-thop/eil51_03_unc_01_01.thop
--outputfile         solutions/acothop/eil51-thop/eil51_03_unc_01_01_07.thop.sol
--tries              1
--tours              0
--ptries             1
--time               15.00
--seed               462018
--optimum            1
--ants               196
--nnants             20
--alpha              1.24
--beta               5.46
--rho                0.51
--q0                 0.00
--elitistants        0
--rasranks           0
--localsearch        0
--nnls               20
--dlb                1
--as                 0
--eas                0
--ras                0
--mmas               1
--bwas               0
--acs                0


begin try 0 
best      10759,        iteration:          1,        time       0.02
best      11383,        iteration:          2,        time       0.04
best      13397,        iteration:          3,        time       0.05
best      13407,        iteration:         25,        time       0.41
best      13813,        iteration:         27,        time       0.44
best      14099,        iteration:         28,        time       0.46
best      14185,        iteration:         35,        time       0.57
best      14299,        iteration:         41,        time       0.68
best      14632,        iteration:        453,        time       8.33
best      15260,        iteration:        617,        time      11.42
end try 0 


try          0,        best      15260,        found at iteration        617,        found at time      11.42
