Parameter-settings: 

--inputfile          instances/eil51-thop/eil51_03_unc_05_03.thop
--outputfile         solutions/acothop/eil51-thop/eil51_03_unc_05_03_03.thop.sol
--tries              1
--tours              0
--ptries             1
--time               15.00
--seed               644764
--optimum            1
--ants               196
--nnants             20
--alpha              1.24
--beta               5.46
--rho                0.51
--q0                 0.00
--elitistants        0
--rasranks           0
--localsearch        0
--nnls               20
--dlb                1
--as                 0
--eas                0
--ras                0
--mmas               1
--bwas               0
--acs                0


begin try 0 
best      36548,        iteration:          1,        time       0.02
best      37469,        iteration:          2,        time       0.05
best      37560,        iteration:          3,        time       0.07
best      38636,        iteration:          4,        time       0.10
best      38925,        iteration:          5,        time       0.12
best      39106,        iteration:          6,        time       0.14
best      40930,        iteration:          9,        time       0.22
best      41877,        iteration:         10,        time       0.24
best      42465,        iteration:         13,        time       0.31
best      43080,        iteration:        102,        time       2.43
best      44066,        iteration:        103,        time       2.46
best      44256,        iteration:        105,        time       2.51
best      44409,        iteration:        345,        time       8.28
best      44542,        iteration:        346,        time       8.31
end try 0 


try          0,        best      44542,        found at iteration        346,        found at time       8.31
