Parameter-settings: 

--inputfile          instances/eil51-thop/eil51_10_unc_05_03.thop
--outputfile         solutions/acothop/eil51-thop/eil51_10_unc_05_03_08.thop.sol
--tries              1
--tours              0
--ptries             1
--time               49.00
--seed               858990
--optimum            1
--ants               196
--nnants             20
--alpha              1.24
--beta               5.46
--rho                0.51
--q0                 0.00
--elitistants        0
--rasranks           0
--localsearch        0
--nnls               20
--dlb                1
--as                 0
--eas                0
--ras                0
--mmas               1
--bwas               0
--acs                0


begin try 0 
best     128540,        iteration:          1,        time       0.09
best     147262,        iteration:          3,        time       0.26
best     149263,        iteration:          5,        time       0.43
best     149637,        iteration:          7,        time       0.61
best     149705,        iteration:         10,        time       0.86
best     149711,        iteration:         16,        time       1.38
best     151336,        iteration:         25,        time       2.17
best     155419,        iteration:         45,        time       3.90
best     156489,        iteration:         47,        time       4.08
best     158019,        iteration:         50,        time       4.34
best     158044,        iteration:         54,        time       4.69
best     158078,        iteration:         55,        time       4.78
best     158105,        iteration:         59,        time       5.12
best     158296,        iteration:         85,        time       7.40
best     158430,        iteration:        175,        time      15.28
best     158432,        iteration:        377,        time      32.89
best     158448,        iteration:        379,        time      33.06
best     158454,        iteration:        387,        time      33.76
best     158469,        iteration:        447,        time      38.98
end try 0 


try          0,        best     158469,        found at iteration        447,        found at time      38.98
