Parameter-settings: 

--inputfile          instances/eil51-thop/eil51_01_usw_10_03.thop
--outputfile         solutions/acothop/eil51-thop/eil51_01_usw_10_03_05.thop.sol
--tries              1
--tours              0
--ptries             1
--time               5.00
--seed               642580
--optimum            1
--ants               196
--nnants             20
--alpha              1.24
--beta               5.46
--rho                0.51
--q0                 0.00
--elitistants        0
--rasranks           0
--localsearch        0
--nnls               20
--dlb                1
--as                 0
--eas                0
--ras                0
--mmas               1
--bwas               0
--acs                0


begin try 0 
best      19936,        iteration:          1,        time       0.01
best      19982,        iteration:          3,        time       0.03
best      20030,        iteration:          4,        time       0.03
best      20319,        iteration:          9,        time       0.07
best      20600,        iteration:         10,        time       0.08
best      20811,        iteration:         12,        time       0.09
best      20949,        iteration:         31,        time       0.24
best      20952,        iteration:         50,        time       0.37
best      21090,        iteration:        226,        time       1.75
best      21147,        iteration:        498,        time       3.87
best      21153,        iteration:        536,        time       4.17
end try 0 


try          0,        best      21153,        found at iteration        536,        found at time       4.17
