Parameter-settings: 

--inputfile          instances/eil51-thop/eil51_10_unc_05_01.thop
--outputfile         solutions/acothop/eil51-thop/eil51_10_unc_05_01_06.thop.sol
--tries              1
--tours              0
--ptries             1
--time               49.00
--seed               73456
--optimum            1
--ants               196
--nnants             20
--alpha              1.24
--beta               5.46
--rho                0.51
--q0                 0.00
--elitistants        0
--rasranks           0
--localsearch        0
--nnls               20
--dlb                1
--as                 0
--eas                0
--ras                0
--mmas               1
--bwas               0
--acs                0


begin try 0 
best      76250,        iteration:          1,        time       0.07
best      90273,        iteration:          2,        time       0.13
best      94859,        iteration:          8,        time       0.54
best      95182,        iteration:         10,        time       0.68
best      95628,        iteration:         11,        time       0.75
best      95869,        iteration:         14,        time       0.97
best      98292,        iteration:         71,        time       4.99
best      98854,        iteration:        403,        time      28.47
best      99101,        iteration:        411,        time      29.04
end try 0 


try          0,        best      99101,        found at iteration        411,        found at time      29.04
