Parameter-settings: 

--inputfile          instances/eil51-thop/eil51_10_bsc_05_02.thop
--outputfile         solutions/acothop/eil51-thop/eil51_10_bsc_05_02_03.thop.sol
--tries              1
--tours              0
--ptries             1
--time               49.00
--seed               644764
--optimum            1
--ants               196
--nnants             20
--alpha              1.24
--beta               5.46
--rho                0.51
--q0                 0.00
--elitistants        0
--rasranks           0
--localsearch        0
--nnls               20
--dlb                1
--as                 0
--eas                0
--ras                0
--mmas               1
--bwas               0
--acs                0


begin try 0 
best     196263,        iteration:          1,        time       0.08
best     216373,        iteration:          2,        time       0.15
best     219201,        iteration:          4,        time       0.30
best     229282,        iteration:          5,        time       0.38
best     229694,        iteration:          6,        time       0.46
best     236853,        iteration:          7,        time       0.53
best     242553,        iteration:          8,        time       0.61
best     243153,        iteration:         10,        time       0.77
best     243273,        iteration:         12,        time       0.92
best     243725,        iteration:         15,        time       1.16
best     244476,        iteration:         16,        time       1.23
best     249221,        iteration:         17,        time       1.31
best     251580,        iteration:         26,        time       2.01
best     252274,        iteration:         29,        time       2.25
best     256311,        iteration:         38,        time       2.94
best     257338,        iteration:         41,        time       3.17
best     257673,        iteration:         42,        time       3.24
best     257995,        iteration:         45,        time       3.48
best     259425,        iteration:         47,        time       3.63
end try 0 


try          0,        best     259425,        found at iteration         47,        found at time       3.63
