Parameter-settings: 

--inputfile          instances/eil51-thop/eil51_05_unc_05_01.thop
--outputfile         solutions/acothop/eil51-thop/eil51_05_unc_05_01_01.thop.sol
--tries              1
--tours              0
--ptries             1
--time               25.00
--seed               99470
--optimum            1
--ants               196
--nnants             20
--alpha              1.24
--beta               5.46
--rho                0.51
--q0                 0.00
--elitistants        0
--rasranks           0
--localsearch        0
--nnls               20
--dlb                1
--as                 0
--eas                0
--ras                0
--mmas               1
--bwas               0
--acs                0


begin try 0 
best      29035,        iteration:          1,        time       0.03
best      38304,        iteration:          2,        time       0.07
best      39097,        iteration:          6,        time       0.20
best      39599,        iteration:          8,        time       0.27
best      39726,        iteration:         10,        time       0.33
best      40414,        iteration:         12,        time       0.40
best      40828,        iteration:         13,        time       0.44
best      41121,        iteration:         19,        time       0.64
best      41360,        iteration:        152,        time       5.15
best      41594,        iteration:        154,        time       5.22
best      42234,        iteration:        156,        time       5.29
best      44328,        iteration:        157,        time       5.32
best      46086,        iteration:        158,        time       5.36
best      46859,        iteration:        160,        time       5.42
best      47126,        iteration:        164,        time       5.56
best      47241,        iteration:        177,        time       6.01
best      47544,        iteration:        275,        time       9.35
best      47557,        iteration:        367,        time      12.51
end try 0 


try          0,        best      47557,        found at iteration        367,        found at time      12.51
