Parameter-settings: 

--inputfile          instances/eil51-thop/eil51_01_usw_10_02.thop
--outputfile         solutions/acothop/eil51-thop/eil51_01_usw_10_02_06.thop.sol
--tries              1
--tours              0
--ptries             1
--time               5.00
--seed               73456
--optimum            1
--ants               196
--nnants             20
--alpha              1.24
--beta               5.46
--rho                0.51
--q0                 0.00
--elitistants        0
--rasranks           0
--localsearch        0
--nnls               20
--dlb                1
--as                 0
--eas                0
--ras                0
--mmas               1
--bwas               0
--acs                0


begin try 0 
best      15734,        iteration:          1,        time       0.01
best      17054,        iteration:          2,        time       0.02
best      17057,        iteration:          3,        time       0.03
best      17771,        iteration:          4,        time       0.03
best      18015,        iteration:          8,        time       0.07
best      18478,        iteration:         23,        time       0.18
best      18644,        iteration:         89,        time       0.68
best      18849,        iteration:        576,        time       4.42
end try 0 


try          0,        best      18849,        found at iteration        576,        found at time       4.42
