Parameter-settings: 

--inputfile          instances/eil51-thop/eil51_03_unc_10_01.thop
--outputfile         solutions/acothop/eil51-thop/eil51_03_unc_10_01_03.thop.sol
--tries              1
--tours              0
--ptries             1
--time               15.00
--seed               644764
--optimum            1
--ants               196
--nnants             20
--alpha              1.24
--beta               5.46
--rho                0.51
--q0                 0.00
--elitistants        0
--rasranks           0
--localsearch        0
--nnls               20
--dlb                1
--as                 0
--eas                0
--ras                0
--mmas               1
--bwas               0
--acs                0


begin try 0 
best      28676,        iteration:          1,        time       0.02
best      30715,        iteration:          2,        time       0.04
best      30720,        iteration:          5,        time       0.11
best      33038,        iteration:         11,        time       0.24
best      33733,        iteration:         15,        time       0.32
best      35408,        iteration:         17,        time       0.36
best      36421,        iteration:         18,        time       0.39
best      36680,        iteration:         19,        time       0.41
best      37703,        iteration:         20,        time       0.43
best      37903,        iteration:         85,        time       1.84
best      38223,        iteration:         86,        time       1.86
end try 0 


try          0,        best      38223,        found at iteration         86,        found at time       1.86
