Parameter-settings: 

--inputfile          instances/eil51-thop/eil51_10_unc_01_02.thop
--outputfile         solutions/acothop/eil51-thop/eil51_10_unc_01_02_01.thop.sol
--tries              1
--tours              0
--ptries             1
--time               49.00
--seed               99470
--optimum            1
--ants               196
--nnants             20
--alpha              1.24
--beta               5.46
--rho                0.51
--q0                 0.00
--elitistants        0
--rasranks           0
--localsearch        0
--nnls               20
--dlb                1
--as                 0
--eas                0
--ras                0
--mmas               1
--bwas               0
--acs                0


begin try 0 
best      44592,        iteration:          1,        time       0.07
best      47289,        iteration:          2,        time       0.14
best      50194,        iteration:          3,        time       0.21
best      54321,        iteration:          5,        time       0.35
best      55034,        iteration:          6,        time       0.42
best      55405,        iteration:          9,        time       0.61
best      55606,        iteration:         12,        time       0.80
best      56073,        iteration:         13,        time       0.86
best      56143,        iteration:         28,        time       1.79
best      56255,        iteration:        144,        time       9.01
best      56313,        iteration:        436,        time      27.35
best      56426,        iteration:        440,        time      27.61
best      56437,        iteration:        443,        time      27.81
best      56690,        iteration:        452,        time      28.41
best      57004,        iteration:        464,        time      29.21
end try 0 


try          0,        best      57004,        found at iteration        464,        found at time      29.21
