Parameter-settings: 

--inputfile          instances/eil51-thop/eil51_05_unc_05_01.thop
--outputfile         solutions/acothop/eil51-thop/eil51_05_unc_05_01_07.thop.sol
--tries              1
--tours              0
--ptries             1
--time               25.00
--seed               462018
--optimum            1
--ants               196
--nnants             20
--alpha              1.24
--beta               5.46
--rho                0.51
--q0                 0.00
--elitistants        0
--rasranks           0
--localsearch        0
--nnls               20
--dlb                1
--as                 0
--eas                0
--ras                0
--mmas               1
--bwas               0
--acs                0


begin try 0 
best      33531,        iteration:          1,        time       0.03
best      35074,        iteration:          2,        time       0.07
best      37250,        iteration:          4,        time       0.13
best      39894,        iteration:          6,        time       0.20
best      42709,        iteration:          8,        time       0.27
best      43568,        iteration:          9,        time       0.31
best      44302,        iteration:         10,        time       0.34
best      44531,        iteration:         43,        time       1.46
best      44956,        iteration:         44,        time       1.50
best      45033,        iteration:         46,        time       1.57
best      45187,        iteration:         50,        time       1.70
best      46069,        iteration:        627,        time      21.24
best      46127,        iteration:        631,        time      21.38
best      46443,        iteration:        634,        time      21.47
best      46457,        iteration:        635,        time      21.50
best      46823,        iteration:        648,        time      21.95
end try 0 


try          0,        best      46823,        found at iteration        648,        found at time      21.95
