Parameter-settings: 

--inputfile          instances/eil51-thop/eil51_03_bsc_01_03.thop
--outputfile         solutions/acothop/eil51-thop/eil51_03_bsc_01_03_01.thop.sol
--tries              1
--tours              0
--ptries             1
--time               15.00
--seed               99470
--optimum            1
--ants               196
--nnants             20
--alpha              1.24
--beta               5.46
--rho                0.51
--q0                 0.00
--elitistants        0
--rasranks           0
--localsearch        0
--nnls               20
--dlb                1
--as                 0
--eas                0
--ras                0
--mmas               1
--bwas               0
--acs                0


begin try 0 
best      15762,        iteration:          1,        time       0.02
best      17003,        iteration:          2,        time       0.04
best      17308,        iteration:          3,        time       0.06
best      17609,        iteration:          5,        time       0.10
best      17929,        iteration:          6,        time       0.11
best      18128,        iteration:         13,        time       0.22
best      18166,        iteration:         16,        time       0.27
best      18167,        iteration:         39,        time       0.61
best      18249,        iteration:        154,        time       2.37
best      18278,        iteration:        159,        time       2.44
best      18307,        iteration:        267,        time       4.12
best      18312,        iteration:        301,        time       4.65
best      18610,        iteration:        302,        time       4.66
best      19035,        iteration:        308,        time       4.75
best      19231,        iteration:        343,        time       5.28
best      19263,        iteration:        375,        time       5.76
end try 0 


try          0,        best      19263,        found at iteration        375,        found at time       5.76
