Parameter-settings: 

--inputfile          instances/eil51-thop/eil51_10_bsc_01_01.thop
--outputfile         solutions/acothop/eil51-thop/eil51_10_bsc_01_01_01.thop.sol
--tries              1
--tours              0
--ptries             1
--time               49.00
--seed               99470
--optimum            1
--ants               196
--nnants             20
--alpha              1.24
--beta               5.46
--rho                0.51
--q0                 0.00
--elitistants        0
--rasranks           0
--localsearch        0
--nnls               20
--dlb                1
--as                 0
--eas                0
--ras                0
--mmas               1
--bwas               0
--acs                0


begin try 0 
best      49837,        iteration:          1,        time       0.06
best      52140,        iteration:          2,        time       0.12
best      55483,        iteration:          3,        time       0.18
best      55982,        iteration:          4,        time       0.24
best      56346,        iteration:          9,        time       0.53
best      56932,        iteration:         38,        time       2.18
best      57431,        iteration:        388,        time      21.94
best      57632,        iteration:        463,        time      26.22
best      57815,        iteration:        464,        time      26.28
best      57832,        iteration:        465,        time      26.33
best      57844,        iteration:        468,        time      26.49
best      58122,        iteration:        469,        time      26.55
best      58346,        iteration:        478,        time      27.03
best      58714,        iteration:        559,        time      31.34
best      59097,        iteration:        562,        time      31.51
best      59129,        iteration:        592,        time      33.12
end try 0 


try          0,        best      59129,        found at iteration        592,        found at time      33.12
