Parameter-settings: 

--inputfile          instances/eil51-thop/eil51_01_unc_10_01.thop
--outputfile         solutions/acothop/eil51-thop/eil51_01_unc_10_01_05.thop.sol
--tries              1
--tours              0
--ptries             1
--time               5.00
--seed               642580
--optimum            1
--ants               196
--nnants             20
--alpha              1.24
--beta               5.46
--rho                0.51
--q0                 0.00
--elitistants        0
--rasranks           0
--localsearch        0
--nnls               20
--dlb                1
--as                 0
--eas                0
--ras                0
--mmas               1
--bwas               0
--acs                0


begin try 0 
best      11204,        iteration:          1,        time       0.01
best      11900,        iteration:          3,        time       0.02
best      12093,        iteration:          4,        time       0.03
best      12729,        iteration:         10,        time       0.07
best      12773,        iteration:         53,        time       0.35
best      13385,        iteration:         85,        time       0.59
best      13917,        iteration:         88,        time       0.61
best      13983,        iteration:        104,        time       0.73
best      14513,        iteration:        405,        time       2.91
best      14559,        iteration:        407,        time       2.92
end try 0 


try          0,        best      14559,        found at iteration        407,        found at time       2.92
