Parameter-settings: 

--inputfile          instances/eil51-thop/eil51_03_bsc_05_01.thop
--outputfile         solutions/acothop/eil51-thop/eil51_03_bsc_05_01_07.thop.sol
--tries              1
--tours              0
--ptries             1
--time               15.00
--seed               462018
--optimum            1
--ants               196
--nnants             20
--alpha              1.24
--beta               5.46
--rho                0.51
--q0                 0.00
--elitistants        0
--rasranks           0
--localsearch        0
--nnls               20
--dlb                1
--as                 0
--eas                0
--ras                0
--mmas               1
--bwas               0
--acs                0


begin try 0 
best      47062,        iteration:          1,        time       0.02
best      52507,        iteration:          5,        time       0.09
best      53709,        iteration:          6,        time       0.12
best      59049,        iteration:          7,        time       0.14
best      59757,        iteration:         19,        time       0.37
best      60592,        iteration:         20,        time       0.39
best      60722,        iteration:        320,        time       6.44
best      61001,        iteration:        321,        time       6.46
best      61308,        iteration:        420,        time       8.45
best      61460,        iteration:        421,        time       8.47
best      61578,        iteration:        428,        time       8.60
end try 0 


try          0,        best      61578,        found at iteration        428,        found at time       8.60
