Parameter-settings: 

--inputfile          instances/eil51-thop/eil51_10_unc_10_03.thop
--outputfile         solutions/acothop/eil51-thop/eil51_10_unc_10_03_05.thop.sol
--tries              1
--tours              0
--ptries             1
--time               49.00
--seed               642580
--optimum            1
--ants               196
--nnants             20
--alpha              1.24
--beta               5.46
--rho                0.51
--q0                 0.00
--elitistants        0
--rasranks           0
--localsearch        0
--nnls               20
--dlb                1
--as                 0
--eas                0
--ras                0
--mmas               1
--bwas               0
--acs                0


begin try 0 
best     153626,        iteration:          1,        time       0.09
best     178110,        iteration:          2,        time       0.18
best     183242,        iteration:          3,        time       0.27
best     194496,        iteration:          4,        time       0.36
best     195709,        iteration:          5,        time       0.45
best     199370,        iteration:          6,        time       0.54
best     200159,        iteration:          7,        time       0.63
best     200232,        iteration:          8,        time       0.71
best     200251,        iteration:          9,        time       0.80
best     200975,        iteration:         11,        time       0.98
best     201682,        iteration:         12,        time       1.07
best     201902,        iteration:         14,        time       1.25
best     201977,        iteration:         19,        time       1.68
best     206193,        iteration:         58,        time       5.12
best     207185,        iteration:         59,        time       5.20
best     208643,        iteration:         60,        time       5.29
best     208678,        iteration:         61,        time       5.38
best     208705,        iteration:         62,        time       5.47
best     208709,        iteration:         63,        time       5.56
best     208858,        iteration:         65,        time       5.74
best     208955,        iteration:         67,        time       5.92
best     208967,        iteration:         71,        time       6.27
best     208975,        iteration:         72,        time       6.35
best     208994,        iteration:        548,        time      48.40
best     208997,        iteration:        550,        time      48.58
best     209007,        iteration:        554,        time      48.94
end try 0 


try          0,        best     209007,        found at iteration        554,        found at time      48.94
