Parameter-settings: 

--inputfile          instances/eil51-thop/eil51_03_usw_01_01.thop
--outputfile         solutions/acothop/eil51-thop/eil51_03_usw_01_01_09.thop.sol
--tries              1
--tours              0
--ptries             1
--time               15.00
--seed               756112
--optimum            1
--ants               196
--nnants             20
--alpha              1.24
--beta               5.46
--rho                0.51
--q0                 0.00
--elitistants        0
--rasranks           0
--localsearch        0
--nnls               20
--dlb                1
--as                 0
--eas                0
--ras                0
--mmas               1
--bwas               0
--acs                0


begin try 0 
best       6693,        iteration:          1,        time       0.02
best       7393,        iteration:          5,        time       0.09
best       7476,        iteration:          7,        time       0.12
best       7582,        iteration:         24,        time       0.41
best       7883,        iteration:         31,        time       0.53
best       8016,        iteration:         32,        time       0.55
best       8534,        iteration:         46,        time       0.78
best       8591,        iteration:        117,        time       1.92
best       8739,        iteration:        166,        time       2.63
best       8808,        iteration:        609,        time       9.33
best       8947,        iteration:        610,        time       9.34
best       9056,        iteration:        965,        time      14.50
best       9203,        iteration:        987,        time      14.80
end try 0 


try          0,        best       9203,        found at iteration        987,        found at time      14.80
