Parameter-settings: 

--inputfile          instances/eil51-thop/eil51_03_unc_01_01.thop
--outputfile         solutions/acothop/eil51-thop/eil51_03_unc_01_01_08.thop.sol
--tries              1
--tours              0
--ptries             1
--time               15.00
--seed               858990
--optimum            1
--ants               196
--nnants             20
--alpha              1.24
--beta               5.46
--rho                0.51
--q0                 0.00
--elitistants        0
--rasranks           0
--localsearch        0
--nnls               20
--dlb                1
--as                 0
--eas                0
--ras                0
--mmas               1
--bwas               0
--acs                0


begin try 0 
best      10823,        iteration:          1,        time       0.02
best      12547,        iteration:          2,        time       0.04
best      12913,        iteration:          4,        time       0.07
best      13742,        iteration:          6,        time       0.11
best      14177,        iteration:         18,        time       0.33
best      14823,        iteration:         20,        time       0.36
best      15034,        iteration:         52,        time       0.91
best      15471,        iteration:        715,        time      13.25
end try 0 


try          0,        best      15471,        found at iteration        715,        found at time      13.25
