Parameter-settings: 

--inputfile          instances/eil51-thop/eil51_01_usw_05_02.thop
--outputfile         solutions/acothop/eil51-thop/eil51_01_usw_05_02_04.thop.sol
--tries              1
--tours              0
--ptries             1
--time               5.00
--seed               547617
--optimum            1
--ants               196
--nnants             20
--alpha              1.24
--beta               5.46
--rho                0.51
--q0                 0.00
--elitistants        0
--rasranks           0
--localsearch        0
--nnls               20
--dlb                1
--as                 0
--eas                0
--ras                0
--mmas               1
--bwas               0
--acs                0


begin try 0 
best      10545,        iteration:          1,        time       0.01
best      10812,        iteration:          2,        time       0.02
best      11425,        iteration:          3,        time       0.02
best      11746,        iteration:          5,        time       0.04
best      11957,        iteration:          6,        time       0.05
best      12003,        iteration:         10,        time       0.08
best      12081,        iteration:         11,        time       0.09
best      12147,        iteration:         71,        time       0.51
best      12391,        iteration:         77,        time       0.55
best      12554,        iteration:        658,        time       4.68
end try 0 


try          0,        best      12554,        found at iteration        658,        found at time       4.68
