Parameter-settings: 

--inputfile          instances/eil51-thop/eil51_03_unc_10_01.thop
--outputfile         solutions/acothop/eil51-thop/eil51_03_unc_10_01_01.thop.sol
--tries              1
--tours              0
--ptries             1
--time               15.00
--seed               99470
--optimum            1
--ants               196
--nnants             20
--alpha              1.24
--beta               5.46
--rho                0.51
--q0                 0.00
--elitistants        0
--rasranks           0
--localsearch        0
--nnls               20
--dlb                1
--as                 0
--eas                0
--ras                0
--mmas               1
--bwas               0
--acs                0


begin try 0 
best      22926,        iteration:          1,        time       0.02
best      25909,        iteration:          2,        time       0.04
best      27191,        iteration:          4,        time       0.08
best      30659,        iteration:          5,        time       0.10
best      34897,        iteration:          7,        time       0.15
best      34907,        iteration:          8,        time       0.17
best      34988,        iteration:          9,        time       0.19
best      35743,        iteration:         94,        time       1.99
best      35789,        iteration:         96,        time       2.04
best      35894,        iteration:        338,        time       7.15
best      36276,        iteration:        539,        time      11.39
best      36316,        iteration:        545,        time      11.51
best      36471,        iteration:        637,        time      13.49
best      36596,        iteration:        645,        time      13.66
end try 0 


try          0,        best      36596,        found at iteration        645,        found at time      13.66
