Parameter-settings: 

--inputfile          instances/eil51-thop/eil51_05_unc_01_02.thop
--outputfile         solutions/acothop/eil51-thop/eil51_05_unc_01_02_09.thop.sol
--tries              1
--tours              0
--ptries             1
--time               25.00
--seed               756112
--optimum            1
--ants               196
--nnants             20
--alpha              1.24
--beta               5.46
--rho                0.51
--q0                 0.00
--elitistants        0
--rasranks           0
--localsearch        0
--nnls               20
--dlb                1
--as                 0
--eas                0
--ras                0
--mmas               1
--bwas               0
--acs                0


begin try 0 
best      25087,        iteration:          1,        time       0.03
best      25796,        iteration:          3,        time       0.10
best      26000,        iteration:          5,        time       0.17
best      26181,        iteration:          6,        time       0.20
best      26703,        iteration:          7,        time       0.23
best      26738,        iteration:          8,        time       0.26
best      27036,        iteration:         10,        time       0.33
best      27112,        iteration:         53,        time       1.68
best      27514,        iteration:         54,        time       1.71
best      27607,        iteration:         72,        time       2.25
best      27721,        iteration:         83,        time       2.59
best      28090,        iteration:         94,        time       2.93
best      28492,        iteration:        580,        time      17.77
best      28822,        iteration:        581,        time      17.80
best      29232,        iteration:        585,        time      17.91
end try 0 


try          0,        best      29232,        found at iteration        585,        found at time      17.91
