Parameter-settings: 

--inputfile          instances/eil51-thop/eil51_05_bsc_01_01.thop
--outputfile         solutions/acothop/eil51-thop/eil51_05_bsc_01_01_04.thop.sol
--tries              1
--tours              0
--ptries             1
--time               25.00
--seed               547617
--optimum            1
--ants               196
--nnants             20
--alpha              1.24
--beta               5.46
--rho                0.51
--q0                 0.00
--elitistants        0
--rasranks           0
--localsearch        0
--nnls               20
--dlb                1
--as                 0
--eas                0
--ras                0
--mmas               1
--bwas               0
--acs                0


begin try 0 
best      23290,        iteration:          1,        time       0.03
best      26401,        iteration:          2,        time       0.06
best      26458,        iteration:          3,        time       0.09
best      27244,        iteration:          4,        time       0.12
best      28119,        iteration:          5,        time       0.15
best      28254,        iteration:          6,        time       0.18
best      28420,        iteration:         14,        time       0.42
best      28857,        iteration:         15,        time       0.45
best      28878,        iteration:         42,        time       1.20
best      29155,        iteration:         45,        time       1.28
best      29256,        iteration:         50,        time       1.42
best      29310,        iteration:        282,        time       7.79
best      29363,        iteration:        305,        time       8.45
best      29428,        iteration:        308,        time       8.53
best      29477,        iteration:        509,        time      13.88
best      29636,        iteration:        519,        time      14.14
best      29645,        iteration:        532,        time      14.49
best      29663,        iteration:        655,        time      17.81
end try 0 


try          0,        best      29663,        found at iteration        655,        found at time      17.81
