Parameter-settings: 

--inputfile          instances/eil51-thop/eil51_03_usw_01_01.thop
--outputfile         solutions/acothop/eil51-thop/eil51_03_usw_01_01_08.thop.sol
--tries              1
--tours              0
--ptries             1
--time               15.00
--seed               858990
--optimum            1
--ants               196
--nnants             20
--alpha              1.24
--beta               5.46
--rho                0.51
--q0                 0.00
--elitistants        0
--rasranks           0
--localsearch        0
--nnls               20
--dlb                1
--as                 0
--eas                0
--ras                0
--mmas               1
--bwas               0
--acs                0


begin try 0 
best       6020,        iteration:          1,        time       0.02
best       6770,        iteration:          2,        time       0.04
best       6904,        iteration:          4,        time       0.07
best       8019,        iteration:          5,        time       0.09
best       8603,        iteration:          6,        time       0.11
best       8808,        iteration:        506,        time       7.93
best       9093,        iteration:        507,        time       7.95
best       9147,        iteration:        523,        time       8.16
end try 0 


try          0,        best       9147,        found at iteration        523,        found at time       8.16
