Parameter-settings: 

--inputfile          instances/eil51-thop/eil51_03_bsc_05_02.thop
--outputfile         solutions/acothop/eil51-thop/eil51_03_bsc_05_02_03.thop.sol
--tries              1
--tours              0
--ptries             1
--time               15.00
--seed               644764
--optimum            1
--ants               196
--nnants             20
--alpha              1.24
--beta               5.46
--rho                0.51
--q0                 0.00
--elitistants        0
--rasranks           0
--localsearch        0
--nnls               20
--dlb                1
--as                 0
--eas                0
--ras                0
--mmas               1
--bwas               0
--acs                0


begin try 0 
best      57630,        iteration:          1,        time       0.02
best      61062,        iteration:          2,        time       0.04
best      62374,        iteration:          3,        time       0.07
best      64820,        iteration:          4,        time       0.09
best      68291,        iteration:          5,        time       0.11
best      69513,        iteration:          6,        time       0.13
best      70082,        iteration:          7,        time       0.16
best      71589,        iteration:          8,        time       0.18
best      72172,        iteration:          9,        time       0.20
best      72346,        iteration:         10,        time       0.22
best      72477,        iteration:         11,        time       0.25
best      72617,        iteration:         43,        time       0.97
best      72699,        iteration:         44,        time       0.99
best      72969,        iteration:         45,        time       1.01
best      73117,        iteration:        334,        time       7.35
end try 0 


try          0,        best      73117,        found at iteration        334,        found at time       7.35
