Parameter-settings: 

--inputfile          instances/eil51-thop/eil51_03_unc_01_03.thop
--outputfile         solutions/acothop/eil51-thop/eil51_03_unc_01_03_04.thop.sol
--tries              1
--tours              0
--ptries             1
--time               15.00
--seed               547617
--optimum            1
--ants               196
--nnants             20
--alpha              1.24
--beta               5.46
--rho                0.51
--q0                 0.00
--elitistants        0
--rasranks           0
--localsearch        0
--nnls               20
--dlb                1
--as                 0
--eas                0
--ras                0
--mmas               1
--bwas               0
--acs                0


begin try 0 
best      19647,        iteration:          1,        time       0.02
best      19740,        iteration:          6,        time       0.12
best      19786,        iteration:          8,        time       0.16
best      20064,        iteration:         34,        time       0.68
best      20279,        iteration:         50,        time       1.00
best      20383,        iteration:         86,        time       1.71
best      20565,        iteration:         99,        time       1.98
best      21810,        iteration:        100,        time       2.00
end try 0 


try          0,        best      21810,        found at iteration        100,        found at time       2.00
