Parameter-settings: 

--inputfile          instances/eil51-thop/eil51_03_bsc_10_01.thop
--outputfile         solutions/acothop/eil51-thop/eil51_03_bsc_10_01_08.thop.sol
--tries              1
--tours              0
--ptries             1
--time               15.00
--seed               858990
--optimum            1
--ants               196
--nnants             20
--alpha              1.24
--beta               5.46
--rho                0.51
--q0                 0.00
--elitistants        0
--rasranks           0
--localsearch        0
--nnls               20
--dlb                1
--as                 0
--eas                0
--ras                0
--mmas               1
--bwas               0
--acs                0


begin try 0 
best      60298,        iteration:          1,        time       0.02
best      67333,        iteration:          3,        time       0.06
best      69270,        iteration:          4,        time       0.08
best      72734,        iteration:          6,        time       0.12
best      77583,        iteration:          7,        time       0.14
best      77718,        iteration:         79,        time       1.60
best      79057,        iteration:         80,        time       1.62
best      79085,        iteration:         81,        time       1.64
best      81315,        iteration:         84,        time       1.69
best      81644,        iteration:         91,        time       1.84
best      81705,        iteration:        102,        time       2.07
best      84741,        iteration:        103,        time       2.09
best      85205,        iteration:        313,        time       6.57
end try 0 


try          0,        best      85205,        found at iteration        313,        found at time       6.57
