Parameter-settings: 

--inputfile          instances/eil51-thop/eil51_05_usw_05_01.thop
--outputfile         solutions/acothop/eil51-thop/eil51_05_usw_05_01_04.thop.sol
--tries              1
--tours              0
--ptries             1
--time               25.00
--seed               547617
--optimum            1
--ants               196
--nnants             20
--alpha              1.24
--beta               5.46
--rho                0.51
--q0                 0.00
--elitistants        0
--rasranks           0
--localsearch        0
--nnls               20
--dlb                1
--as                 0
--eas                0
--ras                0
--mmas               1
--bwas               0
--acs                0


begin try 0 
best      39379,        iteration:          1,        time       0.03
best      45238,        iteration:          2,        time       0.07
best      46137,        iteration:          5,        time       0.17
best      47788,        iteration:          7,        time       0.24
best      48490,        iteration:         17,        time       0.58
best      49177,        iteration:         18,        time       0.62
best      49276,        iteration:         32,        time       1.10
best      49498,        iteration:         36,        time       1.24
best      50937,        iteration:         37,        time       1.27
best      51233,        iteration:        342,        time      11.87
best      51540,        iteration:        352,        time      12.21
best      51669,        iteration:        353,        time      12.25
best      52908,        iteration:        576,        time      19.97
best      53281,        iteration:        578,        time      20.04
best      53357,        iteration:        583,        time      20.21
end try 0 


try          0,        best      53357,        found at iteration        583,        found at time      20.21
