Parameter-settings: 

--inputfile          instances/eil51-thop/eil51_03_bsc_05_02.thop
--outputfile         solutions/acothop/eil51-thop/eil51_03_bsc_05_02_00.thop.sol
--tries              1
--tours              0
--ptries             1
--time               15.00
--seed               269070
--optimum            1
--ants               196
--nnants             20
--alpha              1.24
--beta               5.46
--rho                0.51
--q0                 0.00
--elitistants        0
--rasranks           0
--localsearch        0
--nnls               20
--dlb                1
--as                 0
--eas                0
--ras                0
--mmas               1
--bwas               0
--acs                0


begin try 0 
best      57162,        iteration:          1,        time       0.02
best      57701,        iteration:          2,        time       0.04
best      61367,        iteration:          4,        time       0.09
best      61594,        iteration:          5,        time       0.11
best      66328,        iteration:          6,        time       0.13
best      69705,        iteration:          7,        time       0.15
best      69735,        iteration:          8,        time       0.18
best      69852,        iteration:         10,        time       0.22
best      69874,        iteration:         68,        time       1.49
best      70726,        iteration:         76,        time       1.65
best      70746,        iteration:         77,        time       1.68
best      70776,        iteration:         84,        time       1.82
best      71649,        iteration:        101,        time       2.21
best      72484,        iteration:        102,        time       2.23
best      73080,        iteration:        103,        time       2.25
best      73131,        iteration:        105,        time       2.29
best      73269,        iteration:        109,        time       2.38
best      73379,        iteration:        111,        time       2.42
end try 0 


try          0,        best      73379,        found at iteration        111,        found at time       2.42
