Parameter-settings: 

--inputfile          instances/eil51-thop/eil51_05_bsc_05_03.thop
--outputfile         solutions/acothop/eil51-thop/eil51_05_bsc_05_03_03.thop.sol
--tries              1
--tours              0
--ptries             1
--time               25.00
--seed               644764
--optimum            1
--ants               196
--nnants             20
--alpha              1.24
--beta               5.46
--rho                0.51
--q0                 0.00
--elitistants        0
--rasranks           0
--localsearch        0
--nnls               20
--dlb                1
--as                 0
--eas                0
--ras                0
--mmas               1
--bwas               0
--acs                0


begin try 0 
best     121754,        iteration:          1,        time       0.04
best     123274,        iteration:          2,        time       0.08
best     127270,        iteration:          3,        time       0.12
best     129030,        iteration:          4,        time       0.16
best     133535,        iteration:          5,        time       0.20
best     133568,        iteration:          6,        time       0.23
best     136599,        iteration:          7,        time       0.27
best     137500,        iteration:          8,        time       0.31
best     137690,        iteration:          9,        time       0.35
best     137786,        iteration:         15,        time       0.58
best     137837,        iteration:         16,        time       0.61
best     137886,        iteration:         31,        time       1.18
best     138103,        iteration:        113,        time       4.26
best     138199,        iteration:        281,        time      10.48
end try 0 


try          0,        best     138199,        found at iteration        281,        found at time      10.48
