Parameter-settings: 

--inputfile          instances/eil51-thop/eil51_03_usw_10_01.thop
--outputfile         solutions/acothop/eil51-thop/eil51_03_usw_10_01_00.thop.sol
--tries              1
--tours              0
--ptries             1
--time               15.00
--seed               269070
--optimum            1
--ants               196
--nnants             20
--alpha              1.24
--beta               5.46
--rho                0.51
--q0                 0.00
--elitistants        0
--rasranks           0
--localsearch        0
--nnls               20
--dlb                1
--as                 0
--eas                0
--ras                0
--mmas               1
--bwas               0
--acs                0


begin try 0 
best      31471,        iteration:          1,        time       0.02
best      31693,        iteration:          2,        time       0.04
best      34595,        iteration:          4,        time       0.09
best      34753,        iteration:          5,        time       0.11
best      34947,        iteration:          6,        time       0.13
best      34997,        iteration:          7,        time       0.15
best      37252,        iteration:          8,        time       0.17
best      38244,        iteration:          9,        time       0.19
best      38360,        iteration:         11,        time       0.24
best      38562,        iteration:         23,        time       0.50
best      38726,        iteration:         24,        time       0.52
best      38788,        iteration:         36,        time       0.78
best      38854,        iteration:         39,        time       0.85
best      39206,        iteration:         45,        time       0.98
best      39262,        iteration:         47,        time       1.02
best      39305,        iteration:         87,        time       1.87
best      39781,        iteration:         88,        time       1.89
best      40115,        iteration:        428,        time       9.32
best      40177,        iteration:        429,        time       9.35
best      41398,        iteration:        430,        time       9.37
best      41823,        iteration:        535,        time      11.66
best      42098,        iteration:        536,        time      11.69
best      42222,        iteration:        540,        time      11.77
best      42253,        iteration:        599,        time      13.02
best      42278,        iteration:        600,        time      13.04
best      42301,        iteration:        602,        time      13.09
end try 0 


try          0,        best      42301,        found at iteration        602,        found at time      13.09
