Parameter-settings: 

--inputfile          instances/eil51-thop/eil51_01_usw_05_02.thop
--outputfile         solutions/acothop/eil51-thop/eil51_01_usw_05_02_07.thop.sol
--tries              1
--tours              0
--ptries             1
--time               5.00
--seed               462018
--optimum            1
--ants               196
--nnants             20
--alpha              1.24
--beta               5.46
--rho                0.51
--q0                 0.00
--elitistants        0
--rasranks           0
--localsearch        0
--nnls               20
--dlb                1
--as                 0
--eas                0
--ras                0
--mmas               1
--bwas               0
--acs                0


begin try 0 
best      10683,        iteration:          1,        time       0.01
best      11408,        iteration:          2,        time       0.02
best      11922,        iteration:          4,        time       0.03
best      12116,        iteration:          5,        time       0.04
best      12538,        iteration:          6,        time       0.05
best      12651,        iteration:         43,        time       0.31
end try 0 


try          0,        best      12651,        found at iteration         43,        found at time       0.31
