Parameter-settings: 

--inputfile          instances/eil51-thop/eil51_03_unc_01_02.thop
--outputfile         solutions/acothop/eil51-thop/eil51_03_unc_01_02_01.thop.sol
--tries              1
--tours              0
--ptries             1
--time               15.00
--seed               99470
--optimum            1
--ants               196
--nnants             20
--alpha              1.24
--beta               5.46
--rho                0.51
--q0                 0.00
--elitistants        0
--rasranks           0
--localsearch        0
--nnls               20
--dlb                1
--as                 0
--eas                0
--ras                0
--mmas               1
--bwas               0
--acs                0


begin try 0 
best      16499,        iteration:          1,        time       0.02
best      18119,        iteration:          5,        time       0.10
best      18238,        iteration:          7,        time       0.14
best      18465,        iteration:         11,        time       0.22
best      18655,        iteration:         20,        time       0.40
best      19065,        iteration:        247,        time       4.76
end try 0 


try          0,        best      19065,        found at iteration        247,        found at time       4.76
