Parameter-settings: 

--inputfile          instances/eil51-thop/eil51_03_usw_10_02.thop
--outputfile         solutions/acothop/eil51-thop/eil51_03_usw_10_02_00.thop.sol
--tries              1
--tours              0
--ptries             1
--time               15.00
--seed               269070
--optimum            1
--ants               196
--nnants             20
--alpha              1.24
--beta               5.46
--rho                0.51
--q0                 0.00
--elitistants        0
--rasranks           0
--localsearch        0
--nnls               20
--dlb                1
--as                 0
--eas                0
--ras                0
--mmas               1
--bwas               0
--acs                0


begin try 0 
best      42791,        iteration:          1,        time       0.02
best      45069,        iteration:          2,        time       0.05
best      45270,        iteration:          3,        time       0.07
best      46150,        iteration:          4,        time       0.09
best      48309,        iteration:          5,        time       0.12
best      48811,        iteration:          6,        time       0.14
best      49155,        iteration:          7,        time       0.16
best      49894,        iteration:          8,        time       0.19
best      49942,        iteration:         20,        time       0.47
best      50536,        iteration:         21,        time       0.49
best      51098,        iteration:         22,        time       0.51
best      51209,        iteration:         25,        time       0.58
best      52427,        iteration:         56,        time       1.29
best      52837,        iteration:         57,        time       1.31
best      53428,        iteration:         58,        time       1.34
best      53544,        iteration:        136,        time       3.17
best      53574,        iteration:        137,        time       3.20
best      54159,        iteration:        138,        time       3.22
end try 0 


try          0,        best      54159,        found at iteration        138,        found at time       3.22
