Parameter-settings: 

--inputfile          instances/eil51-thop/eil51_05_unc_10_03.thop
--outputfile         solutions/acothop/eil51-thop/eil51_05_unc_10_03_09.thop.sol
--tries              1
--tours              0
--ptries             1
--time               25.00
--seed               756112
--optimum            1
--ants               196
--nnants             20
--alpha              1.24
--beta               5.46
--rho                0.51
--q0                 0.00
--elitistants        0
--rasranks           0
--localsearch        0
--nnls               20
--dlb                1
--as                 0
--eas                0
--ras                0
--mmas               1
--bwas               0
--acs                0


begin try 0 
best      81902,        iteration:          1,        time       0.04
best      86759,        iteration:          3,        time       0.13
best      91248,        iteration:          4,        time       0.17
best      94605,        iteration:          5,        time       0.22
best      95776,        iteration:          6,        time       0.26
best      96103,        iteration:          7,        time       0.31
best      96295,        iteration:          8,        time       0.35
best      96356,        iteration:         13,        time       0.57
best      97115,        iteration:         20,        time       0.86
best      97256,        iteration:         21,        time       0.90
best      97329,        iteration:         24,        time       1.03
best      97562,        iteration:         25,        time       1.07
best      97592,        iteration:         57,        time       2.45
best      97732,        iteration:        166,        time       7.13
end try 0 


try          0,        best      97732,        found at iteration        166,        found at time       7.13
