Parameter-settings: 

--inputfile          instances/eil51-thop/eil51_03_unc_01_02.thop
--outputfile         solutions/acothop/eil51-thop/eil51_03_unc_01_02_02.thop.sol
--tries              1
--tours              0
--ptries             1
--time               15.00
--seed               126489
--optimum            1
--ants               196
--nnants             20
--alpha              1.24
--beta               5.46
--rho                0.51
--q0                 0.00
--elitistants        0
--rasranks           0
--localsearch        0
--nnls               20
--dlb                1
--as                 0
--eas                0
--ras                0
--mmas               1
--bwas               0
--acs                0


begin try 0 
best      15570,        iteration:          1,        time       0.02
best      16499,        iteration:          4,        time       0.07
best      16682,        iteration:          6,        time       0.11
best      17252,        iteration:          7,        time       0.13
best      17699,        iteration:         22,        time       0.41
best      17828,        iteration:         23,        time       0.43
best      18394,        iteration:         28,        time       0.53
best      18829,        iteration:         34,        time       0.64
end try 0 


try          0,        best      18829,        found at iteration         34,        found at time       0.64
