Parameter-settings: 

--inputfile          instances/eil51-thop/eil51_05_usw_10_01.thop
--outputfile         solutions/acothop/eil51-thop/eil51_05_usw_10_01_06.thop.sol
--tries              1
--tours              0
--ptries             1
--time               25.00
--seed               73456
--optimum            1
--ants               196
--nnants             20
--alpha              1.24
--beta               5.46
--rho                0.51
--q0                 0.00
--elitistants        0
--rasranks           0
--localsearch        0
--nnls               20
--dlb                1
--as                 0
--eas                0
--ras                0
--mmas               1
--bwas               0
--acs                0


begin try 0 
best      52478,        iteration:          1,        time       0.03
best      57903,        iteration:          3,        time       0.10
best      59898,        iteration:          7,        time       0.24
best      61264,        iteration:         12,        time       0.42
best      63606,        iteration:         13,        time       0.45
best      63876,        iteration:         15,        time       0.53
best      65683,        iteration:         51,        time       1.79
best      65958,        iteration:         52,        time       1.83
best      66021,        iteration:         60,        time       2.11
best      66755,        iteration:         61,        time       2.15
best      67034,        iteration:         72,        time       2.54
best      67086,        iteration:         90,        time       3.18
best      67829,        iteration:        628,        time      22.10
best      69180,        iteration:        676,        time      23.83
best      69311,        iteration:        678,        time      23.90
best      69341,        iteration:        692,        time      24.41
best      69832,        iteration:        693,        time      24.44
end try 0 


try          0,        best      69832,        found at iteration        693,        found at time      24.44
