Parameter-settings: 

--inputfile          instances/eil51-thop/eil51_01_unc_05_01.thop
--outputfile         solutions/acothop/eil51-thop/eil51_01_unc_05_01_07.thop.sol
--tries              1
--tours              0
--ptries             1
--time               5.00
--seed               462018
--optimum            1
--ants               196
--nnants             20
--alpha              1.24
--beta               5.46
--rho                0.51
--q0                 0.00
--elitistants        0
--rasranks           0
--localsearch        0
--nnls               20
--dlb                1
--as                 0
--eas                0
--ras                0
--mmas               1
--bwas               0
--acs                0


begin try 0 
best       8587,        iteration:          1,        time       0.01
best       9200,        iteration:          2,        time       0.02
best       9364,        iteration:         10,        time       0.08
best       9503,        iteration:         38,        time       0.27
best       9598,        iteration:         41,        time       0.29
best       9751,        iteration:         42,        time       0.30
best       9903,        iteration:        103,        time       0.74
best      10505,        iteration:        148,        time       1.05
best      10546,        iteration:        158,        time       1.12
best      10739,        iteration:        176,        time       1.25
best      11603,        iteration:        232,        time       1.66
end try 0 


try          0,        best      11603,        found at iteration        232,        found at time       1.66
