Parameter-settings: 

--inputfile          instances/eil51-thop/eil51_03_unc_05_01.thop
--outputfile         solutions/acothop/eil51-thop/eil51_03_unc_05_01_01.thop.sol
--tries              1
--tours              0
--ptries             1
--time               15.00
--seed               99470
--optimum            1
--ants               196
--nnants             20
--alpha              1.24
--beta               5.46
--rho                0.51
--q0                 0.00
--elitistants        0
--rasranks           0
--localsearch        0
--nnls               20
--dlb                1
--as                 0
--eas                0
--ras                0
--mmas               1
--bwas               0
--acs                0


begin try 0 
best      18174,        iteration:          1,        time       0.02
best      20606,        iteration:          2,        time       0.04
best      23860,        iteration:          6,        time       0.10
best      24984,        iteration:          7,        time       0.12
best      25027,        iteration:          8,        time       0.14
best      25348,        iteration:          9,        time       0.16
best      25540,        iteration:         29,        time       0.54
best      25743,        iteration:         30,        time       0.56
best      26124,        iteration:         39,        time       0.73
best      26169,        iteration:         43,        time       0.81
best      26181,        iteration:         45,        time       0.86
best      27049,        iteration:         54,        time       1.03
best      27850,        iteration:         56,        time       1.07
best      27867,        iteration:         64,        time       1.24
best      27875,        iteration:         95,        time       1.87
best      28336,        iteration:        124,        time       2.45
best      28509,        iteration:        437,        time       8.70
best      29790,        iteration:        459,        time       9.13
best      29927,        iteration:        460,        time       9.15
best      30248,        iteration:        489,        time       9.75
best      30545,        iteration:        490,        time       9.77
best      30659,        iteration:        501,        time      10.01
best      30702,        iteration:        502,        time      10.03
best      30961,        iteration:        508,        time      10.15
best      31026,        iteration:        530,        time      10.60
best      31281,        iteration:        531,        time      10.62
best      31354,        iteration:        532,        time      10.65
best      31478,        iteration:        533,        time      10.67
end try 0 


try          0,        best      31478,        found at iteration        533,        found at time      10.67
