Parameter-settings: 

--inputfile          instances/eil51-thop/eil51_10_usw_01_01.thop
--outputfile         solutions/acothop/eil51-thop/eil51_10_usw_01_01_06.thop.sol
--tries              1
--tours              0
--ptries             1
--time               49.00
--seed               73456
--optimum            1
--ants               196
--nnants             20
--alpha              1.24
--beta               5.46
--rho                0.51
--q0                 0.00
--elitistants        0
--rasranks           0
--localsearch        0
--nnls               20
--dlb                1
--as                 0
--eas                0
--ras                0
--mmas               1
--bwas               0
--acs                0


begin try 0 
best      23189,        iteration:          1,        time       0.06
best      23872,        iteration:          2,        time       0.12
best      27234,        iteration:          3,        time       0.17
best      27676,        iteration:          4,        time       0.22
best      28937,        iteration:          5,        time       0.28
best      29533,        iteration:          7,        time       0.38
best      31170,        iteration:          8,        time       0.43
best      31422,        iteration:         71,        time       3.52
best      31883,        iteration:         92,        time       4.56
best      32304,        iteration:        108,        time       5.41
best      32519,        iteration:        144,        time       7.27
best      32756,        iteration:        311,        time      15.62
best      32945,        iteration:        718,        time      35.94
best      33310,        iteration:        729,        time      36.50
best      33465,        iteration:        730,        time      36.55
end try 0 


try          0,        best      33465,        found at iteration        730,        found at time      36.55
