Parameter-settings: 

--inputfile          instances/eil51-thop/eil51_01_bsc_05_01.thop
--outputfile         solutions/acothop/eil51-thop/eil51_01_bsc_05_01_09.thop.sol
--tries              1
--tours              0
--ptries             1
--time               5.00
--seed               756112
--optimum            1
--ants               196
--nnants             20
--alpha              1.24
--beta               5.46
--rho                0.51
--q0                 0.00
--elitistants        0
--rasranks           0
--localsearch        0
--nnls               20
--dlb                1
--as                 0
--eas                0
--ras                0
--mmas               1
--bwas               0
--acs                0


begin try 0 
best      14414,        iteration:          1,        time       0.01
best      14985,        iteration:          2,        time       0.02
best      15216,        iteration:          3,        time       0.02
best      15483,        iteration:          4,        time       0.03
best      15684,        iteration:          5,        time       0.04
best      15867,        iteration:         13,        time       0.10
best      17007,        iteration:         17,        time       0.13
best      18440,        iteration:         18,        time       0.13
best      18594,        iteration:         31,        time       0.23
end try 0 


try          0,        best      18594,        found at iteration         31,        found at time       0.23
