Parameter-settings: 

--inputfile          instances/eil51-thop/eil51_05_unc_01_02.thop
--outputfile         solutions/acothop/eil51-thop/eil51_05_unc_01_02_04.thop.sol
--tries              1
--tours              0
--ptries             1
--time               25.00
--seed               547617
--optimum            1
--ants               196
--nnants             20
--alpha              1.24
--beta               5.46
--rho                0.51
--q0                 0.00
--elitistants        0
--rasranks           0
--localsearch        0
--nnls               20
--dlb                1
--as                 0
--eas                0
--ras                0
--mmas               1
--bwas               0
--acs                0


begin try 0 
best      21817,        iteration:          1,        time       0.03
best      23794,        iteration:          2,        time       0.07
best      25592,        iteration:          3,        time       0.10
best      26052,        iteration:         42,        time       1.40
best      26054,        iteration:         53,        time       1.77
best      26272,        iteration:         64,        time       2.12
best      26696,        iteration:         76,        time       2.54
best      27607,        iteration:         77,        time       2.57
best      27696,        iteration:         79,        time       2.63
best      28002,        iteration:         80,        time       2.66
best      28646,        iteration:        109,        time       3.48
best      28935,        iteration:        188,        time       5.76
best      29540,        iteration:        305,        time       9.37
end try 0 


try          0,        best      29540,        found at iteration        305,        found at time       9.37
