Parameter-settings: 

--inputfile          instances/eil51-thop/eil51_05_bsc_10_03.thop
--outputfile         solutions/acothop/eil51-thop/eil51_05_bsc_10_03_00.thop.sol
--tries              1
--tours              0
--ptries             1
--time               25.00
--seed               269070
--optimum            1
--ants               196
--nnants             20
--alpha              1.24
--beta               5.46
--rho                0.51
--q0                 0.00
--elitistants        0
--rasranks           0
--localsearch        0
--nnls               20
--dlb                1
--as                 0
--eas                0
--ras                0
--mmas               1
--bwas               0
--acs                0


begin try 0 
best     190948,        iteration:          1,        time       0.04
best     194750,        iteration:          3,        time       0.12
best     200357,        iteration:          4,        time       0.16
best     204072,        iteration:          5,        time       0.21
best     219656,        iteration:          6,        time       0.25
best     221447,        iteration:          7,        time       0.29
best     222120,        iteration:          8,        time       0.33
best     226248,        iteration:          9,        time       0.37
best     226814,        iteration:         11,        time       0.45
best     227062,        iteration:         20,        time       0.83
best     229429,        iteration:         22,        time       0.91
best     230204,        iteration:         24,        time       0.99
best     233103,        iteration:         29,        time       1.20
best     233523,        iteration:         33,        time       1.36
best     233639,        iteration:         82,        time       3.38
best     233786,        iteration:         88,        time       3.63
best     236053,        iteration:         89,        time       3.67
best     236211,        iteration:         96,        time       3.96
best     239435,        iteration:         97,        time       4.00
end try 0 


try          0,        best     239435,        found at iteration         97,        found at time       4.00
