Parameter-settings: 

--inputfile          instances/eil51-thop/eil51_05_usw_10_03.thop
--outputfile         solutions/acothop/eil51-thop/eil51_05_usw_10_03_09.thop.sol
--tries              1
--tours              0
--ptries             1
--time               25.00
--seed               756112
--optimum            1
--ants               196
--nnants             20
--alpha              1.24
--beta               5.46
--rho                0.51
--q0                 0.00
--elitistants        0
--rasranks           0
--localsearch        0
--nnls               20
--dlb                1
--as                 0
--eas                0
--ras                0
--mmas               1
--bwas               0
--acs                0


begin try 0 
best      88939,        iteration:          1,        time       0.04
best      92479,        iteration:          2,        time       0.08
best      96986,        iteration:          3,        time       0.12
best     103245,        iteration:          4,        time       0.16
best     106346,        iteration:          5,        time       0.20
best     106706,        iteration:          6,        time       0.24
best     107794,        iteration:          7,        time       0.28
best     107839,        iteration:          8,        time       0.32
best     107844,        iteration:         48,        time       1.95
end try 0 


try          0,        best     107844,        found at iteration         48,        found at time       1.95
