Parameter-settings: 

--inputfile          instances/eil51-thop/eil51_03_unc_10_01.thop
--outputfile         solutions/acothop/eil51-thop/eil51_03_unc_10_01_00.thop.sol
--tries              1
--tours              0
--ptries             1
--time               15.00
--seed               269070
--optimum            1
--ants               196
--nnants             20
--alpha              1.24
--beta               5.46
--rho                0.51
--q0                 0.00
--elitistants        0
--rasranks           0
--localsearch        0
--nnls               20
--dlb                1
--as                 0
--eas                0
--ras                0
--mmas               1
--bwas               0
--acs                0


begin try 0 
best      26199,        iteration:          1,        time       0.02
best      27451,        iteration:          3,        time       0.06
best      34388,        iteration:          4,        time       0.08
best      35232,        iteration:        111,        time       2.34
best      35347,        iteration:        117,        time       2.48
best      36465,        iteration:        359,        time       7.74
best      36512,        iteration:        370,        time       7.98
best      36853,        iteration:        564,        time      12.12
best      36905,        iteration:        568,        time      12.21
best      37065,        iteration:        588,        time      12.65
end try 0 


try          0,        best      37065,        found at iteration        588,        found at time      12.65
