Parameter-settings: 

--inputfile          instances/eil51-thop/eil51_05_unc_05_01.thop
--outputfile         solutions/acothop/eil51-thop/eil51_05_unc_05_01_09.thop.sol
--tries              1
--tours              0
--ptries             1
--time               25.00
--seed               756112
--optimum            1
--ants               196
--nnants             20
--alpha              1.24
--beta               5.46
--rho                0.51
--q0                 0.00
--elitistants        0
--rasranks           0
--localsearch        0
--nnls               20
--dlb                1
--as                 0
--eas                0
--ras                0
--mmas               1
--bwas               0
--acs                0


begin try 0 
best      30991,        iteration:          1,        time       0.03
best      31541,        iteration:          2,        time       0.07
best      31604,        iteration:          3,        time       0.10
best      34029,        iteration:          4,        time       0.13
best      34549,        iteration:          7,        time       0.23
best      34641,        iteration:          8,        time       0.26
best      34873,        iteration:         11,        time       0.36
best      34984,        iteration:         14,        time       0.45
best      38810,        iteration:         15,        time       0.48
best      38965,        iteration:         17,        time       0.55
best      39539,        iteration:         19,        time       0.61
best      39585,        iteration:         20,        time       0.65
best      44698,        iteration:         21,        time       0.68
best      45889,        iteration:         23,        time       0.75
best      45890,        iteration:         42,        time       1.39
best      47998,        iteration:         44,        time       1.46
best      48059,        iteration:         46,        time       1.53
best      48106,        iteration:         47,        time       1.56
best      48198,        iteration:        101,        time       3.41
best      48323,        iteration:        418,        time      14.03
end try 0 


try          0,        best      48323,        found at iteration        418,        found at time      14.03
