Parameter-settings: 

--inputfile          instances/eil51-thop/eil51_05_bsc_01_01.thop
--outputfile         solutions/acothop/eil51-thop/eil51_05_bsc_01_01_03.thop.sol
--tries              1
--tours              0
--ptries             1
--time               25.00
--seed               644764
--optimum            1
--ants               196
--nnants             20
--alpha              1.24
--beta               5.46
--rho                0.51
--q0                 0.00
--elitistants        0
--rasranks           0
--localsearch        0
--nnls               20
--dlb                1
--as                 0
--eas                0
--ras                0
--mmas               1
--bwas               0
--acs                0


begin try 0 
best      26956,        iteration:          1,        time       0.03
best      27575,        iteration:          3,        time       0.09
best      27858,        iteration:          4,        time       0.12
best      28376,        iteration:          5,        time       0.15
best      28463,        iteration:          6,        time       0.18
best      28904,        iteration:         10,        time       0.30
best      28964,        iteration:        327,        time       9.31
best      29335,        iteration:        334,        time       9.51
best      29362,        iteration:        606,        time      16.84
best      29548,        iteration:        608,        time      16.90
best      29549,        iteration:        701,        time      19.34
best      29846,        iteration:        702,        time      19.37
best      29923,        iteration:        713,        time      19.65
best      29944,        iteration:        715,        time      19.71
best      30019,        iteration:        739,        time      20.36
end try 0 


try          0,        best      30019,        found at iteration        739,        found at time      20.36
