Parameter-settings: 

--inputfile          instances/eil51-thop/eil51_10_unc_10_02.thop
--outputfile         solutions/acothop/eil51-thop/eil51_10_unc_10_02_00.thop.sol
--tries              1
--tours              0
--ptries             1
--time               49.00
--seed               269070
--optimum            1
--ants               196
--nnants             20
--alpha              1.24
--beta               5.46
--rho                0.51
--q0                 0.00
--elitistants        0
--rasranks           0
--localsearch        0
--nnls               20
--dlb                1
--as                 0
--eas                0
--ras                0
--mmas               1
--bwas               0
--acs                0


begin try 0 
best     112951,        iteration:          1,        time       0.07
best     128929,        iteration:          2,        time       0.15
best     134565,        iteration:          3,        time       0.23
best     138865,        iteration:          5,        time       0.38
best     141004,        iteration:          8,        time       0.63
best     142855,        iteration:         10,        time       0.79
best     145102,        iteration:         12,        time       0.95
best     158866,        iteration:         39,        time       3.18
best     160075,        iteration:         40,        time       3.26
best     160656,        iteration:         41,        time       3.35
best     161124,        iteration:         49,        time       4.03
best     161575,        iteration:         50,        time       4.11
best     162061,        iteration:         61,        time       5.04
end try 0 


try          0,        best     162061,        found at iteration         61,        found at time       5.04
