Parameter-settings: 

--inputfile          instances/eil51-thop/eil51_05_bsc_01_02.thop
--outputfile         solutions/acothop/eil51-thop/eil51_05_bsc_01_02_00.thop.sol
--tries              1
--tours              0
--ptries             1
--time               25.00
--seed               269070
--optimum            1
--ants               196
--nnants             20
--alpha              1.24
--beta               5.46
--rho                0.51
--q0                 0.00
--elitistants        0
--rasranks           0
--localsearch        0
--nnls               20
--dlb                1
--as                 0
--eas                0
--ras                0
--mmas               1
--bwas               0
--acs                0


begin try 0 
best      27893,        iteration:          1,        time       0.03
best      28039,        iteration:          3,        time       0.10
best      29592,        iteration:          4,        time       0.13
best      30185,        iteration:          5,        time       0.16
best      30549,        iteration:          6,        time       0.19
best      30898,        iteration:          8,        time       0.24
best      31143,        iteration:         12,        time       0.32
best      31306,        iteration:         14,        time       0.37
best      31387,        iteration:         17,        time       0.45
best      31803,        iteration:         38,        time       0.98
best      31835,        iteration:        278,        time       7.16
best      31876,        iteration:        426,        time      11.01
best      31901,        iteration:        435,        time      11.25
end try 0 


try          0,        best      31901,        found at iteration        435,        found at time      11.25
