Parameter-settings: 

--inputfile          instances/eil51-thop/eil51_10_unc_05_01.thop
--outputfile         solutions/acothop/eil51-thop/eil51_10_unc_05_01_08.thop.sol
--tries              1
--tours              0
--ptries             1
--time               49.00
--seed               858990
--optimum            1
--ants               196
--nnants             20
--alpha              1.24
--beta               5.46
--rho                0.51
--q0                 0.00
--elitistants        0
--rasranks           0
--localsearch        0
--nnls               20
--dlb                1
--as                 0
--eas                0
--ras                0
--mmas               1
--bwas               0
--acs                0


begin try 0 
best      69531,        iteration:          1,        time       0.07
best      75018,        iteration:          2,        time       0.13
best      82601,        iteration:          3,        time       0.20
best      86364,        iteration:          4,        time       0.27
best      86488,        iteration:          5,        time       0.34
best      87425,        iteration:          9,        time       0.61
best      87783,        iteration:         10,        time       0.68
best      89395,        iteration:         11,        time       0.75
best      89824,        iteration:         12,        time       0.82
best      90927,        iteration:         17,        time       1.16
best      91234,        iteration:         52,        time       3.56
best      96946,        iteration:         53,        time       3.63
best      97709,        iteration:         77,        time       5.31
best      98057,        iteration:         78,        time       5.38
best      98508,        iteration:         79,        time       5.45
best      98530,        iteration:         99,        time       6.86
best      99686,        iteration:        511,        time      35.63
best     100771,        iteration:        514,        time      35.85
end try 0 


try          0,        best     100771,        found at iteration        514,        found at time      35.85
