Parameter-settings: 

--inputfile          instances/eil51-thop/eil51_05_usw_01_03.thop
--outputfile         solutions/acothop/eil51-thop/eil51_05_usw_01_03_09.thop.sol
--tries              1
--tours              0
--ptries             1
--time               25.00
--seed               756112
--optimum            1
--ants               196
--nnants             20
--alpha              1.24
--beta               5.46
--rho                0.51
--q0                 0.00
--elitistants        0
--rasranks           0
--localsearch        0
--nnls               20
--dlb                1
--as                 0
--eas                0
--ras                0
--mmas               1
--bwas               0
--acs                0


begin try 0 
best      17683,        iteration:          1,        time       0.03
best      18017,        iteration:          6,        time       0.17
best      18135,        iteration:          7,        time       0.20
best      18304,        iteration:         39,        time       0.95
best      18528,        iteration:        116,        time       2.75
best      18746,        iteration:        550,        time      13.84
end try 0 


try          0,        best      18746,        found at iteration        550,        found at time      13.84
