Parameter-settings: 

--inputfile          instances/eil51-thop/eil51_03_usw_01_03.thop
--outputfile         solutions/acothop/eil51-thop/eil51_03_usw_01_03_09.thop.sol
--tries              1
--tours              0
--ptries             1
--time               15.00
--seed               756112
--optimum            1
--ants               196
--nnants             20
--alpha              1.24
--beta               5.46
--rho                0.51
--q0                 0.00
--elitistants        0
--rasranks           0
--localsearch        0
--nnls               20
--dlb                1
--as                 0
--eas                0
--ras                0
--mmas               1
--bwas               0
--acs                0


begin try 0 
best       9686,        iteration:          1,        time       0.02
best       9832,        iteration:          5,        time       0.09
best      10543,        iteration:          6,        time       0.11
best      10580,        iteration:        125,        time       1.76
best      10622,        iteration:        503,        time       7.13
best      10661,        iteration:        834,        time      11.83
end try 0 


try          0,        best      10661,        found at iteration        834,        found at time      11.83
