Parameter-settings: 

--inputfile          instances/eil51-thop/eil51_03_bsc_10_02.thop
--outputfile         solutions/acothop/eil51-thop/eil51_03_bsc_10_02_06.thop.sol
--tries              1
--tours              0
--ptries             1
--time               15.00
--seed               73456
--optimum            1
--ants               196
--nnants             20
--alpha              1.24
--beta               5.46
--rho                0.51
--q0                 0.00
--elitistants        0
--rasranks           0
--localsearch        0
--nnls               20
--dlb                1
--as                 0
--eas                0
--ras                0
--mmas               1
--bwas               0
--acs                0


begin try 0 
best      84981,        iteration:          1,        time       0.02
best      88188,        iteration:          2,        time       0.04
best      91231,        iteration:          4,        time       0.09
best      93082,        iteration:          6,        time       0.13
best      95445,        iteration:          7,        time       0.15
best      95784,        iteration:          8,        time       0.17
best      96284,        iteration:          9,        time       0.19
best      97033,        iteration:         12,        time       0.26
best      97838,        iteration:         16,        time       0.36
best      99152,        iteration:         24,        time       0.55
best     102302,        iteration:         28,        time       0.64
best     107933,        iteration:         30,        time       0.69
best     108156,        iteration:         32,        time       0.73
best     108358,        iteration:         45,        time       1.04
best     108380,        iteration:         49,        time       1.13
best     110862,        iteration:        348,        time       8.15
best     111830,        iteration:        360,        time       8.43
best     112558,        iteration:        576,        time      13.47
end try 0 


try          0,        best     112558,        found at iteration        576,        found at time      13.47
