Parameter-settings: 

--inputfile          instances/eil51-thop/eil51_01_bsc_01_03.thop
--outputfile         solutions/acothop/eil51-thop/eil51_01_bsc_01_03_09.thop.sol
--tries              1
--tours              0
--ptries             1
--time               5.00
--seed               756112
--optimum            1
--ants               196
--nnants             20
--alpha              1.24
--beta               5.46
--rho                0.51
--q0                 0.00
--elitistants        0
--rasranks           0
--localsearch        0
--nnls               20
--dlb                1
--as                 0
--eas                0
--ras                0
--mmas               1
--bwas               0
--acs                0


begin try 0 
best       5889,        iteration:          1,        time       0.01
best       5963,        iteration:          2,        time       0.01
best       6110,        iteration:          3,        time       0.02
best       6186,        iteration:          4,        time       0.03
best       6190,        iteration:         83,        time       0.46
best       6388,        iteration:         87,        time       0.48
best       6427,        iteration:         90,        time       0.50
best       6437,        iteration:        105,        time       0.59
best       6523,        iteration:        423,        time       2.54
best       6584,        iteration:        762,        time       4.45
end try 0 


try          0,        best       6584,        found at iteration        762,        found at time       4.45
