Parameter-settings: 

--inputfile          instances/eil51-thop/eil51_10_bsc_05_01.thop
--outputfile         solutions/acothop/eil51-thop/eil51_10_bsc_05_01_08.thop.sol
--tries              1
--tours              0
--ptries             1
--time               49.00
--seed               858990
--optimum            1
--ants               196
--nnants             20
--alpha              1.24
--beta               5.46
--rho                0.51
--q0                 0.00
--elitistants        0
--rasranks           0
--localsearch        0
--nnls               20
--dlb                1
--as                 0
--eas                0
--ras                0
--mmas               1
--bwas               0
--acs                0


begin try 0 
best     153996,        iteration:          1,        time       0.07
best     161275,        iteration:          2,        time       0.13
best     170646,        iteration:          3,        time       0.20
best     178827,        iteration:          4,        time       0.27
best     191069,        iteration:          5,        time       0.33
best     197710,        iteration:          6,        time       0.40
best     198290,        iteration:          8,        time       0.54
best     200684,        iteration:          9,        time       0.61
best     201739,        iteration:         10,        time       0.68
best     210774,        iteration:         11,        time       0.75
best     210814,        iteration:         13,        time       0.88
best     217232,        iteration:         53,        time       3.60
best     217653,        iteration:         54,        time       3.67
best     219227,        iteration:         60,        time       4.08
best     219244,        iteration:         61,        time       4.15
best     222768,        iteration:        202,        time      13.75
best     222957,        iteration:        203,        time      13.82
best     223797,        iteration:        247,        time      16.84
best     223870,        iteration:        249,        time      16.98
best     223894,        iteration:        317,        time      21.67
end try 0 


try          0,        best     223894,        found at iteration        317,        found at time      21.67
