Parameter-settings: 

--inputfile          instances/eil51-thop/eil51_01_usw_05_03.thop
--outputfile         solutions/acothop/eil51-thop/eil51_01_usw_05_03_00.thop.sol
--tries              1
--tours              0
--ptries             1
--time               5.00
--seed               269070
--optimum            1
--ants               196
--nnants             20
--alpha              1.24
--beta               5.46
--rho                0.51
--q0                 0.00
--elitistants        0
--rasranks           0
--localsearch        0
--nnls               20
--dlb                1
--as                 0
--eas                0
--ras                0
--mmas               1
--bwas               0
--acs                0


begin try 0 
best      12711,        iteration:          1,        time       0.01
best      12965,        iteration:          2,        time       0.02
best      14008,        iteration:          3,        time       0.02
best      14085,        iteration:          5,        time       0.04
best      14124,        iteration:          7,        time       0.06
best      14318,        iteration:         30,        time       0.22
best      14357,        iteration:         31,        time       0.23
best      14432,        iteration:        309,        time       2.24
best      14653,        iteration:        312,        time       2.26
best      14671,        iteration:        321,        time       2.33
best      14803,        iteration:        476,        time       3.46
end try 0 


try          0,        best      14803,        found at iteration        476,        found at time       3.46
