Parameter-settings: 

--inputfile          instances/eil51-thop/eil51_01_unc_05_02.thop
--outputfile         solutions/acothop/eil51-thop/eil51_01_unc_05_02_02.thop.sol
--tries              1
--tours              0
--ptries             1
--time               5.00
--seed               126489
--optimum            1
--ants               196
--nnants             20
--alpha              1.24
--beta               5.46
--rho                0.51
--q0                 0.00
--elitistants        0
--rasranks           0
--localsearch        0
--nnls               20
--dlb                1
--as                 0
--eas                0
--ras                0
--mmas               1
--bwas               0
--acs                0


begin try 0 
best      12974,        iteration:          1,        time       0.01
best      13397,        iteration:          2,        time       0.02
best      13473,        iteration:          3,        time       0.03
best      13684,        iteration:          5,        time       0.04
best      14122,        iteration:          6,        time       0.05
best      14622,        iteration:          7,        time       0.06
best      14631,        iteration:         11,        time       0.08
best      14802,        iteration:        307,        time       2.24
best      15067,        iteration:        458,        time       3.36
end try 0 


try          0,        best      15067,        found at iteration        458,        found at time       3.36
