Parameter-settings: 

--inputfile          instances/eil51-thop/eil51_03_bsc_05_03.thop
--outputfile         solutions/acothop/eil51-thop/eil51_03_bsc_05_03_00.thop.sol
--tries              1
--tours              0
--ptries             1
--time               15.00
--seed               269070
--optimum            1
--ants               196
--nnants             20
--alpha              1.24
--beta               5.46
--rho                0.51
--q0                 0.00
--elitistants        0
--rasranks           0
--localsearch        0
--nnls               20
--dlb                1
--as                 0
--eas                0
--ras                0
--mmas               1
--bwas               0
--acs                0


begin try 0 
best      64138,        iteration:          1,        time       0.02
best      70714,        iteration:          2,        time       0.04
best      71462,        iteration:          3,        time       0.06
best      72908,        iteration:          4,        time       0.09
best      73509,        iteration:          6,        time       0.13
best      73530,        iteration:         11,        time       0.25
best      73909,        iteration:         34,        time       0.76
best      74139,        iteration:         65,        time       1.46
best      75372,        iteration:         66,        time       1.48
best      75386,        iteration:         67,        time       1.51
best      75692,        iteration:         69,        time       1.55
best      75728,        iteration:        144,        time       3.28
best      76326,        iteration:        146,        time       3.33
best      76377,        iteration:        419,        time       9.38
best      76386,        iteration:        427,        time       9.55
best      76520,        iteration:        469,        time      10.42
best      76581,        iteration:        515,        time      11.39
best      76908,        iteration:        519,        time      11.48
best      76999,        iteration:        521,        time      11.52
end try 0 


try          0,        best      76999,        found at iteration        521,        found at time      11.52
