Parameter-settings: 

--inputfile          instances/eil51-thop/eil51_05_unc_10_02.thop
--outputfile         solutions/acothop/eil51-thop/eil51_05_unc_10_02_05.thop.sol
--tries              1
--tours              0
--ptries             1
--time               25.00
--seed               642580
--optimum            1
--ants               196
--nnants             20
--alpha              1.24
--beta               5.46
--rho                0.51
--q0                 0.00
--elitistants        0
--rasranks           0
--localsearch        0
--nnls               20
--dlb                1
--as                 0
--eas                0
--ras                0
--mmas               1
--bwas               0
--acs                0


begin try 0 
best      57958,        iteration:          1,        time       0.04
best      59942,        iteration:          3,        time       0.11
best      65700,        iteration:          5,        time       0.19
best      66909,        iteration:          7,        time       0.27
best      67168,        iteration:          8,        time       0.31
best      68020,        iteration:          9,        time       0.35
best      69807,        iteration:         10,        time       0.39
best      71049,        iteration:         11,        time       0.43
best      71579,        iteration:         12,        time       0.47
best      71890,        iteration:         29,        time       1.16
best      72039,        iteration:         78,        time       3.14
best      73134,        iteration:        222,        time       8.99
best      74025,        iteration:        227,        time       9.19
best      74773,        iteration:        231,        time       9.35
best      74854,        iteration:        244,        time       9.87
best      74883,        iteration:        249,        time      10.07
best      75040,        iteration:        272,        time      11.00
best      75078,        iteration:        281,        time      11.36
best      76230,        iteration:        613,        time      24.69
best      76920,        iteration:        614,        time      24.73
best      78714,        iteration:        615,        time      24.77
best      80127,        iteration:        616,        time      24.81
best      80975,        iteration:        619,        time      24.93
end try 0 


try          0,        best      80975,        found at iteration        619,        found at time      24.93
