Parameter-settings: 

--inputfile          instances/eil51-thop/eil51_03_bsc_05_03.thop
--outputfile         solutions/acothop/eil51-thop/eil51_03_bsc_05_03_04.thop.sol
--tries              1
--tours              0
--ptries             1
--time               15.00
--seed               547617
--optimum            1
--ants               196
--nnants             20
--alpha              1.24
--beta               5.46
--rho                0.51
--q0                 0.00
--elitistants        0
--rasranks           0
--localsearch        0
--nnls               20
--dlb                1
--as                 0
--eas                0
--ras                0
--mmas               1
--bwas               0
--acs                0


begin try 0 
best      62799,        iteration:          1,        time       0.02
best      66647,        iteration:          3,        time       0.07
best      71363,        iteration:          4,        time       0.09
best      74900,        iteration:          5,        time       0.11
best      75225,        iteration:          6,        time       0.13
best      75317,        iteration:          8,        time       0.17
best      75918,        iteration:         40,        time       0.90
best      76452,        iteration:         41,        time       0.92
best      76499,        iteration:         45,        time       1.01
best      76673,        iteration:         68,        time       1.50
best      76818,        iteration:         69,        time       1.53
best      76834,        iteration:         70,        time       1.54
best      76881,        iteration:         71,        time       1.56
best      76998,        iteration:         98,        time       2.13
best      77138,        iteration:        194,        time       4.15
best      77228,        iteration:        468,        time       9.96
end try 0 


try          0,        best      77228,        found at iteration        468,        found at time       9.96
