Parameter-settings: 

--inputfile          instances/eil51-thop/eil51_05_usw_05_01.thop
--outputfile         solutions/acothop/eil51-thop/eil51_05_usw_05_01_03.thop.sol
--tries              1
--tours              0
--ptries             1
--time               25.00
--seed               644764
--optimum            1
--ants               196
--nnants             20
--alpha              1.24
--beta               5.46
--rho                0.51
--q0                 0.00
--elitistants        0
--rasranks           0
--localsearch        0
--nnls               20
--dlb                1
--as                 0
--eas                0
--ras                0
--mmas               1
--bwas               0
--acs                0


begin try 0 
best      40644,        iteration:          1,        time       0.03
best      44563,        iteration:          2,        time       0.07
best      44572,        iteration:          7,        time       0.23
best      45250,        iteration:          8,        time       0.27
best      45512,        iteration:         10,        time       0.33
best      46517,        iteration:         12,        time       0.40
best      46627,        iteration:         14,        time       0.47
best      46763,        iteration:         17,        time       0.56
best      46935,        iteration:        206,        time       6.95
best      48271,        iteration:        207,        time       6.98
best      48777,        iteration:        262,        time       8.86
best      48938,        iteration:        263,        time       8.89
best      49422,        iteration:        396,        time      13.48
best      49631,        iteration:        426,        time      14.53
best      50600,        iteration:        429,        time      14.63
end try 0 


try          0,        best      50600,        found at iteration        429,        found at time      14.63
