Parameter-settings: 

--inputfile          instances/eil51-thop/eil51_03_unc_10_03.thop
--outputfile         solutions/acothop/eil51-thop/eil51_03_unc_10_03_03.thop.sol
--tries              1
--tours              0
--ptries             1
--time               15.00
--seed               644764
--optimum            1
--ants               196
--nnants             20
--alpha              1.24
--beta               5.46
--rho                0.51
--q0                 0.00
--elitistants        0
--rasranks           0
--localsearch        0
--nnls               20
--dlb                1
--as                 0
--eas                0
--ras                0
--mmas               1
--bwas               0
--acs                0


begin try 0 
best      51287,        iteration:          1,        time       0.02
best      54103,        iteration:          2,        time       0.05
best      54883,        iteration:          3,        time       0.07
best      55982,        iteration:          4,        time       0.10
best      58061,        iteration:          5,        time       0.12
best      59917,        iteration:          6,        time       0.15
best      60174,        iteration:          7,        time       0.17
best      60237,        iteration:         15,        time       0.37
best      60328,        iteration:         23,        time       0.57
best      60333,        iteration:         37,        time       0.92
best      60376,        iteration:         38,        time       0.95
best      60449,        iteration:         39,        time       0.97
best      60567,        iteration:         44,        time       1.10
best      60705,        iteration:         55,        time       1.38
best      60735,        iteration:        116,        time       2.93
best      60780,        iteration:        117,        time       2.95
best      61607,        iteration:        124,        time       3.13
best      61740,        iteration:        125,        time       3.15
end try 0 


try          0,        best      61740,        found at iteration        125,        found at time       3.15
