Parameter-settings: 

--inputfile          instances/eil51-thop/eil51_10_usw_01_03.thop
--outputfile         solutions/acothop/eil51-thop/eil51_10_usw_01_03_06.thop.sol
--tries              1
--tours              0
--ptries             1
--time               49.00
--seed               73456
--optimum            1
--ants               196
--nnants             20
--alpha              1.24
--beta               5.46
--rho                0.51
--q0                 0.00
--elitistants        0
--rasranks           0
--localsearch        0
--nnls               20
--dlb                1
--as                 0
--eas                0
--ras                0
--mmas               1
--bwas               0
--acs                0


begin try 0 
best      33004,        iteration:          1,        time       0.06
best      33954,        iteration:          3,        time       0.18
best      35546,        iteration:          4,        time       0.24
best      35864,        iteration:          5,        time       0.30
best      36574,        iteration:          6,        time       0.36
best      38818,        iteration:          7,        time       0.41
best      39435,        iteration:          9,        time       0.51
best      39461,        iteration:         76,        time       3.55
end try 0 


try          0,        best      39461,        found at iteration         76,        found at time       3.55
