Parameter-settings: 

--inputfile          instances/eil51-thop/eil51_03_unc_01_03.thop
--outputfile         solutions/acothop/eil51-thop/eil51_03_unc_01_03_00.thop.sol
--tries              1
--tours              0
--ptries             1
--time               15.00
--seed               269070
--optimum            1
--ants               196
--nnants             20
--alpha              1.24
--beta               5.46
--rho                0.51
--q0                 0.00
--elitistants        0
--rasranks           0
--localsearch        0
--nnls               20
--dlb                1
--as                 0
--eas                0
--ras                0
--mmas               1
--bwas               0
--acs                0


begin try 0 
best      18469,        iteration:          1,        time       0.02
best      18691,        iteration:          2,        time       0.04
best      19116,        iteration:          7,        time       0.14
best      19147,        iteration:          8,        time       0.16
best      19600,        iteration:         10,        time       0.20
best      20438,        iteration:         72,        time       1.43
best      20634,        iteration:        105,        time       2.10
best      20887,        iteration:        511,        time      10.10
end try 0 


try          0,        best      20887,        found at iteration        511,        found at time      10.10
