Parameter-settings: 

--inputfile          instances/eil51-thop/eil51_03_bsc_05_01.thop
--outputfile         solutions/acothop/eil51-thop/eil51_03_bsc_05_01_04.thop.sol
--tries              1
--tours              0
--ptries             1
--time               15.00
--seed               547617
--optimum            1
--ants               196
--nnants             20
--alpha              1.24
--beta               5.46
--rho                0.51
--q0                 0.00
--elitistants        0
--rasranks           0
--localsearch        0
--nnls               20
--dlb                1
--as                 0
--eas                0
--ras                0
--mmas               1
--bwas               0
--acs                0


begin try 0 
best      42852,        iteration:          1,        time       0.02
best      47418,        iteration:          2,        time       0.04
best      57744,        iteration:          3,        time       0.06
best      58655,        iteration:          5,        time       0.10
best      58965,        iteration:          6,        time       0.12
best      59588,        iteration:          7,        time       0.14
best      61436,        iteration:         17,        time       0.35
best      62633,        iteration:         78,        time       1.52
best      63341,        iteration:        219,        time       4.39
end try 0 


try          0,        best      63341,        found at iteration        219,        found at time       4.39
