Parameter-settings: 

--inputfile          instances/eil51-thop/eil51_10_bsc_10_02.thop
--outputfile         solutions/acothop/eil51-thop/eil51_10_bsc_10_02_04.thop.sol
--tries              1
--tours              0
--ptries             1
--time               49.00
--seed               547617
--optimum            1
--ants               196
--nnants             20
--alpha              1.24
--beta               5.46
--rho                0.51
--q0                 0.00
--elitistants        0
--rasranks           0
--localsearch        0
--nnls               20
--dlb                1
--as                 0
--eas                0
--ras                0
--mmas               1
--bwas               0
--acs                0


begin try 0 
best     268005,        iteration:          1,        time       0.08
best     298949,        iteration:          2,        time       0.16
best     299757,        iteration:          3,        time       0.24
best     313985,        iteration:          4,        time       0.31
best     323316,        iteration:          6,        time       0.47
best     328873,        iteration:          7,        time       0.55
best     345568,        iteration:          8,        time       0.63
best     360124,        iteration:         10,        time       0.79
best     360683,        iteration:         13,        time       1.04
best     360741,        iteration:         54,        time       4.39
best     365983,        iteration:         56,        time       4.56
best     368368,        iteration:         61,        time       4.97
best     370249,        iteration:         68,        time       5.54
best     378267,        iteration:         75,        time       6.12
best     379002,        iteration:         80,        time       6.53
best     379714,        iteration:         93,        time       7.59
best     379984,        iteration:         96,        time       7.84
best     387688,        iteration:        105,        time       8.59
end try 0 


try          0,        best     387688,        found at iteration        105,        found at time       8.59
