Parameter-settings: 

--inputfile          instances/eil51-thop/eil51_01_usw_05_01.thop
--outputfile         solutions/acothop/eil51-thop/eil51_01_usw_05_01_08.thop.sol
--tries              1
--tours              0
--ptries             1
--time               5.00
--seed               858990
--optimum            1
--ants               196
--nnants             20
--alpha              1.24
--beta               5.46
--rho                0.51
--q0                 0.00
--elitistants        0
--rasranks           0
--localsearch        0
--nnls               20
--dlb                1
--as                 0
--eas                0
--ras                0
--mmas               1
--bwas               0
--acs                0


begin try 0 
best       8068,        iteration:          1,        time       0.01
best       8413,        iteration:          2,        time       0.02
best       8552,        iteration:          3,        time       0.02
best       8564,        iteration:          4,        time       0.03
best       8840,        iteration:         15,        time       0.11
best       9222,        iteration:         23,        time       0.17
best       9237,        iteration:         29,        time       0.21
best       9399,        iteration:         47,        time       0.35
best       9449,        iteration:         51,        time       0.38
best       9590,        iteration:         58,        time       0.43
best       9924,        iteration:         90,        time       0.65
best      10263,        iteration:        152,        time       1.10
end try 0 


try          0,        best      10263,        found at iteration        152,        found at time       1.10
