Parameter-settings: 

--inputfile          instances/eil51-thop/eil51_05_bsc_05_02.thop
--outputfile         solutions/acothop/eil51-thop/eil51_05_bsc_05_02_00.thop.sol
--tries              1
--tours              0
--ptries             1
--time               25.00
--seed               269070
--optimum            1
--ants               196
--nnants             20
--alpha              1.24
--beta               5.46
--rho                0.51
--q0                 0.00
--elitistants        0
--rasranks           0
--localsearch        0
--nnls               20
--dlb                1
--as                 0
--eas                0
--ras                0
--mmas               1
--bwas               0
--acs                0


begin try 0 
best     108958,        iteration:          1,        time       0.03
best     117382,        iteration:          4,        time       0.14
best     121424,        iteration:          5,        time       0.17
best     121453,        iteration:          8,        time       0.28
best     121670,        iteration:         13,        time       0.47
best     125933,        iteration:         16,        time       0.58
best     129975,        iteration:         17,        time       0.62
best     132430,        iteration:         19,        time       0.69
best     132692,        iteration:         20,        time       0.73
best     136219,        iteration:        510,        time      19.05
best     136242,        iteration:        522,        time      19.48
best     137070,        iteration:        525,        time      19.60
end try 0 


try          0,        best     137070,        found at iteration        525,        found at time      19.60
