Parameter-settings: 

--inputfile          instances/eil51-thop/eil51_05_usw_05_03.thop
--outputfile         solutions/acothop/eil51-thop/eil51_05_usw_05_03_08.thop.sol
--tries              1
--tours              0
--ptries             1
--time               25.00
--seed               858990
--optimum            1
--ants               196
--nnants             20
--alpha              1.24
--beta               5.46
--rho                0.51
--q0                 0.00
--elitistants        0
--rasranks           0
--localsearch        0
--nnls               20
--dlb                1
--as                 0
--eas                0
--ras                0
--mmas               1
--bwas               0
--acs                0


begin try 0 
best      63782,        iteration:          1,        time       0.03
best      64184,        iteration:          3,        time       0.10
best      66459,        iteration:          4,        time       0.14
best      69504,        iteration:          5,        time       0.18
best      69877,        iteration:          8,        time       0.29
best      70442,        iteration:          9,        time       0.32
best      70946,        iteration:         10,        time       0.36
best      71083,        iteration:         14,        time       0.50
best      71098,        iteration:         15,        time       0.54
best      71382,        iteration:         17,        time       0.61
best      71685,        iteration:         22,        time       0.79
best      72109,        iteration:         49,        time       1.76
best      72279,        iteration:         50,        time       1.79
best      72286,        iteration:         70,        time       2.51
best      72523,        iteration:         79,        time       2.84
best      72648,        iteration:         95,        time       3.39
best      73370,        iteration:         96,        time       3.43
best      73421,        iteration:        107,        time       3.84
best      74580,        iteration:        525,        time      19.24
best      74661,        iteration:        569,        time      20.79
best      74750,        iteration:        570,        time      20.83
end try 0 


try          0,        best      74750,        found at iteration        570,        found at time      20.83
