Parameter-settings: 

--inputfile          instances/eil51-thop/eil51_05_bsc_05_03.thop
--outputfile         solutions/acothop/eil51-thop/eil51_05_bsc_05_03_05.thop.sol
--tries              1
--tours              0
--ptries             1
--time               25.00
--seed               642580
--optimum            1
--ants               196
--nnants             20
--alpha              1.24
--beta               5.46
--rho                0.51
--q0                 0.00
--elitistants        0
--rasranks           0
--localsearch        0
--nnls               20
--dlb                1
--as                 0
--eas                0
--ras                0
--mmas               1
--bwas               0
--acs                0


begin try 0 
best     115725,        iteration:          1,        time       0.04
best     119564,        iteration:          2,        time       0.08
best     122313,        iteration:          3,        time       0.12
best     131233,        iteration:          4,        time       0.16
best     138328,        iteration:          5,        time       0.19
best     138346,        iteration:          6,        time       0.23
best     138908,        iteration:        187,        time       6.66
best     138955,        iteration:        201,        time       7.18
end try 0 


try          0,        best     138955,        found at iteration        201,        found at time       7.18
