Parameter-settings: 

--inputfile          instances/eil51-thop/eil51_05_unc_05_02.thop
--outputfile         solutions/acothop/eil51-thop/eil51_05_unc_05_02_07.thop.sol
--tries              1
--tours              0
--ptries             1
--time               25.00
--seed               462018
--optimum            1
--ants               196
--nnants             20
--alpha              1.24
--beta               5.46
--rho                0.51
--q0                 0.00
--elitistants        0
--rasranks           0
--localsearch        0
--nnls               20
--dlb                1
--as                 0
--eas                0
--ras                0
--mmas               1
--bwas               0
--acs                0


begin try 0 
best      41174,        iteration:          1,        time       0.04
best      45515,        iteration:          2,        time       0.07
best      45991,        iteration:          3,        time       0.11
best      49885,        iteration:          4,        time       0.15
best      52092,        iteration:          5,        time       0.19
best      53640,        iteration:          6,        time       0.22
best      55471,        iteration:          7,        time       0.26
best      55713,        iteration:         15,        time       0.57
best      55763,        iteration:         16,        time       0.61
best      55815,        iteration:         21,        time       0.81
best      55904,        iteration:         24,        time       0.92
best      59404,        iteration:        619,        time      23.78
best      60544,        iteration:        620,        time      23.82
best      60916,        iteration:        623,        time      23.93
end try 0 


try          0,        best      60916,        found at iteration        623,        found at time      23.93
