Parameter-settings: 

--inputfile          instances/eil51-thop/eil51_03_usw_01_01.thop
--outputfile         solutions/acothop/eil51-thop/eil51_03_usw_01_01_00.thop.sol
--tries              1
--tours              0
--ptries             1
--time               15.00
--seed               269070
--optimum            1
--ants               196
--nnants             20
--alpha              1.24
--beta               5.46
--rho                0.51
--q0                 0.00
--elitistants        0
--rasranks           0
--localsearch        0
--nnls               20
--dlb                1
--as                 0
--eas                0
--ras                0
--mmas               1
--bwas               0
--acs                0


begin try 0 
best       6892,        iteration:          1,        time       0.01
best       7104,        iteration:          2,        time       0.03
best       7376,        iteration:          3,        time       0.05
best       7817,        iteration:          5,        time       0.08
best       7904,        iteration:          6,        time       0.09
best       8113,        iteration:          7,        time       0.11
best       8216,        iteration:         85,        time       1.46
best       8314,        iteration:        119,        time       1.97
best       9056,        iteration:        506,        time       8.26
best       9203,        iteration:        507,        time       8.27
end try 0 


try          0,        best       9203,        found at iteration        507,        found at time       8.27
