Parameter-settings: 

--inputfile          instances/eil51-thop/eil51_03_bsc_05_01.thop
--outputfile         solutions/acothop/eil51-thop/eil51_03_bsc_05_01_06.thop.sol
--tries              1
--tours              0
--ptries             1
--time               15.00
--seed               73456
--optimum            1
--ants               196
--nnants             20
--alpha              1.24
--beta               5.46
--rho                0.51
--q0                 0.00
--elitistants        0
--rasranks           0
--localsearch        0
--nnls               20
--dlb                1
--as                 0
--eas                0
--ras                0
--mmas               1
--bwas               0
--acs                0


begin try 0 
best      41912,        iteration:          1,        time       0.02
best      45522,        iteration:          2,        time       0.04
best      49222,        iteration:          4,        time       0.08
best      49931,        iteration:          5,        time       0.10
best      52511,        iteration:          6,        time       0.12
best      53432,        iteration:          7,        time       0.14
best      54268,        iteration:          8,        time       0.16
best      56009,        iteration:         20,        time       0.41
best      56050,        iteration:         95,        time       1.92
best      57089,        iteration:        101,        time       2.05
best      57587,        iteration:        107,        time       2.17
best      59630,        iteration:        125,        time       2.54
best      60702,        iteration:        358,        time       7.31
end try 0 


try          0,        best      60702,        found at iteration        358,        found at time       7.31
