Parameter-settings: 

--inputfile          instances/eil51-thop/eil51_05_bsc_01_03.thop
--outputfile         solutions/acothop/eil51-thop/eil51_05_bsc_01_03_00.thop.sol
--tries              1
--tours              0
--ptries             1
--time               25.00
--seed               269070
--optimum            1
--ants               196
--nnants             20
--alpha              1.24
--beta               5.46
--rho                0.51
--q0                 0.00
--elitistants        0
--rasranks           0
--localsearch        0
--nnls               20
--dlb                1
--as                 0
--eas                0
--ras                0
--mmas               1
--bwas               0
--acs                0


begin try 0 
best      29629,        iteration:          1,        time       0.03
best      29644,        iteration:          3,        time       0.10
best      31319,        iteration:          4,        time       0.13
best      31334,        iteration:          7,        time       0.21
best      31413,        iteration:         24,        time       0.67
best      32056,        iteration:        109,        time       2.95
best      32152,        iteration:        111,        time       3.00
best      32964,        iteration:        112,        time       3.03
best      33027,        iteration:        177,        time       4.61
best      33044,        iteration:        279,        time       7.10
best      33156,        iteration:        511,        time      12.78
best      33162,        iteration:        606,        time      15.13
best      33337,        iteration:        630,        time      15.72
end try 0 


try          0,        best      33337,        found at iteration        630,        found at time      15.72
