Parameter-settings: 

--inputfile          instances/eil51-thop/eil51_03_unc_01_01.thop
--outputfile         solutions/acothop/eil51-thop/eil51_03_unc_01_01_05.thop.sol
--tries              1
--tours              0
--ptries             1
--time               15.00
--seed               642580
--optimum            1
--ants               196
--nnants             20
--alpha              1.24
--beta               5.46
--rho                0.51
--q0                 0.00
--elitistants        0
--rasranks           0
--localsearch        0
--nnls               20
--dlb                1
--as                 0
--eas                0
--ras                0
--mmas               1
--bwas               0
--acs                0


begin try 0 
best      11762,        iteration:          1,        time       0.02
best      12604,        iteration:          2,        time       0.04
best      12983,        iteration:          6,        time       0.12
best      13351,        iteration:          7,        time       0.13
best      13987,        iteration:         22,        time       0.40
best      14181,        iteration:         63,        time       1.07
best      14341,        iteration:        112,        time       1.95
best      14690,        iteration:        142,        time       2.49
best      14857,        iteration:        144,        time       2.52
best      14948,        iteration:        145,        time       2.53
best      15062,        iteration:        146,        time       2.55
best      15438,        iteration:        357,        time       5.96
end try 0 


try          0,        best      15438,        found at iteration        357,        found at time       5.96
