Parameter-settings: 

--inputfile          instances/eil51-thop/eil51_10_unc_05_01.thop
--outputfile         solutions/acothop/eil51-thop/eil51_10_unc_05_01_04.thop.sol
--tries              1
--tours              0
--ptries             1
--time               49.00
--seed               547617
--optimum            1
--ants               196
--nnants             20
--alpha              1.24
--beta               5.46
--rho                0.51
--q0                 0.00
--elitistants        0
--rasranks           0
--localsearch        0
--nnls               20
--dlb                1
--as                 0
--eas                0
--ras                0
--mmas               1
--bwas               0
--acs                0


begin try 0 
best      70647,        iteration:          1,        time       0.06
best      78223,        iteration:          3,        time       0.19
best      87084,        iteration:          5,        time       0.31
best      92420,        iteration:          6,        time       0.38
best      97275,        iteration:          7,        time       0.44
best      97294,        iteration:          9,        time       0.58
best      97653,        iteration:         13,        time       0.85
best      97966,        iteration:         15,        time       1.00
best      98436,        iteration:         17,        time       1.14
best      98588,        iteration:         30,        time       2.05
best      98769,        iteration:        287,        time      19.91
end try 0 


try          0,        best      98769,        found at iteration        287,        found at time      19.91
