Parameter-settings: 

--inputfile          instances/eil51-thop/eil51_05_usw_05_02.thop
--outputfile         solutions/acothop/eil51-thop/eil51_05_usw_05_02_01.thop.sol
--tries              1
--tours              0
--ptries             1
--time               25.00
--seed               99470
--optimum            1
--ants               196
--nnants             20
--alpha              1.24
--beta               5.46
--rho                0.51
--q0                 0.00
--elitistants        0
--rasranks           0
--localsearch        0
--nnls               20
--dlb                1
--as                 0
--eas                0
--ras                0
--mmas               1
--bwas               0
--acs                0


begin try 0 
best      52127,        iteration:          1,        time       0.04
best      55029,        iteration:          2,        time       0.07
best      58114,        iteration:          3,        time       0.11
best      58626,        iteration:          4,        time       0.14
best      59569,        iteration:          5,        time       0.18
best      60076,        iteration:          6,        time       0.22
best      60473,        iteration:          7,        time       0.25
best      60499,        iteration:          8,        time       0.29
best      60797,        iteration:         10,        time       0.36
best      61122,        iteration:         11,        time       0.40
best      62390,        iteration:         16,        time       0.58
best      62599,        iteration:         17,        time       0.61
best      62980,        iteration:         18,        time       0.65
best      63369,        iteration:         19,        time       0.69
best      63591,        iteration:        313,        time      11.47
best      63867,        iteration:        321,        time      11.76
best      64207,        iteration:        322,        time      11.80
best      64221,        iteration:        336,        time      12.32
best      64262,        iteration:        340,        time      12.47
best      64478,        iteration:        341,        time      12.51
end try 0 


try          0,        best      64478,        found at iteration        341,        found at time      12.51
