Parameter-settings: 

--inputfile          instances/eil51-thop/eil51_03_unc_05_03.thop
--outputfile         solutions/acothop/eil51-thop/eil51_03_unc_05_03_00.thop.sol
--tries              1
--tours              0
--ptries             1
--time               15.00
--seed               269070
--optimum            1
--ants               196
--nnants             20
--alpha              1.24
--beta               5.46
--rho                0.51
--q0                 0.00
--elitistants        0
--rasranks           0
--localsearch        0
--nnls               20
--dlb                1
--as                 0
--eas                0
--ras                0
--mmas               1
--bwas               0
--acs                0


begin try 0 
best      36899,        iteration:          1,        time       0.02
best      37320,        iteration:          2,        time       0.05
best      37446,        iteration:          3,        time       0.07
best      41171,        iteration:          4,        time       0.10
best      43893,        iteration:          5,        time       0.12
best      44454,        iteration:          6,        time       0.14
best      44469,        iteration:        556,        time      13.31
best      44575,        iteration:        558,        time      13.35
end try 0 


try          0,        best      44575,        found at iteration        558,        found at time      13.35
