Parameter-settings: 

--inputfile          instances/eil51-thop/eil51_03_bsc_01_02.thop
--outputfile         solutions/acothop/eil51-thop/eil51_03_bsc_01_02_05.thop.sol
--tries              1
--tours              0
--ptries             1
--time               15.00
--seed               642580
--optimum            1
--ants               196
--nnants             20
--alpha              1.24
--beta               5.46
--rho                0.51
--q0                 0.00
--elitistants        0
--rasranks           0
--localsearch        0
--nnls               20
--dlb                1
--as                 0
--eas                0
--ras                0
--mmas               1
--bwas               0
--acs                0


begin try 0 
best      15218,        iteration:          1,        time       0.02
best      15668,        iteration:          2,        time       0.04
best      15679,        iteration:          3,        time       0.06
best      15822,        iteration:          5,        time       0.10
best      16392,        iteration:          6,        time       0.12
best      16439,        iteration:          7,        time       0.13
best      17047,        iteration:          8,        time       0.15
best      17140,        iteration:         12,        time       0.22
best      17395,        iteration:         38,        time       0.65
best      17410,        iteration:         41,        time       0.70
best      17488,        iteration:         71,        time       1.22
best      17701,        iteration:        143,        time       2.45
end try 0 


try          0,        best      17701,        found at iteration        143,        found at time       2.45
