Parameter-settings: 

--inputfile          instances/eil51-thop/eil51_03_unc_01_02.thop
--outputfile         solutions/acothop/eil51-thop/eil51_03_unc_01_02_08.thop.sol
--tries              1
--tours              0
--ptries             1
--time               15.00
--seed               858990
--optimum            1
--ants               196
--nnants             20
--alpha              1.24
--beta               5.46
--rho                0.51
--q0                 0.00
--elitistants        0
--rasranks           0
--localsearch        0
--nnls               20
--dlb                1
--as                 0
--eas                0
--ras                0
--mmas               1
--bwas               0
--acs                0


begin try 0 
best      16041,        iteration:          1,        time       0.02
best      16579,        iteration:          3,        time       0.06
best      16686,        iteration:          4,        time       0.08
best      17516,        iteration:          6,        time       0.12
best      17961,        iteration:          7,        time       0.14
best      18763,        iteration:         13,        time       0.26
best      18805,        iteration:         41,        time       0.81
best      18866,        iteration:        119,        time       2.37
best      18912,        iteration:        205,        time       4.08
best      19177,        iteration:        230,        time       4.57
end try 0 


try          0,        best      19177,        found at iteration        230,        found at time       4.57
