Parameter-settings: 

--inputfile          instances/eil51-thop/eil51_03_usw_05_03.thop
--outputfile         solutions/acothop/eil51-thop/eil51_03_usw_05_03_06.thop.sol
--tries              1
--tours              0
--ptries             1
--time               15.00
--seed               73456
--optimum            1
--ants               196
--nnants             20
--alpha              1.24
--beta               5.46
--rho                0.51
--q0                 0.00
--elitistants        0
--rasranks           0
--localsearch        0
--nnls               20
--dlb                1
--as                 0
--eas                0
--ras                0
--mmas               1
--bwas               0
--acs                0


begin try 0 
best      37760,        iteration:          1,        time       0.02
best      38835,        iteration:          2,        time       0.05
best      39779,        iteration:          4,        time       0.09
best      41567,        iteration:          6,        time       0.14
best      41759,        iteration:          7,        time       0.16
best      41817,        iteration:          8,        time       0.18
best      42181,        iteration:         10,        time       0.23
best      42298,        iteration:         12,        time       0.28
best      42321,        iteration:         13,        time       0.30
best      42966,        iteration:         16,        time       0.37
best      42983,        iteration:         17,        time       0.39
best      43107,        iteration:         38,        time       0.86
best      43389,        iteration:         40,        time       0.90
best      43808,        iteration:         41,        time       0.93
best      44102,        iteration:         42,        time       0.95
best      44502,        iteration:         76,        time       1.68
best      44683,        iteration:         77,        time       1.70
best      44802,        iteration:         86,        time       1.89
best      44879,        iteration:        593,        time      12.71
best      45065,        iteration:        608,        time      13.04
best      45463,        iteration:        609,        time      13.06
end try 0 


try          0,        best      45463,        found at iteration        609,        found at time      13.06
