Parameter-settings: 

--inputfile          instances/eil51-thop/eil51_03_bsc_10_03.thop
--outputfile         solutions/acothop/eil51-thop/eil51_03_bsc_10_03_08.thop.sol
--tries              1
--tours              0
--ptries             1
--time               15.00
--seed               858990
--optimum            1
--ants               196
--nnants             20
--alpha              1.24
--beta               5.46
--rho                0.51
--q0                 0.00
--elitistants        0
--rasranks           0
--localsearch        0
--nnls               20
--dlb                1
--as                 0
--eas                0
--ras                0
--mmas               1
--bwas               0
--acs                0


begin try 0 
best     109615,        iteration:          1,        time       0.02
best     111503,        iteration:          3,        time       0.07
best     117765,        iteration:          4,        time       0.10
best     124101,        iteration:          5,        time       0.12
best     125146,        iteration:          6,        time       0.15
best     125263,        iteration:         10,        time       0.25
best     125562,        iteration:         71,        time       1.73
best     126633,        iteration:         72,        time       1.75
best     126688,        iteration:         77,        time       1.88
best     126945,        iteration:         81,        time       1.98
best     127036,        iteration:        213,        time       5.17
best     127370,        iteration:        215,        time       5.22
best     127731,        iteration:        217,        time       5.27
best     128128,        iteration:        219,        time       5.32
best     129698,        iteration:        220,        time       5.34
best     130203,        iteration:        506,        time      12.31
best     132321,        iteration:        510,        time      12.41
end try 0 


try          0,        best     132321,        found at iteration        510,        found at time      12.41
