Parameter-settings: 

--inputfile          instances/eil51-thop/eil51_05_bsc_01_03.thop
--outputfile         solutions/acothop/eil51-thop/eil51_05_bsc_01_03_03.thop.sol
--tries              1
--tours              0
--ptries             1
--time               25.00
--seed               644764
--optimum            1
--ants               196
--nnants             20
--alpha              1.24
--beta               5.46
--rho                0.51
--q0                 0.00
--elitistants        0
--rasranks           0
--localsearch        0
--nnls               20
--dlb                1
--as                 0
--eas                0
--ras                0
--mmas               1
--bwas               0
--acs                0


begin try 0 
best      29358,        iteration:          1,        time       0.03
best      29424,        iteration:          2,        time       0.06
best      29878,        iteration:          3,        time       0.10
best      30431,        iteration:          4,        time       0.13
best      31348,        iteration:          7,        time       0.22
best      31367,        iteration:          8,        time       0.24
best      31464,        iteration:          9,        time       0.27
best      32343,        iteration:         11,        time       0.33
best      32709,        iteration:         12,        time       0.35
best      33265,        iteration:         13,        time       0.38
best      33530,        iteration:        288,        time       7.22
best      33542,        iteration:        836,        time      21.29
end try 0 


try          0,        best      33542,        found at iteration        836,        found at time      21.29
