Parameter-settings: 

--inputfile          instances/a280-thop/a280_03_bsc_01_03.thop
--outputfile         solutions/acothop/a280-thop/a280_03_bsc_01_03_01.thop.sol
--tries              1
--tours              0
--ptries             1
--time               84.00
--seed               99470
--optimum            1
--ants               196
--nnants             20
--alpha              1.24
--beta               5.46
--rho                0.51
--q0                 0.00
--elitistants        0
--rasranks           0
--localsearch        0
--nnls               20
--dlb                1
--as                 0
--eas                0
--ras                0
--mmas               1
--bwas               0
--acs                0


begin try 0 
best      95228,        iteration:          1,        time       0.25
best      99028,        iteration:          2,        time       0.50
best     100730,        iteration:          5,        time       1.27
best     102416,        iteration:          6,        time       1.52
best     102417,        iteration:          9,        time       2.14
best     103241,        iteration:         11,        time       2.53
best     103806,        iteration:         12,        time       2.72
best     104833,        iteration:         13,        time       2.90
best     104983,        iteration:         24,        time       4.79
best     105058,        iteration:         28,        time       5.43
best     105175,        iteration:         54,        time       9.60
best     105563,        iteration:         78,        time      13.44
best     106395,        iteration:         79,        time      13.59
best     106403,        iteration:        121,        time      20.34
best     106510,        iteration:        143,        time      23.76
best     106520,        iteration:        155,        time      25.64
best     106862,        iteration:        165,        time      27.14
best     107015,        iteration:        316,        time      50.83
best     107171,        iteration:        318,        time      51.14
best     107446,        iteration:        390,        time      62.49
best     107617,        iteration:        393,        time      62.98
best     107654,        iteration:        397,        time      63.62
best     107673,        iteration:        422,        time      67.67
best     107830,        iteration:        435,        time      69.73
best     108175,        iteration:        447,        time      71.68
best     108199,        iteration:        455,        time      72.93
best     108336,        iteration:        457,        time      73.25
best     108362,        iteration:        465,        time      74.48
best     108422,        iteration:        471,        time      75.33
best     108539,        iteration:        523,        time      83.47
end try 0 


try          0,        best     108539,        found at iteration        523,        found at time      83.47
