Parameter-settings: 

--inputfile          instances/a280-thop/a280_03_unc_05_01.thop
--outputfile         solutions/acothop/a280-thop/a280_03_unc_05_01_02.thop.sol
--tries              1
--tours              0
--ptries             1
--time               84.00
--seed               126489
--optimum            1
--ants               196
--nnants             20
--alpha              1.24
--beta               5.46
--rho                0.51
--q0                 0.00
--elitistants        0
--rasranks           0
--localsearch        0
--nnls               20
--dlb                1
--as                 0
--eas                0
--ras                0
--mmas               1
--bwas               0
--acs                0


begin try 0 
best     110600,        iteration:          1,        time       0.26
best     114936,        iteration:          2,        time       0.52
best     122930,        iteration:          3,        time       0.78
best     127129,        iteration:          6,        time       1.55
best     127960,        iteration:          7,        time       1.82
best     128455,        iteration:         10,        time       2.58
best     130177,        iteration:         12,        time       3.12
best     130835,        iteration:         13,        time       3.41
best     132527,        iteration:         91,        time      25.21
best     132882,        iteration:         93,        time      25.78
best     135408,        iteration:         96,        time      26.62
best     135678,        iteration:         99,        time      27.45
best     135741,        iteration:        128,        time      35.44
best     135782,        iteration:        169,        time      46.96
best     135942,        iteration:        192,        time      53.28
best     140031,        iteration:        221,        time      61.32
end try 0 


try          0,        best     140031,        found at iteration        221,        found at time      61.32
