Parameter-settings: 

--inputfile          instances/a280-thop/a280_01_unc_05_01.thop
--outputfile         solutions/acothop/a280-thop/a280_01_unc_05_01_00.thop.sol
--tries              1
--tours              0
--ptries             1
--time               28.00
--seed               269070
--optimum            1
--ants               196
--nnants             20
--alpha              1.24
--beta               5.46
--rho                0.51
--q0                 0.00
--elitistants        0
--rasranks           0
--localsearch        0
--nnls               20
--dlb                1
--as                 0
--eas                0
--ras                0
--mmas               1
--bwas               0
--acs                0


begin try 0 
best      36033,        iteration:          1,        time       0.09
best      39011,        iteration:          2,        time       0.19
best      44115,        iteration:          4,        time       0.37
best      44724,        iteration:          5,        time       0.47
best      45892,        iteration:          6,        time       0.56
best      48375,        iteration:          8,        time       0.75
best      50080,        iteration:         10,        time       0.93
best      52113,        iteration:        164,        time      15.20
best      52666,        iteration:        165,        time      15.29
best      53065,        iteration:        166,        time      15.39
best      53441,        iteration:        219,        time      20.38
end try 0 


try          0,        best      53441,        found at iteration        219,        found at time      20.38
