Parameter-settings: 

--inputfile          instances/a280-thop/a280_03_usw_10_02.thop
--outputfile         solutions/acothop/a280-thop/a280_03_usw_10_02_03.thop.sol
--tries              1
--tours              0
--ptries             1
--time               84.00
--seed               644764
--optimum            1
--ants               196
--nnants             20
--alpha              1.24
--beta               5.46
--rho                0.51
--q0                 0.00
--elitistants        0
--rasranks           0
--localsearch        0
--nnls               20
--dlb                1
--as                 0
--eas                0
--ras                0
--mmas               1
--bwas               0
--acs                0


begin try 0 
best     240261,        iteration:          5,        time       1.72
best     248941,        iteration:          6,        time       2.08
best     253105,        iteration:          9,        time       3.15
best     254495,        iteration:         10,        time       3.51
best     255946,        iteration:         11,        time       3.88
best     256494,        iteration:         12,        time       4.26
best     256728,        iteration:         13,        time       4.63
best     257483,        iteration:         18,        time       6.51
best     257527,        iteration:         26,        time       9.54
best     258435,        iteration:         27,        time       9.92
best     258850,        iteration:         28,        time      10.31
best     262191,        iteration:         32,        time      11.83
best     262673,        iteration:         34,        time      12.58
best     262675,        iteration:         36,        time      13.32
best     263091,        iteration:         39,        time      14.46
best     263219,        iteration:         41,        time      15.22
best     263540,        iteration:        126,        time      47.69
best     263787,        iteration:        201,        time      76.45
best     265659,        iteration:        202,        time      76.84
best     265873,        iteration:        208,        time      79.18
end try 0 


try          0,        best     265873,        found at iteration        208,        found at time      79.18
