Parameter-settings: 

--inputfile          instances/a280-thop/a280_01_usw_10_03.thop
--outputfile         solutions/acothop/a280-thop/a280_01_usw_10_03_09.thop.sol
--tries              1
--tours              0
--ptries             1
--time               28.00
--seed               756112
--optimum            1
--ants               196
--nnants             20
--alpha              1.24
--beta               5.46
--rho                0.51
--q0                 0.00
--elitistants        0
--rasranks           0
--localsearch        0
--nnls               20
--dlb                1
--as                 0
--eas                0
--ras                0
--mmas               1
--bwas               0
--acs                0


begin try 0 
best     110915,        iteration:          1,        time       0.13
best     113275,        iteration:          2,        time       0.25
best     114781,        iteration:          3,        time       0.38
best     115735,        iteration:          4,        time       0.51
best     117813,        iteration:          5,        time       0.64
best     118968,        iteration:          6,        time       0.76
best     120010,        iteration:          7,        time       0.89
best     122248,        iteration:          8,        time       1.02
best     123783,        iteration:          9,        time       1.14
best     124083,        iteration:         10,        time       1.26
best     124186,        iteration:         52,        time       6.25
best     124397,        iteration:         54,        time       6.49
best     124474,        iteration:        173,        time      20.77
end try 0 


try          0,        best     124474,        found at iteration        173,        found at time      20.77
