Parameter-settings: 

--inputfile          instances/a280-thop/a280_03_usw_05_02.thop
--outputfile         solutions/acothop/a280-thop/a280_03_usw_05_02_05.thop.sol
--tries              1
--tours              0
--ptries             1
--time               84.00
--seed               642580
--optimum            1
--ants               196
--nnants             20
--alpha              1.24
--beta               5.46
--rho                0.51
--q0                 0.00
--elitistants        0
--rasranks           0
--localsearch        0
--nnls               20
--dlb                1
--as                 0
--eas                0
--ras                0
--mmas               1
--bwas               0
--acs                0


begin try 0 
best     181514,        iteration:          1,        time       0.33
best     185412,        iteration:          2,        time       0.66
best     190141,        iteration:          3,        time       0.97
best     202466,        iteration:          9,        time       2.94
best     203528,        iteration:         11,        time       3.61
best     205683,        iteration:         12,        time       3.95
best     205716,        iteration:         13,        time       4.30
best     205753,        iteration:         14,        time       4.64
best     207061,        iteration:         15,        time       4.99
best     207139,        iteration:         22,        time       7.42
best     207328,        iteration:         30,        time      10.19
best     209317,        iteration:         31,        time      10.54
best     209433,        iteration:         36,        time      12.28
best     209706,        iteration:         37,        time      12.61
best     209789,        iteration:         38,        time      12.94
best     210042,        iteration:         39,        time      13.27
best     210926,        iteration:         47,        time      16.06
best     211136,        iteration:        174,        time      60.54
best     211565,        iteration:        175,        time      60.90
best     211752,        iteration:        200,        time      69.73
end try 0 


try          0,        best     211752,        found at iteration        200,        found at time      69.73
