Parameter-settings: 

--inputfile          instances/a280-thop/a280_05_usw_10_01.thop
--outputfile         solutions/acothop/a280-thop/a280_05_usw_10_01_00.thop.sol
--tries              1
--tours              0
--ptries             1
--time               139.00
--seed               269070
--optimum            1
--ants               196
--nnants             20
--alpha              1.24
--beta               5.46
--rho                0.51
--q0                 0.00
--elitistants        0
--rasranks           0
--localsearch        0
--nnls               20
--dlb                1
--as                 0
--eas                0
--ras                0
--mmas               1
--bwas               0
--acs                0


begin try 0 
best     315136,        iteration:          3,        time       1.49
best     318159,        iteration:          6,        time       3.01
best     320492,        iteration:          8,        time       4.05
best     322103,        iteration:          9,        time       4.58
best     341316,        iteration:         10,        time       5.10
best     342433,        iteration:         11,        time       5.65
best     343673,        iteration:         12,        time       6.20
best     343905,        iteration:         14,        time       7.30
best     344086,        iteration:         37,        time      19.98
best     349841,        iteration:         42,        time      22.75
best     350797,        iteration:         43,        time      23.31
best     351115,        iteration:         50,        time      27.22
best     354109,        iteration:        123,        time      67.93
best     354548,        iteration:        124,        time      68.50
best     355314,        iteration:        180,        time      99.81
best     356970,        iteration:        224,        time     124.61
best     357292,        iteration:        225,        time     125.17
best     359110,        iteration:        226,        time     125.72
best     359327,        iteration:        227,        time     126.29
best     359556,        iteration:        230,        time     127.98
best     361167,        iteration:        231,        time     128.54
best     361537,        iteration:        235,        time     130.80
end try 0 


try          0,        best     361537,        found at iteration        235,        found at time     130.80
