Parameter-settings: 

--inputfile          instances/a280-thop/a280_01_unc_01_02.thop
--outputfile         solutions/acothop/a280-thop/a280_01_unc_01_02_02.thop.sol
--tries              1
--tours              0
--ptries             1
--time               28.00
--seed               126489
--optimum            1
--ants               196
--nnants             20
--alpha              1.24
--beta               5.46
--rho                0.51
--q0                 0.00
--elitistants        0
--rasranks           0
--localsearch        0
--nnls               20
--dlb                1
--as                 0
--eas                0
--ras                0
--mmas               1
--bwas               0
--acs                0


begin try 0 
best      30460,        iteration:          1,        time       0.09
best      33131,        iteration:          2,        time       0.18
best      34553,        iteration:          4,        time       0.35
best      35501,        iteration:          5,        time       0.44
best      35735,        iteration:          7,        time       0.61
best      35935,        iteration:          8,        time       0.70
best      36239,        iteration:          9,        time       0.78
best      36308,        iteration:         10,        time       0.87
best      36389,        iteration:         11,        time       0.95
best      36500,        iteration:         15,        time       1.29
best      36642,        iteration:         17,        time       1.46
best      36729,        iteration:         24,        time       2.07
best      36800,        iteration:        101,        time       8.72
best      37238,        iteration:        102,        time       8.80
best      37398,        iteration:        104,        time       8.97
best      37419,        iteration:        118,        time      10.16
best      37562,        iteration:        161,        time      13.90
best      37601,        iteration:        179,        time      15.42
best      37622,        iteration:        186,        time      16.03
end try 0 


try          0,        best      37622,        found at iteration        186,        found at time      16.03
