Parameter-settings: 

--inputfile          instances/a280-thop/a280_05_usw_05_03.thop
--outputfile         solutions/acothop/a280-thop/a280_05_usw_05_03_09.thop.sol
--tries              1
--tours              0
--ptries             1
--time               139.00
--seed               756112
--optimum            1
--ants               196
--nnants             20
--alpha              1.24
--beta               5.46
--rho                0.51
--q0                 0.00
--elitistants        0
--rasranks           0
--localsearch        0
--nnls               20
--dlb                1
--as                 0
--eas                0
--ras                0
--mmas               1
--bwas               0
--acs                0


begin try 0 
best     358283,        iteration:          1,        time       0.61
best     363313,        iteration:          2,        time       1.25
best     365631,        iteration:          5,        time       3.18
best     377954,        iteration:          6,        time       3.83
best     384790,        iteration:          7,        time       4.49
best     391597,        iteration:          8,        time       5.15
best     392575,        iteration:         11,        time       7.10
best     395683,        iteration:         13,        time       8.38
best     396267,        iteration:         14,        time       9.02
best     401018,        iteration:         15,        time       9.65
best     401661,        iteration:         16,        time      10.30
best     403990,        iteration:         17,        time      10.95
best     404209,        iteration:         18,        time      11.61
best     404254,        iteration:         19,        time      12.23
best     404309,        iteration:         21,        time      13.43
best     404317,        iteration:         25,        time      15.95
best     405705,        iteration:         29,        time      18.52
best     405755,        iteration:         31,        time      19.76
best     406719,        iteration:         52,        time      33.13
best     406874,        iteration:         53,        time      33.75
best     407553,        iteration:         57,        time      36.31
best     407861,        iteration:         60,        time      38.17
best     408944,        iteration:         61,        time      38.81
best     409086,        iteration:         62,        time      39.43
best     409087,        iteration:         63,        time      40.04
best     409186,        iteration:         65,        time      41.27
best     410034,        iteration:         82,        time      51.78
best     410058,        iteration:         83,        time      52.41
best     410157,        iteration:         84,        time      53.03
best     410177,        iteration:         86,        time      54.27
best     410811,        iteration:         91,        time      57.34
best     410988,        iteration:         92,        time      57.99
best     411045,        iteration:         93,        time      58.61
best     411199,        iteration:         94,        time      59.22
best     411674,        iteration:         96,        time      60.47
best     411868,        iteration:        113,        time      70.84
best     412676,        iteration:        114,        time      71.45
best     412799,        iteration:        128,        time      80.12
best     413454,        iteration:        129,        time      80.74
best     413545,        iteration:        134,        time      83.77
best     413701,        iteration:        156,        time      97.19
best     413956,        iteration:        157,        time      97.82
best     415288,        iteration:        158,        time      98.41
best     415326,        iteration:        162,        time     100.88
best     415339,        iteration:        193,        time     119.81
best     416271,        iteration:        210,        time     130.07
best     416286,        iteration:        213,        time     131.89
end try 0 


try          0,        best     416286,        found at iteration        213,        found at time     131.89
