Parameter-settings: 

--inputfile          instances/a280-thop/a280_01_usw_05_01.thop
--outputfile         solutions/acothop/a280-thop/a280_01_usw_05_01_07.thop.sol
--tries              1
--tours              0
--ptries             1
--time               28.00
--seed               462018
--optimum            1
--ants               196
--nnants             20
--alpha              1.24
--beta               5.46
--rho                0.51
--q0                 0.00
--elitistants        0
--rasranks           0
--localsearch        0
--nnls               20
--dlb                1
--as                 0
--eas                0
--ras                0
--mmas               1
--bwas               0
--acs                0


begin try 0 
best      42472,        iteration:          1,        time       0.10
best      43267,        iteration:          2,        time       0.19
best      43826,        iteration:          3,        time       0.28
best      46974,        iteration:          4,        time       0.38
best      47643,        iteration:          5,        time       0.48
best      48373,        iteration:          6,        time       0.57
best      51519,        iteration:          7,        time       0.67
best      51584,        iteration:          8,        time       0.76
best      52106,        iteration:          9,        time       0.86
best      52367,        iteration:         10,        time       0.96
best      52425,        iteration:         11,        time       1.05
best      52455,        iteration:         12,        time       1.15
best      52686,        iteration:         23,        time       2.21
best      53659,        iteration:         40,        time       3.78
best      53672,        iteration:         41,        time       3.88
best      54370,        iteration:         42,        time       3.98
best      54444,        iteration:         44,        time       4.17
best      54628,        iteration:        102,        time       9.60
best      55047,        iteration:        170,        time      15.76
best      55370,        iteration:        206,        time      19.12
best      55484,        iteration:        215,        time      19.96
end try 0 


try          0,        best      55484,        found at iteration        215,        found at time      19.96
