Parameter-settings: 

--inputfile          instances/a280-thop/a280_01_bsc_05_03.thop
--outputfile         solutions/acothop/a280-thop/a280_01_bsc_05_03_00.thop.sol
--tries              1
--tours              0
--ptries             1
--time               28.00
--seed               269070
--optimum            1
--ants               196
--nnants             20
--alpha              1.24
--beta               5.46
--rho                0.51
--q0                 0.00
--elitistants        0
--rasranks           0
--localsearch        0
--nnls               20
--dlb                1
--as                 0
--eas                0
--ras                0
--mmas               1
--bwas               0
--acs                0


begin try 0 
best     145456,        iteration:          1,        time       0.11
best     147806,        iteration:          4,        time       0.46
best     150180,        iteration:          5,        time       0.58
best     152106,        iteration:          6,        time       0.69
best     152278,        iteration:          7,        time       0.80
best     152634,        iteration:          8,        time       0.91
best     153046,        iteration:         10,        time       1.13
best     153247,        iteration:         11,        time       1.24
best     153518,        iteration:         67,        time       6.93
best     153743,        iteration:         76,        time       7.83
best     153757,        iteration:         82,        time       8.41
best     154032,        iteration:         97,        time       9.85
best     154540,        iteration:         98,        time       9.95
best     155063,        iteration:        100,        time      10.14
best     155899,        iteration:        102,        time      10.37
best     156176,        iteration:        103,        time      10.46
best     156415,        iteration:        104,        time      10.56
best     157051,        iteration:        105,        time      10.65
best     157549,        iteration:        134,        time      13.31
best     157710,        iteration:        191,        time      18.56
best     158425,        iteration:        274,        time      25.97
end try 0 


try          0,        best     158425,        found at iteration        274,        found at time      25.97
