Parameter-settings: 

--inputfile          instances/a280-thop/a280_03_unc_05_01.thop
--outputfile         solutions/acothop/a280-thop/a280_03_unc_05_01_08.thop.sol
--tries              1
--tours              0
--ptries             1
--time               84.00
--seed               858990
--optimum            1
--ants               196
--nnants             20
--alpha              1.24
--beta               5.46
--rho                0.51
--q0                 0.00
--elitistants        0
--rasranks           0
--localsearch        0
--nnls               20
--dlb                1
--as                 0
--eas                0
--ras                0
--mmas               1
--bwas               0
--acs                0


begin try 0 
best     104469,        iteration:          1,        time       0.26
best     118859,        iteration:          2,        time       0.52
best     129298,        iteration:          5,        time       1.30
best     129901,        iteration:         17,        time       4.39
best     131852,        iteration:         25,        time       6.48
best     140031,        iteration:         35,        time       9.02
best     140676,        iteration:         55,        time      14.45
best     140893,        iteration:         58,        time      15.27
best     141949,        iteration:         59,        time      15.55
best     143085,        iteration:         66,        time      17.52
best     143240,        iteration:         68,        time      18.06
best     143851,        iteration:         69,        time      18.35
best     144343,        iteration:         73,        time      19.50
best     144488,        iteration:         74,        time      19.78
best     144763,        iteration:         76,        time      20.35
best     145411,        iteration:         77,        time      20.63
best     145534,        iteration:         78,        time      20.92
best     145979,        iteration:         83,        time      22.39
best     148449,        iteration:        207,        time      58.24
best     149124,        iteration:        236,        time      66.58
end try 0 


try          0,        best     149124,        found at iteration        236,        found at time      66.58
