Parameter-settings: 

--inputfile          instances/a280-thop/a280_10_bsc_01_02.thop
--outputfile         solutions/acothop/a280-thop/a280_10_bsc_01_02_03.thop.sol
--tries              1
--tours              0
--ptries             1
--time               278.00
--seed               644764
--optimum            1
--ants               196
--nnants             20
--alpha              1.24
--beta               5.46
--rho                0.51
--q0                 0.00
--elitistants        0
--rasranks           0
--localsearch        0
--nnls               20
--dlb                1
--as                 0
--eas                0
--ras                0
--mmas               1
--bwas               0
--acs                0


begin try 0 
best     299748,        iteration:          1,        time       0.85
best     300547,        iteration:          3,        time       2.61
best     310798,        iteration:          4,        time       3.48
best     312938,        iteration:          7,        time       6.00
best     314233,        iteration:         14,        time      11.67
best     314775,        iteration:         15,        time      12.41
best     314845,        iteration:         18,        time      14.70
best     314937,        iteration:         20,        time      16.06
best     315825,        iteration:         21,        time      16.72
best     316330,        iteration:         28,        time      21.49
best     316643,        iteration:         29,        time      22.18
best     316742,        iteration:         32,        time      24.12
best     318626,        iteration:        113,        time      78.54
best     319484,        iteration:        114,        time      79.33
best     319740,        iteration:        123,        time      85.96
best     320061,        iteration:        124,        time      86.69
best     320099,        iteration:        130,        time      91.04
best     320341,        iteration:        154,        time     108.55
best     320744,        iteration:        157,        time     110.58
best     321177,        iteration:        158,        time     111.24
best     321380,        iteration:        161,        time     113.27
best     321422,        iteration:        257,        time     178.39
best     321637,        iteration:        263,        time     182.64
best     321933,        iteration:        270,        time     187.48
best     321974,        iteration:        275,        time     190.90
end try 0 


try          0,        best     321974,        found at iteration        275,        found at time     190.90
