Parameter-settings: 

--inputfile          instances/a280-thop/a280_05_usw_01_02.thop
--outputfile         solutions/acothop/a280-thop/a280_05_usw_01_02_03.thop.sol
--tries              1
--tours              0
--ptries             1
--time               139.00
--seed               644764
--optimum            1
--ants               196
--nnants             20
--alpha              1.24
--beta               5.46
--rho                0.51
--q0                 0.00
--elitistants        0
--rasranks           0
--localsearch        0
--nnls               20
--dlb                1
--as                 0
--eas                0
--ras                0
--mmas               1
--bwas               0
--acs                0


begin try 0 
best      91319,        iteration:          1,        time       0.36
best      93235,        iteration:          3,        time       1.05
best      94301,        iteration:          4,        time       1.38
best      99251,        iteration:          6,        time       2.07
best     101595,        iteration:          7,        time       2.39
best     103577,        iteration:          8,        time       2.73
best     105303,        iteration:         10,        time       3.27
best     105317,        iteration:         12,        time       3.73
best     105927,        iteration:         15,        time       4.31
best     108089,        iteration:         16,        time       4.60
best     108160,        iteration:        174,        time      34.60
best     108275,        iteration:        180,        time      35.60
best     108311,        iteration:        197,        time      38.67
end try 0 


try          0,        best     108311,        found at iteration        197,        found at time      38.67
