Parameter-settings: 

--inputfile          instances/a280-thop/a280_05_usw_10_01.thop
--outputfile         solutions/acothop/a280-thop/a280_05_usw_10_01_07.thop.sol
--tries              1
--tours              0
--ptries             1
--time               139.00
--seed               462018
--optimum            1
--ants               196
--nnants             20
--alpha              1.24
--beta               5.46
--rho                0.51
--q0                 0.00
--elitistants        0
--rasranks           0
--localsearch        0
--nnls               20
--dlb                1
--as                 0
--eas                0
--ras                0
--mmas               1
--bwas               0
--acs                0


begin try 0 
best     279623,        iteration:          1,        time       0.48
best     292130,        iteration:          2,        time       0.96
best     298773,        iteration:          4,        time       1.96
best     303296,        iteration:          5,        time       2.46
best     304466,        iteration:          7,        time       3.43
best     310802,        iteration:          8,        time       3.95
best     321361,        iteration:          9,        time       4.48
best     325131,        iteration:         10,        time       5.00
best     327780,        iteration:         12,        time       6.05
best     332949,        iteration:         13,        time       6.57
best     333869,        iteration:         14,        time       7.12
best     334007,        iteration:         16,        time       8.25
best     337425,        iteration:         27,        time      14.50
best     339472,        iteration:         28,        time      15.06
best     339661,        iteration:         30,        time      16.19
best     339784,        iteration:         39,        time      21.29
best     341510,        iteration:         62,        time      34.22
best     342533,        iteration:         65,        time      35.92
best     342542,        iteration:         66,        time      36.49
best     344522,        iteration:         67,        time      37.04
best     345085,        iteration:         68,        time      37.59
best     345289,        iteration:         70,        time      38.72
best     345893,        iteration:         87,        time      48.37
best     347144,        iteration:         88,        time      48.93
best     347259,        iteration:         99,        time      55.26
best     347403,        iteration:        174,        time      97.98
best     348959,        iteration:        175,        time      98.56
best     349120,        iteration:        180,        time     101.42
best     354353,        iteration:        206,        time     116.22
best     355154,        iteration:        207,        time     116.78
best     355760,        iteration:        208,        time     117.35
best     356067,        iteration:        209,        time     117.91
best     356197,        iteration:        211,        time     119.06
best     356678,        iteration:        225,        time     127.08
best     356916,        iteration:        244,        time     138.08
end try 0 


try          0,        best     356916,        found at iteration        244,        found at time     138.08
