Parameter-settings: 

--inputfile          instances/a280-thop/a280_03_unc_10_03.thop
--outputfile         solutions/acothop/a280-thop/a280_03_unc_10_03_00.thop.sol
--tries              1
--tours              0
--ptries             1
--time               84.00
--seed               269070
--optimum            1
--ants               196
--nnants             20
--alpha              1.24
--beta               5.46
--rho                0.51
--q0                 0.00
--elitistants        0
--rasranks           0
--localsearch        0
--nnls               20
--dlb                1
--as                 0
--eas                0
--ras                0
--mmas               1
--bwas               0
--acs                0


begin try 0 
best     281215,        iteration:          1,        time       0.45
best     286839,        iteration:          2,        time       0.89
best     295924,        iteration:          3,        time       1.34
best     306214,        iteration:          4,        time       1.80
best     307336,        iteration:          5,        time       2.26
best     309079,        iteration:          6,        time       2.72
best     317136,        iteration:          7,        time       3.18
best     323342,        iteration:          9,        time       4.12
best     327422,        iteration:         10,        time       4.59
best     328175,        iteration:         11,        time       5.06
best     328244,        iteration:         12,        time       5.52
best     328420,        iteration:         19,        time       8.80
best     328636,        iteration:         21,        time       9.74
best     328791,        iteration:         23,        time      10.68
best     328836,        iteration:         25,        time      11.61
best     329643,        iteration:         26,        time      12.08
best     329664,        iteration:         27,        time      12.56
best     329683,        iteration:         29,        time      13.50
best     329723,        iteration:         36,        time      16.76
best     329870,        iteration:         37,        time      17.23
best     330206,        iteration:         44,        time      20.46
best     330339,        iteration:         45,        time      20.93
best     330398,        iteration:         46,        time      21.39
best     330464,        iteration:         47,        time      21.86
best     330550,        iteration:         48,        time      22.33
best     333732,        iteration:         51,        time      23.74
best     334090,        iteration:         52,        time      24.21
best     334235,        iteration:         53,        time      24.68
best     334433,        iteration:         54,        time      25.14
best     334853,        iteration:         57,        time      26.56
best     334912,        iteration:         63,        time      29.33
best     334930,        iteration:         69,        time      32.14
best     334976,        iteration:         84,        time      39.17
best     335843,        iteration:         85,        time      39.64
best     336216,        iteration:         87,        time      40.59
best     336292,        iteration:         88,        time      41.06
best     336389,        iteration:         89,        time      41.52
best     337180,        iteration:         93,        time      43.40
best     338471,        iteration:         94,        time      43.87
best     338543,        iteration:         96,        time      44.81
best     338641,        iteration:        111,        time      51.91
best     339194,        iteration:        158,        time      74.05
best     340066,        iteration:        159,        time      74.51
best     341004,        iteration:        160,        time      74.98
best     341019,        iteration:        161,        time      75.45
best     341036,        iteration:        162,        time      75.92
best     341370,        iteration:        164,        time      76.86
end try 0 


try          0,        best     341370,        found at iteration        164,        found at time      76.86
