Parameter-settings: 

--inputfile          instances/a280-thop/a280_05_bsc_01_03.thop
--outputfile         solutions/acothop/a280-thop/a280_05_bsc_01_03_00.thop.sol
--tries              1
--tours              0
--ptries             1
--time               139.00
--seed               269070
--optimum            1
--ants               196
--nnants             20
--alpha              1.24
--beta               5.46
--rho                0.51
--q0                 0.00
--elitistants        0
--rasranks           0
--localsearch        0
--nnls               20
--dlb                1
--as                 0
--eas                0
--ras                0
--mmas               1
--bwas               0
--acs                0


begin try 0 
best     160846,        iteration:          1,        time       0.41
best     168844,        iteration:          6,        time       2.62
best     172160,        iteration:          9,        time       3.80
best     176503,        iteration:         10,        time       4.23
best     177120,        iteration:         16,        time       6.17
best     177282,        iteration:         26,        time       9.19
best     177381,        iteration:        161,        time      48.82
best     177770,        iteration:        280,        time      83.95
end try 0 


try          0,        best     177770,        found at iteration        280,        found at time      83.95
