Parameter-settings: 

--inputfile          instances/a280-thop/a280_03_unc_10_01.thop
--outputfile         solutions/acothop/a280-thop/a280_03_unc_10_01_07.thop.sol
--tries              1
--tours              0
--ptries             1
--time               84.00
--seed               462018
--optimum            1
--ants               196
--nnants             20
--alpha              1.24
--beta               5.46
--rho                0.51
--q0                 0.00
--elitistants        0
--rasranks           0
--localsearch        0
--nnls               20
--dlb                1
--as                 0
--eas                0
--ras                0
--mmas               1
--bwas               0
--acs                0


begin try 0 
best     119845,        iteration:          1,        time       0.27
best     139082,        iteration:          2,        time       0.53
best     141559,        iteration:          4,        time       1.05
best     141899,        iteration:          7,        time       1.84
best     154726,        iteration:          9,        time       2.34
best     155177,        iteration:         10,        time       2.61
best     171137,        iteration:         15,        time       3.96
best     171671,        iteration:         18,        time       4.80
best     172110,        iteration:         20,        time       5.37
best     173367,        iteration:         24,        time       6.50
best     173770,        iteration:         51,        time      14.06
best     174749,        iteration:         52,        time      14.33
best     174798,        iteration:         73,        time      20.13
best     174870,        iteration:        132,        time      36.36
best     175221,        iteration:        146,        time      40.29
end try 0 


try          0,        best     175221,        found at iteration        146,        found at time      40.29
