Parameter-settings: 

--inputfile          instances/a280-thop/a280_10_bsc_05_03.thop
--outputfile         solutions/acothop/a280-thop/a280_10_bsc_05_03_04.thop.sol
--tries              1
--tours              0
--ptries             1
--time               278.00
--seed               547617
--optimum            1
--ants               196
--nnants             20
--alpha              1.24
--beta               5.46
--rho                0.51
--q0                 0.00
--elitistants        0
--rasranks           0
--localsearch        0
--nnls               20
--dlb                1
--as                 0
--eas                0
--ras                0
--mmas               1
--bwas               0
--acs                0


begin try 0 
best    1349173,        iteration:          1,        time       1.49
best    1380101,        iteration:          6,        time       9.08
best    1437204,        iteration:          7,        time      10.60
best    1439467,        iteration:         10,        time      15.21
best    1452629,        iteration:         11,        time      16.75
best    1457242,        iteration:         12,        time      18.26
best    1459142,        iteration:         14,        time      21.30
best    1463740,        iteration:         15,        time      22.82
best    1464642,        iteration:         19,        time      29.02
best    1464930,        iteration:         56,        time      85.97
best    1466338,        iteration:         79,        time     121.49
best    1466340,        iteration:         84,        time     129.17
best    1466535,        iteration:        102,        time     156.81
best    1466642,        iteration:        108,        time     165.89
best    1467903,        iteration:        109,        time     167.41
end try 0 


try          0,        best    1467903,        found at iteration        109,        found at time     167.41
