Parameter-settings: 

--inputfile          instances/a280-thop/a280_01_bsc_05_03.thop
--outputfile         solutions/acothop/a280-thop/a280_01_bsc_05_03_03.thop.sol
--tries              1
--tours              0
--ptries             1
--time               28.00
--seed               644764
--optimum            1
--ants               196
--nnants             20
--alpha              1.24
--beta               5.46
--rho                0.51
--q0                 0.00
--elitistants        0
--rasranks           0
--localsearch        0
--nnls               20
--dlb                1
--as                 0
--eas                0
--ras                0
--mmas               1
--bwas               0
--acs                0


begin try 0 
best     147333,        iteration:          1,        time       0.12
best     147872,        iteration:          6,        time       0.71
best     150223,        iteration:          7,        time       0.82
best     155492,        iteration:          8,        time       0.94
best     155859,        iteration:         57,        time       5.70
best     156341,        iteration:        160,        time      15.63
best     156453,        iteration:        168,        time      16.43
best     156777,        iteration:        173,        time      16.87
best     157408,        iteration:        269,        time      25.54
best     157501,        iteration:        281,        time      26.63
end try 0 


try          0,        best     157501,        found at iteration        281,        found at time      26.63
