Parameter-settings: 

--inputfile          instances/a280-thop/a280_01_bsc_01_01.thop
--outputfile         solutions/acothop/a280-thop/a280_01_bsc_01_01_07.thop.sol
--tries              1
--tours              0
--ptries             1
--time               28.00
--seed               462018
--optimum            1
--ants               196
--nnants             20
--alpha              1.24
--beta               5.46
--rho                0.51
--q0                 0.00
--elitistants        0
--rasranks           0
--localsearch        0
--nnls               20
--dlb                1
--as                 0
--eas                0
--ras                0
--mmas               1
--bwas               0
--acs                0


begin try 0 
best      31396,        iteration:          1,        time       0.07
best      32629,        iteration:          5,        time       0.37
best      33109,        iteration:          6,        time       0.44
best      33256,        iteration:        165,        time      10.03
best      33385,        iteration:        177,        time      10.80
best      33454,        iteration:        178,        time      10.86
best      33482,        iteration:        183,        time      11.17
best      33531,        iteration:        291,        time      17.70
end try 0 


try          0,        best      33531,        found at iteration        291,        found at time      17.70
