Parameter-settings: 

--inputfile          instances/a280-thop/a280_10_unc_05_03.thop
--outputfile         solutions/acothop/a280-thop/a280_10_unc_05_03_06.thop.sol
--tries              1
--tours              0
--ptries             1
--time               278.00
--seed               73456
--optimum            1
--ants               196
--nnants             20
--alpha              1.24
--beta               5.46
--rho                0.51
--q0                 0.00
--elitistants        0
--rasranks           0
--localsearch        0
--nnls               20
--dlb                1
--as                 0
--eas                0
--ras                0
--mmas               1
--bwas               0
--acs                0


begin try 0 
best     688954,        iteration:          2,        time       3.32
best     717841,        iteration:          3,        time       4.99
best     761913,        iteration:          4,        time       6.70
best     763422,        iteration:          5,        time       8.38
best     797879,        iteration:          6,        time      10.08
best     801468,        iteration:          9,        time      15.21
best     805992,        iteration:         10,        time      16.90
best     806897,        iteration:         11,        time      18.64
best     807270,        iteration:         12,        time      20.31
best     811339,        iteration:         13,        time      22.00
best     811738,        iteration:         14,        time      23.68
best     811861,        iteration:         26,        time      44.14
best     811902,        iteration:         29,        time      49.29
best     812883,        iteration:         35,        time      59.54
best     814123,        iteration:         36,        time      61.24
best     814232,        iteration:         37,        time      62.96
best     814398,        iteration:         45,        time      76.61
best     817664,        iteration:         52,        time      88.62
best     828643,        iteration:         53,        time      90.33
best     829164,        iteration:         54,        time      92.04
best     833724,        iteration:         55,        time      93.76
best     834102,        iteration:         59,        time     100.55
best     834132,        iteration:         62,        time     105.64
best     835186,        iteration:         76,        time     129.43
best     835646,        iteration:         78,        time     132.84
best     835671,        iteration:        130,        time     221.42
best     843254,        iteration:        161,        time     274.27
best     844146,        iteration:        162,        time     275.96
best     847907,        iteration:        164,        time     279.36
end try 0 


try          0,        best     847907,        found at iteration        164,        found at time     279.36
