Parameter-settings: 

--inputfile          instances/a280-thop/a280_10_usw_01_03.thop
--outputfile         solutions/acothop/a280-thop/a280_10_usw_01_03_02.thop.sol
--tries              1
--tours              0
--ptries             1
--time               278.00
--seed               126489
--optimum            1
--ants               196
--nnants             20
--alpha              1.24
--beta               5.46
--rho                0.51
--q0                 0.00
--elitistants        0
--rasranks           0
--localsearch        0
--nnls               20
--dlb                1
--as                 0
--eas                0
--ras                0
--mmas               1
--bwas               0
--acs                0


begin try 0 
best     193628,        iteration:          1,        time       0.69
best     203502,        iteration:          2,        time       1.37
best     205225,        iteration:          3,        time       2.03
best     209161,        iteration:         10,        time       6.87
best     211113,        iteration:         11,        time       7.38
best     212989,        iteration:         12,        time       7.89
best     213538,        iteration:         13,        time       8.40
best     214864,        iteration:         14,        time       8.81
best     217721,        iteration:         15,        time       9.30
best     218008,        iteration:         18,        time      10.49
best     220360,        iteration:        613,        time     258.21
best     221840,        iteration:        614,        time     258.70
best     221956,        iteration:        615,        time     259.14
best     222209,        iteration:        617,        time     260.20
end try 0 


try          0,        best     222209,        found at iteration        617,        found at time     260.20
