Parameter-settings: 

--inputfile          instances/a280-thop/a280_05_bsc_01_03.thop
--outputfile         solutions/acothop/a280-thop/a280_05_bsc_01_03_07.thop.sol
--tries              1
--tours              0
--ptries             1
--time               139.00
--seed               462018
--optimum            1
--ants               196
--nnants             20
--alpha              1.24
--beta               5.46
--rho                0.51
--q0                 0.00
--elitistants        0
--rasranks           0
--localsearch        0
--nnls               20
--dlb                1
--as                 0
--eas                0
--ras                0
--mmas               1
--bwas               0
--acs                0


begin try 0 
best     156336,        iteration:          1,        time       0.43
best     158095,        iteration:          2,        time       0.85
best     165064,        iteration:          3,        time       1.27
best     168211,        iteration:          7,        time       2.95
best     168794,        iteration:         99,        time      33.97
best     169220,        iteration:        101,        time      34.69
best     169539,        iteration:        204,        time      68.52
best     169717,        iteration:        210,        time      70.47
best     170219,        iteration:        211,        time      70.81
best     170232,        iteration:        212,        time      71.12
best     170747,        iteration:        213,        time      71.44
best     170763,        iteration:        245,        time      81.87
best     171105,        iteration:        247,        time      82.53
best     172008,        iteration:        248,        time      82.84
best     172269,        iteration:        275,        time      91.36
best     172418,        iteration:        283,        time      94.03
best     172531,        iteration:        325,        time     107.08
best     172641,        iteration:        327,        time     107.70
best     172723,        iteration:        349,        time     114.49
best     174097,        iteration:        369,        time     120.69
best     174566,        iteration:        380,        time     124.14
best     174775,        iteration:        390,        time     127.11
best     174798,        iteration:        428,        time     138.57
end try 0 


try          0,        best     174798,        found at iteration        428,        found at time     138.57
