Parameter-settings: 

--inputfile          instances/a280-thop/a280_01_usw_10_02.thop
--outputfile         solutions/acothop/a280-thop/a280_01_usw_10_02_02.thop.sol
--tries              1
--tours              0
--ptries             1
--time               28.00
--seed               126489
--optimum            1
--ants               196
--nnants             20
--alpha              1.24
--beta               5.46
--rho                0.51
--q0                 0.00
--elitistants        0
--rasranks           0
--localsearch        0
--nnls               20
--dlb                1
--as                 0
--eas                0
--ras                0
--mmas               1
--bwas               0
--acs                0


begin try 0 
best      89169,        iteration:          2,        time       0.23
best      90841,        iteration:          3,        time       0.35
best      91933,        iteration:          7,        time       0.80
best      94407,        iteration:          8,        time       0.91
best      96003,        iteration:          9,        time       1.03
best      98397,        iteration:         10,        time       1.14
best     101171,        iteration:         11,        time       1.25
best     101705,        iteration:         12,        time       1.37
best     102094,        iteration:         13,        time       1.49
best     102121,        iteration:         15,        time       1.72
best     102140,        iteration:         16,        time       1.84
best     102293,        iteration:         17,        time       1.96
best     102566,        iteration:         18,        time       2.08
best     103009,        iteration:         25,        time       2.91
best     103831,        iteration:         28,        time       3.27
best     104030,        iteration:         30,        time       3.50
best     104373,        iteration:         31,        time       3.62
best     104683,        iteration:         32,        time       3.74
best     104684,        iteration:         35,        time       4.10
best     105054,        iteration:         54,        time       6.35
best     105073,        iteration:         55,        time       6.46
best     105588,        iteration:         58,        time       6.80
best     105610,        iteration:         61,        time       7.15
best     105688,        iteration:         76,        time       8.94
best     105710,        iteration:        101,        time      11.91
best     106261,        iteration:        117,        time      13.80
best     106635,        iteration:        120,        time      14.16
best     106683,        iteration:        164,        time      19.42
best     106878,        iteration:        165,        time      19.54
best     107046,        iteration:        170,        time      20.16
best     107152,        iteration:        171,        time      20.28
best     107481,        iteration:        172,        time      20.40
best     107489,        iteration:        173,        time      20.52
best     107688,        iteration:        176,        time      20.89
end try 0 


try          0,        best     107688,        found at iteration        176,        found at time      20.89
