Parameter-settings: 

--inputfile          instances/a280-thop/a280_01_bsc_10_02.thop
--outputfile         solutions/acothop/a280-thop/a280_01_bsc_10_02_07.thop.sol
--tries              1
--tours              0
--ptries             1
--time               28.00
--seed               462018
--optimum            1
--ants               196
--nnants             20
--alpha              1.24
--beta               5.46
--rho                0.51
--q0                 0.00
--elitistants        0
--rasranks           0
--localsearch        0
--nnls               20
--dlb                1
--as                 0
--eas                0
--ras                0
--mmas               1
--bwas               0
--acs                0


begin try 0 
best     167982,        iteration:          1,        time       0.12
best     184164,        iteration:          2,        time       0.23
best     190653,        iteration:          4,        time       0.46
best     190786,        iteration:          7,        time       0.80
best     192080,        iteration:          8,        time       0.92
best     200033,        iteration:          9,        time       1.04
best     201413,        iteration:         10,        time       1.16
best     202776,        iteration:         11,        time       1.29
best     203432,        iteration:         12,        time       1.40
best     203466,        iteration:         15,        time       1.76
best     204023,        iteration:         43,        time       5.14
best     204464,        iteration:         45,        time       5.37
best     204722,        iteration:         74,        time       8.83
best     204924,        iteration:         75,        time       8.95
end try 0 


try          0,        best     204924,        found at iteration         75,        found at time       8.95
