Parameter-settings: 

--inputfile          instances/a280-thop/a280_03_unc_01_02.thop
--outputfile         solutions/acothop/a280-thop/a280_03_unc_01_02_08.thop.sol
--tries              1
--tours              0
--ptries             1
--time               84.00
--seed               858990
--optimum            1
--ants               196
--nnants             20
--alpha              1.24
--beta               5.46
--rho                0.51
--q0                 0.00
--elitistants        0
--rasranks           0
--localsearch        0
--nnls               20
--dlb                1
--as                 0
--eas                0
--ras                0
--mmas               1
--bwas               0
--acs                0


begin try 0 
best      80939,        iteration:          1,        time       0.27
best      86458,        iteration:          2,        time       0.55
best      88108,        iteration:          5,        time       1.37
best      88895,        iteration:          8,        time       2.17
best      95231,        iteration:          9,        time       2.43
best      95748,        iteration:         29,        time       6.93
best      96117,        iteration:         32,        time       7.60
best      96392,        iteration:         44,        time      10.29
best      96851,        iteration:         45,        time      10.53
best      97460,        iteration:         52,        time      12.21
best      97755,        iteration:         53,        time      12.47
best      97973,        iteration:         54,        time      12.72
best      98060,        iteration:         66,        time      15.56
best      98208,        iteration:        102,        time      24.17
best      98777,        iteration:        104,        time      24.65
best      99102,        iteration:        108,        time      25.60
best      99161,        iteration:        170,        time      40.45
end try 0 


try          0,        best      99161,        found at iteration        170,        found at time      40.45
