Parameter-settings: 

--inputfile          instances/a280-thop/a280_03_usw_05_01.thop
--outputfile         solutions/acothop/a280-thop/a280_03_usw_05_01_09.thop.sol
--tries              1
--tours              0
--ptries             1
--time               84.00
--seed               756112
--optimum            1
--ants               196
--nnants             20
--alpha              1.24
--beta               5.46
--rho                0.51
--q0                 0.00
--elitistants        0
--rasranks           0
--localsearch        0
--nnls               20
--dlb                1
--as                 0
--eas                0
--ras                0
--mmas               1
--bwas               0
--acs                0


begin try 0 
best     131616,        iteration:          1,        time       0.27
best     141765,        iteration:          2,        time       0.55
best     151178,        iteration:          3,        time       0.83
best     151257,        iteration:          4,        time       1.12
best     152241,        iteration:          5,        time       1.41
best     155098,        iteration:          6,        time       1.70
best     156225,        iteration:          9,        time       2.57
best     156622,        iteration:         10,        time       2.86
best     159041,        iteration:         12,        time       3.46
best     161947,        iteration:         13,        time       3.76
best     162028,        iteration:         14,        time       4.06
best     162504,        iteration:         16,        time       4.67
best     163398,        iteration:         32,        time       9.61
best     163569,        iteration:         34,        time      10.23
best     164729,        iteration:         35,        time      10.55
best     165024,        iteration:         36,        time      10.85
end try 0 


try          0,        best     165024,        found at iteration         36,        found at time      10.85
