Parameter-settings: 

--inputfile          instances/a280-thop/a280_10_usw_05_03.thop
--outputfile         solutions/acothop/a280-thop/a280_10_usw_05_03_02.thop.sol
--tries              1
--tours              0
--ptries             1
--time               278.00
--seed               126489
--optimum            1
--ants               196
--nnants             20
--alpha              1.24
--beta               5.46
--rho                0.51
--q0                 0.00
--elitistants        0
--rasranks           0
--localsearch        0
--nnls               20
--dlb                1
--as                 0
--eas                0
--ras                0
--mmas               1
--bwas               0
--acs                0


begin try 0 
best     721637,        iteration:          1,        time       1.32
best     738119,        iteration:          2,        time       2.67
best     774025,        iteration:          5,        time       6.74
best     774453,        iteration:          7,        time       9.54
best     775341,        iteration:          8,        time      10.91
best     799384,        iteration:          9,        time      12.33
best     809899,        iteration:         30,        time      41.33
best     818797,        iteration:         31,        time      42.73
best     819018,        iteration:         34,        time      46.84
best     819160,        iteration:         40,        time      54.55
best     821084,        iteration:         43,        time      58.38
best     822296,        iteration:         44,        time      59.73
best     823107,        iteration:         45,        time      61.04
best     823319,        iteration:         50,        time      67.38
best     824482,        iteration:         54,        time      72.41
best     826332,        iteration:         55,        time      73.69
best     829063,        iteration:         56,        time      74.89
best     829124,        iteration:         58,        time      77.47
best     829430,        iteration:        115,        time     149.65
end try 0 


try          0,        best     829430,        found at iteration        115,        found at time     149.65
