Parameter-settings: 

--inputfile          instances/a280-thop/a280_01_usw_05_01.thop
--outputfile         solutions/acothop/a280-thop/a280_01_usw_05_01_01.thop.sol
--tries              1
--tours              0
--ptries             1
--time               28.00
--seed               99470
--optimum            1
--ants               196
--nnants             20
--alpha              1.24
--beta               5.46
--rho                0.51
--q0                 0.00
--elitistants        0
--rasranks           0
--localsearch        0
--nnls               20
--dlb                1
--as                 0
--eas                0
--ras                0
--mmas               1
--bwas               0
--acs                0


begin try 0 
best      45955,        iteration:          1,        time       0.10
best      48566,        iteration:          4,        time       0.38
best      49585,        iteration:          8,        time       0.76
best      51800,        iteration:          9,        time       0.86
best      52672,        iteration:         11,        time       1.05
best      53176,        iteration:         13,        time       1.25
best      53535,        iteration:         28,        time       2.65
best      53947,        iteration:        151,        time      14.04
best      53960,        iteration:        168,        time      15.65
best      53982,        iteration:        169,        time      15.74
best      54065,        iteration:        218,        time      20.35
end try 0 


try          0,        best      54065,        found at iteration        218,        found at time      20.35
