Parameter-settings: 

--inputfile          instances/a280-thop/a280_05_usw_05_02.thop
--outputfile         solutions/acothop/a280-thop/a280_05_usw_05_02_01.thop.sol
--tries              1
--tours              0
--ptries             1
--time               139.00
--seed               99470
--optimum            1
--ants               196
--nnants             20
--alpha              1.24
--beta               5.46
--rho                0.51
--q0                 0.00
--elitistants        0
--rasranks           0
--localsearch        0
--nnls               20
--dlb                1
--as                 0
--eas                0
--ras                0
--mmas               1
--bwas               0
--acs                0


begin try 0 
best     292444,        iteration:          1,        time       0.57
best     308437,        iteration:          2,        time       1.13
best     319948,        iteration:          4,        time       2.28
best     321221,        iteration:         12,        time       6.85
best     321404,        iteration:         13,        time       7.43
best     321758,        iteration:         14,        time       8.03
best     323917,        iteration:         15,        time       8.62
best     332555,        iteration:         17,        time       9.81
best     333452,        iteration:         20,        time      11.60
best     333768,        iteration:         22,        time      12.81
best     336826,        iteration:         24,        time      14.01
best     337451,        iteration:         29,        time      17.01
best     337855,        iteration:         31,        time      18.20
best     338197,        iteration:         34,        time      19.99
best     338601,        iteration:         35,        time      20.58
best     340265,        iteration:         36,        time      21.17
best     342859,        iteration:         37,        time      21.77
best     343679,        iteration:         38,        time      22.37
best     345817,        iteration:         66,        time      39.33
best     345942,        iteration:         96,        time      57.57
best     346349,        iteration:         97,        time      58.19
best     348088,        iteration:         98,        time      58.79
best     348556,        iteration:         99,        time      59.41
best     349237,        iteration:        109,        time      65.57
best     350754,        iteration:        110,        time      66.18
best     351181,        iteration:        123,        time      74.17
best     351421,        iteration:        175,        time     106.23
end try 0 


try          0,        best     351421,        found at iteration        175,        found at time     106.23
