Parameter-settings: 

--inputfile          instances/a280-thop/a280_01_usw_10_03.thop
--outputfile         solutions/acothop/a280-thop/a280_01_usw_10_03_05.thop.sol
--tries              1
--tours              0
--ptries             1
--time               28.00
--seed               642580
--optimum            1
--ants               196
--nnants             20
--alpha              1.24
--beta               5.46
--rho                0.51
--q0                 0.00
--elitistants        0
--rasranks           0
--localsearch        0
--nnls               20
--dlb                1
--as                 0
--eas                0
--ras                0
--mmas               1
--bwas               0
--acs                0


begin try 0 
best     112220,        iteration:          1,        time       0.13
best     113415,        iteration:          2,        time       0.25
best     115736,        iteration:          3,        time       0.37
best     116356,        iteration:          6,        time       0.75
best     116591,        iteration:          7,        time       0.87
best     118274,        iteration:          8,        time       1.00
best     120181,        iteration:          9,        time       1.12
best     120766,        iteration:         10,        time       1.25
best     121075,        iteration:         11,        time       1.37
best     121254,        iteration:         12,        time       1.49
best     122120,        iteration:         13,        time       1.61
best     122316,        iteration:         16,        time       1.98
best     122671,        iteration:         18,        time       2.23
best     123027,        iteration:         26,        time       3.23
best     123359,        iteration:         31,        time       3.86
best     123587,        iteration:         32,        time       3.98
best     123597,        iteration:         35,        time       4.36
best     123655,        iteration:         36,        time       4.48
best     123987,        iteration:         37,        time       4.61
best     124087,        iteration:         47,        time       5.84
best     124208,        iteration:         54,        time       6.66
best     124269,        iteration:         77,        time       9.49
best     124877,        iteration:         78,        time       9.61
best     125496,        iteration:         79,        time       9.74
best     125636,        iteration:         80,        time       9.86
best     125990,        iteration:         81,        time       9.98
best     126112,        iteration:         82,        time      10.11
best     126247,        iteration:         83,        time      10.23
best     126286,        iteration:         85,        time      10.48
best     126365,        iteration:         86,        time      10.61
best     126481,        iteration:         92,        time      11.36
best     126494,        iteration:         93,        time      11.48
best     126566,        iteration:        101,        time      12.48
best     126582,        iteration:        105,        time      12.98
best     126635,        iteration:        106,        time      13.10
best     126719,        iteration:        108,        time      13.35
best     126726,        iteration:        139,        time      17.24
best     126728,        iteration:        168,        time      20.86
best     126865,        iteration:        172,        time      21.35
best     127038,        iteration:        191,        time      23.72
best     127099,        iteration:        199,        time      24.72
end try 0 


try          0,        best     127099,        found at iteration        199,        found at time      24.72
