Parameter-settings: 

--inputfile          instances/a280-thop/a280_05_unc_10_01.thop
--outputfile         solutions/acothop/a280-thop/a280_05_unc_10_01_00.thop.sol
--tries              1
--tours              0
--ptries             1
--time               139.00
--seed               269070
--optimum            1
--ants               196
--nnants             20
--alpha              1.24
--beta               5.46
--rho                0.51
--q0                 0.00
--elitistants        0
--rasranks           0
--localsearch        0
--nnls               20
--dlb                1
--as                 0
--eas                0
--ras                0
--mmas               1
--bwas               0
--acs                0


begin try 0 
best     222343,        iteration:          1,        time       0.43
best     246551,        iteration:          2,        time       0.86
best     248961,        iteration:          7,        time       3.06
best     267983,        iteration:          8,        time       3.51
best     277467,        iteration:         10,        time       4.44
best     278473,        iteration:         18,        time       8.20
best     281547,        iteration:         19,        time       8.68
best     283270,        iteration:         20,        time       9.15
best     283745,        iteration:         27,        time      12.47
best     284324,        iteration:         29,        time      13.42
best     284332,        iteration:         51,        time      23.78
best     289383,        iteration:         66,        time      30.77
best     310891,        iteration:         67,        time      31.25
best     313639,        iteration:         68,        time      31.73
best     319191,        iteration:         73,        time      34.21
best     319566,        iteration:         88,        time      41.59
best     319879,        iteration:         90,        time      42.57
best     319952,        iteration:         91,        time      43.07
best     321119,        iteration:        101,        time      48.00
best     321212,        iteration:        167,        time      80.28
end try 0 


try          0,        best     321212,        found at iteration        167,        found at time      80.28
