Parameter-settings: 

--inputfile          instances/a280-thop/a280_05_bsc_01_01.thop
--outputfile         solutions/acothop/a280-thop/a280_05_bsc_01_01_04.thop.sol
--tries              1
--tours              0
--ptries             1
--time               139.00
--seed               547617
--optimum            1
--ants               196
--nnants             20
--alpha              1.24
--beta               5.46
--rho                0.51
--q0                 0.00
--elitistants        0
--rasranks           0
--localsearch        0
--nnls               20
--dlb                1
--as                 0
--eas                0
--ras                0
--mmas               1
--bwas               0
--acs                0


begin try 0 
best     149370,        iteration:          1,        time       0.36
best     150832,        iteration:          5,        time       1.81
best     152264,        iteration:          7,        time       2.54
best     153890,        iteration:          8,        time       2.89
best     154244,        iteration:         10,        time       3.55
best     154334,        iteration:         11,        time       3.87
best     154862,        iteration:         17,        time       5.79
best     155166,        iteration:         90,        time      28.46
best     155355,        iteration:        334,        time     103.44
best     155451,        iteration:        335,        time     103.73
best     155548,        iteration:        339,        time     104.86
best     155559,        iteration:        366,        time     112.96
best     155570,        iteration:        367,        time     113.23
best     155764,        iteration:        368,        time     113.53
best     155863,        iteration:        370,        time     114.13
best     155928,        iteration:        438,        time     133.85
best     156076,        iteration:        439,        time     134.16
best     156618,        iteration:        441,        time     134.77
best     156743,        iteration:        442,        time     135.07
best     157130,        iteration:        445,        time     135.92
end try 0 


try          0,        best     157130,        found at iteration        445,        found at time     135.92
