Parameter-settings: 

--inputfile          instances/a280-thop/a280_01_unc_10_03.thop
--outputfile         solutions/acothop/a280-thop/a280_01_unc_10_03_03.thop.sol
--tries              1
--tours              0
--ptries             1
--time               28.00
--seed               644764
--optimum            1
--ants               196
--nnants             20
--alpha              1.24
--beta               5.46
--rho                0.51
--q0                 0.00
--elitistants        0
--rasranks           0
--localsearch        0
--nnls               20
--dlb                1
--as                 0
--eas                0
--ras                0
--mmas               1
--bwas               0
--acs                0


begin try 0 
best      97750,        iteration:          1,        time       0.13
best      98306,        iteration:          2,        time       0.26
best     100050,        iteration:          3,        time       0.39
best     104011,        iteration:          4,        time       0.52
best     104147,        iteration:          6,        time       0.78
best     104679,        iteration:          7,        time       0.91
best     104840,        iteration:          8,        time       1.04
best     105456,        iteration:          9,        time       1.17
best     106216,        iteration:         11,        time       1.44
best     106977,        iteration:         15,        time       1.95
best     107475,        iteration:         16,        time       2.08
best     107758,        iteration:         19,        time       2.47
best     107928,        iteration:         20,        time       2.60
best     108503,        iteration:         21,        time       2.73
best     108797,        iteration:         22,        time       2.86
best     108927,        iteration:         26,        time       3.36
end try 0 


try          0,        best     108927,        found at iteration         26,        found at time       3.36
