Parameter-settings: 

--inputfile          instances/a280-thop/a280_03_unc_10_03.thop
--outputfile         solutions/acothop/a280-thop/a280_03_unc_10_03_04.thop.sol
--tries              1
--tours              0
--ptries             1
--time               84.00
--seed               547617
--optimum            1
--ants               196
--nnants             20
--alpha              1.24
--beta               5.46
--rho                0.51
--q0                 0.00
--elitistants        0
--rasranks           0
--localsearch        0
--nnls               20
--dlb                1
--as                 0
--eas                0
--ras                0
--mmas               1
--bwas               0
--acs                0


begin try 0 
best     295435,        iteration:          3,        time       1.34
best     308154,        iteration:          4,        time       1.80
best     313958,        iteration:          8,        time       3.63
best     320679,        iteration:          9,        time       4.09
best     321020,        iteration:         10,        time       4.55
best     322780,        iteration:         11,        time       5.02
best     323983,        iteration:         12,        time       5.48
best     324116,        iteration:         13,        time       5.94
best     324594,        iteration:         14,        time       6.41
best     328350,        iteration:         19,        time       8.72
best     329623,        iteration:         20,        time       9.18
best     329909,        iteration:         21,        time       9.64
best     329981,        iteration:         22,        time      10.11
best     330026,        iteration:         23,        time      10.57
best     330045,        iteration:         29,        time      13.37
best     330126,        iteration:         38,        time      17.55
best     330226,        iteration:         41,        time      18.94
best     333615,        iteration:         42,        time      19.41
best     333660,        iteration:         44,        time      20.34
best     333663,        iteration:         45,        time      20.81
best     333667,        iteration:         46,        time      21.27
best     333670,        iteration:         47,        time      21.74
best     333688,        iteration:         48,        time      22.20
best     333713,        iteration:         55,        time      25.44
best     333717,        iteration:         67,        time      31.02
best     333720,        iteration:        100,        time      46.37
end try 0 


try          0,        best     333720,        found at iteration        100,        found at time      46.37
