Parameter-settings: 

--inputfile          instances/a280-thop/a280_10_unc_05_02.thop
--outputfile         solutions/acothop/a280-thop/a280_10_unc_05_02_05.thop.sol
--tries              1
--tours              0
--ptries             1
--time               278.00
--seed               642580
--optimum            1
--ants               196
--nnants             20
--alpha              1.24
--beta               5.46
--rho                0.51
--q0                 0.00
--elitistants        0
--rasranks           0
--localsearch        0
--nnls               20
--dlb                1
--as                 0
--eas                0
--ras                0
--mmas               1
--bwas               0
--acs                0


begin try 0 
best     500025,        iteration:          1,        time       1.22
best     523614,        iteration:          2,        time       2.42
best     524007,        iteration:          3,        time       3.62
best     533393,        iteration:          5,        time       6.13
best     559154,        iteration:          7,        time       8.70
best     569593,        iteration:         10,        time      12.67
best     602859,        iteration:         11,        time      14.07
best     606399,        iteration:         12,        time      15.53
best     618310,        iteration:         13,        time      17.04
best     619683,        iteration:         16,        time      21.59
best     620866,        iteration:         30,        time      43.14
best     622618,        iteration:         33,        time      47.77
best     627738,        iteration:         37,        time      53.96
best     629769,        iteration:         71,        time     106.50
best     630597,        iteration:         72,        time     108.04
best     635308,        iteration:         73,        time     109.59
best     637132,        iteration:         84,        time     126.58
best     637442,        iteration:         97,        time     146.74
end try 0 


try          0,        best     637442,        found at iteration         97,        found at time     146.74
