Parameter-settings: 

--inputfile          instances/a280-thop/a280_10_unc_10_01.thop
--outputfile         solutions/acothop/a280-thop/a280_10_unc_10_01_04.thop.sol
--tries              1
--tours              0
--ptries             1
--time               278.00
--seed               547617
--optimum            1
--ants               196
--nnants             20
--alpha              1.24
--beta               5.46
--rho                0.51
--q0                 0.00
--elitistants        0
--rasranks           0
--localsearch        0
--nnls               20
--dlb                1
--as                 0
--eas                0
--ras                0
--mmas               1
--bwas               0
--acs                0


begin try 0 
best     385796,        iteration:          1,        time       0.84
best     410478,        iteration:          2,        time       1.66
best     456812,        iteration:          5,        time       4.06
best     469555,        iteration:          6,        time       4.90
best     476228,        iteration:          9,        time       7.45
best     501707,        iteration:         10,        time       8.31
best     504518,        iteration:         14,        time      11.82
best     535133,        iteration:         15,        time      12.72
best     535327,        iteration:        180,        time     157.13
best     535599,        iteration:        182,        time     158.83
best     535757,        iteration:        194,        time     169.09
best     535813,        iteration:        205,        time     178.68
best     535815,        iteration:        249,        time     216.31
best     535831,        iteration:        258,        time     224.12
end try 0 


try          0,        best     535831,        found at iteration        258,        found at time     224.12
