Parameter-settings: 

--inputfile          instances/a280-thop/a280_05_usw_01_03.thop
--outputfile         solutions/acothop/a280-thop/a280_05_usw_01_03_06.thop.sol
--tries              1
--tours              0
--ptries             1
--time               139.00
--seed               73456
--optimum            1
--ants               196
--nnants             20
--alpha              1.24
--beta               5.46
--rho                0.51
--q0                 0.00
--elitistants        0
--rasranks           0
--localsearch        0
--nnls               20
--dlb                1
--as                 0
--eas                0
--ras                0
--mmas               1
--bwas               0
--acs                0


begin try 0 
best      93766,        iteration:          1,        time       0.35
best      99636,        iteration:          2,        time       0.70
best     101528,        iteration:          4,        time       1.40
best     103354,        iteration:          5,        time       1.74
best     104583,        iteration:          8,        time       2.71
best     104589,        iteration:         15,        time       4.57
best     104666,        iteration:         18,        time       5.29
best     105355,        iteration:         24,        time       6.64
best     105368,        iteration:         28,        time       7.63
best     105385,        iteration:         29,        time       7.84
best     106858,        iteration:         32,        time       8.50
best     107120,        iteration:         33,        time       8.70
best     107174,        iteration:         34,        time       8.91
best     107333,        iteration:         53,        time      12.79
best     107389,        iteration:         76,        time      17.49
best     108589,        iteration:         88,        time      19.71
best     108657,        iteration:         90,        time      20.12
best     108703,        iteration:        161,        time      33.14
best     108740,        iteration:        164,        time      33.73
best     108790,        iteration:        445,        time      84.85
best     108817,        iteration:        460,        time      87.46
best     108946,        iteration:        461,        time      87.64
best     110537,        iteration:        476,        time      90.35
best     110709,        iteration:        478,        time      90.80
best     110760,        iteration:        488,        time      92.66
best     110802,        iteration:        607,        time     114.72
best     110841,        iteration:        741,        time     138.66
end try 0 


try          0,        best     110841,        found at iteration        741,        found at time     138.66
