Parameter-settings: 

--inputfile          instances/a280-thop/a280_01_bsc_10_02.thop
--outputfile         solutions/acothop/a280-thop/a280_01_bsc_10_02_04.thop.sol
--tries              1
--tours              0
--ptries             1
--time               28.00
--seed               547617
--optimum            1
--ants               196
--nnants             20
--alpha              1.24
--beta               5.46
--rho                0.51
--q0                 0.00
--elitistants        0
--rasranks           0
--localsearch        0
--nnls               20
--dlb                1
--as                 0
--eas                0
--ras                0
--mmas               1
--bwas               0
--acs                0


begin try 0 
best     170075,        iteration:          1,        time       0.12
best     185023,        iteration:          2,        time       0.23
best     190915,        iteration:          3,        time       0.34
best     196838,        iteration:          8,        time       0.92
best     199166,        iteration:          9,        time       1.04
best     199959,        iteration:         10,        time       1.16
best     208667,        iteration:         11,        time       1.28
best     209860,        iteration:         14,        time       1.64
best     210498,        iteration:         15,        time       1.76
best     211215,        iteration:         16,        time       1.89
best     212074,        iteration:         29,        time       3.49
best     212902,        iteration:         78,        time       9.46
best     214140,        iteration:         83,        time      10.07
end try 0 


try          0,        best     214140,        found at iteration         83,        found at time      10.07
