Parameter-settings: 

--inputfile          instances/a280-thop/a280_03_unc_10_02.thop
--outputfile         solutions/acothop/a280-thop/a280_03_unc_10_02_01.thop.sol
--tries              1
--tours              0
--ptries             1
--time               84.00
--seed               99470
--optimum            1
--ants               196
--nnants             20
--alpha              1.24
--beta               5.46
--rho                0.51
--q0                 0.00
--elitistants        0
--rasranks           0
--localsearch        0
--nnls               20
--dlb                1
--as                 0
--eas                0
--ras                0
--mmas               1
--bwas               0
--acs                0


begin try 0 
best     199705,        iteration:          1,        time       0.34
best     219039,        iteration:          3,        time       1.05
best     225951,        iteration:          9,        time       3.20
best     230532,        iteration:         12,        time       4.34
best     232805,        iteration:         14,        time       5.12
best     233202,        iteration:         15,        time       5.50
best     233350,        iteration:         20,        time       7.44
best     234286,        iteration:         22,        time       8.22
best     234918,        iteration:         51,        time      19.51
best     235589,        iteration:         81,        time      31.33
best     236754,        iteration:        106,        time      41.11
end try 0 


try          0,        best     236754,        found at iteration        106,        found at time      41.11
