Parameter-settings: 

--inputfile          instances/a280-thop/a280_01_bsc_10_02.thop
--outputfile         solutions/acothop/a280-thop/a280_01_bsc_10_02_08.thop.sol
--tries              1
--tours              0
--ptries             1
--time               28.00
--seed               858990
--optimum            1
--ants               196
--nnants             20
--alpha              1.24
--beta               5.46
--rho                0.51
--q0                 0.00
--elitistants        0
--rasranks           0
--localsearch        0
--nnls               20
--dlb                1
--as                 0
--eas                0
--ras                0
--mmas               1
--bwas               0
--acs                0


begin try 0 
best     179716,        iteration:          1,        time       0.12
best     182227,        iteration:          2,        time       0.24
best     183091,        iteration:          3,        time       0.36
best     188507,        iteration:          4,        time       0.47
best     191084,        iteration:          8,        time       0.94
best     198709,        iteration:         10,        time       1.18
best     201611,        iteration:         12,        time       1.41
best     201717,        iteration:         13,        time       1.52
best     204343,        iteration:         14,        time       1.64
best     205057,        iteration:         58,        time       6.92
best     205177,        iteration:         61,        time       7.29
best     205326,        iteration:         62,        time       7.41
best     206198,        iteration:         80,        time       9.60
best     206566,        iteration:        127,        time      15.24
best     206679,        iteration:        134,        time      16.10
end try 0 


try          0,        best     206679,        found at iteration        134,        found at time      16.10
