Parameter-settings: 

--inputfile          instances/a280-thop/a280_05_bsc_10_03.thop
--outputfile         solutions/acothop/a280-thop/a280_05_bsc_10_03_02.thop.sol
--tries              1
--tours              0
--ptries             1
--time               139.00
--seed               126489
--optimum            1
--ants               196
--nnants             20
--alpha              1.24
--beta               5.46
--rho                0.51
--q0                 0.00
--elitistants        0
--rasranks           0
--localsearch        0
--nnls               20
--dlb                1
--as                 0
--eas                0
--ras                0
--mmas               1
--bwas               0
--acs                0


begin try 0 
best     986545,        iteration:          1,        time       0.75
best    1022971,        iteration:          4,        time       2.99
best    1036599,        iteration:          6,        time       4.50
best    1087691,        iteration:          7,        time       5.26
best    1088132,        iteration:          9,        time       6.78
best    1107642,        iteration:         11,        time       8.32
best    1141514,        iteration:         12,        time       9.09
best    1149093,        iteration:         13,        time       9.86
best    1150794,        iteration:         15,        time      11.41
best    1167972,        iteration:         17,        time      12.95
best    1169219,        iteration:         24,        time      18.36
best    1169407,        iteration:         68,        time      52.46
best    1169930,        iteration:         81,        time      62.48
best    1170923,        iteration:         82,        time      63.25
best    1173441,        iteration:         88,        time      67.87
best    1174194,        iteration:         89,        time      68.65
best    1179263,        iteration:        124,        time      95.72
best    1180352,        iteration:        127,        time      98.04
best    1182385,        iteration:        135,        time     104.21
end try 0 


try          0,        best    1182385,        found at iteration        135,        found at time     104.21
