Parameter-settings: 

--inputfile          instances/a280-thop/a280_03_bsc_05_01.thop
--outputfile         solutions/acothop/a280-thop/a280_03_bsc_05_01_00.thop.sol
--tries              1
--tours              0
--ptries             1
--time               84.00
--seed               269070
--optimum            1
--ants               196
--nnants             20
--alpha              1.24
--beta               5.46
--rho                0.51
--q0                 0.00
--elitistants        0
--rasranks           0
--localsearch        0
--nnls               20
--dlb                1
--as                 0
--eas                0
--ras                0
--mmas               1
--bwas               0
--acs                0


begin try 0 
best     226833,        iteration:          1,        time       0.25
best     250535,        iteration:          2,        time       0.51
best     256261,        iteration:          4,        time       1.00
best     282852,        iteration:          5,        time       1.27
best     297882,        iteration:          8,        time       2.05
best     312987,        iteration:          9,        time       2.30
best     326764,        iteration:         12,        time       3.03
best     327016,        iteration:         13,        time       3.30
best     327205,        iteration:         15,        time       3.85
best     328125,        iteration:        117,        time      32.49
best     331209,        iteration:        189,        time      52.09
best     334555,        iteration:        301,        time      82.96
best     338985,        iteration:        302,        time      83.23
end try 0 


try          0,        best     338985,        found at iteration        302,        found at time      83.23
