Parameter-settings: 

--inputfile          instances/a280-thop/a280_01_unc_01_02.thop
--outputfile         solutions/acothop/a280-thop/a280_01_unc_01_02_01.thop.sol
--tries              1
--tours              0
--ptries             1
--time               28.00
--seed               99470
--optimum            1
--ants               196
--nnants             20
--alpha              1.24
--beta               5.46
--rho                0.51
--q0                 0.00
--elitistants        0
--rasranks           0
--localsearch        0
--nnls               20
--dlb                1
--as                 0
--eas                0
--ras                0
--mmas               1
--bwas               0
--acs                0


begin try 0 
best      34542,        iteration:          1,        time       0.09
best      34632,        iteration:          3,        time       0.28
best      35484,        iteration:          7,        time       0.64
best      36003,        iteration:          8,        time       0.72
best      36650,        iteration:          9,        time       0.80
best      36754,        iteration:         10,        time       0.87
best      36904,        iteration:         11,        time       0.95
best      37000,        iteration:         12,        time       1.02
best      37148,        iteration:         13,        time       1.09
end try 0 


try          0,        best      37148,        found at iteration         13,        found at time       1.09
