Parameter-settings: 

--inputfile          instances/a280-thop/a280_05_usw_10_03.thop
--outputfile         solutions/acothop/a280-thop/a280_05_usw_10_03_06.thop.sol
--tries              1
--tours              0
--ptries             1
--time               139.00
--seed               73456
--optimum            1
--ants               196
--nnants             20
--alpha              1.24
--beta               5.46
--rho                0.51
--q0                 0.00
--elitistants        0
--rasranks           0
--localsearch        0
--nnls               20
--dlb                1
--as                 0
--eas                0
--ras                0
--mmas               1
--bwas               0
--acs                0


begin try 0 
best     520867,        iteration:          4,        time       2.93
best     531126,        iteration:          5,        time       3.68
best     547764,        iteration:          6,        time       4.42
best     549238,        iteration:          7,        time       5.18
best     566430,        iteration:          8,        time       5.94
best     569455,        iteration:          9,        time       6.68
best     570046,        iteration:         10,        time       7.44
best     573956,        iteration:         11,        time       8.20
best     582299,        iteration:         12,        time       8.96
best     583991,        iteration:         13,        time       9.72
best     584071,        iteration:         14,        time      10.49
best     585993,        iteration:         15,        time      11.26
best     586048,        iteration:         17,        time      12.79
best     587764,        iteration:         19,        time      14.33
best     588130,        iteration:         20,        time      15.10
best     588720,        iteration:         26,        time      19.74
best     590597,        iteration:         27,        time      20.51
best     591521,        iteration:         28,        time      21.29
best     591613,        iteration:         30,        time      22.81
best     591733,        iteration:         33,        time      25.10
best     592329,        iteration:         37,        time      28.19
best     592384,        iteration:         38,        time      28.96
best     593679,        iteration:         39,        time      29.73
best     600361,        iteration:         40,        time      30.50
best     601548,        iteration:         41,        time      31.28
best     601749,        iteration:         42,        time      32.04
best     601890,        iteration:         43,        time      32.81
best     602365,        iteration:         44,        time      33.58
best     602388,        iteration:         46,        time      35.12
best     602463,        iteration:         47,        time      35.89
best     602496,        iteration:         48,        time      36.66
best     602872,        iteration:         49,        time      37.43
best     603075,        iteration:         50,        time      38.21
best     603281,        iteration:         51,        time      38.97
best     604224,        iteration:         52,        time      39.74
best     604235,        iteration:         54,        time      41.28
best     604243,        iteration:         55,        time      42.05
best     604291,        iteration:         57,        time      43.61
best     606319,        iteration:         59,        time      45.16
best     606864,        iteration:         60,        time      45.92
best     607437,        iteration:         61,        time      46.69
best     609391,        iteration:         73,        time      55.92
best     611067,        iteration:         74,        time      56.69
best     611194,        iteration:         75,        time      57.48
best     611212,        iteration:         79,        time      60.58
best     611229,        iteration:         83,        time      63.67
best     612059,        iteration:        123,        time      94.54
best     613506,        iteration:        124,        time      95.30
best     613520,        iteration:        125,        time      96.08
best     613523,        iteration:        162,        time     124.66
end try 0 


try          0,        best     613523,        found at iteration        162,        found at time     124.65
