Parameter-settings: 

--inputfile          instances/a280-thop/a280_01_bsc_05_01.thop
--outputfile         solutions/acothop/a280-thop/a280_01_bsc_05_01_03.thop.sol
--tries              1
--tours              0
--ptries             1
--time               28.00
--seed               644764
--optimum            1
--ants               196
--nnants             20
--alpha              1.24
--beta               5.46
--rho                0.51
--q0                 0.00
--elitistants        0
--rasranks           0
--localsearch        0
--nnls               20
--dlb                1
--as                 0
--eas                0
--ras                0
--mmas               1
--bwas               0
--acs                0


begin try 0 
best     102230,        iteration:          1,        time       0.09
best     105560,        iteration:          2,        time       0.17
best     111356,        iteration:          3,        time       0.26
best     114198,        iteration:          4,        time       0.35
best     118501,        iteration:          6,        time       0.54
best     119066,        iteration:          7,        time       0.63
best     119127,        iteration:          8,        time       0.73
best     119423,        iteration:         18,        time       1.70
best     120902,        iteration:         64,        time       6.01
best     122119,        iteration:         65,        time       6.10
best     123463,        iteration:         66,        time       6.19
best     123913,        iteration:         67,        time       6.28
best     124403,        iteration:         86,        time       8.14
best     124528,        iteration:         87,        time       8.24
best     125730,        iteration:        121,        time      11.55
best     125752,        iteration:        161,        time      15.53
best     126194,        iteration:        162,        time      15.62
best     126222,        iteration:        185,        time      17.89
best     126319,        iteration:        187,        time      18.09
best     126882,        iteration:        219,        time      21.13
best     127137,        iteration:        225,        time      21.71
best     127300,        iteration:        228,        time      22.01
best     127366,        iteration:        229,        time      22.11
end try 0 


try          0,        best     127366,        found at iteration        229,        found at time      22.11
