Parameter-settings: 

--inputfile          instances/a280-thop/a280_03_unc_10_03.thop
--outputfile         solutions/acothop/a280-thop/a280_03_unc_10_03_02.thop.sol
--tries              1
--tours              0
--ptries             1
--time               84.00
--seed               126489
--optimum            1
--ants               196
--nnants             20
--alpha              1.24
--beta               5.46
--rho                0.51
--q0                 0.00
--elitistants        0
--rasranks           0
--localsearch        0
--nnls               20
--dlb                1
--as                 0
--eas                0
--ras                0
--mmas               1
--bwas               0
--acs                0


begin try 0 
best     277443,        iteration:          1,        time       0.45
best     281767,        iteration:          2,        time       0.90
best     285313,        iteration:          3,        time       1.35
best     290075,        iteration:          4,        time       1.80
best     297013,        iteration:          5,        time       2.26
best     306565,        iteration:          6,        time       2.72
best     311210,        iteration:          7,        time       3.18
best     320343,        iteration:          8,        time       3.64
best     324116,        iteration:         10,        time       4.55
best     327489,        iteration:         11,        time       5.02
best     330580,        iteration:         12,        time       5.49
best     332590,        iteration:         13,        time       5.95
best     334143,        iteration:         14,        time       6.42
best     335148,        iteration:         15,        time       6.88
best     335517,        iteration:         16,        time       7.35
best     335545,        iteration:         17,        time       7.80
best     335550,        iteration:         18,        time       8.26
best     335557,        iteration:         32,        time      14.89
best     335563,        iteration:         35,        time      16.31
best     335576,        iteration:         46,        time      21.51
best     337082,        iteration:         61,        time      28.61
best     337163,        iteration:         63,        time      29.55
best     337170,        iteration:         64,        time      30.03
best     337703,        iteration:         71,        time      33.24
best     337859,        iteration:         72,        time      33.72
best     338901,        iteration:         98,        time      46.04
best     339044,        iteration:         99,        time      46.51
best     339119,        iteration:        100,        time      46.98
best     339141,        iteration:        101,        time      47.48
best     339216,        iteration:        103,        time      48.42
best     339947,        iteration:        126,        time      59.31
best     339965,        iteration:        127,        time      59.78
best     340182,        iteration:        128,        time      60.26
best     340205,        iteration:        129,        time      60.74
best     340269,        iteration:        133,        time      62.63
end try 0 


try          0,        best     340269,        found at iteration        133,        found at time      62.63
