Parameter-settings: 

--inputfile          instances/a280-thop/a280_10_bsc_05_01.thop
--outputfile         solutions/acothop/a280-thop/a280_10_bsc_05_01_08.thop.sol
--tries              1
--tours              0
--ptries             1
--time               278.00
--seed               858990
--optimum            1
--ants               196
--nnants             20
--alpha              1.24
--beta               5.46
--rho                0.51
--q0                 0.00
--elitistants        0
--rasranks           0
--localsearch        0
--nnls               20
--dlb                1
--as                 0
--eas                0
--ras                0
--mmas               1
--bwas               0
--acs                0


begin try 0 
best     835019,        iteration:          1,        time       0.93
best     907668,        iteration:          2,        time       1.85
best     945122,        iteration:          3,        time       2.78
best     948029,        iteration:          5,        time       4.70
best    1004729,        iteration:          9,        time       8.46
best    1023390,        iteration:         15,        time      14.15
best    1037149,        iteration:         18,        time      17.20
best    1062641,        iteration:         19,        time      18.24
best    1109559,        iteration:         28,        time      27.67
best    1109755,        iteration:         29,        time      28.70
best    1116256,        iteration:         30,        time      29.74
best    1117467,        iteration:         31,        time      30.80
best    1145509,        iteration:         35,        time      35.12
best    1149496,        iteration:         36,        time      36.22
best    1153659,        iteration:         57,        time      59.06
best    1156102,        iteration:         63,        time      65.64
best    1165126,        iteration:         74,        time      77.58
best    1165971,        iteration:         75,        time      78.67
best    1169544,        iteration:         99,        time     104.62
end try 0 


try          0,        best    1169544,        found at iteration         99,        found at time     104.62
