Parameter-settings: 

--inputfile          instances/a280-thop/a280_01_unc_01_01.thop
--outputfile         solutions/acothop/a280-thop/a280_01_unc_01_01_08.thop.sol
--tries              1
--tours              0
--ptries             1
--time               28.00
--seed               858990
--optimum            1
--ants               196
--nnants             20
--alpha              1.24
--beta               5.46
--rho                0.51
--q0                 0.00
--elitistants        0
--rasranks           0
--localsearch        0
--nnls               20
--dlb                1
--as                 0
--eas                0
--ras                0
--mmas               1
--bwas               0
--acs                0


begin try 0 
best      22198,        iteration:          1,        time       0.09
best      26044,        iteration:          4,        time       0.33
best      27048,        iteration:          7,        time       0.58
best      27219,        iteration:          8,        time       0.66
best      28714,        iteration:          9,        time       0.74
best      29343,        iteration:         12,        time       0.97
end try 0 


try          0,        best      29343,        found at iteration         12,        found at time       0.97
