Parameter-settings: 

--inputfile          instances/a280-thop/a280_10_usw_01_03.thop
--outputfile         solutions/acothop/a280-thop/a280_10_usw_01_03_01.thop.sol
--tries              1
--tours              0
--ptries             1
--time               278.00
--seed               99470
--optimum            1
--ants               196
--nnants             20
--alpha              1.24
--beta               5.46
--rho                0.51
--q0                 0.00
--elitistants        0
--rasranks           0
--localsearch        0
--nnls               20
--dlb                1
--as                 0
--eas                0
--ras                0
--mmas               1
--bwas               0
--acs                0


begin try 0 
best     202098,        iteration:          1,        time       0.71
best     204971,        iteration:          5,        time       3.59
best     206507,        iteration:          8,        time       5.62
best     207518,        iteration:          9,        time       6.32
best     209321,        iteration:         11,        time       7.61
best     212207,        iteration:         12,        time       8.16
best     215810,        iteration:         13,        time       8.79
best     216425,        iteration:         14,        time       9.31
best     218130,        iteration:         17,        time      10.75
best     218157,        iteration:         18,        time      11.34
best     218227,        iteration:         50,        time      26.27
best     218354,        iteration:         54,        time      28.21
best     218422,        iteration:         66,        time      33.85
best     219110,        iteration:         83,        time      41.84
best     220078,        iteration:         84,        time      42.30
best     220111,        iteration:         87,        time      43.61
best     220118,        iteration:         94,        time      46.62
best     220144,        iteration:        217,        time      98.51
end try 0 


try          0,        best     220144,        found at iteration        217,        found at time      98.51
