Parameter-settings: 

--inputfile          instances/a280-thop/a280_01_bsc_05_01.thop
--outputfile         solutions/acothop/a280-thop/a280_01_bsc_05_01_04.thop.sol
--tries              1
--tours              0
--ptries             1
--time               28.00
--seed               547617
--optimum            1
--ants               196
--nnants             20
--alpha              1.24
--beta               5.46
--rho                0.51
--q0                 0.00
--elitistants        0
--rasranks           0
--localsearch        0
--nnls               20
--dlb                1
--as                 0
--eas                0
--ras                0
--mmas               1
--bwas               0
--acs                0


begin try 0 
best     102934,        iteration:          1,        time       0.10
best     102973,        iteration:          3,        time       0.30
best     112328,        iteration:          5,        time       0.49
best     114544,        iteration:          6,        time       0.58
best     117364,        iteration:          7,        time       0.68
best     121950,        iteration:          8,        time       0.76
best     124817,        iteration:          9,        time       0.85
best     125141,        iteration:         10,        time       0.95
best     125308,        iteration:         12,        time       1.14
best     125637,        iteration:         14,        time       1.34
best     128159,        iteration:        131,        time      12.80
best     129214,        iteration:        132,        time      12.90
best     129895,        iteration:        133,        time      13.00
best     130656,        iteration:        134,        time      13.09
best     130727,        iteration:        137,        time      13.38
best     130899,        iteration:        146,        time      14.26
best     131516,        iteration:        176,        time      17.21
best     132068,        iteration:        177,        time      17.31
best     132132,        iteration:        178,        time      17.41
best     132282,        iteration:        179,        time      17.51
best     133828,        iteration:        215,        time      21.01
best     133984,        iteration:        217,        time      21.21
best     134093,        iteration:        218,        time      21.31
best     134376,        iteration:        219,        time      21.41
end try 0 


try          0,        best     134376,        found at iteration        219,        found at time      21.41
