Parameter-settings: 

--inputfile          instances/a280-thop/a280_01_bsc_05_02.thop
--outputfile         solutions/acothop/a280-thop/a280_01_bsc_05_02_08.thop.sol
--tries              1
--tours              0
--ptries             1
--time               28.00
--seed               858990
--optimum            1
--ants               196
--nnants             20
--alpha              1.24
--beta               5.46
--rho                0.51
--q0                 0.00
--elitistants        0
--rasranks           0
--localsearch        0
--nnls               20
--dlb                1
--as                 0
--eas                0
--ras                0
--mmas               1
--bwas               0
--acs                0


begin try 0 
best     128742,        iteration:          1,        time       0.11
best     135893,        iteration:          2,        time       0.23
best     137111,        iteration:          5,        time       0.56
best     137717,        iteration:          6,        time       0.67
best     138246,        iteration:         10,        time       1.11
best     140120,        iteration:         11,        time       1.23
best     141352,        iteration:         12,        time       1.34
best     141907,        iteration:         13,        time       1.45
best     143379,        iteration:         14,        time       1.56
best     143593,        iteration:         15,        time       1.67
best     144535,        iteration:         18,        time       2.00
best     144656,        iteration:         29,        time       3.23
best     145715,        iteration:         40,        time       4.44
best     146107,        iteration:         42,        time       4.67
best     146236,        iteration:         47,        time       5.23
best     146414,        iteration:         51,        time       5.65
best     146859,        iteration:         73,        time       8.05
best     147309,        iteration:         74,        time       8.16
end try 0 


try          0,        best     147309,        found at iteration         74,        found at time       8.16
