Parameter-settings: 

--inputfile          instances/a280-thop/a280_01_usw_05_03.thop
--outputfile         solutions/acothop/a280-thop/a280_01_usw_05_03_08.thop.sol
--tries              1
--tours              0
--ptries             1
--time               28.00
--seed               858990
--optimum            1
--ants               196
--nnants             20
--alpha              1.24
--beta               5.46
--rho                0.51
--q0                 0.00
--elitistants        0
--rasranks           0
--localsearch        0
--nnls               20
--dlb                1
--as                 0
--eas                0
--ras                0
--mmas               1
--bwas               0
--acs                0


begin try 0 
best      71417,        iteration:          1,        time       0.11
best      73736,        iteration:          2,        time       0.22
best      76676,        iteration:          4,        time       0.44
best      78721,        iteration:          6,        time       0.66
best      79158,        iteration:          8,        time       0.89
best      80399,        iteration:          9,        time       1.00
best      80618,        iteration:         10,        time       1.11
best      80910,        iteration:         11,        time       1.21
best      81091,        iteration:         13,        time       1.43
best      81513,        iteration:         48,        time       5.24
best      81887,        iteration:         49,        time       5.34
best      82250,        iteration:         70,        time       7.58
best      82373,        iteration:         71,        time       7.68
best      82696,        iteration:        112,        time      12.05
best      82793,        iteration:        114,        time      12.26
best      83001,        iteration:        115,        time      12.37
best      83019,        iteration:        117,        time      12.59
best      83262,        iteration:        151,        time      16.27
best      83861,        iteration:        172,        time      18.52
best      83944,        iteration:        190,        time      20.40
end try 0 


try          0,        best      83944,        found at iteration        190,        found at time      20.40
