Parameter-settings: 

--inputfile          instances/a280-thop/a280_03_unc_10_01.thop
--outputfile         solutions/acothop/a280-thop/a280_03_unc_10_01_02.thop.sol
--tries              1
--tours              0
--ptries             1
--time               84.00
--seed               126489
--optimum            1
--ants               196
--nnants             20
--alpha              1.24
--beta               5.46
--rho                0.51
--q0                 0.00
--elitistants        0
--rasranks           0
--localsearch        0
--nnls               20
--dlb                1
--as                 0
--eas                0
--ras                0
--mmas               1
--bwas               0
--acs                0


begin try 0 
best     132665,        iteration:          1,        time       0.26
best     136158,        iteration:          3,        time       0.79
best     146395,        iteration:          5,        time       1.30
best     152020,        iteration:          8,        time       2.09
best     159253,        iteration:         11,        time       2.87
best     168155,        iteration:         13,        time       3.41
best     169512,        iteration:         18,        time       4.75
best     170725,        iteration:         21,        time       5.57
best     174347,        iteration:         22,        time       5.85
best     174987,        iteration:         29,        time       7.84
best     175096,        iteration:         88,        time      24.51
best     176472,        iteration:         89,        time      24.80
best     176478,        iteration:         94,        time      26.23
best     176483,        iteration:        102,        time      28.57
best     176855,        iteration:        139,        time      39.28
best     177063,        iteration:        157,        time      44.48
best     178166,        iteration:        259,        time      73.47
best     178945,        iteration:        262,        time      74.35
best     179377,        iteration:        274,        time      77.87
end try 0 


try          0,        best     179377,        found at iteration        274,        found at time      77.87
