Parameter-settings: 

--inputfile          instances/a280-thop/a280_10_unc_10_02.thop
--outputfile         solutions/acothop/a280-thop/a280_10_unc_10_02_07.thop.sol
--tries              1
--tours              0
--ptries             1
--time               278.00
--seed               462018
--optimum            1
--ants               196
--nnants             20
--alpha              1.24
--beta               5.46
--rho                0.51
--q0                 0.00
--elitistants        0
--rasranks           0
--localsearch        0
--nnls               20
--dlb                1
--as                 0
--eas                0
--ras                0
--mmas               1
--bwas               0
--acs                0


begin try 0 
best     623563,        iteration:          1,        time       1.23
best     657169,        iteration:          2,        time       2.48
best     671221,        iteration:          3,        time       3.77
best     698915,        iteration:          4,        time       5.10
best     716487,        iteration:          5,        time       6.44
best     756765,        iteration:          7,        time       9.17
best     782772,        iteration:         10,        time      13.46
best     821562,        iteration:         12,        time      16.40
best     823096,        iteration:         13,        time      17.91
best     836422,        iteration:         14,        time      19.46
best     840619,        iteration:         15,        time      21.01
best     849816,        iteration:         16,        time      22.56
best     851510,        iteration:         35,        time      53.12
best     854613,        iteration:         37,        time      56.33
best     860216,        iteration:         38,        time      57.93
best     860282,        iteration:         39,        time      59.55
best     865281,        iteration:         54,        time      83.86
best     867835,        iteration:         75,        time     117.98
best     869222,        iteration:         82,        time     129.38
best     873637,        iteration:         93,        time     147.38
best     875191,        iteration:         99,        time     157.22
best     877613,        iteration:        114,        time     181.84
best     879567,        iteration:        140,        time     224.42
end try 0 


try          0,        best     879567,        found at iteration        140,        found at time     224.42
