Parameter-settings: 

--inputfile          instances/a280-thop/a280_01_unc_10_03.thop
--outputfile         solutions/acothop/a280-thop/a280_01_unc_10_03_08.thop.sol
--tries              1
--tours              0
--ptries             1
--time               28.00
--seed               858990
--optimum            1
--ants               196
--nnants             20
--alpha              1.24
--beta               5.46
--rho                0.51
--q0                 0.00
--elitistants        0
--rasranks           0
--localsearch        0
--nnls               20
--dlb                1
--as                 0
--eas                0
--ras                0
--mmas               1
--bwas               0
--acs                0


begin try 0 
best      99711,        iteration:          2,        time       0.25
best     103907,        iteration:          5,        time       0.63
best     104993,        iteration:          8,        time       1.02
best     108310,        iteration:         10,        time       1.28
best     109585,        iteration:         13,        time       1.67
best     109874,        iteration:         42,        time       5.51
best     109895,        iteration:         93,        time      11.97
best     109900,        iteration:         94,        time      12.09
best     110421,        iteration:         95,        time      12.22
best     110793,        iteration:         97,        time      12.48
best     111331,        iteration:        102,        time      13.13
best     111477,        iteration:        103,        time      13.26
best     111635,        iteration:        104,        time      13.38
best     111639,        iteration:        126,        time      16.18
best     111658,        iteration:        128,        time      16.43
best     111804,        iteration:        133,        time      17.06
end try 0 


try          0,        best     111804,        found at iteration        133,        found at time      17.06
