Parameter-settings: 

--inputfile          instances/a280-thop/a280_10_usw_05_01.thop
--outputfile         solutions/acothop/a280-thop/a280_10_usw_05_01_01.thop.sol
--tries              1
--tours              0
--ptries             1
--time               278.00
--seed               99470
--optimum            1
--ants               196
--nnants             20
--alpha              1.24
--beta               5.46
--rho                0.51
--q0                 0.00
--elitistants        0
--rasranks           0
--localsearch        0
--nnls               20
--dlb                1
--as                 0
--eas                0
--ras                0
--mmas               1
--bwas               0
--acs                0


begin try 0 
best     457474,        iteration:          1,        time       0.95
best     466749,        iteration:          2,        time       1.93
best     489633,        iteration:          4,        time       3.93
best     498163,        iteration:          8,        time       8.03
best     504675,        iteration:          9,        time       9.08
best     518161,        iteration:         10,        time      10.13
best     531688,        iteration:         11,        time      11.20
best     532673,        iteration:         15,        time      15.53
best     533425,        iteration:         16,        time      16.59
best     537301,        iteration:         17,        time      17.66
best     537316,        iteration:         19,        time      19.85
best     537510,        iteration:         21,        time      22.04
best     537901,        iteration:         22,        time      23.14
best     538934,        iteration:         25,        time      26.44
best     540681,        iteration:         58,        time      62.62
best     543413,        iteration:         59,        time      63.72
best     547721,        iteration:         60,        time      64.82
best     549333,        iteration:         61,        time      65.94
best     549433,        iteration:         71,        time      76.94
best     550010,        iteration:         79,        time      85.70
best     550786,        iteration:         84,        time      91.16
best     550853,        iteration:         96,        time     104.43
best     551018,        iteration:        135,        time     147.48
best     552435,        iteration:        179,        time     196.12
best     554142,        iteration:        184,        time     201.67
end try 0 


try          0,        best     554142,        found at iteration        184,        found at time     201.67
