Parameter-settings: 

--inputfile          instances/a280-thop/a280_01_bsc_10_02.thop
--outputfile         solutions/acothop/a280-thop/a280_01_bsc_10_02_05.thop.sol
--tries              1
--tours              0
--ptries             1
--time               28.00
--seed               642580
--optimum            1
--ants               196
--nnants             20
--alpha              1.24
--beta               5.46
--rho                0.51
--q0                 0.00
--elitistants        0
--rasranks           0
--localsearch        0
--nnls               20
--dlb                1
--as                 0
--eas                0
--ras                0
--mmas               1
--bwas               0
--acs                0


begin try 0 
best     186272,        iteration:          1,        time       0.12
best     188401,        iteration:          6,        time       0.70
best     200641,        iteration:          7,        time       0.82
best     201041,        iteration:          8,        time       0.94
best     204291,        iteration:          9,        time       1.06
best     212899,        iteration:         10,        time       1.17
best     213405,        iteration:         11,        time       1.29
best     213756,        iteration:         12,        time       1.40
best     213966,        iteration:         15,        time       1.76
best     214804,        iteration:         19,        time       2.25
best     215176,        iteration:         21,        time       2.49
best     215257,        iteration:         68,        time       8.11
best     215530,        iteration:         69,        time       8.23
best     215682,        iteration:         79,        time       9.43
best     217496,        iteration:         82,        time       9.79
best     219264,        iteration:        126,        time      15.07
best     220475,        iteration:        129,        time      15.40
end try 0 


try          0,        best     220475,        found at iteration        129,        found at time      15.40
