Parameter-settings: 

--inputfile          instances/a280-thop/a280_03_usw_05_01.thop
--outputfile         solutions/acothop/a280-thop/a280_03_usw_05_01_06.thop.sol
--tries              1
--tours              0
--ptries             1
--time               84.00
--seed               73456
--optimum            1
--ants               196
--nnants             20
--alpha              1.24
--beta               5.46
--rho                0.51
--q0                 0.00
--elitistants        0
--rasranks           0
--localsearch        0
--nnls               20
--dlb                1
--as                 0
--eas                0
--ras                0
--mmas               1
--bwas               0
--acs                0


begin try 0 
best     134078,        iteration:          1,        time       0.27
best     143330,        iteration:          3,        time       0.84
best     150378,        iteration:          6,        time       1.68
best     152824,        iteration:          7,        time       1.97
best     164769,        iteration:          8,        time       2.26
best     165061,        iteration:         12,        time       3.40
best     165127,        iteration:        188,        time      56.34
best     165330,        iteration:        191,        time      57.25
end try 0 


try          0,        best     165330,        found at iteration        191,        found at time      57.25
