Parameter-settings: 

--inputfile          instances/a280-thop/a280_05_bsc_01_01.thop
--outputfile         solutions/acothop/a280-thop/a280_05_bsc_01_01_01.thop.sol
--tries              1
--tours              0
--ptries             1
--time               139.00
--seed               99470
--optimum            1
--ants               196
--nnants             20
--alpha              1.24
--beta               5.46
--rho                0.51
--q0                 0.00
--elitistants        0
--rasranks           0
--localsearch        0
--nnls               20
--dlb                1
--as                 0
--eas                0
--ras                0
--mmas               1
--bwas               0
--acs                0


begin try 0 
best     148089,        iteration:          1,        time       0.34
best     152266,        iteration:          4,        time       1.43
best     152758,        iteration:          8,        time       2.86
best     152835,        iteration:         17,        time       6.09
best     153060,        iteration:         19,        time       6.80
best     154126,        iteration:         26,        time       9.26
best     154554,        iteration:         29,        time      10.26
best     154564,        iteration:         32,        time      11.18
best     154569,        iteration:        196,        time      61.82
best     154661,        iteration:        197,        time      62.11
best     154771,        iteration:        214,        time      67.56
best     154991,        iteration:        363,        time     113.51
best     155245,        iteration:        365,        time     114.12
best     155258,        iteration:        394,        time     123.10
best     155852,        iteration:        430,        time     134.24
best     156266,        iteration:        433,        time     135.29
best     156505,        iteration:        434,        time     135.64
best     156564,        iteration:        435,        time     135.97
best     156859,        iteration:        436,        time     136.28
best     157137,        iteration:        438,        time     136.89
end try 0 


try          0,        best     157137,        found at iteration        438,        found at time     136.89
