Parameter-settings: 

--inputfile          instances/a280-thop/a280_03_unc_10_01.thop
--outputfile         solutions/acothop/a280-thop/a280_03_unc_10_01_09.thop.sol
--tries              1
--tours              0
--ptries             1
--time               84.00
--seed               756112
--optimum            1
--ants               196
--nnants             20
--alpha              1.24
--beta               5.46
--rho                0.51
--q0                 0.00
--elitistants        0
--rasranks           0
--localsearch        0
--nnls               20
--dlb                1
--as                 0
--eas                0
--ras                0
--mmas               1
--bwas               0
--acs                0


begin try 0 
best     139569,        iteration:          1,        time       0.26
best     149569,        iteration:          3,        time       0.78
best     155382,        iteration:         10,        time       2.63
best     156621,        iteration:         13,        time       3.45
best     157759,        iteration:         14,        time       3.73
best     159292,        iteration:         16,        time       4.29
best     159541,        iteration:         21,        time       5.68
best     159965,        iteration:         23,        time       6.24
best     160147,        iteration:         27,        time       7.37
best     162862,        iteration:         30,        time       8.21
best     163267,        iteration:         33,        time       9.06
best     163407,        iteration:         37,        time      10.18
best     164293,        iteration:         51,        time      14.14
best     178759,        iteration:         52,        time      14.42
best     179172,        iteration:         59,        time      16.42
best     181360,        iteration:         61,        time      16.99
best     183945,        iteration:        164,        time      46.81
best     185944,        iteration:        167,        time      47.67
best     186293,        iteration:        175,        time      49.98
best     188298,        iteration:        182,        time      52.03
best     188574,        iteration:        185,        time      52.90
best     190984,        iteration:        188,        time      53.78
end try 0 


try          0,        best     190984,        found at iteration        188,        found at time      53.78
