Parameter-settings: 

--inputfile          instances/a280-thop/a280_01_unc_05_01.thop
--outputfile         solutions/acothop/a280-thop/a280_01_unc_05_01_07.thop.sol
--tries              1
--tours              0
--ptries             1
--time               28.00
--seed               462018
--optimum            1
--ants               196
--nnants             20
--alpha              1.24
--beta               5.46
--rho                0.51
--q0                 0.00
--elitistants        0
--rasranks           0
--localsearch        0
--nnls               20
--dlb                1
--as                 0
--eas                0
--ras                0
--mmas               1
--bwas               0
--acs                0


begin try 0 
best      37788,        iteration:          1,        time       0.07
best      41336,        iteration:          3,        time       0.24
best      42321,        iteration:          5,        time       0.41
best      44441,        iteration:          6,        time       0.51
best      46076,        iteration:        142,        time      13.05
best      46369,        iteration:        189,        time      17.38
best      47990,        iteration:        190,        time      17.47
best      48212,        iteration:        198,        time      18.14
best      48492,        iteration:        210,        time      19.27
best      48586,        iteration:        239,        time      22.02
best      48783,        iteration:        260,        time      23.97
end try 0 


try          0,        best      48783,        found at iteration        260,        found at time      23.97
