Parameter-settings: 

--inputfile          instances/a280-thop/a280_03_unc_05_01.thop
--outputfile         solutions/acothop/a280-thop/a280_03_unc_05_01_03.thop.sol
--tries              1
--tours              0
--ptries             1
--time               84.00
--seed               644764
--optimum            1
--ants               196
--nnants             20
--alpha              1.24
--beta               5.46
--rho                0.51
--q0                 0.00
--elitistants        0
--rasranks           0
--localsearch        0
--nnls               20
--dlb                1
--as                 0
--eas                0
--ras                0
--mmas               1
--bwas               0
--acs                0


begin try 0 
best     100707,        iteration:          1,        time       0.25
best     112634,        iteration:          2,        time       0.51
best     124784,        iteration:          3,        time       0.77
best     130558,        iteration:          7,        time       1.78
best     135936,        iteration:          9,        time       2.31
best     136787,        iteration:         10,        time       2.58
best     139721,        iteration:         11,        time       2.86
best     141335,        iteration:         13,        time       3.41
best     142516,        iteration:         15,        time       3.96
best     143481,        iteration:         16,        time       4.25
best     144713,        iteration:         18,        time       4.81
best     144812,        iteration:         24,        time       6.47
best     145143,        iteration:         41,        time      11.20
best     145469,        iteration:         44,        time      12.04
best     145588,        iteration:         45,        time      12.33
best     146395,        iteration:         52,        time      14.33
best     148138,        iteration:         53,        time      14.62
best     148307,        iteration:         55,        time      15.19
best     149224,        iteration:         66,        time      18.35
end try 0 


try          0,        best     149224,        found at iteration         66,        found at time      18.35
