Parameter-settings: 

--inputfile          instances/a280-thop/a280_05_usw_10_01.thop
--outputfile         solutions/acothop/a280-thop/a280_05_usw_10_01_09.thop.sol
--tries              1
--tours              0
--ptries             1
--time               139.00
--seed               756112
--optimum            1
--ants               196
--nnants             20
--alpha              1.24
--beta               5.46
--rho                0.51
--q0                 0.00
--elitistants        0
--rasranks           0
--localsearch        0
--nnls               20
--dlb                1
--as                 0
--eas                0
--ras                0
--mmas               1
--bwas               0
--acs                0


begin try 0 
best     278901,        iteration:          1,        time       0.49
best     279607,        iteration:          2,        time       0.99
best     291266,        iteration:          3,        time       1.49
best     291382,        iteration:          4,        time       2.00
best     306917,        iteration:          5,        time       2.50
best     314820,        iteration:          6,        time       3.01
best     339634,        iteration:          7,        time       3.54
best     341851,        iteration:          9,        time       4.56
best     342133,        iteration:         12,        time       6.20
best     344343,        iteration:         26,        time      14.02
best     348412,        iteration:         69,        time      38.01
best     351129,        iteration:         70,        time      38.54
best     352158,        iteration:         74,        time      40.77
best     353504,        iteration:        117,        time      64.94
best     353700,        iteration:        118,        time      65.50
best     353835,        iteration:        120,        time      66.64
best     354240,        iteration:        139,        time      77.45
best     354995,        iteration:        212,        time     118.81
best     356159,        iteration:        213,        time     119.38
best     356462,        iteration:        215,        time     120.51
best     356721,        iteration:        216,        time     121.09
best     357024,        iteration:        218,        time     122.23
end try 0 


try          0,        best     357024,        found at iteration        218,        found at time     122.23
