Parameter-settings: 

--inputfile          instances/a280-thop/a280_03_bsc_10_03.thop
--outputfile         solutions/acothop/a280-thop/a280_03_bsc_10_03_04.thop.sol
--tries              1
--tours              0
--ptries             1
--time               84.00
--seed               547617
--optimum            1
--ants               196
--nnants             20
--alpha              1.24
--beta               5.46
--rho                0.51
--q0                 0.00
--elitistants        0
--rasranks           0
--localsearch        0
--nnls               20
--dlb                1
--as                 0
--eas                0
--ras                0
--mmas               1
--bwas               0
--acs                0


begin try 0 
best     597518,        iteration:          1,        time       0.41
best     600435,        iteration:          2,        time       0.83
best     620893,        iteration:          3,        time       1.25
best     629465,        iteration:          5,        time       2.08
best     631095,        iteration:          6,        time       2.50
best     632765,        iteration:          9,        time       3.75
best     638656,        iteration:         10,        time       4.17
best     648200,        iteration:         12,        time       5.01
best     651861,        iteration:         13,        time       5.44
best     652507,        iteration:         15,        time       6.27
best     658524,        iteration:         20,        time       8.42
best     658855,        iteration:         22,        time       9.24
best     659966,        iteration:         30,        time      12.62
best     660019,        iteration:         34,        time      14.32
best     660414,        iteration:         40,        time      16.87
best     687096,        iteration:         66,        time      27.92
best     687811,        iteration:         67,        time      28.34
best     690494,        iteration:         70,        time      29.63
best     694780,        iteration:        137,        time      58.21
end try 0 


try          0,        best     694780,        found at iteration        137,        found at time      58.21
