Parameter-settings: 

--inputfile          instances/a280-thop/a280_05_unc_10_02.thop
--outputfile         solutions/acothop/a280-thop/a280_05_unc_10_02_09.thop.sol
--tries              1
--tours              0
--ptries             1
--time               139.00
--seed               756112
--optimum            1
--ants               196
--nnants             20
--alpha              1.24
--beta               5.46
--rho                0.51
--q0                 0.00
--elitistants        0
--rasranks           0
--localsearch        0
--nnls               20
--dlb                1
--as                 0
--eas                0
--ras                0
--mmas               1
--bwas               0
--acs                0


begin try 0 
best     325790,        iteration:          1,        time       0.61
best     373396,        iteration:          3,        time       1.85
best     382940,        iteration:         15,        time       9.63
best     383664,        iteration:         16,        time      10.34
best     383711,        iteration:         17,        time      11.06
best     394075,        iteration:         19,        time      12.49
best     394655,        iteration:         20,        time      13.22
best     394743,        iteration:         23,        time      15.40
best     396970,        iteration:         61,        time      42.82
best     399699,        iteration:         62,        time      43.54
best     400860,        iteration:        105,        time      74.68
best     401771,        iteration:        164,        time     117.54
best     404219,        iteration:        166,        time     119.00
end try 0 


try          0,        best     404219,        found at iteration        166,        found at time     119.00
