Parameter-settings: 

--inputfile          instances/a280-thop/a280_01_bsc_01_03.thop
--outputfile         solutions/acothop/a280-thop/a280_01_bsc_01_03_08.thop.sol
--tries              1
--tours              0
--ptries             1
--time               28.00
--seed               858990
--optimum            1
--ants               196
--nnants             20
--alpha              1.24
--beta               5.46
--rho                0.51
--q0                 0.00
--elitistants        0
--rasranks           0
--localsearch        0
--nnls               20
--dlb                1
--as                 0
--eas                0
--ras                0
--mmas               1
--bwas               0
--acs                0


begin try 0 
best      35123,        iteration:          2,        time       0.17
best      37790,        iteration:          4,        time       0.33
best      38149,        iteration:          7,        time       0.56
best      38309,        iteration:         12,        time       0.90
best      38940,        iteration:         15,        time       1.08
end try 0 


try          0,        best      38940,        found at iteration         15,        found at time       1.08
