Parameter-settings: 

--inputfile          instances/a280-thop/a280_01_bsc_10_03.thop
--outputfile         solutions/acothop/a280-thop/a280_01_bsc_10_03_00.thop.sol
--tries              1
--tours              0
--ptries             1
--time               28.00
--seed               269070
--optimum            1
--ants               196
--nnants             20
--alpha              1.24
--beta               5.46
--rho                0.51
--q0                 0.00
--elitistants        0
--rasranks           0
--localsearch        0
--nnls               20
--dlb                1
--as                 0
--eas                0
--ras                0
--mmas               1
--bwas               0
--acs                0


begin try 0 
best     217087,        iteration:          1,        time       0.13
best     217578,        iteration:          2,        time       0.26
best     226856,        iteration:          3,        time       0.39
best     227790,        iteration:          4,        time       0.53
best     232134,        iteration:          5,        time       0.66
best     237858,        iteration:          6,        time       0.78
best     240131,        iteration:          7,        time       0.91
best     240532,        iteration:          8,        time       1.04
best     241700,        iteration:         10,        time       1.30
best     241726,        iteration:         12,        time       1.56
best     242253,        iteration:         13,        time       1.68
best     244788,        iteration:         14,        time       1.81
best     245563,        iteration:         54,        time       6.88
best     245577,        iteration:         56,        time       7.14
best     249453,        iteration:         58,        time       7.40
best     250406,        iteration:         60,        time       7.66
best     250529,        iteration:         61,        time       7.79
best     250570,        iteration:         64,        time       8.18
best     251236,        iteration:         66,        time       8.43
best     251392,        iteration:         67,        time       8.56
best     251617,        iteration:         86,        time      11.01
best     252263,        iteration:        147,        time      18.83
best     252909,        iteration:        160,        time      20.49
end try 0 


try          0,        best     252909,        found at iteration        160,        found at time      20.49
