Parameter-settings: 

--inputfile          instances/a280-thop/a280_03_unc_05_02.thop
--outputfile         solutions/acothop/a280-thop/a280_03_unc_05_02_00.thop.sol
--tries              1
--tours              0
--ptries             1
--time               84.00
--seed               269070
--optimum            1
--ants               196
--nnants             20
--alpha              1.24
--beta               5.46
--rho                0.51
--q0                 0.00
--elitistants        0
--rasranks           0
--localsearch        0
--nnls               20
--dlb                1
--as                 0
--eas                0
--ras                0
--mmas               1
--bwas               0
--acs                0


begin try 0 
best     159159,        iteration:          1,        time       0.33
best     167775,        iteration:          2,        time       0.67
best     177092,        iteration:          4,        time       1.35
best     188940,        iteration:          5,        time       1.70
best     189103,        iteration:          7,        time       2.41
best     194899,        iteration:          8,        time       2.77
best     195283,        iteration:         10,        time       3.49
best     197713,        iteration:         12,        time       4.26
best     198125,        iteration:         82,        time      31.27
best     198350,        iteration:         87,        time      33.21
best     199755,        iteration:        171,        time      65.70
best     200057,        iteration:        172,        time      66.09
end try 0 


try          0,        best     200057,        found at iteration        172,        found at time      66.09
