Parameter-settings: 

--inputfile          instances/a280-thop/a280_05_usw_01_02.thop
--outputfile         solutions/acothop/a280-thop/a280_05_usw_01_02_06.thop.sol
--tries              1
--tours              0
--ptries             1
--time               139.00
--seed               73456
--optimum            1
--ants               196
--nnants             20
--alpha              1.24
--beta               5.46
--rho                0.51
--q0                 0.00
--elitistants        0
--rasranks           0
--localsearch        0
--nnls               20
--dlb                1
--as                 0
--eas                0
--ras                0
--mmas               1
--bwas               0
--acs                0


begin try 0 
best      91118,        iteration:          1,        time       0.36
best      93200,        iteration:          4,        time       1.43
best      97232,        iteration:          5,        time       1.78
best      97739,        iteration:          6,        time       2.12
best      99874,        iteration:          7,        time       2.47
best     100857,        iteration:          8,        time       2.81
best     102089,        iteration:         11,        time       3.78
best     102337,        iteration:         12,        time       4.05
best     102440,        iteration:         34,        time       9.19
best     102621,        iteration:        179,        time      38.25
best     102762,        iteration:        180,        time      38.45
best     102823,        iteration:        181,        time      38.67
best     103263,        iteration:        185,        time      39.52
best     103439,        iteration:        199,        time      42.32
best     103579,        iteration:        518,        time     104.61
best     103795,        iteration:        519,        time     104.82
best     104085,        iteration:        524,        time     105.75
best     104209,        iteration:        526,        time     106.15
best     104658,        iteration:        527,        time     106.52
best     104790,        iteration:        530,        time     107.63
best     105052,        iteration:        531,        time     108.00
best     105137,        iteration:        533,        time     108.74
best     105163,        iteration:        540,        time     111.32
best     105171,        iteration:        543,        time     112.44
best     105382,        iteration:        547,        time     113.92
best     105941,        iteration:        572,        time     123.13
best     106123,        iteration:        611,        time     137.14
end try 0 


try          0,        best     106123,        found at iteration        611,        found at time     137.14
