Parameter-settings: 

--inputfile          instances/a280-thop/a280_05_usw_10_03.thop
--outputfile         solutions/acothop/a280-thop/a280_05_usw_10_03_02.thop.sol
--tries              1
--tours              0
--ptries             1
--time               139.00
--seed               126489
--optimum            1
--ants               196
--nnants             20
--alpha              1.24
--beta               5.46
--rho                0.51
--q0                 0.00
--elitistants        0
--rasranks           0
--localsearch        0
--nnls               20
--dlb                1
--as                 0
--eas                0
--ras                0
--mmas               1
--bwas               0
--acs                0


begin try 0 
best     523734,        iteration:          4,        time       2.94
best     534791,        iteration:          5,        time       3.69
best     548666,        iteration:          6,        time       4.45
best     561703,        iteration:          7,        time       5.20
best     565374,        iteration:          8,        time       5.95
best     573643,        iteration:          9,        time       6.72
best     575321,        iteration:         10,        time       7.49
best     576205,        iteration:         11,        time       8.24
best     577170,        iteration:         12,        time       9.01
best     577740,        iteration:         13,        time       9.77
best     578229,        iteration:         14,        time      10.54
best     581083,        iteration:         17,        time      12.82
best     583129,        iteration:         24,        time      18.14
best     584454,        iteration:         28,        time      21.18
best     586052,        iteration:         29,        time      21.92
best     586068,        iteration:         30,        time      22.69
best     586128,        iteration:         33,        time      24.97
best     586210,        iteration:         34,        time      25.73
best     586244,        iteration:         35,        time      26.50
best     587410,        iteration:         46,        time      34.91
best     588203,        iteration:         47,        time      35.69
best     588219,        iteration:         48,        time      36.46
best     588242,        iteration:         49,        time      37.22
best     589001,        iteration:         51,        time      38.76
best     594559,        iteration:         52,        time      39.52
best     600332,        iteration:         53,        time      40.29
best     600375,        iteration:         54,        time      41.05
best     600425,        iteration:         55,        time      41.82
best     601694,        iteration:         56,        time      42.59
best     601775,        iteration:         57,        time      43.34
best     601780,        iteration:         58,        time      44.11
best     601785,        iteration:         59,        time      44.89
best     602088,        iteration:         62,        time      47.18
best     602187,        iteration:         65,        time      49.48
best     602209,        iteration:         70,        time      53.30
best     602912,        iteration:         75,        time      57.14
best     603435,        iteration:         76,        time      57.89
best     603575,        iteration:         77,        time      58.66
best     603591,        iteration:         79,        time      60.18
best     604532,        iteration:        111,        time      84.72
best     604553,        iteration:        117,        time      89.37
best     605901,        iteration:        140,        time     107.11
best     607723,        iteration:        141,        time     107.87
best     607728,        iteration:        142,        time     108.64
best     607731,        iteration:        143,        time     109.41
best     608206,        iteration:        151,        time     115.57
best     608514,        iteration:        152,        time     116.34
best     608535,        iteration:        153,        time     117.12
best     609343,        iteration:        156,        time     119.42
best     609362,        iteration:        159,        time     121.74
best     609466,        iteration:        164,        time     125.59
best     609546,        iteration:        165,        time     126.37
best     609577,        iteration:        166,        time     127.15
best     609578,        iteration:        171,        time     131.00
best     610274,        iteration:        176,        time     134.85
best     611511,        iteration:        177,        time     135.61
best     611632,        iteration:        178,        time     136.39
end try 0 


try          0,        best     611632,        found at iteration        178,        found at time     136.39
