Parameter-settings: 

--inputfile          instances/a280-thop/a280_01_bsc_05_02.thop
--outputfile         solutions/acothop/a280-thop/a280_01_bsc_05_02_04.thop.sol
--tries              1
--tours              0
--ptries             1
--time               28.00
--seed               547617
--optimum            1
--ants               196
--nnants             20
--alpha              1.24
--beta               5.46
--rho                0.51
--q0                 0.00
--elitistants        0
--rasranks           0
--localsearch        0
--nnls               20
--dlb                1
--as                 0
--eas                0
--ras                0
--mmas               1
--bwas               0
--acs                0


begin try 0 
best     126849,        iteration:          1,        time       0.10
best     127493,        iteration:          2,        time       0.21
best     133479,        iteration:          4,        time       0.43
best     137198,        iteration:          9,        time       0.98
best     137709,        iteration:         10,        time       1.09
best     139336,        iteration:         11,        time       1.19
best     141377,        iteration:         13,        time       1.41
best     142367,        iteration:         25,        time       2.70
best     143008,        iteration:         38,        time       4.12
best     143424,        iteration:         39,        time       4.23
best     145806,        iteration:         40,        time       4.35
best     146179,        iteration:         41,        time       4.46
best     146466,        iteration:         43,        time       4.68
best     147556,        iteration:         44,        time       4.79
best     147812,        iteration:         54,        time       5.91
best     147931,        iteration:         61,        time       6.69
best     149433,        iteration:         68,        time       7.48
best     149552,        iteration:         69,        time       7.60
best     149623,        iteration:         70,        time       7.71
best     149906,        iteration:         71,        time       7.82
best     149932,        iteration:         72,        time       7.93
best     149994,        iteration:         82,        time       9.02
best     150063,        iteration:         84,        time       9.24
best     150180,        iteration:        104,        time      11.48
best     150472,        iteration:        107,        time      11.82
best     150529,        iteration:        113,        time      12.46
end try 0 


try          0,        best     150529,        found at iteration        113,        found at time      12.46
