Parameter-settings: 

--inputfile          instances/a280-thop/a280_05_unc_05_01.thop
--outputfile         solutions/acothop/a280-thop/a280_05_unc_05_01_02.thop.sol
--tries              1
--tours              0
--ptries             1
--time               139.00
--seed               126489
--optimum            1
--ants               196
--nnants             20
--alpha              1.24
--beta               5.46
--rho                0.51
--q0                 0.00
--elitistants        0
--rasranks           0
--localsearch        0
--nnls               20
--dlb                1
--as                 0
--eas                0
--ras                0
--mmas               1
--bwas               0
--acs                0


begin try 0 
best     184099,        iteration:          1,        time       0.42
best     191741,        iteration:          2,        time       0.85
best     192862,        iteration:          6,        time       2.55
best     219647,        iteration:          8,        time       3.40
best     222157,        iteration:        259,        time     117.83
best     222264,        iteration:        262,        time     119.23
end try 0 


try          0,        best     222264,        found at iteration        262,        found at time     119.23
