Parameter-settings: 

--inputfile          instances/a280-thop/a280_10_usw_05_02.thop
--outputfile         solutions/acothop/a280-thop/a280_10_usw_05_02_05.thop.sol
--tries              1
--tours              0
--ptries             1
--time               278.00
--seed               642580
--optimum            1
--ants               196
--nnants             20
--alpha              1.24
--beta               5.46
--rho                0.51
--q0                 0.00
--elitistants        0
--rasranks           0
--localsearch        0
--nnls               20
--dlb                1
--as                 0
--eas                0
--ras                0
--mmas               1
--bwas               0
--acs                0


begin try 0 
best     594720,        iteration:          1,        time       1.21
best     600232,        iteration:          2,        time       2.40
best     636043,        iteration:          3,        time       3.61
best     640828,        iteration:          5,        time       6.05
best     658934,        iteration:          7,        time       8.48
best     674819,        iteration:          8,        time       9.71
best     677208,        iteration:         10,        time      12.27
best     677738,        iteration:         11,        time      13.59
best     677744,        iteration:         13,        time      16.19
best     679489,        iteration:         22,        time      28.00
best     679592,        iteration:         27,        time      34.53
best     679844,        iteration:         32,        time      41.10
best     680145,        iteration:         33,        time      42.44
best     680412,        iteration:         34,        time      43.75
best     680699,        iteration:         51,        time      66.10
best     681622,        iteration:         79,        time     102.96
best     682070,        iteration:        110,        time     143.92
best     686208,        iteration:        134,        time     175.52
best     686685,        iteration:        135,        time     176.87
best     696140,        iteration:        146,        time     191.27
best     701401,        iteration:        147,        time     192.59
best     702649,        iteration:        150,        time     196.51
best     702981,        iteration:        164,        time     214.64
best     704252,        iteration:        179,        time     233.93
best     705803,        iteration:        180,        time     235.19
best     707934,        iteration:        182,        time     237.75
best     708281,        iteration:        185,        time     241.60
best     708513,        iteration:        186,        time     242.90
best     709757,        iteration:        187,        time     244.22
best     710296,        iteration:        188,        time     245.53
best     710510,        iteration:        191,        time     249.45
best     710516,        iteration:        210,        time     274.20
end try 0 


try          0,        best     710516,        found at iteration        210,        found at time     274.20
