Parameter-settings: 

--inputfile          instances/a280-thop/a280_05_bsc_10_01.thop
--outputfile         solutions/acothop/a280-thop/a280_05_bsc_10_01_08.thop.sol
--tries              1
--tours              0
--ptries             1
--time               139.00
--seed               858990
--optimum            1
--ants               196
--nnants             20
--alpha              1.24
--beta               5.46
--rho                0.51
--q0                 0.00
--elitistants        0
--rasranks           0
--localsearch        0
--nnls               20
--dlb                1
--as                 0
--eas                0
--ras                0
--mmas               1
--bwas               0
--acs                0


begin try 0 
best     516688,        iteration:          1,        time       0.46
best     582217,        iteration:          2,        time       0.94
best     593419,        iteration:          3,        time       1.41
best     728781,        iteration:          6,        time       2.84
best     729740,        iteration:          8,        time       3.81
best     733643,        iteration:        173,        time      89.64
best     734631,        iteration:        231,        time     119.55
best     735363,        iteration:        242,        time     125.22
end try 0 


try          0,        best     735363,        found at iteration        242,        found at time     125.22
