Parameter-settings: 

--inputfile          instances/a280-thop/a280_10_usw_10_02.thop
--outputfile         solutions/acothop/a280-thop/a280_10_usw_10_02_00.thop.sol
--tries              1
--tours              0
--ptries             1
--time               278.00
--seed               269070
--optimum            1
--ants               196
--nnants             20
--alpha              1.24
--beta               5.46
--rho                0.51
--q0                 0.00
--elitistants        0
--rasranks           0
--localsearch        0
--nnls               20
--dlb                1
--as                 0
--eas                0
--ras                0
--mmas               1
--bwas               0
--acs                0


begin try 0 
best     833194,        iteration:          3,        time       3.87
best     858749,        iteration:          4,        time       5.19
best     883862,        iteration:          8,        time      10.65
best     895921,        iteration:          9,        time      12.02
best     913665,        iteration:         10,        time      13.39
best     935464,        iteration:         13,        time      17.59
best     938615,        iteration:         15,        time      20.43
best     938803,        iteration:         16,        time      21.86
best     939096,        iteration:         17,        time      23.30
best     939293,        iteration:         18,        time      24.75
best     940021,        iteration:         21,        time      29.05
best     940082,        iteration:         32,        time      44.95
best     943294,        iteration:        115,        time     164.97
best     946765,        iteration:        118,        time     169.29
best     948429,        iteration:        119,        time     170.72
best     953456,        iteration:        120,        time     172.15
best     954453,        iteration:        121,        time     173.58
best     954592,        iteration:        130,        time     186.64
best     956284,        iteration:        136,        time     195.34
best     957678,        iteration:        137,        time     196.78
best     960141,        iteration:        139,        time     199.70
best     960344,        iteration:        141,        time     202.64
best     961720,        iteration:        146,        time     209.96
best     965698,        iteration:        153,        time     220.10
best     967773,        iteration:        154,        time     221.54
end try 0 


try          0,        best     967773,        found at iteration        154,        found at time     221.54
