Parameter-settings: 

--inputfile          instances/a280-thop/a280_01_usw_01_02.thop
--outputfile         solutions/acothop/a280-thop/a280_01_usw_01_02_05.thop.sol
--tries              1
--tours              0
--ptries             1
--time               28.00
--seed               642580
--optimum            1
--ants               196
--nnants             20
--alpha              1.24
--beta               5.46
--rho                0.51
--q0                 0.00
--elitistants        0
--rasranks           0
--localsearch        0
--nnls               20
--dlb                1
--as                 0
--eas                0
--ras                0
--mmas               1
--bwas               0
--acs                0


begin try 0 
best      18137,        iteration:          1,        time       0.07
best      18379,        iteration:          3,        time       0.22
best      18391,        iteration:          4,        time       0.30
best      18495,        iteration:          5,        time       0.38
best      19344,        iteration:          6,        time       0.45
best      19475,        iteration:        115,        time       7.98
best      19687,        iteration:        255,        time      17.82
best      20326,        iteration:        256,        time      17.90
best      20370,        iteration:        257,        time      17.97
end try 0 


try          0,        best      20370,        found at iteration        257,        found at time      17.97
