Parameter-settings: 

--inputfile          instances/a280-thop/a280_10_unc_01_03.thop
--outputfile         solutions/acothop/a280-thop/a280_10_unc_01_03_01.thop.sol
--tries              1
--tours              0
--ptries             1
--time               278.00
--seed               99470
--optimum            1
--ants               196
--nnants             20
--alpha              1.24
--beta               5.46
--rho                0.51
--q0                 0.00
--elitistants        0
--rasranks           0
--localsearch        0
--nnls               20
--dlb                1
--as                 0
--eas                0
--ras                0
--mmas               1
--bwas               0
--acs                0


begin try 0 
best     329087,        iteration:          1,        time       1.30
best     337393,        iteration:          2,        time       2.60
best     362381,        iteration:          3,        time       3.85
best     373133,        iteration:          6,        time       7.69
best     385266,        iteration:          7,        time       8.86
best     386226,        iteration:          9,        time      11.24
best     399272,        iteration:         10,        time      12.27
best     399733,        iteration:         12,        time      14.01
best     399949,        iteration:         15,        time      16.60
best     399967,        iteration:         24,        time      24.20
best     399994,        iteration:         25,        time      25.09
best     400796,        iteration:         29,        time      28.57
best     400841,        iteration:         30,        time      29.37
best     400846,        iteration:         41,        time      38.08
best     400947,        iteration:         57,        time      51.28
best     401004,        iteration:         58,        time      52.17
best     401091,        iteration:         60,        time      53.77
best     401180,        iteration:         96,        time      83.16
best     401650,        iteration:        103,        time      89.19
best     402006,        iteration:        156,        time     132.77
best     402167,        iteration:        224,        time     187.88
best     404867,        iteration:        233,        time     195.12
best     405069,        iteration:        242,        time     202.87
best     405646,        iteration:        245,        time     205.37
best     405872,        iteration:        250,        time     209.42
end try 0 


try          0,        best     405872,        found at iteration        250,        found at time     209.42
