Parameter-settings: 

--inputfile          instances/a280-thop/a280_10_usw_05_01.thop
--outputfile         solutions/acothop/a280-thop/a280_10_usw_05_01_07.thop.sol
--tries              1
--tours              0
--ptries             1
--time               278.00
--seed               462018
--optimum            1
--ants               196
--nnants             20
--alpha              1.24
--beta               5.46
--rho                0.51
--q0                 0.00
--elitistants        0
--rasranks           0
--localsearch        0
--nnls               20
--dlb                1
--as                 0
--eas                0
--ras                0
--mmas               1
--bwas               0
--acs                0


begin try 0 
best     457404,        iteration:          1,        time       0.98
best     457867,        iteration:          2,        time       1.94
best     476334,        iteration:          4,        time       3.95
best     514711,        iteration:          5,        time       4.96
best     532679,        iteration:         10,        time      10.02
best     533026,        iteration:         14,        time      14.23
best     533076,        iteration:         15,        time      15.29
best     533166,        iteration:         16,        time      16.36
best     533566,        iteration:         17,        time      17.44
best     533657,        iteration:         32,        time      33.63
best     538390,        iteration:         91,        time      97.15
best     540748,        iteration:         93,        time      99.31
best     541238,        iteration:         94,        time     100.40
best     541419,        iteration:         95,        time     101.46
best     541529,        iteration:         97,        time     103.64
best     541712,        iteration:        113,        time     120.92
best     542039,        iteration:        145,        time     155.47
best     542466,        iteration:        146,        time     156.55
best     542662,        iteration:        147,        time     157.65
best     543232,        iteration:        190,        time     203.88
best     543899,        iteration:        192,        time     206.06
best     544622,        iteration:        217,        time     233.19
best     545765,        iteration:        218,        time     234.28
best     545915,        iteration:        220,        time     236.40
best     546309,        iteration:        221,        time     237.48
best     546489,        iteration:        224,        time     240.73
end try 0 


try          0,        best     546489,        found at iteration        224,        found at time     240.73
