Parameter-settings: 

--inputfile          instances/a280-thop/a280_10_unc_05_02.thop
--outputfile         solutions/acothop/a280-thop/a280_10_unc_05_02_00.thop.sol
--tries              1
--tours              0
--ptries             1
--time               278.00
--seed               269070
--optimum            1
--ants               196
--nnants             20
--alpha              1.24
--beta               5.46
--rho                0.51
--q0                 0.00
--elitistants        0
--rasranks           0
--localsearch        0
--nnls               20
--dlb                1
--as                 0
--eas                0
--ras                0
--mmas               1
--bwas               0
--acs                0


begin try 0 
best     557681,        iteration:          1,        time       1.20
best     576503,        iteration:          5,        time       6.27
best     579715,        iteration:         10,        time      12.71
best     584980,        iteration:         15,        time      19.44
best     585064,        iteration:         30,        time      40.53
best     590219,        iteration:         32,        time      43.34
best     593961,        iteration:         37,        time      50.29
best     596405,        iteration:         48,        time      65.35
best     597114,        iteration:         52,        time      70.90
best     597235,        iteration:         73,        time     100.04
best     601760,        iteration:         89,        time     122.16
best     609403,        iteration:         91,        time     124.89
best     610267,        iteration:         92,        time     126.29
best     617557,        iteration:         93,        time     127.70
best     622193,        iteration:         96,        time     132.01
best     622354,        iteration:        115,        time     159.72
best     624459,        iteration:        127,        time     177.29
best     625994,        iteration:        177,        time     250.52
best     626413,        iteration:        178,        time     251.97
end try 0 


try          0,        best     626413,        found at iteration        178,        found at time     251.97
