Parameter-settings: 

--inputfile          instances/a280-thop/a280_10_unc_05_03.thop
--outputfile         solutions/acothop/a280-thop/a280_10_unc_05_03_03.thop.sol
--tries              1
--tours              0
--ptries             1
--time               278.00
--seed               644764
--optimum            1
--ants               196
--nnants             20
--alpha              1.24
--beta               5.46
--rho                0.51
--q0                 0.00
--elitistants        0
--rasranks           0
--localsearch        0
--nnls               20
--dlb                1
--as                 0
--eas                0
--ras                0
--mmas               1
--bwas               0
--acs                0


begin try 0 
best     657209,        iteration:          1,        time       1.67
best     669341,        iteration:          2,        time       3.34
best     713800,        iteration:          3,        time       5.03
best     786131,        iteration:          4,        time       6.71
best     788951,        iteration:          8,        time      13.48
best     789349,        iteration:         10,        time      16.89
best     790606,        iteration:         11,        time      18.60
best     790985,        iteration:         12,        time      20.31
best     792464,        iteration:         13,        time      22.03
best     792475,        iteration:         16,        time      27.19
best     792540,        iteration:         22,        time      37.49
best     792609,        iteration:         28,        time      47.80
best     793704,        iteration:         30,        time      51.21
best     794520,        iteration:         31,        time      52.93
best     794792,        iteration:         33,        time      56.37
best     794890,        iteration:         34,        time      58.09
best     795222,        iteration:         44,        time      75.32
best     795916,        iteration:         45,        time      77.01
best     796456,        iteration:         49,        time      83.89
best     799196,        iteration:         53,        time      90.74
best     801613,        iteration:         54,        time      92.48
best     805463,        iteration:         58,        time      99.38
best     810100,        iteration:         59,        time     101.10
best     811084,        iteration:         60,        time     102.83
best     811143,        iteration:         62,        time     106.27
best     811602,        iteration:         64,        time     109.69
best     811655,        iteration:         65,        time     111.42
best     825481,        iteration:         71,        time     121.73
best     826511,        iteration:         72,        time     123.43
best     826568,        iteration:         73,        time     125.15
best     828047,        iteration:         75,        time     128.57
best     833010,        iteration:         78,        time     133.75
best     839105,        iteration:         80,        time     137.17
best     839133,        iteration:         83,        time     142.33
best     839327,        iteration:         84,        time     144.04
best     839348,        iteration:         85,        time     145.74
best     855871,        iteration:         93,        time     159.37
end try 0 


try          0,        best     855871,        found at iteration         93,        found at time     159.37
