Parameter-settings: 

--inputfile          instances/a280-thop/a280_01_unc_05_03.thop
--outputfile         solutions/acothop/a280-thop/a280_01_unc_05_03_09.thop.sol
--tries              1
--tours              0
--ptries             1
--time               28.00
--seed               756112
--optimum            1
--ants               196
--nnants             20
--alpha              1.24
--beta               5.46
--rho                0.51
--q0                 0.00
--elitistants        0
--rasranks           0
--localsearch        0
--nnls               20
--dlb                1
--as                 0
--eas                0
--ras                0
--mmas               1
--bwas               0
--acs                0


begin try 0 
best      75027,        iteration:          1,        time       0.12
best      76453,        iteration:          3,        time       0.35
best      79480,        iteration:          4,        time       0.47
best      80917,        iteration:          8,        time       0.94
best      83317,        iteration:          9,        time       1.06
best      83523,        iteration:         12,        time       1.40
best      83683,        iteration:         14,        time       1.63
best      84159,        iteration:         15,        time       1.75
best      84263,        iteration:         16,        time       1.87
best      84607,        iteration:         20,        time       2.35
best      84781,        iteration:         26,        time       3.07
best      84999,        iteration:        127,        time      15.17
best      85112,        iteration:        130,        time      15.52
best      85120,        iteration:        134,        time      15.96
best      85240,        iteration:        221,        time      25.86
best      85502,        iteration:        235,        time      27.43
best      85548,        iteration:        236,        time      27.54
best      85617,        iteration:        237,        time      27.66
end try 0 


try          0,        best      85617,        found at iteration        237,        found at time      27.66
