Parameter-settings: 

--inputfile          instances/a280-thop/a280_10_usw_01_01.thop
--outputfile         solutions/acothop/a280-thop/a280_10_usw_01_01_09.thop.sol
--tries              1
--tours              0
--ptries             1
--time               278.00
--seed               756112
--optimum            1
--ants               196
--nnants             20
--alpha              1.24
--beta               5.46
--rho                0.51
--q0                 0.00
--elitistants        0
--rasranks           0
--localsearch        0
--nnls               20
--dlb                1
--as                 0
--eas                0
--ras                0
--mmas               1
--bwas               0
--acs                0


begin try 0 
best     165512,        iteration:          1,        time       0.67
best     175885,        iteration:          3,        time       1.97
best     178171,        iteration:          5,        time       3.36
best     179058,        iteration:          6,        time       4.04
best     179796,        iteration:          8,        time       5.36
best     181037,        iteration:          9,        time       6.01
best     182009,        iteration:         10,        time       6.59
best     182528,        iteration:         12,        time       7.70
best     182703,        iteration:         13,        time       8.24
best     182849,        iteration:         15,        time       9.33
best     183672,        iteration:         28,        time      16.28
best     183743,        iteration:         30,        time      17.38
best     184250,        iteration:         51,        time      28.55
best     185083,        iteration:         52,        time      29.07
best     185186,        iteration:         53,        time      29.54
best     185300,        iteration:         56,        time      30.93
best     185341,        iteration:         57,        time      31.36
best     186341,        iteration:         70,        time      37.08
best     187832,        iteration:         71,        time      37.66
best     188139,        iteration:         73,        time      38.68
best     188259,        iteration:         80,        time      42.09
best     188261,        iteration:        168,        time      82.58
best     188609,        iteration:        388,        time     186.42
best     189570,        iteration:        390,        time     187.37
best     189885,        iteration:        392,        time     188.30
best     190092,        iteration:        407,        time     195.35
best     190304,        iteration:        437,        time     209.91
best     190440,        iteration:        459,        time     220.03
best     191622,        iteration:        515,        time     245.95
best     191859,        iteration:        516,        time     246.46
best     191888,        iteration:        517,        time     247.00
best     191895,        iteration:        518,        time     247.49
best     192197,        iteration:        524,        time     250.09
end try 0 


try          0,        best     192197,        found at iteration        524,        found at time     250.09
