Parameter-settings: 

--inputfile          instances/a280-thop/a280_10_unc_01_01.thop
--outputfile         solutions/acothop/a280-thop/a280_10_unc_01_01_00.thop.sol
--tries              1
--tours              0
--ptries             1
--time               278.00
--seed               269070
--optimum            1
--ants               196
--nnants             20
--alpha              1.24
--beta               5.46
--rho                0.51
--q0                 0.00
--elitistants        0
--rasranks           0
--localsearch        0
--nnls               20
--dlb                1
--as                 0
--eas                0
--ras                0
--mmas               1
--bwas               0
--acs                0


begin try 0 
best     172616,        iteration:          1,        time       0.81
best     182127,        iteration:          6,        time       4.85
best     182128,        iteration:          8,        time       6.49
best     189400,        iteration:          9,        time       7.30
best     193948,        iteration:         10,        time       8.09
best     198252,        iteration:         12,        time       9.70
best     198424,        iteration:         15,        time      12.13
best     200198,        iteration:         20,        time      16.23
best     200780,        iteration:         21,        time      17.05
best     202163,        iteration:        108,        time      88.84
end try 0 


try          0,        best     202163,        found at iteration        108,        found at time      88.84
