Parameter-settings: 

--inputfile          instances/a280-thop/a280_10_bsc_05_02.thop
--outputfile         solutions/acothop/a280-thop/a280_10_bsc_05_02_04.thop.sol
--tries              1
--tours              0
--ptries             1
--time               278.00
--seed               547617
--optimum            1
--ants               196
--nnants             20
--alpha              1.24
--beta               5.46
--rho                0.51
--q0                 0.00
--elitistants        0
--rasranks           0
--localsearch        0
--nnls               20
--dlb                1
--as                 0
--eas                0
--ras                0
--mmas               1
--bwas               0
--acs                0


begin try 0 
best    1160650,        iteration:          1,        time       1.30
best    1194112,        iteration:          2,        time       2.61
best    1216351,        iteration:          3,        time       3.97
best    1241005,        iteration:          7,        time       9.46
best    1292923,        iteration:         10,        time      13.68
best    1301661,        iteration:         11,        time      15.13
best    1322579,        iteration:         12,        time      16.57
best    1323808,        iteration:         27,        time      38.48
best    1329137,        iteration:         40,        time      57.48
best    1330177,        iteration:         47,        time      67.74
best    1340117,        iteration:        124,        time     180.31
best    1340905,        iteration:        139,        time     201.91
best    1340946,        iteration:        145,        time     210.53
best    1341324,        iteration:        169,        time     245.32
end try 0 


try          0,        best    1341324,        found at iteration        169,        found at time     245.32
