Parameter-settings: 

--inputfile          instances/a280-thop/a280_01_unc_01_02.thop
--outputfile         solutions/acothop/a280-thop/a280_01_unc_01_02_00.thop.sol
--tries              1
--tours              0
--ptries             1
--time               28.00
--seed               269070
--optimum            1
--ants               196
--nnants             20
--alpha              1.24
--beta               5.46
--rho                0.51
--q0                 0.00
--elitistants        0
--rasranks           0
--localsearch        0
--nnls               20
--dlb                1
--as                 0
--eas                0
--ras                0
--mmas               1
--bwas               0
--acs                0


begin try 0 
best      30403,        iteration:          1,        time       0.09
best      32664,        iteration:          2,        time       0.18
best      35630,        iteration:          5,        time       0.46
best      36692,        iteration:          6,        time       0.55
best      36848,        iteration:          7,        time       0.64
best      37311,        iteration:          9,        time       0.81
best      37725,        iteration:         10,        time       0.90
best      38277,        iteration:        128,        time      11.12
end try 0 


try          0,        best      38277,        found at iteration        128,        found at time      11.12
