Parameter-settings: 

--inputfile          instances/a280-thop/a280_03_usw_10_01.thop
--outputfile         solutions/acothop/a280-thop/a280_03_usw_10_01_02.thop.sol
--tries              1
--tours              0
--ptries             1
--time               84.00
--seed               126489
--optimum            1
--ants               196
--nnants             20
--alpha              1.24
--beta               5.46
--rho                0.51
--q0                 0.00
--elitistants        0
--rasranks           0
--localsearch        0
--nnls               20
--dlb                1
--as                 0
--eas                0
--ras                0
--mmas               1
--bwas               0
--acs                0


begin try 0 
best     159472,        iteration:          1,        time       0.29
best     164680,        iteration:          3,        time       0.86
best     177659,        iteration:          5,        time       1.43
best     183229,        iteration:          6,        time       1.72
best     191412,        iteration:          7,        time       2.01
best     192704,        iteration:         12,        time       3.50
best     193199,        iteration:         14,        time       4.12
best     193852,        iteration:         15,        time       4.44
best     194526,        iteration:         42,        time      12.87
end try 0 


try          0,        best     194526,        found at iteration         42,        found at time      12.87
