Parameter-settings: 

--inputfile          instances/a280-thop/a280_03_bsc_05_01.thop
--outputfile         solutions/acothop/a280-thop/a280_03_bsc_05_01_09.thop.sol
--tries              1
--tours              0
--ptries             1
--time               84.00
--seed               756112
--optimum            1
--ants               196
--nnants             20
--alpha              1.24
--beta               5.46
--rho                0.51
--q0                 0.00
--elitistants        0
--rasranks           0
--localsearch        0
--nnls               20
--dlb                1
--as                 0
--eas                0
--ras                0
--mmas               1
--bwas               0
--acs                0


begin try 0 
best     238719,        iteration:          1,        time       0.26
best     254246,        iteration:          5,        time       1.29
best     272694,        iteration:          6,        time       1.56
best     281858,        iteration:          7,        time       1.82
best     289739,        iteration:          9,        time       2.35
best     300996,        iteration:         11,        time       2.89
best     306271,        iteration:         14,        time       3.71
best     309826,        iteration:         16,        time       4.27
end try 0 


try          0,        best     309826,        found at iteration         16,        found at time       4.27
