Parameter-settings: 

--inputfile          instances/a280-thop/a280_05_bsc_05_02.thop
--outputfile         solutions/acothop/a280-thop/a280_05_bsc_05_02_08.thop.sol
--tries              1
--tours              0
--ptries             1
--time               139.00
--seed               858990
--optimum            1
--ants               196
--nnants             20
--alpha              1.24
--beta               5.46
--rho                0.51
--q0                 0.00
--elitistants        0
--rasranks           0
--localsearch        0
--nnls               20
--dlb                1
--as                 0
--eas                0
--ras                0
--mmas               1
--bwas               0
--acs                0


begin try 0 
best     572618,        iteration:          1,        time       0.59
best     576536,        iteration:          2,        time       1.13
best     596161,        iteration:          3,        time       1.68
best     622009,        iteration:          4,        time       2.28
best     629009,        iteration:          5,        time       2.89
best     648345,        iteration:          9,        time       5.28
best     655135,        iteration:         10,        time       5.89
best     664190,        iteration:         17,        time      10.27
best     670069,        iteration:         18,        time      10.88
best     673843,        iteration:         19,        time      11.51
best     673894,        iteration:         42,        time      26.13
best     674020,        iteration:         69,        time      43.32
best     674542,        iteration:        103,        time      64.94
best     674886,        iteration:        104,        time      65.56
best     683424,        iteration:        149,        time      94.08
end try 0 


try          0,        best     683424,        found at iteration        149,        found at time      94.08
