Parameter-settings: 

--inputfile          instances/a280-thop/a280_10_unc_10_02.thop
--outputfile         solutions/acothop/a280-thop/a280_10_unc_10_02_04.thop.sol
--tries              1
--tours              0
--ptries             1
--time               278.00
--seed               547617
--optimum            1
--ants               196
--nnants             20
--alpha              1.24
--beta               5.46
--rho                0.51
--q0                 0.00
--elitistants        0
--rasranks           0
--localsearch        0
--nnls               20
--dlb                1
--as                 0
--eas                0
--ras                0
--mmas               1
--bwas               0
--acs                0


begin try 0 
best     617734,        iteration:          1,        time       1.23
best     660786,        iteration:          2,        time       2.50
best     666383,        iteration:          3,        time       3.79
best     702000,        iteration:          5,        time       6.44
best     747503,        iteration:          6,        time       7.80
best     750691,        iteration:         14,        time      19.02
best     763333,        iteration:         15,        time      20.46
best     787357,        iteration:         19,        time      26.12
best     787816,        iteration:         24,        time      33.60
best     790991,        iteration:         25,        time      35.14
best     791754,        iteration:         29,        time      41.23
best     793144,        iteration:         30,        time      42.77
best     796713,        iteration:         50,        time      73.37
best     801510,        iteration:         56,        time      82.56
best     805125,        iteration:         69,        time     102.34
best     805711,        iteration:        109,        time     163.65
best     808045,        iteration:        110,        time     165.19
best     808355,        iteration:        113,        time     169.87
best     808476,        iteration:        117,        time     176.10
best     812457,        iteration:        120,        time     180.77
best     812618,        iteration:        126,        time     190.15
best     814821,        iteration:        155,        time     235.37
best     819123,        iteration:        166,        time     252.50
best     821362,        iteration:        178,        time     271.27
end try 0 


try          0,        best     821362,        found at iteration        178,        found at time     271.27
