Parameter-settings: 

--inputfile          instances/a280-thop/a280_03_unc_10_03.thop
--outputfile         solutions/acothop/a280-thop/a280_03_unc_10_03_07.thop.sol
--tries              1
--tours              0
--ptries             1
--time               84.00
--seed               462018
--optimum            1
--ants               196
--nnants             20
--alpha              1.24
--beta               5.46
--rho                0.51
--q0                 0.00
--elitistants        0
--rasranks           0
--localsearch        0
--nnls               20
--dlb                1
--as                 0
--eas                0
--ras                0
--mmas               1
--bwas               0
--acs                0


begin try 0 
best     293674,        iteration:          3,        time       1.33
best     308368,        iteration:          6,        time       2.70
best     320571,        iteration:          8,        time       3.58
best     323932,        iteration:          9,        time       4.05
best     331441,        iteration:         10,        time       4.52
best     332169,        iteration:         11,        time       4.98
best     332295,        iteration:         12,        time       5.45
best     332437,        iteration:         13,        time       5.92
best     333938,        iteration:         14,        time       6.39
best     334025,        iteration:         17,        time       7.79
best     334904,        iteration:         50,        time      23.20
best     334974,        iteration:         51,        time      23.68
best     336411,        iteration:         52,        time      24.14
best     338186,        iteration:         53,        time      24.61
best     338396,        iteration:         54,        time      25.08
best     338411,        iteration:         57,        time      26.48
best     338774,        iteration:         59,        time      27.42
best     339073,        iteration:         60,        time      27.89
best     339091,        iteration:         66,        time      30.69
best     339459,        iteration:         89,        time      41.48
best     339655,        iteration:         90,        time      41.95
best     339927,        iteration:         91,        time      42.42
best     340057,        iteration:         92,        time      42.90
best     340083,        iteration:         93,        time      43.37
best     340224,        iteration:         99,        time      46.18
end try 0 


try          0,        best     340224,        found at iteration         99,        found at time      46.17
