Parameter-settings: 

--inputfile          instances/a280-thop/a280_03_usw_01_03.thop
--outputfile         solutions/acothop/a280-thop/a280_03_usw_01_03_09.thop.sol
--tries              1
--tours              0
--ptries             1
--time               84.00
--seed               756112
--optimum            1
--ants               196
--nnants             20
--alpha              1.24
--beta               5.46
--rho                0.51
--q0                 0.00
--elitistants        0
--rasranks           0
--localsearch        0
--nnls               20
--dlb                1
--as                 0
--eas                0
--ras                0
--mmas               1
--bwas               0
--acs                0


begin try 0 
best      60008,        iteration:          1,        time       0.22
best      61580,        iteration:          3,        time       0.65
best      61933,        iteration:          6,        time       1.26
best      62778,        iteration:          7,        time       1.44
best      62954,        iteration:          8,        time       1.62
best      63495,        iteration:          9,        time       1.79
best      63861,        iteration:         12,        time       2.22
best      64034,        iteration:         49,        time       6.59
best      64206,        iteration:         56,        time       7.53
best      64323,        iteration:         68,        time       9.22
best      64462,        iteration:         70,        time       9.51
best      64750,        iteration:         72,        time       9.78
best      64751,        iteration:         90,        time      12.07
best      64933,        iteration:         95,        time      12.89
best      65029,        iteration:        129,        time      17.93
best      65078,        iteration:        189,        time      26.55
best      65125,        iteration:        190,        time      26.74
best      65280,        iteration:        264,        time      41.66
best      65402,        iteration:        268,        time      42.47
best      66014,        iteration:        277,        time      44.24
best      66253,        iteration:        462,        time      65.34
best      66271,        iteration:        463,        time      65.50
best      66305,        iteration:        468,        time      66.26
best      66562,        iteration:        470,        time      66.50
end try 0 


try          0,        best      66562,        found at iteration        470,        found at time      66.50
