Parameter-settings: 

--inputfile          instances/a280-thop/a280_10_usw_05_02.thop
--outputfile         solutions/acothop/a280-thop/a280_10_usw_05_02_08.thop.sol
--tries              1
--tours              0
--ptries             1
--time               278.00
--seed               858990
--optimum            1
--ants               196
--nnants             20
--alpha              1.24
--beta               5.46
--rho                0.51
--q0                 0.00
--elitistants        0
--rasranks           0
--localsearch        0
--nnls               20
--dlb                1
--as                 0
--eas                0
--ras                0
--mmas               1
--bwas               0
--acs                0


begin try 0 
best     591808,        iteration:          1,        time       1.17
best     600054,        iteration:          2,        time       2.37
best     632983,        iteration:          3,        time       3.59
best     637671,        iteration:          5,        time       6.05
best     681087,        iteration:          6,        time       7.30
best     681119,        iteration:         16,        time      19.96
best     681961,        iteration:         20,        time      25.18
best     685500,        iteration:         41,        time      52.59
best     686091,        iteration:         45,        time      57.85
best     686333,        iteration:         73,        time      94.46
best     686509,        iteration:         75,        time      97.05
best     687118,        iteration:         84,        time     108.92
best     687544,        iteration:        144,        time     188.00
end try 0 


try          0,        best     687544,        found at iteration        144,        found at time     188.00
