Parameter-settings: 

--inputfile          instances/a280-thop/a280_01_bsc_10_03.thop
--outputfile         solutions/acothop/a280-thop/a280_01_bsc_10_03_03.thop.sol
--tries              1
--tours              0
--ptries             1
--time               28.00
--seed               644764
--optimum            1
--ants               196
--nnants             20
--alpha              1.24
--beta               5.46
--rho                0.51
--q0                 0.00
--elitistants        0
--rasranks           0
--localsearch        0
--nnls               20
--dlb                1
--as                 0
--eas                0
--ras                0
--mmas               1
--bwas               0
--acs                0


begin try 0 
best     216483,        iteration:          1,        time       0.13
best     219777,        iteration:          3,        time       0.37
best     221289,        iteration:          4,        time       0.50
best     229323,        iteration:          5,        time       0.63
best     233438,        iteration:          6,        time       0.76
best     237485,        iteration:         12,        time       1.54
best     238542,        iteration:         13,        time       1.67
best     241654,        iteration:         14,        time       1.80
best     242269,        iteration:         15,        time       1.93
best     243177,        iteration:         16,        time       2.06
best     243419,        iteration:         17,        time       2.19
best     245041,        iteration:         18,        time       2.32
best     245717,        iteration:         44,        time       5.71
best     246372,        iteration:         82,        time      10.68
best     247065,        iteration:         89,        time      11.60
best     247428,        iteration:         91,        time      11.84
best     248171,        iteration:         97,        time      12.56
best     248823,        iteration:        109,        time      14.03
best     250333,        iteration:        159,        time      20.06
best     250881,        iteration:        168,        time      21.16
end try 0 


try          0,        best     250881,        found at iteration        168,        found at time      21.16
