Parameter-settings: 

--inputfile          instances/a280-thop/a280_10_bsc_05_02.thop
--outputfile         solutions/acothop/a280-thop/a280_10_bsc_05_02_06.thop.sol
--tries              1
--tours              0
--ptries             1
--time               278.00
--seed               73456
--optimum            1
--ants               196
--nnants             20
--alpha              1.24
--beta               5.46
--rho                0.51
--q0                 0.00
--elitistants        0
--rasranks           0
--localsearch        0
--nnls               20
--dlb                1
--as                 0
--eas                0
--ras                0
--mmas               1
--bwas               0
--acs                0


begin try 0 
best    1183615,        iteration:          1,        time       1.33
best    1248618,        iteration:          4,        time       5.35
best    1249722,        iteration:          5,        time       6.69
best    1279155,        iteration:          6,        time       8.07
best    1295457,        iteration:        103,        time     144.62
best    1316917,        iteration:        104,        time     146.00
best    1319424,        iteration:        105,        time     147.38
best    1329140,        iteration:        106,        time     148.78
best    1331797,        iteration:        115,        time     161.32
best    1350144,        iteration:        129,        time     181.03
best    1389410,        iteration:        130,        time     182.38
best    1389604,        iteration:        142,        time     199.32
best    1395469,        iteration:        171,        time     240.19
end try 0 


try          0,        best    1395469,        found at iteration        171,        found at time     240.19
