Parameter-settings: 

--inputfile          instances/a280-thop/a280_10_bsc_10_02.thop
--outputfile         solutions/acothop/a280-thop/a280_10_bsc_10_02_04.thop.sol
--tries              1
--tours              0
--ptries             1
--time               278.00
--seed               547617
--optimum            1
--ants               196
--nnants             20
--alpha              1.24
--beta               5.46
--rho                0.51
--q0                 0.00
--elitistants        0
--rasranks           0
--localsearch        0
--nnls               20
--dlb                1
--as                 0
--eas                0
--ras                0
--mmas               1
--bwas               0
--acs                0


begin try 0 
best    1471853,        iteration:          1,        time       1.24
best    1518245,        iteration:          2,        time       2.51
best    1526587,        iteration:          4,        time       5.12
best    1592312,        iteration:          5,        time       6.45
best    1627102,        iteration:          9,        time      11.69
best    1657933,        iteration:         10,        time      12.99
best    1693492,        iteration:         11,        time      14.33
best    1746685,        iteration:         13,        time      17.08
best    1755450,        iteration:         16,        time      21.33
best    1766097,        iteration:         32,        time      44.16
best    1772728,        iteration:         38,        time      52.71
best    1794893,        iteration:         46,        time      64.24
best    1796280,        iteration:         53,        time      74.30
end try 0 


try          0,        best    1796280,        found at iteration         53,        found at time      74.30
