Parameter-settings: 

--inputfile          instances/a280-thop/a280_03_usw_01_03.thop
--outputfile         solutions/acothop/a280-thop/a280_03_usw_01_03_01.thop.sol
--tries              1
--tours              0
--ptries             1
--time               84.00
--seed               99470
--optimum            1
--ants               196
--nnants             20
--alpha              1.24
--beta               5.46
--rho                0.51
--q0                 0.00
--elitistants        0
--rasranks           0
--localsearch        0
--nnls               20
--dlb                1
--as                 0
--eas                0
--ras                0
--mmas               1
--bwas               0
--acs                0


begin try 0 
best      61665,        iteration:          1,        time       0.19
best      61692,        iteration:          3,        time       0.59
best      63740,        iteration:          6,        time       1.20
best      64914,        iteration:          8,        time       1.56
best      64925,        iteration:         15,        time       2.54
best      65790,        iteration:         27,        time       3.87
best      65928,        iteration:         28,        time       4.02
best      65939,        iteration:         31,        time       4.39
best      66136,        iteration:         38,        time       5.17
best      66300,        iteration:        141,        time      16.93
best      66426,        iteration:        143,        time      17.15
best      66609,        iteration:        144,        time      17.27
best      66708,        iteration:        208,        time      24.21
best      66840,        iteration:        212,        time      24.68
best      66934,        iteration:        324,        time      39.10
best      67051,        iteration:        348,        time      44.38
best      67471,        iteration:        355,        time      45.87
best      67568,        iteration:        356,        time      46.09
best      67603,        iteration:        373,        time      49.80
end try 0 


try          0,        best      67603,        found at iteration        373,        found at time      49.80
