Parameter-settings: 

--inputfile          instances/a280-thop/a280_01_bsc_05_03.thop
--outputfile         solutions/acothop/a280-thop/a280_01_bsc_05_03_09.thop.sol
--tries              1
--tours              0
--ptries             1
--time               28.00
--seed               756112
--optimum            1
--ants               196
--nnants             20
--alpha              1.24
--beta               5.46
--rho                0.51
--q0                 0.00
--elitistants        0
--rasranks           0
--localsearch        0
--nnls               20
--dlb                1
--as                 0
--eas                0
--ras                0
--mmas               1
--bwas               0
--acs                0


begin try 0 
best     145447,        iteration:          1,        time       0.11
best     145981,        iteration:          3,        time       0.35
best     149368,        iteration:          4,        time       0.47
best     153963,        iteration:          8,        time       0.93
best     154618,        iteration:          9,        time       1.04
best     154819,        iteration:         11,        time       1.25
best     154876,        iteration:         23,        time       2.44
best     155376,        iteration:         26,        time       2.73
best     155422,        iteration:         28,        time       2.94
best     155567,        iteration:         49,        time       4.96
best     155575,        iteration:         53,        time       5.35
best     155752,        iteration:         58,        time       5.83
best     155936,        iteration:         78,        time       7.74
best     156360,        iteration:        163,        time      15.95
best     157414,        iteration:        164,        time      16.06
best     158539,        iteration:        165,        time      16.15
end try 0 


try          0,        best     158539,        found at iteration        165,        found at time      16.15
