Parameter-settings: 

--inputfile          instances/a280-thop/a280_03_bsc_01_03.thop
--outputfile         solutions/acothop/a280-thop/a280_03_bsc_01_03_03.thop.sol
--tries              1
--tours              0
--ptries             1
--time               84.00
--seed               644764
--optimum            1
--ants               196
--nnants             20
--alpha              1.24
--beta               5.46
--rho                0.51
--q0                 0.00
--elitistants        0
--rasranks           0
--localsearch        0
--nnls               20
--dlb                1
--as                 0
--eas                0
--ras                0
--mmas               1
--bwas               0
--acs                0


begin try 0 
best     102315,        iteration:          1,        time       0.26
best     102806,        iteration:          3,        time       0.75
best     104399,        iteration:          6,        time       1.48
best     104913,        iteration:         10,        time       2.29
best     105038,        iteration:         19,        time       3.87
best     105139,        iteration:         22,        time       4.32
best     105198,        iteration:         24,        time       4.67
best     105586,        iteration:         26,        time       5.01
best     105763,        iteration:         27,        time       5.15
best     106943,        iteration:         36,        time       6.59
best     107332,        iteration:         79,        time      13.72
best     107508,        iteration:         83,        time      14.36
best     107571,        iteration:        119,        time      20.29
best     107759,        iteration:        146,        time      24.61
end try 0 


try          0,        best     107759,        found at iteration        146,        found at time      24.61
