Parameter-settings: 

--inputfile          instances/a280-thop/a280_05_bsc_05_02.thop
--outputfile         solutions/acothop/a280-thop/a280_05_bsc_05_02_03.thop.sol
--tries              1
--tours              0
--ptries             1
--time               139.00
--seed               644764
--optimum            1
--ants               196
--nnants             20
--alpha              1.24
--beta               5.46
--rho                0.51
--q0                 0.00
--elitistants        0
--rasranks           0
--localsearch        0
--nnls               20
--dlb                1
--as                 0
--eas                0
--ras                0
--mmas               1
--bwas               0
--acs                0


begin try 0 
best     579589,        iteration:          1,        time       0.60
best     588187,        iteration:          5,        time       3.00
best     618248,        iteration:          6,        time       3.61
best     623281,        iteration:          8,        time       4.84
best     633735,        iteration:         11,        time       6.72
best     641339,        iteration:         12,        time       7.35
best     642884,        iteration:         14,        time       8.62
best     643002,        iteration:         20,        time      12.46
best     644037,        iteration:         23,        time      14.41
best     646036,        iteration:         27,        time      16.94
best     646078,        iteration:         48,        time      30.38
best     646164,        iteration:         95,        time      60.51
best     649378,        iteration:        166,        time     106.08
end try 0 


try          0,        best     649378,        found at iteration        166,        found at time     106.08
