Parameter-settings: 

--inputfile          instances/a280-thop/a280_03_bsc_05_02.thop
--outputfile         solutions/acothop/a280-thop/a280_03_bsc_05_02_06.thop.sol
--tries              1
--tours              0
--ptries             1
--time               84.00
--seed               73456
--optimum            1
--ants               196
--nnants             20
--alpha              1.24
--beta               5.46
--rho                0.51
--q0                 0.00
--elitistants        0
--rasranks           0
--localsearch        0
--nnls               20
--dlb                1
--as                 0
--eas                0
--ras                0
--mmas               1
--bwas               0
--acs                0


begin try 0 
best     336193,        iteration:          6,        time       1.88
best     344946,        iteration:          7,        time       2.20
best     348138,        iteration:          8,        time       2.51
best     368364,        iteration:          9,        time       2.83
best     379555,        iteration:         11,        time       3.49
best     391256,        iteration:         12,        time       3.82
best     392572,        iteration:         13,        time       4.16
best     392833,        iteration:         17,        time       5.50
best     392919,        iteration:         27,        time       8.86
best     392988,        iteration:         32,        time      10.55
best     393154,        iteration:         35,        time      11.57
best     393348,        iteration:         41,        time      13.58
best     393825,        iteration:         58,        time      19.19
best     394054,        iteration:         60,        time      19.87
best     394427,        iteration:        177,        time      59.42
best     394703,        iteration:        180,        time      60.43
best     394775,        iteration:        182,        time      61.10
best     395584,        iteration:        205,        time      68.85
best     402819,        iteration:        229,        time      77.02
end try 0 


try          0,        best     402819,        found at iteration        229,        found at time      77.02
