Parameter-settings: 

--inputfile          instances/a280-thop/a280_01_unc_05_02.thop
--outputfile         solutions/acothop/a280-thop/a280_01_unc_05_02_04.thop.sol
--tries              1
--tours              0
--ptries             1
--time               28.00
--seed               547617
--optimum            1
--ants               196
--nnants             20
--alpha              1.24
--beta               5.46
--rho                0.51
--q0                 0.00
--elitistants        0
--rasranks           0
--localsearch        0
--nnls               20
--dlb                1
--as                 0
--eas                0
--ras                0
--mmas               1
--bwas               0
--acs                0


begin try 0 
best      56427,        iteration:          1,        time       0.11
best      57619,        iteration:          2,        time       0.21
best      57815,        iteration:          3,        time       0.32
best      58904,        iteration:          4,        time       0.43
best      59600,        iteration:          9,        time       0.95
best      59739,        iteration:         10,        time       1.05
best      60182,        iteration:         11,        time       1.16
best      61857,        iteration:         12,        time       1.26
best      62638,        iteration:         14,        time       1.43
best      63001,        iteration:         21,        time       2.11
best      63244,        iteration:         23,        time       2.30
best      63614,        iteration:         66,        time       6.80
best      64853,        iteration:         67,        time       6.91
best      65002,        iteration:         69,        time       7.11
best      65191,        iteration:         71,        time       7.32
best      65575,        iteration:         73,        time       7.53
best      66911,        iteration:         95,        time       9.85
best      67831,        iteration:        102,        time      10.60
end try 0 


try          0,        best      67831,        found at iteration        102,        found at time      10.60
