Parameter-settings: 

--inputfile          instances/a280-thop/a280_05_usw_05_01.thop
--outputfile         solutions/acothop/a280-thop/a280_05_usw_05_01_05.thop.sol
--tries              1
--tours              0
--ptries             1
--time               139.00
--seed               642580
--optimum            1
--ants               196
--nnants             20
--alpha              1.24
--beta               5.46
--rho                0.51
--q0                 0.00
--elitistants        0
--rasranks           0
--localsearch        0
--nnls               20
--dlb                1
--as                 0
--eas                0
--ras                0
--mmas               1
--bwas               0
--acs                0


begin try 0 
best     228966,        iteration:          1,        time       0.48
best     250388,        iteration:          3,        time       1.43
best     258778,        iteration:         10,        time       4.86
best     262318,        iteration:         11,        time       5.36
best     267325,        iteration:         12,        time       5.86
best     270895,        iteration:         17,        time       8.38
best     271022,        iteration:         18,        time       8.89
best     272209,        iteration:         51,        time      25.78
best     275161,        iteration:         52,        time      26.29
best     275784,        iteration:         93,        time      47.25
best     276253,        iteration:        143,        time      72.79
best     276725,        iteration:        225,        time     114.96
end try 0 


try          0,        best     276725,        found at iteration        225,        found at time     114.96
