Parameter-settings: 

--inputfile          instances/a280-thop/a280_01_unc_10_03.thop
--outputfile         solutions/acothop/a280-thop/a280_01_unc_10_03_02.thop.sol
--tries              1
--tours              0
--ptries             1
--time               28.00
--seed               126489
--optimum            1
--ants               196
--nnants             20
--alpha              1.24
--beta               5.46
--rho                0.51
--q0                 0.00
--elitistants        0
--rasranks           0
--localsearch        0
--nnls               20
--dlb                1
--as                 0
--eas                0
--ras                0
--mmas               1
--bwas               0
--acs                0


begin try 0 
best      99349,        iteration:          1,        time       0.13
best     103123,        iteration:          3,        time       0.39
best     106929,        iteration:          5,        time       0.65
best     108103,        iteration:          8,        time       1.04
best     110004,        iteration:          9,        time       1.17
best     110220,        iteration:         12,        time       1.55
best     110332,        iteration:         13,        time       1.68
best     110334,        iteration:         15,        time       1.93
best     110463,        iteration:         17,        time       2.19
best     110583,        iteration:         45,        time       5.71
best     110642,        iteration:         53,        time       6.72
best     110944,        iteration:        172,        time      21.37
best     110953,        iteration:        209,        time      26.06
best     111080,        iteration:        210,        time      26.19
best     111201,        iteration:        211,        time      26.32
best     111302,        iteration:        214,        time      26.70
end try 0 


try          0,        best     111302,        found at iteration        214,        found at time      26.70
