Parameter-settings: 

--inputfile          instances/a280-thop/a280_05_usw_10_03.thop
--outputfile         solutions/acothop/a280-thop/a280_05_usw_10_03_07.thop.sol
--tries              1
--tours              0
--ptries             1
--time               139.00
--seed               462018
--optimum            1
--ants               196
--nnants             20
--alpha              1.24
--beta               5.46
--rho                0.51
--q0                 0.00
--elitistants        0
--rasranks           0
--localsearch        0
--nnls               20
--dlb                1
--as                 0
--eas                0
--ras                0
--mmas               1
--bwas               0
--acs                0


begin try 0 
best     532096,        iteration:          3,        time       2.20
best     543584,        iteration:          5,        time       3.69
best     554619,        iteration:          6,        time       4.45
best     574625,        iteration:          7,        time       5.20
best     578249,        iteration:          9,        time       6.72
best     581297,        iteration:         10,        time       7.48
best     581453,        iteration:         11,        time       8.24
best     582898,        iteration:         12,        time       9.01
best     583474,        iteration:         13,        time       9.78
best     584859,        iteration:         14,        time      10.55
best     584926,        iteration:         15,        time      11.33
best     585359,        iteration:         16,        time      12.10
best     585925,        iteration:         20,        time      15.18
best     586497,        iteration:         21,        time      15.94
best     586682,        iteration:         22,        time      16.70
best     586751,        iteration:         24,        time      18.21
best     587040,        iteration:         36,        time      27.42
best     587369,        iteration:         37,        time      28.18
best     587667,        iteration:         40,        time      30.47
best     589300,        iteration:         43,        time      32.76
best     589527,        iteration:         44,        time      33.53
best     589795,        iteration:         48,        time      36.59
best     589863,        iteration:         49,        time      37.36
best     590774,        iteration:         50,        time      38.13
best     590955,        iteration:        100,        time      76.53
best     591011,        iteration:        101,        time      77.32
best     592552,        iteration:        103,        time      78.85
best     592593,        iteration:        104,        time      79.61
best     592629,        iteration:        105,        time      80.39
best     592661,        iteration:        106,        time      81.16
best     593653,        iteration:        114,        time      87.30
best     594182,        iteration:        115,        time      88.08
best     594204,        iteration:        117,        time      89.62
best     594210,        iteration:        148,        time     113.43
best     595135,        iteration:        153,        time     117.24
best     596167,        iteration:        154,        time     118.01
best     596526,        iteration:        155,        time     118.78
best     596527,        iteration:        158,        time     121.08
best     597027,        iteration:        159,        time     121.85
best     597062,        iteration:        160,        time     122.62
best     597078,        iteration:        162,        time     124.14
best     597094,        iteration:        167,        time     127.99
best     600047,        iteration:        170,        time     130.31
best     600068,        iteration:        171,        time     131.08
end try 0 


try          0,        best     600068,        found at iteration        171,        found at time     131.08
