Parameter-settings: 

--inputfile          instances/a280-thop/a280_05_unc_10_03.thop
--outputfile         solutions/acothop/a280-thop/a280_05_unc_10_03_04.thop.sol
--tries              1
--tours              0
--ptries             1
--time               139.00
--seed               547617
--optimum            1
--ants               196
--nnants             20
--alpha              1.24
--beta               5.46
--rho                0.51
--q0                 0.00
--elitistants        0
--rasranks           0
--localsearch        0
--nnls               20
--dlb                1
--as                 0
--eas                0
--ras                0
--mmas               1
--bwas               0
--acs                0


begin try 0 
best     512547,        iteration:          5,        time       4.06
best     521530,        iteration:          6,        time       4.90
best     522371,        iteration:          7,        time       5.72
best     533072,        iteration:          9,        time       7.38
best     545607,        iteration:         10,        time       8.21
best     553145,        iteration:         11,        time       9.04
best     553249,        iteration:         12,        time       9.87
best     555554,        iteration:         13,        time      10.70
best     555596,        iteration:         14,        time      11.53
best     555611,        iteration:         15,        time      12.36
best     555624,        iteration:         17,        time      14.03
best     555664,        iteration:         24,        time      19.84
best     555729,        iteration:         30,        time      24.83
best     555945,        iteration:         31,        time      25.67
best     555976,        iteration:         32,        time      26.51
best     556135,        iteration:         33,        time      27.34
best     556418,        iteration:         40,        time      33.11
best     558997,        iteration:         41,        time      33.95
best     559046,        iteration:         44,        time      36.45
best     559171,        iteration:         45,        time      37.29
best     559664,        iteration:         49,        time      40.65
best     560758,        iteration:         50,        time      41.48
best     560825,        iteration:         52,        time      43.16
best     561428,        iteration:         64,        time      53.20
best     562083,        iteration:         66,        time      54.87
best     562158,        iteration:         67,        time      55.70
best     562174,        iteration:         75,        time      62.40
best     562886,        iteration:         88,        time      73.13
best     564795,        iteration:         89,        time      73.96
best     564872,        iteration:         90,        time      74.80
best     564876,        iteration:         91,        time      75.63
best     564911,        iteration:         92,        time      76.47
best     564938,        iteration:         99,        time      82.27
best     565735,        iteration:        101,        time      83.96
best     567922,        iteration:        102,        time      84.79
best     569698,        iteration:        103,        time      85.63
best     569703,        iteration:        104,        time      86.47
best     569740,        iteration:        114,        time      94.76
best     570721,        iteration:        121,        time     100.60
best     570794,        iteration:        126,        time     104.75
best     572181,        iteration:        141,        time     117.24
best     573508,        iteration:        142,        time     118.07
best     573538,        iteration:        149,        time     123.90
best     573916,        iteration:        164,        time     136.36
best     574147,        iteration:        165,        time     137.19
end try 0 


try          0,        best     574147,        found at iteration        165,        found at time     137.19
