Parameter-settings: 

--inputfile          instances/a280-thop/a280_10_usw_01_03.thop
--outputfile         solutions/acothop/a280-thop/a280_10_usw_01_03_09.thop.sol
--tries              1
--tours              0
--ptries             1
--time               278.00
--seed               756112
--optimum            1
--ants               196
--nnants             20
--alpha              1.24
--beta               5.46
--rho                0.51
--q0                 0.00
--elitistants        0
--rasranks           0
--localsearch        0
--nnls               20
--dlb                1
--as                 0
--eas                0
--ras                0
--mmas               1
--bwas               0
--acs                0


begin try 0 
best     200434,        iteration:          1,        time       0.73
best     204097,        iteration:          3,        time       2.21
best     207158,        iteration:          5,        time       3.62
best     210989,        iteration:          7,        time       4.87
best     212970,        iteration:        164,        time      67.48
best     213199,        iteration:        418,        time     162.04
best     213543,        iteration:        427,        time     165.37
best     213746,        iteration:        430,        time     166.63
best     214004,        iteration:        431,        time     166.99
best     214369,        iteration:        433,        time     167.76
end try 0 


try          0,        best     214369,        found at iteration        433,        found at time     167.76
