Parameter-settings: 

--inputfile          instances/a280-thop/a280_05_bsc_05_02.thop
--outputfile         solutions/acothop/a280-thop/a280_05_bsc_05_02_06.thop.sol
--tries              1
--tours              0
--ptries             1
--time               139.00
--seed               73456
--optimum            1
--ants               196
--nnants             20
--alpha              1.24
--beta               5.46
--rho                0.51
--q0                 0.00
--elitistants        0
--rasranks           0
--localsearch        0
--nnls               20
--dlb                1
--as                 0
--eas                0
--ras                0
--mmas               1
--bwas               0
--acs                0


begin try 0 
best     568466,        iteration:          1,        time       0.56
best     585787,        iteration:          5,        time       2.94
best     640030,        iteration:          6,        time       3.53
best     645703,        iteration:         10,        time       5.96
best     650661,        iteration:         15,        time       9.11
best     676498,        iteration:         17,        time      10.37
best     679831,        iteration:         19,        time      11.62
best     680437,        iteration:         24,        time      14.83
best     680443,        iteration:         29,        time      18.01
best     681463,        iteration:         31,        time      19.29
best     682422,        iteration:         48,        time      30.21
best     683263,        iteration:         60,        time      37.79
best     684072,        iteration:         63,        time      39.68
end try 0 


try          0,        best     684072,        found at iteration         63,        found at time      39.68
