Parameter-settings: 

--inputfile          instances/a280-thop/a280_03_bsc_01_01.thop
--outputfile         solutions/acothop/a280-thop/a280_03_bsc_01_01_05.thop.sol
--tries              1
--tours              0
--ptries             1
--time               84.00
--seed               642580
--optimum            1
--ants               196
--nnants             20
--alpha              1.24
--beta               5.46
--rho                0.51
--q0                 0.00
--elitistants        0
--rasranks           0
--localsearch        0
--nnls               20
--dlb                1
--as                 0
--eas                0
--ras                0
--mmas               1
--bwas               0
--acs                0


begin try 0 
best      87181,        iteration:          1,        time       0.22
best      89903,        iteration:          2,        time       0.45
best      90718,        iteration:          3,        time       0.67
best      93633,        iteration:          4,        time       0.89
best      94280,        iteration:          5,        time       1.10
best      94759,        iteration:          9,        time       1.95
best      95038,        iteration:         12,        time       2.54
best      95129,        iteration:         23,        time       4.61
best      95144,        iteration:         24,        time       4.81
best      95382,        iteration:         25,        time       5.01
best      95614,        iteration:         27,        time       5.38
best      95714,        iteration:         64,        time      11.83
best      96547,        iteration:         66,        time      12.19
best      96688,        iteration:         67,        time      12.38
best      96724,        iteration:        202,        time      36.60
best      96745,        iteration:        204,        time      36.97
best      96832,        iteration:        207,        time      37.50
end try 0 


try          0,        best      96832,        found at iteration        207,        found at time      37.50
