Parameter-settings: 

--inputfile          instances/a280-thop/a280_10_unc_10_01.thop
--outputfile         solutions/acothop/a280-thop/a280_10_unc_10_01_02.thop.sol
--tries              1
--tours              0
--ptries             1
--time               278.00
--seed               126489
--optimum            1
--ants               196
--nnants             20
--alpha              1.24
--beta               5.46
--rho                0.51
--q0                 0.00
--elitistants        0
--rasranks           0
--localsearch        0
--nnls               20
--dlb                1
--as                 0
--eas                0
--ras                0
--mmas               1
--bwas               0
--acs                0


begin try 0 
best     410058,        iteration:          1,        time       0.81
best     446676,        iteration:          2,        time       1.67
best     460474,        iteration:          3,        time       2.53
best     488993,        iteration:          7,        time       5.88
best     513100,        iteration:          9,        time       7.60
best     517836,        iteration:         11,        time       9.31
best     552155,        iteration:         12,        time      10.21
best     556114,        iteration:         17,        time      14.66
best     558166,        iteration:         20,        time      17.29
best     559542,        iteration:         36,        time      31.82
best     567230,        iteration:         70,        time      62.57
best     568733,        iteration:         80,        time      71.80
best     569010,        iteration:         89,        time      80.12
best     571506,        iteration:         93,        time      83.83
best     572970,        iteration:        131,        time     118.73
best     579727,        iteration:        204,        time     186.00
best     580544,        iteration:        243,        time     221.61
best     580679,        iteration:        264,        time     240.93
end try 0 


try          0,        best     580679,        found at iteration        264,        found at time     240.93
