Parameter-settings: 

--inputfile          instances/a280-thop/a280_01_unc_05_01.thop
--outputfile         solutions/acothop/a280-thop/a280_01_unc_05_01_06.thop.sol
--tries              1
--tours              0
--ptries             1
--time               28.00
--seed               73456
--optimum            1
--ants               196
--nnants             20
--alpha              1.24
--beta               5.46
--rho                0.51
--q0                 0.00
--elitistants        0
--rasranks           0
--localsearch        0
--nnls               20
--dlb                1
--as                 0
--eas                0
--ras                0
--mmas               1
--bwas               0
--acs                0


begin try 0 
best      38463,        iteration:          1,        time       0.10
best      39561,        iteration:          4,        time       0.37
best      39745,        iteration:          6,        time       0.55
best      41021,        iteration:          9,        time       0.83
best      42435,        iteration:         11,        time       1.01
best      44380,        iteration:         12,        time       1.10
best      45897,        iteration:        155,        time      13.81
best      47860,        iteration:        156,        time      13.90
best      47966,        iteration:        161,        time      14.31
best      48581,        iteration:        218,        time      19.64
best      48752,        iteration:        219,        time      19.73
best      49982,        iteration:        222,        time      20.01
best      49995,        iteration:        224,        time      20.20
best      50298,        iteration:        309,        time      27.96
end try 0 


try          0,        best      50298,        found at iteration        309,        found at time      27.96
