Parameter-settings: 

--inputfile          instances/a280-thop/a280_01_bsc_10_01.thop
--outputfile         solutions/acothop/a280-thop/a280_01_bsc_10_01_04.thop.sol
--tries              1
--tours              0
--ptries             1
--time               28.00
--seed               547617
--optimum            1
--ants               196
--nnants             20
--alpha              1.24
--beta               5.46
--rho                0.51
--q0                 0.00
--elitistants        0
--rasranks           0
--localsearch        0
--nnls               20
--dlb                1
--as                 0
--eas                0
--ras                0
--mmas               1
--bwas               0
--acs                0


begin try 0 
best     118752,        iteration:          1,        time       0.10
best     123799,        iteration:          3,        time       0.30
best     127103,        iteration:          4,        time       0.39
best     129962,        iteration:          5,        time       0.49
best     130928,        iteration:          6,        time       0.59
best     137974,        iteration:          7,        time       0.67
best     146380,        iteration:          8,        time       0.75
best     155268,        iteration:          9,        time       0.83
best     163005,        iteration:         10,        time       0.93
best     167035,        iteration:         11,        time       1.01
best     167420,        iteration:         13,        time       1.20
best     167461,        iteration:         17,        time       1.60
best     170526,        iteration:         29,        time       2.83
best     170711,        iteration:         30,        time       2.93
best     170787,        iteration:         31,        time       3.03
best     171030,        iteration:         32,        time       3.13
best     171067,        iteration:         34,        time       3.33
best     171957,        iteration:         52,        time       5.14
best     172530,        iteration:         53,        time       5.25
best     173215,        iteration:         63,        time       6.28
best     173685,        iteration:         68,        time       6.79
best     174432,        iteration:         69,        time       6.90
best     174654,        iteration:         72,        time       7.21
best     174663,        iteration:         75,        time       7.52
end try 0 


try          0,        best     174663,        found at iteration         75,        found at time       7.52
