Parameter-settings: 

--inputfile          instances/a280-thop/a280_03_usw_01_03.thop
--outputfile         solutions/acothop/a280-thop/a280_03_usw_01_03_02.thop.sol
--tries              1
--tours              0
--ptries             1
--time               84.00
--seed               126489
--optimum            1
--ants               196
--nnants             20
--alpha              1.24
--beta               5.46
--rho                0.51
--q0                 0.00
--elitistants        0
--rasranks           0
--localsearch        0
--nnls               20
--dlb                1
--as                 0
--eas                0
--ras                0
--mmas               1
--bwas               0
--acs                0


begin try 0 
best      55684,        iteration:          1,        time       0.20
best      57842,        iteration:          2,        time       0.41
best      58315,        iteration:          3,        time       0.62
best      61012,        iteration:          4,        time       0.82
best      63665,        iteration:          5,        time       1.04
best      65072,        iteration:          7,        time       1.47
best      65362,        iteration:          9,        time       1.85
best      65896,        iteration:         12,        time       2.34
best      65928,        iteration:         28,        time       4.26
best      66036,        iteration:         29,        time       4.38
best      66372,        iteration:         32,        time       4.75
best      66525,        iteration:         83,        time      10.81
best      66545,        iteration:        324,        time      38.84
best      66838,        iteration:        325,        time      39.02
best      66877,        iteration:        455,        time      64.84
end try 0 


try          0,        best      66877,        found at iteration        455,        found at time      64.84
