Parameter-settings: 

--inputfile          instances/a280-thop/a280_01_bsc_01_01.thop
--outputfile         solutions/acothop/a280-thop/a280_01_bsc_01_01_02.thop.sol
--tries              1
--tours              0
--ptries             1
--time               28.00
--seed               126489
--optimum            1
--ants               196
--nnants             20
--alpha              1.24
--beta               5.46
--rho                0.51
--q0                 0.00
--elitistants        0
--rasranks           0
--localsearch        0
--nnls               20
--dlb                1
--as                 0
--eas                0
--ras                0
--mmas               1
--bwas               0
--acs                0


begin try 0 
best      33292,        iteration:          1,        time       0.08
end try 0 


try          0,        best      33292,        found at iteration          1,        found at time       0.08
