Parameter-settings: 

--inputfile          instances/a280-thop/a280_01_unc_05_03.thop
--outputfile         solutions/acothop/a280-thop/a280_01_unc_05_03_05.thop.sol
--tries              1
--tours              0
--ptries             1
--time               28.00
--seed               642580
--optimum            1
--ants               196
--nnants             20
--alpha              1.24
--beta               5.46
--rho                0.51
--q0                 0.00
--elitistants        0
--rasranks           0
--localsearch        0
--nnls               20
--dlb                1
--as                 0
--eas                0
--ras                0
--mmas               1
--bwas               0
--acs                0


begin try 0 
best      74108,        iteration:          1,        time       0.12
best      77803,        iteration:          3,        time       0.34
best      80947,        iteration:          9,        time       1.04
best      81131,        iteration:         10,        time       1.15
best      82690,        iteration:         12,        time       1.37
best      83231,        iteration:         14,        time       1.60
best      83425,        iteration:         21,        time       2.37
best      83656,        iteration:         24,        time       2.70
best      83811,        iteration:         75,        time       8.22
best      84460,        iteration:         79,        time       8.67
best      84463,        iteration:         84,        time       9.23
best      84687,        iteration:         86,        time       9.44
end try 0 


try          0,        best      84687,        found at iteration         86,        found at time       9.44
