Parameter-settings: 

--inputfile          instances/a280-thop/a280_10_unc_10_01.thop
--outputfile         solutions/acothop/a280-thop/a280_10_unc_10_01_06.thop.sol
--tries              1
--tours              0
--ptries             1
--time               278.00
--seed               73456
--optimum            1
--ants               196
--nnants             20
--alpha              1.24
--beta               5.46
--rho                0.51
--q0                 0.00
--elitistants        0
--rasranks           0
--localsearch        0
--nnls               20
--dlb                1
--as                 0
--eas                0
--ras                0
--mmas               1
--bwas               0
--acs                0


begin try 0 
best     409013,        iteration:          1,        time       0.86
best     443197,        iteration:          4,        time       3.40
best     452308,        iteration:          6,        time       5.13
best     457259,        iteration:          9,        time       7.73
best     494405,        iteration:         10,        time       8.58
best     565920,        iteration:         14,        time      11.99
best     568156,        iteration:         17,        time      14.59
best     568482,        iteration:         23,        time      19.90
best     569897,        iteration:         31,        time      26.86
best     572056,        iteration:         36,        time      31.14
best     572921,        iteration:        185,        time     161.29
best     575826,        iteration:        189,        time     164.81
best     575943,        iteration:        193,        time     168.36
best     576045,        iteration:        194,        time     169.26
best     577402,        iteration:        207,        time     180.71
best     583862,        iteration:        212,        time     185.14
best     585894,        iteration:        213,        time     186.03
best     591301,        iteration:        216,        time     188.78
best     592844,        iteration:        231,        time     202.23
end try 0 


try          0,        best     592844,        found at iteration        231,        found at time     202.23
