Parameter-settings: 

--inputfile          instances/a280-thop/a280_03_usw_05_03.thop
--outputfile         solutions/acothop/a280-thop/a280_03_usw_05_03_04.thop.sol
--tries              1
--tours              0
--ptries             1
--time               84.00
--seed               547617
--optimum            1
--ants               196
--nnants             20
--alpha              1.24
--beta               5.46
--rho                0.51
--q0                 0.00
--elitistants        0
--rasranks           0
--localsearch        0
--nnls               20
--dlb                1
--as                 0
--eas                0
--ras                0
--mmas               1
--bwas               0
--acs                0


begin try 0 
best     230448,        iteration:          3,        time       1.08
best     231596,        iteration:          8,        time       2.91
best     234751,        iteration:          9,        time       3.28
best     239346,        iteration:         10,        time       3.65
best     244072,        iteration:         11,        time       4.03
best     245908,        iteration:         12,        time       4.40
best     246580,        iteration:         13,        time       4.77
best     246865,        iteration:         14,        time       5.14
best     246891,        iteration:         15,        time       5.51
best     247331,        iteration:         16,        time       5.87
best     247411,        iteration:         20,        time       7.34
best     247946,        iteration:         22,        time       8.06
best     248055,        iteration:         27,        time       9.89
best     248853,        iteration:         28,        time      10.24
best     249530,        iteration:         32,        time      11.68
best     249742,        iteration:         33,        time      12.04
best     249888,        iteration:         34,        time      12.41
best     249953,        iteration:         50,        time      18.12
best     250023,        iteration:         53,        time      19.18
best     250049,        iteration:         58,        time      20.99
best     250119,        iteration:         59,        time      21.35
best     250257,        iteration:         61,        time      22.05
best     251137,        iteration:        111,        time      39.82
best     251199,        iteration:        112,        time      40.17
best     251309,        iteration:        114,        time      40.90
best     251318,        iteration:        150,        time      53.93
best     251323,        iteration:        174,        time      62.55
best     251698,        iteration:        176,        time      63.27
best     252149,        iteration:        180,        time      64.72
best     252208,        iteration:        181,        time      65.08
best     252602,        iteration:        183,        time      65.81
best     253389,        iteration:        184,        time      66.18
best     253390,        iteration:        185,        time      66.54
best     253475,        iteration:        186,        time      66.91
best     253766,        iteration:        187,        time      67.28
best     253932,        iteration:        189,        time      68.03
best     254863,        iteration:        190,        time      68.39
best     255156,        iteration:        191,        time      68.75
best     255249,        iteration:        197,        time      70.92
best     255734,        iteration:        202,        time      72.72
best     255835,        iteration:        203,        time      73.07
best     255915,        iteration:        204,        time      73.42
best     255938,        iteration:        218,        time      78.37
best     255960,        iteration:        219,        time      78.72
end try 0 


try          0,        best     255960,        found at iteration        219,        found at time      78.72
