Parameter-settings: 

--inputfile          instances/a280-thop/a280_03_bsc_05_02.thop
--outputfile         solutions/acothop*/a280-thop/a280_03_bsc_05_02_09.thop.sol
--tries              1
--tours              0
--ptries             2
--time               84.00
--seed               756112
--optimum            1
--ants               50
--nnants             20
--alpha              0.75
--beta               6.16
--rho                0.40
--q0                 0.00
--elitistants        0
--rasranks           0
--localsearch        0
--nnls               20
--dlb                1
--as                 0
--eas                0
--ras                0
--mmas               1
--bwas               0
--acs                0


begin try 0 
best     311987,        iteration:          1,        time       0.16
best     335683,        iteration:          4,        time       0.64
best     348002,        iteration:          6,        time       0.97
best     354567,        iteration:         22,        time       3.58
best     375481,        iteration:         33,        time       5.39
best     379226,        iteration:         53,        time       8.68
best     394968,        iteration:         60,        time       9.84
best     398116,        iteration:        162,        time      26.91
best     398168,        iteration:        231,        time      38.53
best     398658,        iteration:        233,        time      38.87
best     399984,        iteration:        249,        time      41.59
best     402294,        iteration:        250,        time      41.76
best     403506,        iteration:        265,        time      44.29
best     404144,        iteration:        267,        time      44.62
best     408179,        iteration:        287,        time      47.95
end try 0 


try          0,        best     408179,        found at iteration        287,        found at time      47.95
