Parameter-settings: 

--inputfile          instances/a280-thop/a280_01_unc_05_03.thop
--outputfile         solutions/acothop*/a280-thop/a280_01_unc_05_03_00.thop.sol
--tries              1
--tours              0
--ptries             1
--time               28.00
--seed               269070
--optimum            1
--ants               500
--nnants             20
--alpha              0.86
--beta               7.13
--rho                0.38
--q0                 0.00
--elitistants        0
--rasranks           0
--localsearch        0
--nnls               20
--dlb                1
--as                 0
--eas                0
--ras                0
--mmas               1
--bwas               0
--acs                0


begin try 0 
best      80416,        iteration:          1,        time       0.50
best      82345,        iteration:          8,        time       4.17
best      82825,        iteration:         13,        time       6.82
best      84192,        iteration:         14,        time       7.36
best      84826,        iteration:         15,        time       7.89
best      86221,        iteration:         17,        time       8.96
best      86335,        iteration:         19,        time      10.04
best      87533,        iteration:         22,        time      11.64
best      88103,        iteration:         29,        time      15.37
best      88420,        iteration:         48,        time      25.42
best      88492,        iteration:         49,        time      25.95
best      88782,        iteration:         53,        time      28.00
end try 0 


try          0,        best      88782,        found at iteration         53,        found at time      28.00
