Parameter-settings: 

--inputfile          instances/a280-thop/a280_10_usw_05_03.thop
--outputfile         solutions/acothop*/a280-thop/a280_10_usw_05_03_05.thop.sol
--tries              1
--tours              0
--ptries             1
--time               278.00
--seed               642580
--optimum            1
--ants               200
--nnants             20
--alpha              0.78
--beta               6.79
--rho                0.58
--q0                 0.00
--elitistants        0
--rasranks           0
--localsearch        0
--nnls               20
--dlb                1
--as                 0
--eas                0
--ras                0
--mmas               1
--bwas               0
--acs                0


begin try 0 
best     709231,        iteration:          1,        time       1.41
best     717839,        iteration:          2,        time       2.81
best     734444,        iteration:          3,        time       4.23
best     737899,        iteration:          4,        time       5.64
best     739195,        iteration:          5,        time       7.04
best     757960,        iteration:          6,        time       8.47
best     762943,        iteration:          8,        time      11.34
best     775413,        iteration:         10,        time      14.17
best     796099,        iteration:         11,        time      15.59
best     802832,        iteration:         13,        time      18.43
best     804634,        iteration:         14,        time      19.81
best     805242,        iteration:         15,        time      21.18
best     805755,        iteration:         17,        time      23.91
best     806728,        iteration:         18,        time      25.27
best     807255,        iteration:         20,        time      28.03
best     809199,        iteration:         21,        time      29.40
best     810832,        iteration:         22,        time      30.81
best     811387,        iteration:         23,        time      32.14
best     815565,        iteration:         24,        time      33.55
best     819166,        iteration:         26,        time      36.28
best     823683,        iteration:         27,        time      37.65
best     823732,        iteration:         29,        time      40.29
best     823995,        iteration:         30,        time      41.67
best     825324,        iteration:         36,        time      49.61
best     827603,        iteration:         38,        time      52.28
best     828917,        iteration:         44,        time      60.52
best     829225,        iteration:         45,        time      61.93
best     829526,        iteration:         46,        time      63.31
best     830039,        iteration:         47,        time      64.70
best     830666,        iteration:         52,        time      71.67
best     834252,        iteration:         56,        time      77.26
best     834378,        iteration:         57,        time      78.65
best     834628,        iteration:         59,        time      81.43
best     835424,        iteration:         60,        time      82.80
best     836359,        iteration:         61,        time      84.19
best     838655,        iteration:         64,        time      88.40
best     839274,        iteration:         65,        time      89.78
best     841041,        iteration:         67,        time      92.52
best     841213,        iteration:         70,        time      96.60
best     841390,        iteration:         73,        time     100.74
best     841602,        iteration:         75,        time     103.52
best     841756,        iteration:         81,        time     111.79
best     841930,        iteration:         85,        time     117.31
best     842641,        iteration:        127,        time     175.67
best     843111,        iteration:        129,        time     178.41
best     843209,        iteration:        132,        time     182.52
best     844251,        iteration:        134,        time     185.26
best     844278,        iteration:        146,        time     201.64
best     844845,        iteration:        153,        time     211.38
best     846278,        iteration:        154,        time     212.82
best     846744,        iteration:        162,        time     223.82
best     847085,        iteration:        163,        time     225.22
best     847900,        iteration:        165,        time     227.99
best     847910,        iteration:        190,        time     262.74
best     848306,        iteration:        192,        time     265.56
best     848620,        iteration:        201,        time     278.07
end try 0 


try          0,        best     848620,        found at iteration        201,        found at time     278.07
