Parameter-settings: 

--inputfile          instances/a280-thop/a280_05_unc_05_01.thop
--outputfile         solutions/acothop*/a280-thop/a280_05_unc_05_01_02.thop.sol
--tries              1
--tours              0
--ptries             1
--time               139.00
--seed               126489
--optimum            1
--ants               200
--nnants             20
--alpha              0.85
--beta               9.32
--rho                0.49
--q0                 0.00
--elitistants        0
--rasranks           0
--localsearch        0
--nnls               20
--dlb                1
--as                 0
--eas                0
--ras                0
--mmas               1
--bwas               0
--acs                0


begin try 0 
best     188757,        iteration:          1,        time       0.85
best     192569,        iteration:          2,        time       1.70
best     210609,        iteration:          3,        time       2.55
best     226407,        iteration:          4,        time       3.40
best     233369,        iteration:          9,        time       7.68
best     234768,        iteration:         11,        time       9.40
best     236830,        iteration:         12,        time      10.29
best     237971,        iteration:         15,        time      12.95
best     239784,        iteration:         16,        time      13.87
best     239982,        iteration:         18,        time      15.70
best     240017,        iteration:         19,        time      16.61
best     241705,        iteration:         25,        time      22.09
best     242870,        iteration:         26,        time      22.99
best     242883,        iteration:         28,        time      24.79
best     243366,        iteration:         51,        time      45.66
best     244411,        iteration:         87,        time      78.61
best     245007,        iteration:         88,        time      79.50
best     246021,        iteration:        112,        time     100.77
best     246163,        iteration:        138,        time     123.77
best     246799,        iteration:        151,        time     135.48
best     247190,        iteration:        155,        time     139.00
end try 0 


try          0,        best     247190,        found at iteration        155,        found at time     139.00
