Parameter-settings: 

--inputfile          instances/a280-thop/a280_05_bsc_01_02.thop
--outputfile         solutions/acothop*/a280-thop/a280_05_bsc_01_02_04.thop.sol
--tries              1
--tours              0
--ptries             1
--time               139.00
--seed               547617
--optimum            1
--ants               200
--nnants             20
--alpha              0.82
--beta               7.91
--rho                0.37
--q0                 0.00
--elitistants        0
--rasranks           0
--localsearch        0
--nnls               20
--dlb                1
--as                 0
--eas                0
--ras                0
--mmas               1
--bwas               0
--acs                0


begin try 0 
best     154959,        iteration:          1,        time       0.78
best     155168,        iteration:          4,        time       3.13
best     155447,        iteration:          6,        time       4.72
best     156134,        iteration:          7,        time       5.51
best     157968,        iteration:          8,        time       6.29
best     160349,        iteration:         12,        time       9.47
best     160356,        iteration:         19,        time      15.04
best     160864,        iteration:         37,        time      29.35
best     162549,        iteration:         39,        time      30.79
best     162942,        iteration:         41,        time      32.31
best     163645,        iteration:         44,        time      34.51
best     164061,        iteration:         45,        time      35.20
best     164553,        iteration:         67,        time      50.86
best     164686,        iteration:         97,        time      71.59
best     164865,        iteration:        124,        time      89.68
end try 0 


try          0,        best     164865,        found at iteration        124,        found at time      89.68
