Parameter-settings: 

--inputfile          instances/a280-thop/a280_03_bsc_05_02.thop
--outputfile         solutions/acothop*/a280-thop/a280_03_bsc_05_02_04.thop.sol
--tries              1
--tours              0
--ptries             2
--time               84.00
--seed               547617
--optimum            1
--ants               50
--nnants             20
--alpha              0.75
--beta               6.16
--rho                0.40
--q0                 0.00
--elitistants        0
--rasranks           0
--localsearch        0
--nnls               20
--dlb                1
--as                 0
--eas                0
--ras                0
--mmas               1
--bwas               0
--acs                0


begin try 0 
best     348866,        iteration:         12,        time       1.82
best     362888,        iteration:         32,        time       5.01
best     368663,        iteration:         36,        time       5.68
best     369364,        iteration:         57,        time       9.19
best     376261,        iteration:         67,        time      10.86
best     390678,        iteration:        108,        time      17.72
best     393626,        iteration:        128,        time      21.14
best     406265,        iteration:        131,        time      21.66
best     410109,        iteration:        141,        time      23.42
best     410660,        iteration:        171,        time      28.68
best     412015,        iteration:        216,        time      36.38
best     414443,        iteration:        225,        time      37.98
best     418686,        iteration:        450,        time      77.45
end try 0 


try          0,        best     418686,        found at iteration        450,        found at time      77.45
