Parameter-settings: 

--inputfile          instances/a280-thop/a280_05_unc_05_01.thop
--outputfile         solutions/acothop*/a280-thop/a280_05_unc_05_01_07.thop.sol
--tries              1
--tours              0
--ptries             1
--time               139.00
--seed               462018
--optimum            1
--ants               200
--nnants             20
--alpha              0.85
--beta               9.32
--rho                0.49
--q0                 0.00
--elitistants        0
--rasranks           0
--localsearch        0
--nnls               20
--dlb                1
--as                 0
--eas                0
--ras                0
--mmas               1
--bwas               0
--acs                0


begin try 0 
best     187160,        iteration:          1,        time       0.84
best     210906,        iteration:          4,        time       3.35
best     235178,        iteration:          8,        time       6.64
best     238080,        iteration:         26,        time      22.01
best     247233,        iteration:         27,        time      22.88
best     248205,        iteration:         43,        time      36.98
best     248660,        iteration:         44,        time      37.86
best     250062,        iteration:         50,        time      43.22
best     250831,        iteration:         58,        time      50.56
best     251679,        iteration:         83,        time      72.96
end try 0 


try          0,        best     251679,        found at iteration         83,        found at time      72.96
