Parameter-settings: 

--inputfile          instances/a280-thop/a280_05_usw_10_01.thop
--outputfile         solutions/acothop*/a280-thop/a280_05_usw_10_01_04.thop.sol
--tries              1
--tours              0
--ptries             1
--time               139.00
--seed               547617
--optimum            1
--ants               200
--nnants             20
--alpha              0.93
--beta               4.86
--rho                0.26
--q0                 0.00
--elitistants        0
--rasranks           0
--localsearch        0
--nnls               20
--dlb                1
--as                 0
--eas                0
--ras                0
--mmas               1
--bwas               0
--acs                0


begin try 0 
best     286135,        iteration:          1,        time       0.46
best     298510,        iteration:          3,        time       1.39
best     309917,        iteration:         13,        time       6.44
best     310876,        iteration:         20,        time      10.04
best     319186,        iteration:         22,        time      11.08
best     321221,        iteration:         27,        time      13.65
best     331140,        iteration:         32,        time      16.27
best     337340,        iteration:         44,        time      22.61
best     339117,        iteration:         45,        time      23.16
best     340512,        iteration:         57,        time      29.68
best     340637,        iteration:         58,        time      30.23
best     343907,        iteration:         59,        time      30.79
best     346539,        iteration:         61,        time      31.88
best     348244,        iteration:         66,        time      34.63
best     348837,        iteration:         74,        time      39.12
best     350325,        iteration:         76,        time      40.24
best     350406,        iteration:        116,        time      62.72
best     351315,        iteration:        117,        time      63.28
best     351440,        iteration:        137,        time      74.62
best     352081,        iteration:        141,        time      76.89
best     352148,        iteration:        181,        time      99.37
best     352582,        iteration:        184,        time     101.07
best     352627,        iteration:        193,        time     106.21
best     354871,        iteration:        225,        time     124.45
end try 0 


try          0,        best     354871,        found at iteration        225,        found at time     124.45
