Parameter-settings: 

--inputfile          instances/a280-thop/a280_10_unc_05_03.thop
--outputfile         solutions/acothop*/a280-thop/a280_10_unc_05_03_04.thop.sol
--tries              1
--tours              0
--ptries             1
--time               278.00
--seed               547617
--optimum            1
--ants               50
--nnants             20
--alpha              0.82
--beta               8.63
--rho                0.62
--q0                 0.00
--elitistants        0
--rasranks           0
--localsearch        0
--nnls               20
--dlb                1
--as                 0
--eas                0
--ras                0
--mmas               1
--bwas               0
--acs                0


begin try 0 
best     792237,        iteration:          6,        time       2.67
best     812182,        iteration:          7,        time       3.11
best     812322,        iteration:          8,        time       3.55
best     828565,        iteration:          9,        time       4.00
best     850236,        iteration:         11,        time       4.90
best     850413,        iteration:         12,        time       5.33
best     855714,        iteration:         13,        time       5.79
best     863399,        iteration:         15,        time       6.68
best     867246,        iteration:         16,        time       7.14
best     867634,        iteration:         18,        time       8.02
best     868425,        iteration:         22,        time       9.81
best     872161,        iteration:         25,        time      11.15
best     873542,        iteration:         71,        time      31.60
best     881195,        iteration:         72,        time      32.04
best     881507,        iteration:         74,        time      32.93
best     882049,        iteration:         79,        time      35.17
best     882791,        iteration:         80,        time      35.62
best     883683,        iteration:         81,        time      36.07
best     883958,        iteration:         83,        time      36.94
best     884871,        iteration:         88,        time      39.16
best     888840,        iteration:         89,        time      39.60
best     889147,        iteration:         90,        time      40.05
best     889251,        iteration:         94,        time      41.83
best     889361,        iteration:         99,        time      44.04
best     892365,        iteration:        100,        time      44.49
best     892901,        iteration:        110,        time      48.94
best     894209,        iteration:        161,        time      71.54
best     894359,        iteration:        162,        time      71.98
best     896095,        iteration:        163,        time      72.43
best     896439,        iteration:        167,        time      74.18
best     897506,        iteration:        168,        time      74.62
best     897787,        iteration:        174,        time      77.28
best     899073,        iteration:        175,        time      77.72
best     899789,        iteration:        183,        time      81.28
best     899990,        iteration:        187,        time      83.04
best     900669,        iteration:        200,        time      88.81
best     904470,        iteration:        202,        time      89.70
best     906441,        iteration:        210,        time      93.26
best     906551,        iteration:        212,        time      94.15
best     908901,        iteration:        213,        time      94.60
best     909101,        iteration:        230,        time     102.16
best     911297,        iteration:        231,        time     102.60
best     911391,        iteration:        311,        time     138.22
best     911612,        iteration:        312,        time     138.66
best     912364,        iteration:        325,        time     144.46
best     913625,        iteration:        339,        time     150.72
best     913754,        iteration:        346,        time     153.81
best     913900,        iteration:        472,        time     209.91
best     914029,        iteration:        475,        time     211.23
end try 0 


try          0,        best     914029,        found at iteration        475,        found at time     211.23
