Parameter-settings: 

--inputfile          instances/a280-thop/a280_05_bsc_05_01.thop
--outputfile         solutions/acothop*/a280-thop/a280_05_bsc_05_01_02.thop.sol
--tries              1
--tours              0
--ptries             1
--time               139.00
--seed               126489
--optimum            1
--ants               200
--nnants             20
--alpha              0.82
--beta               7.91
--rho                0.37
--q0                 0.00
--elitistants        0
--rasranks           0
--localsearch        0
--nnls               20
--dlb                1
--as                 0
--eas                0
--ras                0
--mmas               1
--bwas               0
--acs                0


begin try 0 
best     497262,        iteration:          1,        time       0.92
best     531763,        iteration:          7,        time       6.38
best     540793,        iteration:         18,        time      16.37
best     546644,        iteration:         26,        time      24.05
best     581349,        iteration:         34,        time      31.81
best     592405,        iteration:         50,        time      47.55
best     594536,        iteration:         52,        time      49.56
best     595539,        iteration:         55,        time      52.63
best     595900,        iteration:         56,        time      53.66
best     598418,        iteration:         58,        time      55.72
best     602793,        iteration:         68,        time      66.07
best     604182,        iteration:        118,        time     115.11
best     608301,        iteration:        122,        time     119.00
best     610279,        iteration:        143,        time     139.00
end try 0 


try          0,        best     610279,        found at iteration        143,        found at time     139.00
