Parameter-settings: 

--inputfile          instances/a280-thop/a280_03_bsc_05_01.thop
--outputfile         solutions/acothop*/a280-thop/a280_03_bsc_05_01_05.thop.sol
--tries              1
--tours              0
--ptries             2
--time               84.00
--seed               642580
--optimum            1
--ants               50
--nnants             20
--alpha              0.75
--beta               6.16
--rho                0.40
--q0                 0.00
--elitistants        0
--rasranks           0
--localsearch        0
--nnls               20
--dlb                1
--as                 0
--eas                0
--ras                0
--mmas               1
--bwas               0
--acs                0


begin try 0 
best     206875,        iteration:          1,        time       0.11
best     208335,        iteration:          2,        time       0.24
best     215365,        iteration:          3,        time       0.37
best     243705,        iteration:          4,        time       0.51
best     254326,        iteration:          7,        time       0.88
best     286082,        iteration:         26,        time       3.39
best     303653,        iteration:         50,        time       6.62
best     317208,        iteration:         56,        time       7.44
best     322480,        iteration:         86,        time      11.55
best     323758,        iteration:         93,        time      12.55
best     329833,        iteration:        107,        time      14.51
best     330168,        iteration:        110,        time      14.93
best     334476,        iteration:        127,        time      17.38
best     337170,        iteration:        349,        time      48.09
best     343108,        iteration:        351,        time      48.38
end try 0 


try          0,        best     343108,        found at iteration        351,        found at time      48.37
