Parameter-settings: 

--inputfile          instances/a280-thop/a280_03_unc_05_02.thop
--outputfile         solutions/acothop*/a280-thop/a280_03_unc_05_02_08.thop.sol
--tries              1
--tours              0
--ptries             1
--time               84.00
--seed               858990
--optimum            1
--ants               200
--nnants             20
--alpha              0.85
--beta               7.62
--rho                0.35
--q0                 0.00
--elitistants        0
--rasranks           0
--localsearch        0
--nnls               20
--dlb                1
--as                 0
--eas                0
--ras                0
--mmas               1
--bwas               0
--acs                0


begin try 0 
best     167787,        iteration:          1,        time       0.68
best     168420,        iteration:          2,        time       1.35
best     173915,        iteration:          3,        time       2.02
best     176276,        iteration:          6,        time       4.04
best     190842,        iteration:         11,        time       7.38
best     192237,        iteration:         24,        time      16.21
best     192811,        iteration:         27,        time      18.30
best     195766,        iteration:         28,        time      19.01
best     196030,        iteration:         29,        time      19.73
best     197655,        iteration:         31,        time      21.17
best     199717,        iteration:         32,        time      21.89
best     203674,        iteration:         34,        time      23.33
best     206901,        iteration:         42,        time      29.20
best     207392,        iteration:         58,        time      40.97
best     207658,        iteration:         64,        time      45.44
best     208080,        iteration:         69,        time      49.24
best     208131,        iteration:         72,        time      51.53
best     208712,        iteration:         75,        time      53.80
best     209888,        iteration:         77,        time      55.30
best     211831,        iteration:         78,        time      56.06
best     211918,        iteration:         85,        time      61.26
best     213644,        iteration:         86,        time      62.02
best     213823,        iteration:        100,        time      72.80
best     214204,        iteration:        114,        time      83.59
end try 0 


try          0,        best     214204,        found at iteration        114,        found at time      83.59
