Parameter-settings: 

--inputfile          instances/a280-thop/a280_03_usw_01_03.thop
--outputfile         solutions/acothop*/a280-thop/a280_03_usw_01_03_04.thop.sol
--tries              1
--tours              0
--ptries             1
--time               84.00
--seed               547617
--optimum            1
--ants               500
--nnants             20
--alpha              0.88
--beta               5.28
--rho                0.48
--q0                 0.00
--elitistants        0
--rasranks           0
--localsearch        0
--nnls               20
--dlb                1
--as                 0
--eas                0
--ras                0
--mmas               1
--bwas               0
--acs                0


begin try 0 
best      61074,        iteration:          1,        time       0.53
best      61393,        iteration:          5,        time       2.71
best      62806,        iteration:          6,        time       3.25
best      63991,        iteration:          8,        time       4.31
best      64284,        iteration:         10,        time       5.33
best      66337,        iteration:         11,        time       5.82
best      66461,        iteration:         13,        time       6.85
best      66808,        iteration:         14,        time       7.36
best      67006,        iteration:         20,        time      10.45
best      67035,        iteration:         25,        time      13.08
best      67107,        iteration:         32,        time      16.63
best      67422,        iteration:         46,        time      23.50
best      67601,        iteration:         47,        time      23.98
best      67775,        iteration:         49,        time      25.00
end try 0 


try          0,        best      67775,        found at iteration         49,        found at time      25.00
