Parameter-settings: 

--inputfile          instances/a280-thop/a280_05_usw_10_03.thop
--outputfile         solutions/acothop*/a280-thop/a280_05_usw_10_03_04.thop.sol
--tries              1
--tours              0
--ptries             1
--time               139.00
--seed               547617
--optimum            1
--ants               200
--nnants             20
--alpha              0.93
--beta               4.86
--rho                0.26
--q0                 0.00
--elitistants        0
--rasranks           0
--localsearch        0
--nnls               20
--dlb                1
--as                 0
--eas                0
--ras                0
--mmas               1
--bwas               0
--acs                0


begin try 0 
best     531617,        iteration:          6,        time       4.40
best     533054,        iteration:         13,        time       9.70
best     542551,        iteration:         14,        time      10.46
best     559488,        iteration:         17,        time      12.76
best     563380,        iteration:         22,        time      16.59
best     572560,        iteration:         23,        time      17.36
best     583923,        iteration:         33,        time      25.02
best     588281,        iteration:         35,        time      26.59
best     591088,        iteration:         37,        time      28.14
best     591353,        iteration:         40,        time      30.47
best     592919,        iteration:         41,        time      31.25
best     593451,        iteration:         42,        time      32.03
best     595716,        iteration:         43,        time      32.81
best     596015,        iteration:         44,        time      33.60
best     596831,        iteration:         45,        time      34.36
best     597370,        iteration:         47,        time      35.92
best     597395,        iteration:         48,        time      36.70
best     597972,        iteration:         49,        time      37.49
best     598967,        iteration:         50,        time      38.27
best     599411,        iteration:         51,        time      39.05
best     600902,        iteration:         52,        time      39.83
best     603770,        iteration:         58,        time      44.49
best     603821,        iteration:         64,        time      49.18
best     606104,        iteration:         67,        time      51.53
best     611086,        iteration:         99,        time      76.61
best     611376,        iteration:        100,        time      77.42
best     612687,        iteration:        101,        time      78.24
best     614727,        iteration:        103,        time      79.83
best     616209,        iteration:        104,        time      80.61
best     616262,        iteration:        106,        time      82.21
best     616288,        iteration:        108,        time      83.80
best     616324,        iteration:        126,        time      98.03
best     616683,        iteration:        127,        time      98.82
best     616712,        iteration:        128,        time      99.61
best     616714,        iteration:        130,        time     101.21
best     616749,        iteration:        132,        time     102.79
best     618090,        iteration:        136,        time     105.90
best     619754,        iteration:        137,        time     106.69
best     619778,        iteration:        138,        time     107.49
best     619788,        iteration:        141,        time     109.88
best     619795,        iteration:        142,        time     110.67
best     620005,        iteration:        146,        time     113.84
best     620432,        iteration:        147,        time     114.62
best     620563,        iteration:        148,        time     115.41
best     621510,        iteration:        150,        time     116.98
best     621629,        iteration:        153,        time     119.35
best     621658,        iteration:        154,        time     120.13
best     621690,        iteration:        155,        time     120.91
best     622265,        iteration:        156,        time     121.70
best     622432,        iteration:        157,        time     122.48
best     622485,        iteration:        158,        time     123.26
end try 0 


try          0,        best     622485,        found at iteration        158,        found at time     123.26
