Parameter-settings: 

--inputfile          instances/a280-thop/a280_10_unc_05_01.thop
--outputfile         solutions/acothop*/a280-thop/a280_10_unc_05_01_05.thop.sol
--tries              1
--tours              0
--ptries             1
--time               278.00
--seed               642580
--optimum            1
--ants               50
--nnants             20
--alpha              0.82
--beta               8.63
--rho                0.62
--q0                 0.00
--elitistants        0
--rasranks           0
--localsearch        0
--nnls               20
--dlb                1
--as                 0
--eas                0
--ras                0
--mmas               1
--bwas               0
--acs                0


begin try 0 
best     449348,        iteration:          1,        time       0.23
best     459242,        iteration:        418,        time      95.27
best     471731,        iteration:        692,        time     156.30
best     492394,        iteration:       1172,        time     263.32
end try 0 


try          0,        best     492394,        found at iteration       1172,        found at time     263.32
