Parameter-settings: 

--inputfile          instances/a280-thop/a280_05_unc_05_02.thop
--outputfile         solutions/acothop*/a280-thop/a280_05_unc_05_02_09.thop.sol
--tries              1
--tours              0
--ptries             1
--time               139.00
--seed               756112
--optimum            1
--ants               200
--nnants             20
--alpha              0.85
--beta               9.32
--rho                0.49
--q0                 0.00
--elitistants        0
--rasranks           0
--localsearch        0
--nnls               20
--dlb                1
--as                 0
--eas                0
--ras                0
--mmas               1
--bwas               0
--acs                0


begin try 0 
best     264059,        iteration:          1,        time       1.18
best     271761,        iteration:          2,        time       2.39
best     302043,        iteration:          3,        time       3.61
best     306023,        iteration:         13,        time      15.95
best     308965,        iteration:         14,        time      17.30
best     310184,        iteration:         16,        time      20.06
best     317938,        iteration:         17,        time      21.43
best     325524,        iteration:         18,        time      22.84
best     325623,        iteration:         20,        time      25.60
best     326384,        iteration:         21,        time      27.00
best     327515,        iteration:         23,        time      29.74
best     327908,        iteration:         29,        time      38.22
best     329170,        iteration:         30,        time      39.64
best     330079,        iteration:         31,        time      41.05
best     330401,        iteration:         33,        time      43.90
best     333028,        iteration:         35,        time      46.76
best     333691,        iteration:         39,        time      52.49
best     333694,        iteration:         43,        time      58.21
best     334004,        iteration:         46,        time      62.53
best     334313,        iteration:         51,        time      69.66
best     334801,        iteration:         54,        time      73.77
best     335070,        iteration:         55,        time      75.19
best     335728,        iteration:         57,        time      78.01
best     336542,        iteration:         60,        time      82.33
best     336600,        iteration:         69,        time      95.21
best     336660,        iteration:         88,        time     122.37
end try 0 


try          0,        best     336660,        found at iteration         88,        found at time     122.37
