Parameter-settings: 

--inputfile          instances/a280-thop/a280_10_usw_01_03.thop
--outputfile         solutions/acothop*/a280-thop/a280_10_usw_01_03_04.thop.sol
--tries              1
--tours              0
--ptries             1
--time               278.00
--seed               547617
--optimum            1
--ants               200
--nnants             20
--alpha              0.78
--beta               6.79
--rho                0.58
--q0                 0.00
--elitistants        0
--rasranks           0
--localsearch        0
--nnls               20
--dlb                1
--as                 0
--eas                0
--ras                0
--mmas               1
--bwas               0
--acs                0


begin try 0 
best     198862,        iteration:          1,        time       0.75
best     204201,        iteration:          3,        time       2.22
best     207538,        iteration:          5,        time       3.59
best     213008,        iteration:          6,        time       4.25
best     213069,        iteration:         18,        time      12.50
best     214564,        iteration:         21,        time      14.33
best     215990,        iteration:         23,        time      15.45
best     216248,        iteration:         29,        time      18.41
best     216891,        iteration:         32,        time      19.72
best     216986,        iteration:         46,        time      25.71
best     217219,        iteration:         48,        time      26.54
best     217790,        iteration:         86,        time      46.02
best     218069,        iteration:         98,        time      51.95
best     218253,        iteration:        108,        time      56.71
best     218825,        iteration:        116,        time      60.41
best     219520,        iteration:        121,        time      62.74
best     219827,        iteration:        129,        time      66.43
best     219910,        iteration:        134,        time      68.93
best     219986,        iteration:        138,        time      71.15
best     220982,        iteration:        140,        time      72.22
best     221119,        iteration:        145,        time      74.54
best     221652,        iteration:        174,        time      88.79
best     221800,        iteration:        189,        time      96.41
best     222071,        iteration:        209,        time     106.35
best     222179,        iteration:        447,        time     226.92
best     222199,        iteration:        450,        time     228.36
best     222696,        iteration:        454,        time     230.52
best     222793,        iteration:        456,        time     231.51
best     223342,        iteration:        462,        time     235.09
end try 0 


try          0,        best     223342,        found at iteration        462,        found at time     235.09
