Parameter-settings: 

--inputfile          instances/a280-thop/a280_10_unc_10_01.thop
--outputfile         solutions/acothop*/a280-thop/a280_10_unc_10_01_02.thop.sol
--tries              1
--tours              0
--ptries             1
--time               278.00
--seed               126489
--optimum            1
--ants               50
--nnants             20
--alpha              0.82
--beta               8.63
--rho                0.62
--q0                 0.00
--elitistants        0
--rasranks           0
--localsearch        0
--nnls               20
--dlb                1
--as                 0
--eas                0
--ras                0
--mmas               1
--bwas               0
--acs                0


begin try 0 
best     448621,        iteration:          1,        time       0.22
best     493321,        iteration:          6,        time       1.34
best     508667,        iteration:          7,        time       1.56
best     529993,        iteration:         23,        time       5.10
best     599145,        iteration:         31,        time       6.94
best     615851,        iteration:        305,        time      68.41
end try 0 


try          0,        best     615851,        found at iteration        305,        found at time      68.41
