Parameter-settings: 

--inputfile          instances/a280-thop/a280_10_bsc_10_02.thop
--outputfile         solutions/acothop*/a280-thop/a280_10_bsc_10_02_02.thop.sol
--tries              1
--tours              0
--ptries             1
--time               278.00
--seed               126489
--optimum            1
--ants               100
--nnants             20
--alpha              0.74
--beta               6.34
--rho                0.60
--q0                 0.00
--elitistants        0
--rasranks           0
--localsearch        0
--nnls               20
--dlb                1
--as                 0
--eas                0
--ras                0
--mmas               1
--bwas               0
--acs                0


begin try 0 
best    1481807,        iteration:          1,        time       0.67
best    1496256,        iteration:          5,        time       3.38
best    1530961,        iteration:          6,        time       4.07
best    1543647,        iteration:          8,        time       5.46
best    1768781,        iteration:          9,        time       6.11
best    1886252,        iteration:         29,        time      20.28
best    1916315,        iteration:         47,        time      33.16
best    1927409,        iteration:        133,        time      95.08
end try 0 


try          0,        best    1927409,        found at iteration        133,        found at time      95.08
