Parameter-settings: 

--inputfile          instances/a280-thop/a280_05_usw_01_02.thop
--outputfile         solutions/acothop*/a280-thop/a280_05_usw_01_02_01.thop.sol
--tries              1
--tours              0
--ptries             1
--time               139.00
--seed               99470
--optimum            1
--ants               200
--nnants             20
--alpha              0.93
--beta               4.86
--rho                0.26
--q0                 0.00
--elitistants        0
--rasranks           0
--localsearch        0
--nnls               20
--dlb                1
--as                 0
--eas                0
--ras                0
--mmas               1
--bwas               0
--acs                0


begin try 0 
best      87296,        iteration:          1,        time       0.37
best      89093,        iteration:          2,        time       0.73
best      90813,        iteration:          3,        time       1.08
best      91306,        iteration:          4,        time       1.44
best      93149,        iteration:          5,        time       1.80
best      93827,        iteration:          6,        time       2.17
best     101396,        iteration:         18,        time       6.51
best     101452,        iteration:         28,        time      10.03
best     101940,        iteration:         45,        time      15.73
best     101972,        iteration:         53,        time      18.37
best     102952,        iteration:         56,        time      19.32
best     103751,        iteration:         59,        time      20.27
best     103972,        iteration:         60,        time      20.58
best     104045,        iteration:         64,        time      21.79
best     104099,        iteration:         65,        time      22.11
best     104292,        iteration:         66,        time      22.40
best     104577,        iteration:         73,        time      24.55
best     104615,        iteration:        111,        time      34.64
best     104760,        iteration:        112,        time      34.91
best     104822,        iteration:        116,        time      36.03
best     104893,        iteration:        131,        time      40.55
best     105211,        iteration:        139,        time      42.99
best     106219,        iteration:        157,        time      48.48
best     106341,        iteration:        177,        time      53.03
best     106375,        iteration:        186,        time      54.99
best     106583,        iteration:        189,        time      55.65
best     106594,        iteration:        217,        time      61.86
best     106876,        iteration:        257,        time      70.67
best     107366,        iteration:        259,        time      71.12
best     107505,        iteration:        363,        time      93.17
end try 0 


try          0,        best     107505,        found at iteration        363,        found at time      93.17
