Parameter-settings: 

--inputfile          instances/a280-thop/a280_01_bsc_05_03.thop
--outputfile         solutions/acothop*/a280-thop/a280_01_bsc_05_03_05.thop.sol
--tries              1
--tours              0
--ptries             1
--time               28.00
--seed               642580
--optimum            1
--ants               200
--nnants             20
--alpha              0.75
--beta               6.28
--rho                0.61
--q0                 0.00
--elitistants        0
--rasranks           0
--localsearch        0
--nnls               20
--dlb                1
--as                 0
--eas                0
--ras                0
--mmas               1
--bwas               0
--acs                0


begin try 0 
best     144978,        iteration:          1,        time       0.21
best     145360,        iteration:          2,        time       0.42
best     154336,        iteration:          3,        time       0.63
best     156802,        iteration:          9,        time       1.89
best     158836,        iteration:         11,        time       2.32
best     159073,        iteration:         12,        time       2.54
best     159751,        iteration:         14,        time       2.94
best     159937,        iteration:         15,        time       3.14
best     160280,        iteration:         17,        time       3.55
best     160428,        iteration:         18,        time       3.75
best     160632,        iteration:         19,        time       3.96
best     160664,        iteration:         20,        time       4.16
best     161425,        iteration:         22,        time       4.56
best     161488,        iteration:         24,        time       4.97
end try 0 


try          0,        best     161488,        found at iteration         24,        found at time       4.97
