Parameter-settings: 

--inputfile          instances/a280-thop/a280_03_usw_05_01.thop
--outputfile         solutions/acothop*/a280-thop/a280_03_usw_05_01_00.thop.sol
--tries              1
--tours              0
--ptries             1
--time               84.00
--seed               269070
--optimum            1
--ants               500
--nnants             20
--alpha              0.88
--beta               5.28
--rho                0.48
--q0                 0.00
--elitistants        0
--rasranks           0
--localsearch        0
--nnls               20
--dlb                1
--as                 0
--eas                0
--ras                0
--mmas               1
--bwas               0
--acs                0


begin try 0 
best     143196,        iteration:          1,        time       0.69
best     149069,        iteration:          2,        time       1.38
best     152910,        iteration:          6,        time       4.18
best     153719,        iteration:          8,        time       5.62
best     155049,        iteration:          9,        time       6.34
best     161817,        iteration:         10,        time       7.05
best     165831,        iteration:         11,        time       7.77
best     169120,        iteration:         14,        time       9.95
best     169558,        iteration:         15,        time      10.68
best     172996,        iteration:         17,        time      12.17
best     173862,        iteration:         22,        time      15.92
best     174164,        iteration:         25,        time      18.20
best     174176,        iteration:         28,        time      20.45
best     174585,        iteration:         38,        time      28.05
best     175168,        iteration:         39,        time      28.81
best     175324,        iteration:         40,        time      29.58
best     175915,        iteration:         43,        time      31.86
best     176397,        iteration:         72,        time      53.45
best     176868,        iteration:         73,        time      54.19
best     178214,        iteration:         75,        time      55.69
best     178941,        iteration:         88,        time      65.45
end try 0 


try          0,        best     178941,        found at iteration         88,        found at time      65.45
