Parameter-settings: 

--inputfile          instances/a280-thop/a280_10_unc_10_02.thop
--outputfile         solutions/acothop*/a280-thop/a280_10_unc_10_02_05.thop.sol
--tries              1
--tours              0
--ptries             1
--time               278.00
--seed               642580
--optimum            1
--ants               50
--nnants             20
--alpha              0.82
--beta               8.63
--rho                0.62
--q0                 0.00
--elitistants        0
--rasranks           0
--localsearch        0
--nnls               20
--dlb                1
--as                 0
--eas                0
--ras                0
--mmas               1
--bwas               0
--acs                0


begin try 0 
best     723710,        iteration:          1,        time       0.35
best     740592,        iteration:          3,        time       1.03
best     754536,        iteration:         23,        time       8.14
best     754712,        iteration:         27,        time       9.64
best     787640,        iteration:         30,        time      10.77
best     791916,        iteration:         38,        time      14.02
best     793497,        iteration:         67,        time      25.52
best     834366,        iteration:        127,        time      47.95
best     850132,        iteration:        138,        time      52.22
best     854620,        iteration:        155,        time      58.97
best     863411,        iteration:        164,        time      62.56
best     867501,        iteration:        165,        time      62.96
best     867635,        iteration:        181,        time      69.30
end try 0 


try          0,        best     867635,        found at iteration        181,        found at time      69.30
