Parameter-settings: 

--inputfile          instances/a280-thop/a280_10_unc_10_02.thop
--outputfile         solutions/acothop*/a280-thop/a280_10_unc_10_02_03.thop.sol
--tries              1
--tours              0
--ptries             1
--time               278.00
--seed               644764
--optimum            1
--ants               50
--nnants             20
--alpha              0.82
--beta               8.63
--rho                0.62
--q0                 0.00
--elitistants        0
--rasranks           0
--localsearch        0
--nnls               20
--dlb                1
--as                 0
--eas                0
--ras                0
--mmas               1
--bwas               0
--acs                0


begin try 0 
best     543514,        iteration:          1,        time       0.34
best     680504,        iteration:          2,        time       0.68
best     702866,        iteration:         15,        time       5.04
best     795287,        iteration:         23,        time       7.80
best     818030,        iteration:         26,        time       8.92
best     828761,        iteration:        106,        time      39.10
best     831229,        iteration:        113,        time      41.81
best     835699,        iteration:        132,        time      49.29
best     842133,        iteration:        141,        time      52.73
best     863707,        iteration:        212,        time      80.28
end try 0 


try          0,        best     863707,        found at iteration        212,        found at time      80.28
