Parameter-settings: 

--inputfile          instances/a280-thop/a280_03_bsc_01_01.thop
--outputfile         solutions/acothop*/a280-thop/a280_03_bsc_01_01_02.thop.sol
--tries              1
--tours              0
--ptries             2
--time               84.00
--seed               126489
--optimum            1
--ants               50
--nnants             20
--alpha              0.75
--beta               6.16
--rho                0.40
--q0                 0.00
--elitistants        0
--rasranks           0
--localsearch        0
--nnls               20
--dlb                1
--as                 0
--eas                0
--ras                0
--mmas               1
--bwas               0
--acs                0


begin try 0 
best      86036,        iteration:          2,        time       0.23
best      86310,        iteration:          3,        time       0.34
best      90377,        iteration:          4,        time       0.44
best      90700,        iteration:          8,        time       0.89
best      92031,        iteration:         30,        time       3.25
best      92818,        iteration:         48,        time       5.29
best      92877,        iteration:        153,        time      16.48
best      93317,        iteration:        156,        time      16.81
best      93423,        iteration:        161,        time      17.37
best      94003,        iteration:        198,        time      21.47
best      94116,        iteration:        307,        time      33.58
best      94614,        iteration:        308,        time      33.69
best      94833,        iteration:        508,        time      54.34
end try 0 


try          0,        best      94833,        found at iteration        508,        found at time      54.34
