Parameter-settings: 

--inputfile          instances/a280-thop/a280_05_usw_10_03.thop
--outputfile         solutions/acothop*/a280-thop/a280_05_usw_10_03_03.thop.sol
--tries              1
--tours              0
--ptries             1
--time               139.00
--seed               644764
--optimum            1
--ants               200
--nnants             20
--alpha              0.93
--beta               4.86
--rho                0.26
--q0                 0.00
--elitistants        0
--rasranks           0
--localsearch        0
--nnls               20
--dlb                1
--as                 0
--eas                0
--ras                0
--mmas               1
--bwas               0
--acs                0


begin try 0 
best     517815,        iteration:          8,        time       5.95
best     527508,        iteration:         11,        time       8.22
best     535317,        iteration:         13,        time       9.75
best     549989,        iteration:         15,        time      11.27
best     564731,        iteration:         19,        time      14.34
best     565089,        iteration:         22,        time      16.66
best     572080,        iteration:         25,        time      18.99
best     583021,        iteration:         28,        time      21.28
best     592552,        iteration:         31,        time      23.60
best     595354,        iteration:         32,        time      24.39
best     595528,        iteration:         33,        time      25.17
best     598144,        iteration:         34,        time      25.94
best     598227,        iteration:         35,        time      26.72
best     600168,        iteration:         37,        time      28.29
best     600537,        iteration:         38,        time      29.08
best     600715,        iteration:         39,        time      29.86
best     601946,        iteration:         40,        time      30.65
best     602150,        iteration:         41,        time      31.45
best     602227,        iteration:         42,        time      32.23
best     602320,        iteration:         43,        time      33.02
best     602395,        iteration:         44,        time      33.81
best     602508,        iteration:         59,        time      45.65
best     603082,        iteration:         61,        time      47.22
best     603322,        iteration:         62,        time      48.00
best     603443,        iteration:         63,        time      48.79
best     603469,        iteration:         64,        time      49.56
best     603599,        iteration:         65,        time      50.36
best     603922,        iteration:         69,        time      53.50
best     603932,        iteration:         70,        time      54.29
best     604015,        iteration:         71,        time      55.07
best     604035,        iteration:         72,        time      55.86
best     604403,        iteration:         75,        time      58.18
best     604585,        iteration:        116,        time      90.41
best     605102,        iteration:        117,        time      91.20
best     605106,        iteration:        118,        time      91.99
best     605435,        iteration:        119,        time      92.78
best     606424,        iteration:        122,        time      95.17
best     607471,        iteration:        123,        time      95.96
best     610337,        iteration:        124,        time      96.75
best     611623,        iteration:        143,        time     111.72
best     611658,        iteration:        144,        time     112.52
best     611668,        iteration:        145,        time     113.31
best     611709,        iteration:        146,        time     114.09
best     611713,        iteration:        147,        time     114.87
best     612429,        iteration:        150,        time     117.25
best     612633,        iteration:        153,        time     119.62
best     612648,        iteration:        155,        time     121.20
best     612974,        iteration:        161,        time     125.93
best     613254,        iteration:        162,        time     126.73
best     613274,        iteration:        172,        time     134.62
end try 0 


try          0,        best     613274,        found at iteration        172,        found at time     134.62
