Parameter-settings: 

--inputfile          instances/a280-thop/a280_05_bsc_05_01.thop
--outputfile         solutions/acothop*/a280-thop/a280_05_bsc_05_01_07.thop.sol
--tries              1
--tours              0
--ptries             1
--time               139.00
--seed               462018
--optimum            1
--ants               200
--nnants             20
--alpha              0.82
--beta               7.91
--rho                0.37
--q0                 0.00
--elitistants        0
--rasranks           0
--localsearch        0
--nnls               20
--dlb                1
--as                 0
--eas                0
--ras                0
--mmas               1
--bwas               0
--acs                0


begin try 0 
best     452559,        iteration:          1,        time       0.90
best     477025,        iteration:          2,        time       1.78
best     484735,        iteration:          3,        time       2.70
best     525126,        iteration:          4,        time       3.61
best     532643,        iteration:         12,        time      10.93
best     555210,        iteration:         20,        time      18.34
best     562814,        iteration:         51,        time      47.84
best     565002,        iteration:         85,        time      80.13
best     566878,        iteration:        120,        time     112.63
best     573265,        iteration:        121,        time     113.57
best     577096,        iteration:        126,        time     118.33
best     577171,        iteration:        134,        time     125.92
best     578282,        iteration:        143,        time     134.48
end try 0 


try          0,        best     578282,        found at iteration        143,        found at time     134.48
