Parameter-settings: 

--inputfile          instances/a280-thop/a280_10_unc_10_01.thop
--outputfile         solutions/acothop*/a280-thop/a280_10_unc_10_01_09.thop.sol
--tries              1
--tours              0
--ptries             1
--time               278.00
--seed               756112
--optimum            1
--ants               50
--nnants             20
--alpha              0.82
--beta               8.63
--rho                0.62
--q0                 0.00
--elitistants        0
--rasranks           0
--localsearch        0
--nnls               20
--dlb                1
--as                 0
--eas                0
--ras                0
--mmas               1
--bwas               0
--acs                0


begin try 0 
best     422931,        iteration:          1,        time       0.23
best     467819,        iteration:          2,        time       0.45
best     484083,        iteration:          8,        time       1.80
best     492193,        iteration:         14,        time       3.18
best     511173,        iteration:         16,        time       3.63
best     513415,        iteration:         19,        time       4.33
best     517000,        iteration:         24,        time       5.50
best     541854,        iteration:         25,        time       5.73
best     550504,        iteration:         37,        time       8.54
best     556282,        iteration:         40,        time       9.28
best     562268,        iteration:         43,        time      10.04
best     565458,        iteration:         48,        time      11.24
best     587337,        iteration:         71,        time      16.86
best     614632,        iteration:        382,        time      88.15
best     635539,        iteration:       1016,        time     233.24
end try 0 


try          0,        best     635539,        found at iteration       1016,        found at time     233.24
