Parameter-settings: 

--inputfile          instances/a280-thop/a280_03_usw_10_02.thop
--outputfile         solutions/acothop*/a280-thop/a280_03_usw_10_02_02.thop.sol
--tries              1
--tours              0
--ptries             1
--time               84.00
--seed               126489
--optimum            1
--ants               500
--nnants             20
--alpha              0.88
--beta               5.28
--rho                0.48
--q0                 0.00
--elitistants        0
--rasranks           0
--localsearch        0
--nnls               20
--dlb                1
--as                 0
--eas                0
--ras                0
--mmas               1
--bwas               0
--acs                0


begin try 0 
best     224466,        iteration:          2,        time       1.72
best     224913,        iteration:          3,        time       2.58
best     231393,        iteration:          4,        time       3.44
best     242059,        iteration:          5,        time       4.31
best     251272,        iteration:          9,        time       7.84
best     253328,        iteration:         10,        time       8.72
best     258007,        iteration:         13,        time      11.32
best     264111,        iteration:         14,        time      12.19
best     265753,        iteration:         16,        time      13.98
best     267704,        iteration:         21,        time      18.40
best     267807,        iteration:         22,        time      19.27
best     269719,        iteration:         24,        time      21.04
best     270227,        iteration:         25,        time      21.97
best     270743,        iteration:         28,        time      24.76
best     271860,        iteration:         29,        time      25.69
best     275800,        iteration:         30,        time      26.62
best     277718,        iteration:         49,        time      44.24
end try 0 


try          0,        best     277718,        found at iteration         49,        found at time      44.24
