Parameter-settings: 

--inputfile          instances/a280-thop/a280_03_usw_10_03.thop
--outputfile         solutions/acothop*/a280-thop/a280_03_usw_10_03_02.thop.sol
--tries              1
--tours              0
--ptries             1
--time               84.00
--seed               126489
--optimum            1
--ants               500
--nnants             20
--alpha              0.88
--beta               5.28
--rho                0.48
--q0                 0.00
--elitistants        0
--rasranks           0
--localsearch        0
--nnls               20
--dlb                1
--as                 0
--eas                0
--ras                0
--mmas               1
--bwas               0
--acs                0


begin try 0 
best     295248,        iteration:          3,        time       2.99
best     297836,        iteration:          5,        time       5.02
best     302888,        iteration:          6,        time       6.04
best     307328,        iteration:          7,        time       7.05
best     317451,        iteration:          9,        time       9.11
best     332128,        iteration:         10,        time      10.15
best     336284,        iteration:         13,        time      13.29
best     337081,        iteration:         14,        time      14.34
best     339852,        iteration:         15,        time      15.40
best     341612,        iteration:         16,        time      16.45
best     341679,        iteration:         17,        time      17.52
best     343028,        iteration:         18,        time      18.59
best     344122,        iteration:         20,        time      20.73
best     344774,        iteration:         21,        time      21.80
best     346754,        iteration:         22,        time      22.89
best     348015,        iteration:         23,        time      23.97
best     348807,        iteration:         24,        time      25.05
best     349289,        iteration:         25,        time      26.14
best     349459,        iteration:         26,        time      27.21
best     350292,        iteration:         27,        time      28.30
best     351288,        iteration:         28,        time      29.39
best     351778,        iteration:         30,        time      31.56
best     353160,        iteration:         31,        time      32.65
best     356626,        iteration:         32,        time      33.73
best     356632,        iteration:         33,        time      34.81
best     356645,        iteration:         34,        time      35.90
best     356680,        iteration:         38,        time      40.25
best     357064,        iteration:         39,        time      41.33
best     357085,        iteration:         40,        time      42.41
best     358003,        iteration:         46,        time      48.97
best     358512,        iteration:         51,        time      54.44
best     359221,        iteration:         63,        time      67.57
best     359413,        iteration:         64,        time      68.67
best     359549,        iteration:         67,        time      72.00
best     359743,        iteration:         68,        time      73.10
best     360005,        iteration:         69,        time      74.21
best     360086,        iteration:         70,        time      75.32
best     360131,        iteration:         71,        time      76.44
best     360238,        iteration:         73,        time      78.67
end try 0 


try          0,        best     360238,        found at iteration         73,        found at time      78.67
