Parameter-settings: 

--inputfile          instances/a280-thop/a280_10_unc_05_03.thop
--outputfile         solutions/acothop*/a280-thop/a280_10_unc_05_03_02.thop.sol
--tries              1
--tours              0
--ptries             1
--time               278.00
--seed               126489
--optimum            1
--ants               50
--nnants             20
--alpha              0.82
--beta               8.63
--rho                0.62
--q0                 0.00
--elitistants        0
--rasranks           0
--localsearch        0
--nnls               20
--dlb                1
--as                 0
--eas                0
--ras                0
--mmas               1
--bwas               0
--acs                0


begin try 0 
best     709453,        iteration:          1,        time       0.45
best     726216,        iteration:          2,        time       0.90
best     736056,        iteration:          4,        time       1.78
best     804986,        iteration:          5,        time       2.22
best     813535,        iteration:          7,        time       3.11
best     836396,        iteration:          9,        time       4.01
best     840577,        iteration:         11,        time       4.90
best     842838,        iteration:         13,        time       5.79
best     843605,        iteration:         14,        time       6.23
best     845590,        iteration:         25,        time      11.15
best     848056,        iteration:         45,        time      20.08
best     848535,        iteration:         47,        time      20.97
best     852438,        iteration:         58,        time      25.87
best     853223,        iteration:         60,        time      26.78
best     853758,        iteration:         62,        time      27.66
best     854017,        iteration:         64,        time      28.54
best     858079,        iteration:         65,        time      28.99
best     858202,        iteration:         66,        time      29.43
best     859371,        iteration:         71,        time      31.68
best     860901,        iteration:         73,        time      32.59
best     861972,        iteration:         97,        time      43.26
best     864084,        iteration:        100,        time      44.61
best     867468,        iteration:        110,        time      49.10
best     867738,        iteration:        116,        time      51.79
best     868598,        iteration:        132,        time      58.94
best     872053,        iteration:        133,        time      59.38
best     875237,        iteration:        156,        time      69.59
best     875381,        iteration:        190,        time      84.71
best     875936,        iteration:        191,        time      85.16
best     876049,        iteration:        199,        time      88.76
best     877823,        iteration:        203,        time      90.53
best     878796,        iteration:        204,        time      90.98
best     878881,        iteration:        205,        time      91.44
best     878969,        iteration:        206,        time      91.88
best     878982,        iteration:        209,        time      93.23
best     879221,        iteration:        224,        time      99.88
best     881902,        iteration:        230,        time     102.57
best     882972,        iteration:        289,        time     128.95
best     883207,        iteration:        316,        time     140.86
best     883294,        iteration:        353,        time     157.31
best     883547,        iteration:        361,        time     160.89
best     884255,        iteration:        371,        time     165.34
best     885848,        iteration:        375,        time     167.12
best     892931,        iteration:        377,        time     168.03
best     893445,        iteration:        378,        time     168.47
best     893567,        iteration:        408,        time     181.92
best     894669,        iteration:        410,        time     182.81
best     897854,        iteration:        414,        time     184.59
best     898467,        iteration:        417,        time     185.94
best     898865,        iteration:        431,        time     192.13
best     899142,        iteration:        437,        time     194.82
best     899183,        iteration:        486,        time     216.68
best     899763,        iteration:        488,        time     217.58
best     900577,        iteration:        509,        time     226.88
best     900756,        iteration:        512,        time     228.21
best     901391,        iteration:        515,        time     229.53
best     901454,        iteration:        519,        time     231.30
best     901493,        iteration:        520,        time     231.73
best     903417,        iteration:        522,        time     232.62
best     905291,        iteration:        525,        time     233.95
best     906197,        iteration:        527,        time     234.84
best     907338,        iteration:        530,        time     236.18
best     907755,        iteration:        532,        time     237.06
best     907898,        iteration:        548,        time     244.24
best     909252,        iteration:        552,        time     246.02
best     913908,        iteration:        554,        time     246.91
best     914386,        iteration:        556,        time     247.80
best     914873,        iteration:        561,        time     250.02
best     915174,        iteration:        576,        time     256.73
best     915757,        iteration:        577,        time     257.17
best     915960,        iteration:        608,        time     270.99
best     916819,        iteration:        617,        time     275.01
best     917363,        iteration:        620,        time     276.35
end try 0 


try          0,        best     917363,        found at iteration        620,        found at time     276.35
