Parameter-settings: 

--inputfile          instances/a280-thop/a280_03_bsc_01_03.thop
--outputfile         solutions/acothop*/a280-thop/a280_03_bsc_01_03_00.thop.sol
--tries              1
--tours              0
--ptries             2
--time               84.00
--seed               269070
--optimum            1
--ants               50
--nnants             20
--alpha              0.75
--beta               6.16
--rho                0.40
--q0                 0.00
--elitistants        0
--rasranks           0
--localsearch        0
--nnls               20
--dlb                1
--as                 0
--eas                0
--ras                0
--mmas               1
--bwas               0
--acs                0


begin try 0 
best      95807,        iteration:          1,        time       0.13
best     100627,        iteration:          2,        time       0.26
best     101028,        iteration:          8,        time       1.03
best     102323,        iteration:         10,        time       1.28
best     103002,        iteration:         17,        time       2.15
best     105234,        iteration:         34,        time       4.27
best     106355,        iteration:         84,        time       9.98
best     106802,        iteration:        138,        time      16.06
best     106823,        iteration:        168,        time      19.26
best     108326,        iteration:        224,        time      25.48
best     108465,        iteration:        272,        time      30.44
best     109444,        iteration:        275,        time      30.75
best     109725,        iteration:        712,        time      76.45
end try 0 


try          0,        best     109725,        found at iteration        712,        found at time      76.45
