Parameter-settings: 

--inputfile          instances/a280-thop/a280_01_unc_01_02.thop
--outputfile         solutions/acothop*/a280-thop/a280_01_unc_01_02_02.thop.sol
--tries              1
--tours              0
--ptries             1
--time               28.00
--seed               126489
--optimum            1
--ants               500
--nnants             20
--alpha              0.86
--beta               7.13
--rho                0.38
--q0                 0.00
--elitistants        0
--rasranks           0
--localsearch        0
--nnls               20
--dlb                1
--as                 0
--eas                0
--ras                0
--mmas               1
--bwas               0
--acs                0


begin try 0 
best      32894,        iteration:          1,        time       0.39
best      33695,        iteration:          2,        time       0.77
best      36360,        iteration:          3,        time       1.18
best      36925,        iteration:         14,        time       5.57
best      37281,        iteration:         15,        time       5.94
best      37291,        iteration:         16,        time       6.33
best      37885,        iteration:         17,        time       6.73
best      38273,        iteration:         20,        time       7.92
best      38976,        iteration:         24,        time       9.55
best      39065,        iteration:         26,        time      10.34
best      39248,        iteration:         28,        time      11.11
best      39428,        iteration:         29,        time      11.50
best      39572,        iteration:         32,        time      12.66
best      39987,        iteration:         33,        time      13.04
best      40043,        iteration:         35,        time      13.82
best      40049,        iteration:         38,        time      15.01
best      40086,        iteration:         40,        time      15.80
best      40181,        iteration:         41,        time      16.21
best      40266,        iteration:         42,        time      16.61
best      40287,        iteration:         50,        time      19.80
end try 0 


try          0,        best      40287,        found at iteration         50,        found at time      19.80
