Parameter-settings: 

--inputfile          instances/a280-thop/a280_05_usw_05_01.thop
--outputfile         solutions/acothop*/a280-thop/a280_05_usw_05_01_00.thop.sol
--tries              1
--tours              0
--ptries             1
--time               139.00
--seed               269070
--optimum            1
--ants               200
--nnants             20
--alpha              0.93
--beta               4.86
--rho                0.26
--q0                 0.00
--elitistants        0
--rasranks           0
--localsearch        0
--nnls               20
--dlb                1
--as                 0
--eas                0
--ras                0
--mmas               1
--bwas               0
--acs                0


begin try 0 
best     221623,        iteration:          1,        time       0.47
best     225161,        iteration:          6,        time       2.86
best     244475,        iteration:          9,        time       4.32
best     244732,        iteration:         11,        time       5.30
best     255670,        iteration:         19,        time       9.26
best     259218,        iteration:         22,        time      10.74
best     259493,        iteration:         40,        time      19.75
best     262828,        iteration:         59,        time      29.15
best     268388,        iteration:         61,        time      30.15
best     269684,        iteration:         66,        time      32.68
best     270308,        iteration:         69,        time      34.21
best     270546,        iteration:         70,        time      34.73
best     270820,        iteration:         72,        time      35.79
best     271241,        iteration:         86,        time      43.25
best     271595,        iteration:         91,        time      45.92
best     272374,        iteration:         93,        time      46.99
best     272651,        iteration:        110,        time      56.12
best     272773,        iteration:        121,        time      62.02
best     272836,        iteration:        122,        time      62.56
best     274298,        iteration:        135,        time      69.55
best     274443,        iteration:        149,        time      77.05
best     274632,        iteration:        158,        time      81.91
best     276353,        iteration:        165,        time      85.72
best     280226,        iteration:        170,        time      88.40
best     280413,        iteration:        176,        time      91.61
best     280449,        iteration:        183,        time      95.32
best     281029,        iteration:        190,        time      99.03
best     281294,        iteration:        261,        time     137.59
end try 0 


try          0,        best     281294,        found at iteration        261,        found at time     137.59
