Parameter-settings: 

--inputfile          instances/a280-thop/a280_01_unc_05_03.thop
--outputfile         solutions/acothop*/a280-thop/a280_01_unc_05_03_01.thop.sol
--tries              1
--tours              0
--ptries             1
--time               28.00
--seed               99470
--optimum            1
--ants               500
--nnants             20
--alpha              0.86
--beta               7.13
--rho                0.38
--q0                 0.00
--elitistants        0
--rasranks           0
--localsearch        0
--nnls               20
--dlb                1
--as                 0
--eas                0
--ras                0
--mmas               1
--bwas               0
--acs                0


begin try 0 
best      76378,        iteration:          1,        time       0.51
best      76946,        iteration:          2,        time       1.03
best      77637,        iteration:          4,        time       2.07
best      78835,        iteration:          5,        time       2.60
best      81473,        iteration:          6,        time       3.14
best      83061,        iteration:         11,        time       5.77
best      83894,        iteration:         13,        time       6.83
best      85114,        iteration:         14,        time       7.36
best      85440,        iteration:         15,        time       7.87
best      85707,        iteration:         21,        time      11.07
best      86105,        iteration:         25,        time      13.21
best      86369,        iteration:         27,        time      14.26
best      86613,        iteration:         28,        time      14.79
best      89267,        iteration:         29,        time      15.32
best      89322,        iteration:         38,        time      20.11
best      89378,        iteration:         41,        time      21.72
best      89525,        iteration:         45,        time      23.84
end try 0 


try          0,        best      89525,        found at iteration         45,        found at time      23.84
