Parameter-settings: 

--inputfile          instances/a280-thop/a280_03_unc_05_03.thop
--outputfile         solutions/acothop*/a280-thop/a280_03_unc_05_03_04.thop.sol
--tries              1
--tours              0
--ptries             1
--time               84.00
--seed               547617
--optimum            1
--ants               200
--nnants             20
--alpha              0.85
--beta               7.62
--rho                0.35
--q0                 0.00
--elitistants        0
--rasranks           0
--localsearch        0
--nnls               20
--dlb                1
--as                 0
--eas                0
--ras                0
--mmas               1
--bwas               0
--acs                0


begin try 0 
best     228018,        iteration:          1,        time       0.83
best     230683,        iteration:          5,        time       4.13
best     237517,        iteration:          6,        time       4.96
best     240985,        iteration:         15,        time      12.45
best     244606,        iteration:         16,        time      13.29
best     247100,        iteration:         19,        time      15.84
best     250338,        iteration:         21,        time      17.53
best     252658,        iteration:         23,        time      19.23
best     253604,        iteration:         24,        time      20.09
best     255166,        iteration:         25,        time      20.94
best     256549,        iteration:         27,        time      22.61
best     256704,        iteration:         32,        time      26.81
best     257494,        iteration:         39,        time      32.80
best     257868,        iteration:         40,        time      33.65
best     258762,        iteration:         43,        time      36.20
best     259052,        iteration:         48,        time      40.50
best     259421,        iteration:         52,        time      43.94
best     260406,        iteration:         53,        time      44.79
best     260814,        iteration:         55,        time      46.52
best     260944,        iteration:         56,        time      47.38
best     261822,        iteration:         58,        time      49.10
best     263240,        iteration:         61,        time      51.71
best     263752,        iteration:         62,        time      52.57
best     264015,        iteration:         64,        time      54.29
best     264060,        iteration:         66,        time      56.03
best     264150,        iteration:         67,        time      56.90
best     264561,        iteration:         69,        time      58.64
best     264759,        iteration:         70,        time      59.51
best     264945,        iteration:         72,        time      61.25
best     265560,        iteration:         75,        time      63.84
best     265643,        iteration:         90,        time      76.84
best     265760,        iteration:         91,        time      77.70
best     265992,        iteration:         92,        time      78.56
best     266040,        iteration:         95,        time      81.15
best     266507,        iteration:         98,        time      83.74
end try 0 


try          0,        best     266507,        found at iteration         98,        found at time      83.74
