Parameter-settings: 

--inputfile          instances/a280-thop/a280_03_usw_05_03.thop
--outputfile         solutions/acothop*/a280-thop/a280_03_usw_05_03_08.thop.sol
--tries              1
--tours              0
--ptries             1
--time               84.00
--seed               858990
--optimum            1
--ants               500
--nnants             20
--alpha              0.88
--beta               5.28
--rho                0.48
--q0                 0.00
--elitistants        0
--rasranks           0
--localsearch        0
--nnls               20
--dlb                1
--as                 0
--eas                0
--ras                0
--mmas               1
--bwas               0
--acs                0


begin try 0 
best     217056,        iteration:          1,        time       0.90
best     222393,        iteration:          2,        time       1.80
best     225740,        iteration:          4,        time       3.56
best     232281,        iteration:          8,        time       7.23
best     237615,        iteration:         10,        time       9.07
best     241891,        iteration:         12,        time      10.89
best     245195,        iteration:         13,        time      11.80
best     250672,        iteration:         14,        time      12.73
best     253117,        iteration:         15,        time      13.63
best     253888,        iteration:         16,        time      14.54
best     254395,        iteration:         18,        time      16.28
best     255592,        iteration:         19,        time      17.19
best     255705,        iteration:         20,        time      18.08
best     257764,        iteration:         21,        time      18.98
best     257777,        iteration:         22,        time      19.86
best     258074,        iteration:         23,        time      20.73
best     258185,        iteration:         24,        time      21.58
best     258811,        iteration:         25,        time      22.43
best     258812,        iteration:         34,        time      30.19
best     259106,        iteration:         35,        time      31.07
best     259388,        iteration:         40,        time      35.42
best     259458,        iteration:         42,        time      37.13
best     259614,        iteration:         43,        time      38.00
best     259888,        iteration:         46,        time      40.61
best     259908,        iteration:         49,        time      43.30
best     260087,        iteration:         50,        time      44.19
best     260294,        iteration:         53,        time      46.88
best     260337,        iteration:         56,        time      49.46
best     260446,        iteration:         73,        time      63.97
end try 0 


try          0,        best     260446,        found at iteration         73,        found at time      63.97
