Parameter-settings: 

--inputfile          instances/a280-thop/a280_01_unc_01_03.thop
--outputfile         solutions/acothop*/a280-thop/a280_01_unc_01_03_05.thop.sol
--tries              1
--tours              0
--ptries             1
--time               28.00
--seed               642580
--optimum            1
--ants               500
--nnants             20
--alpha              0.86
--beta               7.13
--rho                0.38
--q0                 0.00
--elitistants        0
--rasranks           0
--localsearch        0
--nnls               20
--dlb                1
--as                 0
--eas                0
--ras                0
--mmas               1
--bwas               0
--acs                0


begin try 0 
best      40552,        iteration:          1,        time       0.42
best      41168,        iteration:          4,        time       1.59
best      41206,        iteration:          9,        time       3.55
best      41621,        iteration:         10,        time       3.95
best      41970,        iteration:         11,        time       4.35
best      42605,        iteration:         12,        time       4.74
best      42754,        iteration:         15,        time       5.91
best      42863,        iteration:         19,        time       7.45
best      42995,        iteration:         22,        time       8.67
best      43163,        iteration:         27,        time      10.62
best      43197,        iteration:         29,        time      11.40
best      43263,        iteration:         32,        time      12.47
best      43306,        iteration:         34,        time      13.28
best      43406,        iteration:         65,        time      25.89
best      43460,        iteration:         71,        time      28.10
end try 0 


try          0,        best      43460,        found at iteration         71,        found at time      28.10
