Parameter-settings: 

--inputfile          instances/a280-thop/a280_05_unc_01_01.thop
--outputfile         solutions/acothop*/a280-thop/a280_05_unc_01_01_03.thop.sol
--tries              1
--tours              0
--ptries             1
--time               139.00
--seed               644764
--optimum            1
--ants               200
--nnants             20
--alpha              0.85
--beta               9.32
--rho                0.49
--q0                 0.00
--elitistants        0
--rasranks           0
--localsearch        0
--nnls               20
--dlb                1
--as                 0
--eas                0
--ras                0
--mmas               1
--bwas               0
--acs                0


begin try 0 
best     101763,        iteration:          1,        time       0.79
best     104332,        iteration:          7,        time       5.55
best     106093,        iteration:         16,        time      12.66
best     110752,        iteration:         17,        time      13.45
best     114206,        iteration:         30,        time      23.84
best     114430,        iteration:         50,        time      40.28
best     115462,        iteration:         51,        time      41.10
best     116132,        iteration:         55,        time      44.37
best     116900,        iteration:         70,        time      56.67
best     118345,        iteration:        103,        time      83.60
end try 0 


try          0,        best     118345,        found at iteration        103,        found at time      83.60
