Parameter-settings: 

--inputfile          instances/a280-thop/a280_03_bsc_10_02.thop
--outputfile         solutions/acothop*/a280-thop/a280_03_bsc_10_02_09.thop.sol
--tries              1
--tours              0
--ptries             2
--time               84.00
--seed               756112
--optimum            1
--ants               50
--nnants             20
--alpha              0.75
--beta               6.16
--rho                0.40
--q0                 0.00
--elitistants        0
--rasranks           0
--localsearch        0
--nnls               20
--dlb                1
--as                 0
--eas                0
--ras                0
--mmas               1
--bwas               0
--acs                0


begin try 0 
best     482245,        iteration:          1,        time       0.18
best     513773,        iteration:          4,        time       0.72
best     514703,        iteration:         15,        time       2.76
best     538325,        iteration:         18,        time       3.33
best     545607,        iteration:         23,        time       4.28
best     559198,        iteration:         38,        time       7.11
best     568963,        iteration:         81,        time      15.28
best     578994,        iteration:        119,        time      22.57
best     581317,        iteration:        153,        time      29.12
best     591137,        iteration:        214,        time      40.95
best     618505,        iteration:        394,        time      75.94
best     620462,        iteration:        430,        time      83.22
end try 0 


try          0,        best     620462,        found at iteration        430,        found at time      83.22
