Parameter-settings: 

--inputfile          instances/a280-thop/a280_01_bsc_05_03.thop
--outputfile         solutions/acothop*/a280-thop/a280_01_bsc_05_03_09.thop.sol
--tries              1
--tours              0
--ptries             1
--time               28.00
--seed               756112
--optimum            1
--ants               200
--nnants             20
--alpha              0.75
--beta               6.28
--rho                0.61
--q0                 0.00
--elitistants        0
--rasranks           0
--localsearch        0
--nnls               20
--dlb                1
--as                 0
--eas                0
--ras                0
--mmas               1
--bwas               0
--acs                0


begin try 0 
best     140550,        iteration:          1,        time       0.22
best     142389,        iteration:          2,        time       0.44
best     149763,        iteration:          4,        time       0.86
best     152567,        iteration:          6,        time       1.29
best     155363,        iteration:          8,        time       1.71
best     156596,        iteration:          9,        time       1.92
best     157515,        iteration:         10,        time       2.13
best     157742,        iteration:         12,        time       2.56
best     158326,        iteration:         13,        time       2.77
best     158513,        iteration:         16,        time       3.41
best     158840,        iteration:         20,        time       4.20
best     159257,        iteration:         29,        time       5.99
best     159279,        iteration:         33,        time       6.80
best     159325,        iteration:         69,        time      14.00
best     159372,        iteration:         71,        time      14.41
best     159405,        iteration:         80,        time      16.25
best     159766,        iteration:         81,        time      16.45
end try 0 


try          0,        best     159766,        found at iteration         81,        found at time      16.45
