Parameter-settings: 

--inputfile          instances/a280-thop/a280_10_unc_05_03.thop
--outputfile         solutions/acothop*/a280-thop/a280_10_unc_05_03_08.thop.sol
--tries              1
--tours              0
--ptries             1
--time               278.00
--seed               858990
--optimum            1
--ants               50
--nnants             20
--alpha              0.82
--beta               8.63
--rho                0.62
--q0                 0.00
--elitistants        0
--rasranks           0
--localsearch        0
--nnls               20
--dlb                1
--as                 0
--eas                0
--ras                0
--mmas               1
--bwas               0
--acs                0


begin try 0 
best     765059,        iteration:          1,        time       0.45
best     801124,        iteration:          5,        time       2.20
best     808141,        iteration:         12,        time       5.26
best     812463,        iteration:         13,        time       5.70
best     825029,        iteration:         16,        time       7.00
best     825631,        iteration:         17,        time       7.46
best     827193,        iteration:         20,        time       8.79
best     827850,        iteration:         23,        time      10.13
best     829095,        iteration:         31,        time      13.72
best     830153,        iteration:         36,        time      15.92
best     830785,        iteration:         41,        time      18.16
best     830816,        iteration:         43,        time      19.03
best     831118,        iteration:         44,        time      19.48
best     834646,        iteration:         51,        time      22.59
best     835602,        iteration:         52,        time      23.03
best     839663,        iteration:         53,        time      23.47
best     840062,        iteration:         56,        time      24.80
best     840419,        iteration:         57,        time      25.26
best     844910,        iteration:         60,        time      26.57
best     858331,        iteration:         61,        time      27.02
best     858693,        iteration:         70,        time      31.03
best     861567,        iteration:         73,        time      32.38
best     861574,        iteration:         74,        time      32.83
best     862268,        iteration:         75,        time      33.28
best     862312,        iteration:         81,        time      35.93
best     867618,        iteration:         92,        time      40.84
best     867823,        iteration:         93,        time      41.28
best     868892,        iteration:         96,        time      42.62
best     870294,        iteration:         97,        time      43.06
best     870641,        iteration:        104,        time      46.18
best     874193,        iteration:        108,        time      47.96
best     874467,        iteration:        127,        time      56.45
best     878845,        iteration:        133,        time      59.08
best     879543,        iteration:        135,        time      59.97
best     881171,        iteration:        138,        time      61.30
best     882739,        iteration:        139,        time      61.75
best     884291,        iteration:        146,        time      64.84
best     884319,        iteration:        236,        time     105.04
best     885498,        iteration:        238,        time     105.93
best     886531,        iteration:        277,        time     123.29
best     887127,        iteration:        279,        time     124.18
best     892405,        iteration:        280,        time     124.63
best     892585,        iteration:        290,        time     129.12
best     892633,        iteration:        304,        time     135.32
best     893629,        iteration:        307,        time     136.67
best     893837,        iteration:        313,        time     139.32
best     894055,        iteration:        314,        time     139.77
best     895109,        iteration:        315,        time     140.21
best     896349,        iteration:        316,        time     140.66
best     897124,        iteration:        317,        time     141.11
best     897235,        iteration:        331,        time     147.35
best     897826,        iteration:        332,        time     147.79
best     900010,        iteration:        333,        time     148.24
best     904910,        iteration:        339,        time     150.92
best     904985,        iteration:        368,        time     163.85
best     905645,        iteration:        372,        time     165.61
best     905763,        iteration:        392,        time     174.54
best     905806,        iteration:        417,        time     185.64
best     905865,        iteration:        423,        time     188.33
best     906876,        iteration:        499,        time     222.25
best     910748,        iteration:        593,        time     264.14
best     916249,        iteration:        595,        time     265.04
best     916763,        iteration:        602,        time     268.14
best     916970,        iteration:        605,        time     269.46
end try 0 


try          0,        best     916970,        found at iteration        605,        found at time     269.46
