Parameter-settings: 

--inputfile          instances/a280-thop/a280_05_bsc_05_03.thop
--outputfile         solutions/acothop*/a280-thop/a280_05_bsc_05_03_02.thop.sol
--tries              1
--tours              0
--ptries             1
--time               139.00
--seed               126489
--optimum            1
--ants               200
--nnants             20
--alpha              0.82
--beta               7.91
--rho                0.37
--q0                 0.00
--elitistants        0
--rasranks           0
--localsearch        0
--nnls               20
--dlb                1
--as                 0
--eas                0
--ras                0
--mmas               1
--bwas               0
--acs                0


begin try 0 
best     693339,        iteration:          1,        time       1.37
best     696625,        iteration:          5,        time       6.86
best     706598,        iteration:          6,        time       8.23
best     708538,        iteration:          7,        time       9.61
best     709977,        iteration:          8,        time      11.00
best     717213,        iteration:         13,        time      17.96
best     721665,        iteration:         16,        time      22.12
best     730349,        iteration:         20,        time      27.64
best     731445,        iteration:         33,        time      45.64
best     732100,        iteration:         44,        time      60.87
best     732649,        iteration:         51,        time      70.58
best     732751,        iteration:         60,        time      82.99
best     733032,        iteration:         75,        time     103.70
end try 0 


try          0,        best     733032,        found at iteration         75,        found at time     103.70
