Parameter-settings: 

--inputfile          instances/a280-thop/a280_05_bsc_05_02.thop
--outputfile         solutions/acothop*/a280-thop/a280_05_bsc_05_02_01.thop.sol
--tries              1
--tours              0
--ptries             1
--time               139.00
--seed               99470
--optimum            1
--ants               200
--nnants             20
--alpha              0.82
--beta               7.91
--rho                0.37
--q0                 0.00
--elitistants        0
--rasranks           0
--localsearch        0
--nnls               20
--dlb                1
--as                 0
--eas                0
--ras                0
--mmas               1
--bwas               0
--acs                0


begin try 0 
best     599327,        iteration:          1,        time       1.21
best     614984,        iteration:          4,        time       4.81
best     648844,        iteration:          5,        time       6.01
best     654820,        iteration:         10,        time      12.11
best     663351,        iteration:         32,        time      39.54
best     665239,        iteration:         45,        time      55.90
best     667007,        iteration:         46,        time      57.16
best     670106,        iteration:         47,        time      58.43
best     672445,        iteration:         51,        time      63.51
best     685868,        iteration:         53,        time      66.11
best     686977,        iteration:         63,        time      79.13
best     687008,        iteration:         70,        time      88.28
best     688138,        iteration:         81,        time     102.61
best     688683,        iteration:         92,        time     116.98
best     689007,        iteration:        102,        time     130.16
end try 0 


try          0,        best     689007,        found at iteration        102,        found at time     130.16
