Parameter-settings: 

--inputfile          instances/a280-thop/a280_01_unc_01_03.thop
--outputfile         solutions/acothop*/a280-thop/a280_01_unc_01_03_00.thop.sol
--tries              1
--tours              0
--ptries             1
--time               28.00
--seed               269070
--optimum            1
--ants               500
--nnants             20
--alpha              0.86
--beta               7.13
--rho                0.38
--q0                 0.00
--elitistants        0
--rasranks           0
--localsearch        0
--nnls               20
--dlb                1
--as                 0
--eas                0
--ras                0
--mmas               1
--bwas               0
--acs                0


begin try 0 
best      40863,        iteration:          1,        time       0.40
best      40914,        iteration:          2,        time       0.80
best      41055,        iteration:          3,        time       1.19
best      41576,        iteration:          6,        time       2.37
best      41608,        iteration:         11,        time       4.32
best      42084,        iteration:         13,        time       5.07
best      42210,        iteration:         20,        time       7.85
best      42358,        iteration:         21,        time       8.22
best      42525,        iteration:         27,        time      10.41
best      42951,        iteration:         30,        time      11.52
best      43072,        iteration:         72,        time      26.31
end try 0 


try          0,        best      43072,        found at iteration         72,        found at time      26.31
