Parameter-settings: 

--inputfile          instances/a280-thop/a280_10_unc_05_01.thop
--outputfile         solutions/acothop*/a280-thop/a280_10_unc_05_01_01.thop.sol
--tries              1
--tours              0
--ptries             1
--time               278.00
--seed               99470
--optimum            1
--ants               50
--nnants             20
--alpha              0.82
--beta               8.63
--rho                0.62
--q0                 0.00
--elitistants        0
--rasranks           0
--localsearch        0
--nnls               20
--dlb                1
--as                 0
--eas                0
--ras                0
--mmas               1
--bwas               0
--acs                0


begin try 0 
best     268267,        iteration:          1,        time       0.22
best     306714,        iteration:          3,        time       0.66
best     409954,        iteration:          4,        time       0.88
best     415840,        iteration:         11,        time       2.41
best     453864,        iteration:         36,        time       8.03
best     461690,        iteration:         45,        time      10.09
best     470912,        iteration:         63,        time      14.27
best     472991,        iteration:         79,        time      18.03
best     473817,        iteration:         80,        time      18.28
best     480333,        iteration:         97,        time      22.25
best     491036,        iteration:         99,        time      22.72
best     492252,        iteration:        102,        time      23.44
best     494523,        iteration:        424,        time      94.88
best     503748,        iteration:        447,        time     100.45
end try 0 


try          0,        best     503748,        found at iteration        447,        found at time     100.45
