Parameter-settings: 

--inputfile          instances/a280-thop/a280_05_unc_01_01.thop
--outputfile         solutions/acothop*/a280-thop/a280_05_unc_01_01_00.thop.sol
--tries              1
--tours              0
--ptries             1
--time               139.00
--seed               269070
--optimum            1
--ants               200
--nnants             20
--alpha              0.85
--beta               9.32
--rho                0.49
--q0                 0.00
--elitistants        0
--rasranks           0
--localsearch        0
--nnls               20
--dlb                1
--as                 0
--eas                0
--ras                0
--mmas               1
--bwas               0
--acs                0


begin try 0 
best      91713,        iteration:          1,        time       0.78
best     101364,        iteration:          2,        time       1.58
best     105504,        iteration:          9,        time       7.08
best     107285,        iteration:         11,        time       8.65
best     107960,        iteration:         12,        time       9.43
best     108700,        iteration:         13,        time      10.23
best     110982,        iteration:         14,        time      11.04
best     112416,        iteration:         16,        time      12.68
best     114570,        iteration:         19,        time      15.15
best     115042,        iteration:         20,        time      16.01
best     117273,        iteration:         34,        time      27.53
best     118527,        iteration:        170,        time     138.91
end try 0 


try          0,        best     118527,        found at iteration        170,        found at time     138.91
