Parameter-settings: 

--inputfile          instances/a280-thop/a280_10_bsc_01_03.thop
--outputfile         solutions/acothop*/a280-thop/a280_10_bsc_01_03_07.thop.sol
--tries              1
--tours              0
--ptries             1
--time               278.00
--seed               462018
--optimum            1
--ants               100
--nnants             20
--alpha              0.74
--beta               6.34
--rho                0.60
--q0                 0.00
--elitistants        0
--rasranks           0
--localsearch        0
--nnls               20
--dlb                1
--as                 0
--eas                0
--ras                0
--mmas               1
--bwas               0
--acs                0


begin try 0 
best     294001,        iteration:          1,        time       0.56
best     318888,        iteration:          2,        time       1.09
best     331545,        iteration:          3,        time       1.60
best     333882,        iteration:         10,        time       5.14
best     334420,        iteration:         13,        time       6.59
best     338867,        iteration:         14,        time       7.04
best     339836,        iteration:         16,        time       7.94
best     341109,        iteration:         33,        time      15.64
best     342726,        iteration:         39,        time      18.15
best     342936,        iteration:         40,        time      18.58
best     345596,        iteration:         42,        time      19.35
best     345819,        iteration:         73,        time      33.67
best     347156,        iteration:         83,        time      37.98
best     350487,        iteration:         88,        time      40.07
best     352330,        iteration:        234,        time     107.44
best     352954,        iteration:        250,        time     115.05
best     353097,        iteration:        260,        time     119.82
best     354125,        iteration:        261,        time     120.29
best     355439,        iteration:        380,        time     171.92
best     356080,        iteration:        385,        time     173.98
end try 0 


try          0,        best     356080,        found at iteration        385,        found at time     173.98
