Parameter-settings: 

--inputfile          instances/a280-thop/a280_03_bsc_05_01.thop
--outputfile         solutions/acothop*/a280-thop/a280_03_bsc_05_01_07.thop.sol
--tries              1
--tours              0
--ptries             2
--time               84.00
--seed               462018
--optimum            1
--ants               50
--nnants             20
--alpha              0.75
--beta               6.16
--rho                0.40
--q0                 0.00
--elitistants        0
--rasranks           0
--localsearch        0
--nnls               20
--dlb                1
--as                 0
--eas                0
--ras                0
--mmas               1
--bwas               0
--acs                0


begin try 0 
best     212693,        iteration:          1,        time       0.13
best     244935,        iteration:          3,        time       0.40
best     251730,        iteration:          5,        time       0.65
best     256361,        iteration:          7,        time       0.92
best     279530,        iteration:          9,        time       1.19
best     291391,        iteration:         10,        time       1.33
best     296275,        iteration:         72,        time       9.45
best     305601,        iteration:         74,        time       9.72
best     310273,        iteration:         80,        time      10.52
best     322230,        iteration:         88,        time      11.60
best     334446,        iteration:         95,        time      12.52
best     338634,        iteration:        438,        time      60.05
best     339544,        iteration:        530,        time      73.15
best     342061,        iteration:        537,        time      74.10
best     345574,        iteration:        540,        time      74.49
best     352709,        iteration:        545,        time      75.12
best     353478,        iteration:        589,        time      81.21
end try 0 


try          0,        best     353478,        found at iteration        589,        found at time      81.21
