Parameter-settings: 

--inputfile          instances/a280-thop/a280_05_usw_05_01.thop
--outputfile         solutions/acothop*/a280-thop/a280_05_usw_05_01_09.thop.sol
--tries              1
--tours              0
--ptries             1
--time               139.00
--seed               756112
--optimum            1
--ants               200
--nnants             20
--alpha              0.93
--beta               4.86
--rho                0.26
--q0                 0.00
--elitistants        0
--rasranks           0
--localsearch        0
--nnls               20
--dlb                1
--as                 0
--eas                0
--ras                0
--mmas               1
--bwas               0
--acs                0


begin try 0 
best     212586,        iteration:          1,        time       0.47
best     213483,        iteration:          2,        time       0.95
best     215539,        iteration:          3,        time       1.43
best     222852,        iteration:          4,        time       1.91
best     229887,        iteration:          5,        time       2.40
best     235852,        iteration:          7,        time       3.36
best     236210,        iteration:         10,        time       4.81
best     248227,        iteration:         11,        time       5.30
best     252209,        iteration:         12,        time       5.80
best     267243,        iteration:         19,        time       9.28
best     267841,        iteration:         40,        time      19.72
best     268461,        iteration:         47,        time      23.30
best     269603,        iteration:         48,        time      23.81
best     269628,        iteration:         49,        time      24.33
best     270297,        iteration:         50,        time      24.85
best     270473,        iteration:         55,        time      27.49
best     270558,        iteration:         64,        time      32.16
best     270588,        iteration:         67,        time      33.76
best     270599,        iteration:         68,        time      34.29
best     277881,        iteration:         69,        time      34.82
best     279443,        iteration:         76,        time      38.51
best     281188,        iteration:         79,        time      40.08
best     283465,        iteration:         83,        time      42.16
best     284055,        iteration:         84,        time      42.68
best     285836,        iteration:         99,        time      50.75
best     286366,        iteration:        100,        time      51.28
best     289770,        iteration:        104,        time      53.43
best     291297,        iteration:        106,        time      54.50
best     292073,        iteration:        108,        time      55.54
best     292365,        iteration:        109,        time      56.08
best     292495,        iteration:        175,        time      92.34
best     293327,        iteration:        208,        time     110.56
best     294277,        iteration:        209,        time     111.09
end try 0 


try          0,        best     294277,        found at iteration        209,        found at time     111.09
