Parameter-settings: 

--inputfile          instances/a280-thop/a280_01_bsc_05_03.thop
--outputfile         solutions/acothop*/a280-thop/a280_01_bsc_05_03_03.thop.sol
--tries              1
--tours              0
--ptries             1
--time               28.00
--seed               644764
--optimum            1
--ants               200
--nnants             20
--alpha              0.75
--beta               6.28
--rho                0.61
--q0                 0.00
--elitistants        0
--rasranks           0
--localsearch        0
--nnls               20
--dlb                1
--as                 0
--eas                0
--ras                0
--mmas               1
--bwas               0
--acs                0


begin try 0 
best     145025,        iteration:          1,        time       0.22
best     149893,        iteration:          2,        time       0.44
best     150823,        iteration:          4,        time       0.87
best     152623,        iteration:          6,        time       1.30
best     153878,        iteration:          9,        time       1.94
best     155056,        iteration:         12,        time       2.59
best     156844,        iteration:         13,        time       2.81
best     157018,        iteration:         17,        time       3.67
best     157057,        iteration:         21,        time       4.49
best     157180,        iteration:         22,        time       4.69
best     158002,        iteration:         23,        time       4.89
best     158333,        iteration:         25,        time       5.28
best     158610,        iteration:         38,        time       7.93
best     158791,        iteration:         40,        time       8.32
best     159469,        iteration:         75,        time      15.34
best     159661,        iteration:        130,        time      26.54
end try 0 


try          0,        best     159661,        found at iteration        130,        found at time      26.54
