Parameter-settings: 

--inputfile          instances/a280-thop/a280_05_unc_10_02.thop
--outputfile         solutions/acothop*/a280-thop/a280_05_unc_10_02_09.thop.sol
--tries              1
--tours              0
--ptries             1
--time               139.00
--seed               756112
--optimum            1
--ants               200
--nnants             20
--alpha              0.85
--beta               9.32
--rho                0.49
--q0                 0.00
--elitistants        0
--rasranks           0
--localsearch        0
--nnls               20
--dlb                1
--as                 0
--eas                0
--ras                0
--mmas               1
--bwas               0
--acs                0


begin try 0 
best     349357,        iteration:          1,        time       1.25
best     364118,        iteration:          2,        time       2.51
best     374471,        iteration:         10,        time      12.54
best     379579,        iteration:         12,        time      15.07
best     380907,        iteration:         14,        time      17.69
best     387155,        iteration:         15,        time      19.07
best     388184,        iteration:         16,        time      20.44
best     389710,        iteration:         21,        time      27.27
best     389991,        iteration:         23,        time      30.07
best     397304,        iteration:         24,        time      31.49
best     397634,        iteration:         90,        time     123.89
end try 0 


try          0,        best     397634,        found at iteration         90,        found at time     123.89
