Parameter-settings: 

--inputfile          instances/a280-thop/a280_10_bsc_10_01.thop
--outputfile         solutions/acothop*/a280-thop/a280_10_bsc_10_01_08.thop.sol
--tries              1
--tours              0
--ptries             1
--time               278.00
--seed               858990
--optimum            1
--ants               100
--nnants             20
--alpha              0.74
--beta               6.34
--rho                0.60
--q0                 0.00
--elitistants        0
--rasranks           0
--localsearch        0
--nnls               20
--dlb                1
--as                 0
--eas                0
--ras                0
--mmas               1
--bwas               0
--acs                0


begin try 0 
best     964851,        iteration:          1,        time       0.44
best    1159527,        iteration:          2,        time       0.91
best    1171605,        iteration:          6,        time       2.78
best    1438173,        iteration:          9,        time       4.22
end try 0 


try          0,        best    1438173,        found at iteration          9,        found at time       4.22
