Parameter-settings: 

--inputfile          instances/a280-thop/a280_05_bsc_05_01.thop
--outputfile         solutions/acothop*/a280-thop/a280_05_bsc_05_01_03.thop.sol
--tries              1
--tours              0
--ptries             1
--time               139.00
--seed               644764
--optimum            1
--ants               200
--nnants             20
--alpha              0.82
--beta               7.91
--rho                0.37
--q0                 0.00
--elitistants        0
--rasranks           0
--localsearch        0
--nnls               20
--dlb                1
--as                 0
--eas                0
--ras                0
--mmas               1
--bwas               0
--acs                0


begin try 0 
best     503034,        iteration:          1,        time       0.93
best     515181,        iteration:         13,        time      11.97
best     532487,        iteration:         25,        time      23.16
best     559068,        iteration:         27,        time      25.02
best     566583,        iteration:         31,        time      28.76
best     574452,        iteration:         38,        time      35.37
best     577163,        iteration:         61,        time      57.23
best     578542,        iteration:         63,        time      59.14
best     580772,        iteration:         72,        time      67.82
best     580971,        iteration:         75,        time      70.77
best     590546,        iteration:         80,        time      75.51
best     590744,        iteration:        126,        time     119.54
best     592431,        iteration:        139,        time     131.98
end try 0 


try          0,        best     592431,        found at iteration        139,        found at time     131.98
