Parameter-settings: 

--inputfile          instances/a280-thop/a280_05_bsc_05_02.thop
--outputfile         solutions/acothop*/a280-thop/a280_05_bsc_05_02_07.thop.sol
--tries              1
--tours              0
--ptries             1
--time               139.00
--seed               462018
--optimum            1
--ants               200
--nnants             20
--alpha              0.82
--beta               7.91
--rho                0.37
--q0                 0.00
--elitistants        0
--rasranks           0
--localsearch        0
--nnls               20
--dlb                1
--as                 0
--eas                0
--ras                0
--mmas               1
--bwas               0
--acs                0


begin try 0 
best     616463,        iteration:          1,        time       1.20
best     618272,        iteration:          2,        time       2.40
best     633544,        iteration:         10,        time      12.15
best     643227,        iteration:         19,        time      22.98
best     646947,        iteration:         24,        time      29.03
best     668514,        iteration:         38,        time      46.33
best     673419,        iteration:         58,        time      71.64
best     675701,        iteration:         61,        time      75.45
best     675971,        iteration:         64,        time      79.28
best     676412,        iteration:         70,        time      86.89
best     678757,        iteration:         72,        time      89.48
best     681947,        iteration:         84,        time     104.95
end try 0 


try          0,        best     681947,        found at iteration         84,        found at time     104.95
