Parameter-settings: 

--inputfile          instances/a280-thop/a280_01_unc_01_03.thop
--outputfile         solutions/acothop*/a280-thop/a280_01_unc_01_03_06.thop.sol
--tries              1
--tours              0
--ptries             1
--time               28.00
--seed               73456
--optimum            1
--ants               500
--nnants             20
--alpha              0.86
--beta               7.13
--rho                0.38
--q0                 0.00
--elitistants        0
--rasranks           0
--localsearch        0
--nnls               20
--dlb                1
--as                 0
--eas                0
--ras                0
--mmas               1
--bwas               0
--acs                0


begin try 0 
best      39517,        iteration:          1,        time       0.40
best      40302,        iteration:          2,        time       0.81
best      40875,        iteration:          3,        time       1.21
best      41282,        iteration:          8,        time       3.20
best      41628,        iteration:         10,        time       3.98
best      41774,        iteration:         25,        time       9.88
best      41925,        iteration:         26,        time      10.26
best      41990,        iteration:         28,        time      11.05
best      42083,        iteration:         30,        time      11.84
best      42141,        iteration:         34,        time      13.30
best      42222,        iteration:         35,        time      13.62
best      42255,        iteration:         37,        time      14.24
best      42382,        iteration:         38,        time      14.55
best      42436,        iteration:         41,        time      15.47
best      42463,        iteration:         43,        time      16.11
best      42657,        iteration:         44,        time      16.41
best      42693,        iteration:         59,        time      20.41
best      42737,        iteration:         63,        time      21.60
best      42793,        iteration:         64,        time      21.87
best      42933,        iteration:         70,        time      23.44
end try 0 


try          0,        best      42933,        found at iteration         70,        found at time      23.44
