Parameter-settings: 

--inputfile          instances/a280-thop/a280_05_usw_01_02.thop
--outputfile         solutions/acothop*/a280-thop/a280_05_usw_01_02_08.thop.sol
--tries              1
--tours              0
--ptries             1
--time               139.00
--seed               858990
--optimum            1
--ants               200
--nnants             20
--alpha              0.93
--beta               4.86
--rho                0.26
--q0                 0.00
--elitistants        0
--rasranks           0
--localsearch        0
--nnls               20
--dlb                1
--as                 0
--eas                0
--ras                0
--mmas               1
--bwas               0
--acs                0


begin try 0 
best      89994,        iteration:          1,        time       0.35
best      90648,        iteration:          3,        time       1.08
best      92485,        iteration:          4,        time       1.43
best      94708,        iteration:          5,        time       1.78
best      95132,        iteration:         10,        time       3.57
best      95449,        iteration:         15,        time       5.40
best      96561,        iteration:         16,        time       5.77
best     101843,        iteration:         31,        time      11.26
best     102457,        iteration:         68,        time      24.45
best     103454,        iteration:         96,        time      32.95
best     103818,        iteration:        101,        time      34.31
best     103850,        iteration:        107,        time      35.74
best     104198,        iteration:        110,        time      36.45
best     104259,        iteration:        112,        time      36.91
best     104392,        iteration:        119,        time      38.46
best     104438,        iteration:        121,        time      38.89
best     104476,        iteration:        129,        time      40.64
best     104907,        iteration:        170,        time      49.67
best     104950,        iteration:        243,        time      65.18
best     104963,        iteration:        266,        time      70.36
end try 0 


try          0,        best     104963,        found at iteration        266,        found at time      70.36
