Parameter-settings: 

--inputfile          instances/a280-thop/a280_10_unc_10_03.thop
--outputfile         solutions/acothop*/a280-thop/a280_10_unc_10_03_09.thop.sol
--tries              1
--tours              0
--ptries             1
--time               278.00
--seed               756112
--optimum            1
--ants               50
--nnants             20
--alpha              0.82
--beta               8.63
--rho                0.62
--q0                 0.00
--elitistants        0
--rasranks           0
--localsearch        0
--nnls               20
--dlb                1
--as                 0
--eas                0
--ras                0
--mmas               1
--bwas               0
--acs                0


begin try 0 
best     987988,        iteration:          1,        time       0.48
best     997177,        iteration:          2,        time       0.93
best    1017010,        iteration:          3,        time       1.40
best    1047648,        iteration:          4,        time       1.86
best    1057054,        iteration:          5,        time       2.32
best    1066448,        iteration:          7,        time       3.25
best    1080358,        iteration:          9,        time       4.16
best    1083026,        iteration:         10,        time       4.62
best    1108328,        iteration:         11,        time       5.08
best    1127641,        iteration:         14,        time       6.46
best    1154275,        iteration:         15,        time       6.92
best    1157946,        iteration:         24,        time      11.01
best    1162259,        iteration:         27,        time      12.39
best    1162555,        iteration:         33,        time      15.11
best    1162720,        iteration:         38,        time      17.39
best    1162760,        iteration:         59,        time      27.00
best    1165164,        iteration:         62,        time      28.36
best    1165168,        iteration:         68,        time      31.10
best    1166723,        iteration:         69,        time      31.56
best    1166766,        iteration:         71,        time      32.46
best    1168372,        iteration:         89,        time      40.68
best    1168580,        iteration:         94,        time      42.96
best    1171155,        iteration:        107,        time      48.88
best    1172441,        iteration:        109,        time      49.79
best    1172744,        iteration:        111,        time      50.70
best    1178534,        iteration:        116,        time      52.97
best    1178687,        iteration:        119,        time      54.33
best    1178736,        iteration:        126,        time      57.53
best    1179443,        iteration:        127,        time      57.99
best    1180638,        iteration:        129,        time      58.89
best    1180655,        iteration:        134,        time      61.19
best    1180662,        iteration:        136,        time      62.10
best    1181835,        iteration:        169,        time      77.14
best    1182911,        iteration:        171,        time      78.05
best    1182944,        iteration:        176,        time      80.32
best    1183010,        iteration:        180,        time      82.14
best    1188734,        iteration:        188,        time      85.77
best    1190512,        iteration:        191,        time      87.12
best    1191006,        iteration:        215,        time      98.08
best    1191640,        iteration:        216,        time      98.53
best    1195891,        iteration:        218,        time      99.45
best    1196170,        iteration:        219,        time      99.91
best    1196234,        iteration:        231,        time     105.43
best    1197034,        iteration:        240,        time     109.56
best    1197898,        iteration:        241,        time     110.03
best    1199191,        iteration:        242,        time     110.48
best    1199907,        iteration:        250,        time     114.13
best    1200380,        iteration:        288,        time     131.46
best    1200516,        iteration:        291,        time     132.82
best    1200522,        iteration:        302,        time     137.83
best    1201257,        iteration:        333,        time     151.92
best    1202622,        iteration:        334,        time     152.38
best    1203490,        iteration:        431,        time     196.56
best    1205235,        iteration:        432,        time     197.02
best    1205354,        iteration:        433,        time     197.48
best    1205422,        iteration:        445,        time     202.94
best    1206220,        iteration:        527,        time     240.19
best    1207291,        iteration:        531,        time     242.02
best    1207347,        iteration:        539,        time     245.65
best    1207390,        iteration:        543,        time     247.47
best    1207393,        iteration:        551,        time     251.10
best    1207394,        iteration:        553,        time     252.01
best    1207425,        iteration:        556,        time     253.37
end try 0 


try          0,        best    1207425,        found at iteration        556,        found at time     253.37
