Parameter-settings: 

--inputfile          instances/a280-thop/a280_01_usw_01_02.thop
--outputfile         solutions/acothop*/a280-thop/a280_01_usw_01_02_06.thop.sol
--tries              1
--tours              0
--ptries             2
--time               28.00
--seed               73456
--optimum            1
--ants               50
--nnants             20
--alpha              0.96
--beta               4.15
--rho                0.48
--q0                 0.00
--elitistants        0
--rasranks           0
--localsearch        0
--nnls               20
--dlb                1
--as                 0
--eas                0
--ras                0
--mmas               1
--bwas               0
--acs                0


begin try 0 
best      14739,        iteration:          1,        time       0.07
best      16966,        iteration:          2,        time       0.13
best      18034,        iteration:          4,        time       0.26
best      19179,        iteration:          9,        time       0.58
best      19340,        iteration:         11,        time       0.71
best      19520,        iteration:         12,        time       0.77
best      19644,        iteration:         16,        time       1.02
best      19775,        iteration:         32,        time       2.00
best      20040,        iteration:         39,        time       2.43
best      20101,        iteration:         43,        time       2.68
best      20224,        iteration:         66,        time       4.11
best      20281,        iteration:         67,        time       4.17
best      20576,        iteration:         90,        time       5.58
best      20783,        iteration:        148,        time       9.11
best      20869,        iteration:        176,        time      10.78
best      21010,        iteration:        177,        time      10.84
best      21121,        iteration:        278,        time      16.99
end try 0 


try          0,        best      21121,        found at iteration        278,        found at time      16.99
