Parameter-settings: 

--inputfile          instances/a280-thop/a280_05_usw_01_01.thop
--outputfile         solutions/acothop*/a280-thop/a280_05_usw_01_01_08.thop.sol
--tries              1
--tours              0
--ptries             1
--time               139.00
--seed               858990
--optimum            1
--ants               200
--nnants             20
--alpha              0.93
--beta               4.86
--rho                0.26
--q0                 0.00
--elitistants        0
--rasranks           0
--localsearch        0
--nnls               20
--dlb                1
--as                 0
--eas                0
--ras                0
--mmas               1
--bwas               0
--acs                0


begin try 0 
best      81188,        iteration:          1,        time       0.34
best      82189,        iteration:          4,        time       1.35
best      82446,        iteration:          9,        time       3.08
best      82846,        iteration:         10,        time       3.43
best      87879,        iteration:         11,        time       3.77
best      90809,        iteration:         12,        time       4.11
best      91805,        iteration:         15,        time       5.11
best      91840,        iteration:         37,        time      12.55
best      92567,        iteration:         38,        time      12.88
best      94021,        iteration:         39,        time      13.22
best      96491,        iteration:         52,        time      17.64
best      96785,        iteration:         99,        time      33.11
best      97023,        iteration:        107,        time      35.47
best      97133,        iteration:        109,        time      35.97
end try 0 


try          0,        best      97133,        found at iteration        109,        found at time      35.97
