Parameter-settings: 

--inputfile          instances/a280-thop/a280_03_usw_05_02.thop
--outputfile         solutions/acothop*/a280-thop/a280_03_usw_05_02_08.thop.sol
--tries              1
--tours              0
--ptries             1
--time               84.00
--seed               858990
--optimum            1
--ants               500
--nnants             20
--alpha              0.88
--beta               5.28
--rho                0.48
--q0                 0.00
--elitistants        0
--rasranks           0
--localsearch        0
--nnls               20
--dlb                1
--as                 0
--eas                0
--ras                0
--mmas               1
--bwas               0
--acs                0


begin try 0 
best     185974,        iteration:          1,        time       0.82
best     190157,        iteration:          4,        time       3.26
best     200304,        iteration:          6,        time       4.90
best     204406,        iteration:         12,        time       9.89
best     205251,        iteration:         15,        time      12.40
best     205416,        iteration:         16,        time      13.24
best     207711,        iteration:         18,        time      14.93
best     209426,        iteration:         20,        time      16.62
best     210325,        iteration:         24,        time      20.01
best     211121,        iteration:         25,        time      20.87
best     211493,        iteration:         27,        time      22.59
best     212446,        iteration:         28,        time      23.47
best     212752,        iteration:         29,        time      24.34
best     212929,        iteration:         34,        time      28.73
best     214194,        iteration:         35,        time      29.60
best     215478,        iteration:         38,        time      32.20
best     215499,        iteration:         42,        time      35.67
best     216168,        iteration:         45,        time      38.28
best     216746,        iteration:         48,        time      40.88
best     216974,        iteration:         49,        time      41.75
best     217328,        iteration:         50,        time      42.62
best     217558,        iteration:         52,        time      44.35
best     217930,        iteration:         53,        time      45.21
best     218390,        iteration:         60,        time      51.24
best     219936,        iteration:         62,        time      52.95
best     220165,        iteration:         63,        time      53.79
best     220922,        iteration:         66,        time      56.35
best     221199,        iteration:         68,        time      58.08
best     222817,        iteration:         80,        time      68.40
best     223352,        iteration:         81,        time      69.28
best     223463,        iteration:         82,        time      70.15
best     223832,        iteration:         86,        time      73.64
best     223958,        iteration:         89,        time      76.19
end try 0 


try          0,        best     223958,        found at iteration         89,        found at time      76.19
