Parameter-settings: 

--inputfile          instances/a280-thop/a280_05_usw_05_01.thop
--outputfile         solutions/acothop*/a280-thop/a280_05_usw_05_01_08.thop.sol
--tries              1
--tours              0
--ptries             1
--time               139.00
--seed               858990
--optimum            1
--ants               200
--nnants             20
--alpha              0.93
--beta               4.86
--rho                0.26
--q0                 0.00
--elitistants        0
--rasranks           0
--localsearch        0
--nnls               20
--dlb                1
--as                 0
--eas                0
--ras                0
--mmas               1
--bwas               0
--acs                0


begin try 0 
best     223239,        iteration:          1,        time       0.48
best     224410,        iteration:          2,        time       0.96
best     231261,        iteration:          3,        time       1.44
best     232620,        iteration:          6,        time       2.90
best     235492,        iteration:          8,        time       3.87
best     248140,        iteration:         10,        time       4.85
best     262203,        iteration:         11,        time       5.32
best     264209,        iteration:         32,        time      15.57
best     264431,        iteration:         40,        time      19.62
best     267937,        iteration:         41,        time      20.12
best     271531,        iteration:         48,        time      23.65
best     272698,        iteration:         53,        time      26.21
best     274333,        iteration:         54,        time      26.73
best     277953,        iteration:         58,        time      28.81
best     279304,        iteration:         59,        time      29.33
best     279559,        iteration:         79,        time      39.69
best     282214,        iteration:         80,        time      40.20
best     282554,        iteration:         81,        time      40.71
best     283732,        iteration:        162,        time      83.38
best     283812,        iteration:        167,        time      86.00
best     283934,        iteration:        171,        time      88.08
best     284091,        iteration:        172,        time      88.61
best     284667,        iteration:        177,        time      91.25
best     285160,        iteration:        200,        time     103.53
best     285246,        iteration:        235,        time     122.07
best     285706,        iteration:        236,        time     122.60
best     285772,        iteration:        268,        time     139.50
end try 0 


try          0,        best     285772,        found at iteration        268,        found at time     139.50
