Parameter-settings: 

--inputfile          instances/a280-thop/a280_03_bsc_10_01.thop
--outputfile         solutions/acothop*/a280-thop/a280_03_bsc_10_01_02.thop.sol
--tries              1
--tours              0
--ptries             2
--time               84.00
--seed               126489
--optimum            1
--ants               50
--nnants             20
--alpha              0.75
--beta               6.16
--rho                0.40
--q0                 0.00
--elitistants        0
--rasranks           0
--localsearch        0
--nnls               20
--dlb                1
--as                 0
--eas                0
--ras                0
--mmas               1
--bwas               0
--acs                0


begin try 0 
best     356357,        iteration:          3,        time       0.43
best     359055,        iteration:         16,        time       2.17
best     410951,        iteration:         19,        time       2.58
best     416241,        iteration:        135,        time      19.20
best     416310,        iteration:        168,        time      24.09
best     435164,        iteration:        252,        time      36.41
best     444314,        iteration:        262,        time      37.88
best     458169,        iteration:        264,        time      38.16
best     459344,        iteration:        388,        time      56.27
best     460942,        iteration:        428,        time      62.00
best     462019,        iteration:        450,        time      65.32
best     463572,        iteration:        504,        time      73.27
end try 0 


try          0,        best     463572,        found at iteration        504,        found at time      73.27
