Parameter-settings: 

--inputfile          instances/a280-thop/a280_10_unc_01_01.thop
--outputfile         solutions/acothop*/a280-thop/a280_10_unc_01_01_09.thop.sol
--tries              1
--tours              0
--ptries             1
--time               278.00
--seed               756112
--optimum            1
--ants               50
--nnants             20
--alpha              0.82
--beta               8.63
--rho                0.62
--q0                 0.00
--elitistants        0
--rasranks           0
--localsearch        0
--nnls               20
--dlb                1
--as                 0
--eas                0
--ras                0
--mmas               1
--bwas               0
--acs                0


begin try 0 
best     187630,        iteration:          1,        time       0.20
best     189207,        iteration:          7,        time       1.47
best     189695,        iteration:         10,        time       2.11
best     191600,        iteration:         16,        time       3.38
best     205319,        iteration:         55,        time      11.90
best     205445,        iteration:        104,        time      22.30
best     208528,        iteration:        109,        time      23.24
best     213129,        iteration:        136,        time      28.88
best     214715,        iteration:        778,        time     166.01
best     214798,        iteration:        786,        time     167.76
best     215945,        iteration:        788,        time     168.19
best     217947,        iteration:        815,        time     174.10
best     219148,        iteration:        828,        time     176.98
best     219151,        iteration:        830,        time     177.43
best     220796,        iteration:        831,        time     177.66
best     222588,        iteration:        883,        time     189.17
best     223052,        iteration:       1012,        time     217.86
best     223568,        iteration:       1246,        time     268.95
end try 0 


try          0,        best     223568,        found at iteration       1246,        found at time     268.95
