Parameter-settings: 

--inputfile          instances/a280-thop/a280_03_bsc_05_03.thop
--outputfile         solutions/acothop*/a280-thop/a280_03_bsc_05_03_06.thop.sol
--tries              1
--tours              0
--ptries             2
--time               84.00
--seed               73456
--optimum            1
--ants               50
--nnants             20
--alpha              0.75
--beta               6.16
--rho                0.40
--q0                 0.00
--elitistants        0
--rasranks           0
--localsearch        0
--nnls               20
--dlb                1
--as                 0
--eas                0
--ras                0
--mmas               1
--bwas               0
--acs                0


begin try 0 
best     390619,        iteration:          2,        time       0.37
best     394932,        iteration:         10,        time       1.86
best     411059,        iteration:         13,        time       2.42
best     411612,        iteration:         32,        time       6.04
best     420349,        iteration:         37,        time       7.00
best     427923,        iteration:         76,        time      14.49
best     430547,        iteration:         82,        time      15.65
best     431778,        iteration:         84,        time      16.04
best     434652,        iteration:         89,        time      17.02
best     435820,        iteration:         94,        time      17.98
best     437583,        iteration:        113,        time      21.68
best     440101,        iteration:        118,        time      22.66
best     442363,        iteration:        121,        time      23.24
best     443093,        iteration:        133,        time      25.59
best     445134,        iteration:        137,        time      26.37
best     445955,        iteration:        140,        time      26.95
best     446213,        iteration:        286,        time      55.66
best     446223,        iteration:        303,        time      58.99
best     446247,        iteration:        307,        time      59.77
best     446359,        iteration:        368,        time      71.74
best     446844,        iteration:        386,        time      75.28
end try 0 


try          0,        best     446844,        found at iteration        386,        found at time      75.28
