Parameter-settings: 

--inputfile          instances/a280-thop/a280_10_bsc_05_02.thop
--outputfile         solutions/acothop*/a280-thop/a280_10_bsc_05_02_01.thop.sol
--tries              1
--tours              0
--ptries             1
--time               278.00
--seed               99470
--optimum            1
--ants               100
--nnants             20
--alpha              0.74
--beta               6.34
--rho                0.60
--q0                 0.00
--elitistants        0
--rasranks           0
--localsearch        0
--nnls               20
--dlb                1
--as                 0
--eas                0
--ras                0
--mmas               1
--bwas               0
--acs                0


begin try 0 
best    1080042,        iteration:          1,        time       0.69
best    1203353,        iteration:          2,        time       1.37
best    1243714,        iteration:          3,        time       2.06
best    1300234,        iteration:          6,        time       4.18
best    1304177,        iteration:         37,        time      26.87
best    1353225,        iteration:         38,        time      27.62
best    1365173,        iteration:        159,        time     115.09
best    1383417,        iteration:        208,        time     150.69
best    1389875,        iteration:        228,        time     165.57
end try 0 


try          0,        best    1389875,        found at iteration        228,        found at time     165.57
