Parameter-settings: 

--inputfile          instances/a280-thop/a280_01_unc_01_01.thop
--outputfile         solutions/acothop*/a280-thop/a280_01_unc_01_01_06.thop.sol
--tries              1
--tours              0
--ptries             1
--time               28.00
--seed               73456
--optimum            1
--ants               500
--nnants             20
--alpha              0.86
--beta               7.13
--rho                0.38
--q0                 0.00
--elitistants        0
--rasranks           0
--localsearch        0
--nnls               20
--dlb                1
--as                 0
--eas                0
--ras                0
--mmas               1
--bwas               0
--acs                0


begin try 0 
best      24051,        iteration:          1,        time       0.38
best      24414,        iteration:          2,        time       0.75
best      25791,        iteration:          5,        time       1.80
best      26624,        iteration:         13,        time       4.67
best      27256,        iteration:         30,        time      10.82
best      27487,        iteration:         38,        time      13.66
best      27701,        iteration:         39,        time      13.99
best      27841,        iteration:         42,        time      15.05
best      27955,        iteration:         43,        time      15.38
best      28632,        iteration:         46,        time      16.39
best      28771,        iteration:         48,        time      17.08
best      28885,        iteration:         53,        time      18.77
end try 0 


try          0,        best      28885,        found at iteration         53,        found at time      18.77
