Parameter-settings: 

--inputfile          instances/a280-thop/a280_01_bsc_01_01.thop
--outputfile         solutions/acothop*/a280-thop/a280_01_bsc_01_01_02.thop.sol
--tries              1
--tours              0
--ptries             1
--time               28.00
--seed               126489
--optimum            1
--ants               200
--nnants             20
--alpha              0.75
--beta               6.28
--rho                0.61
--q0                 0.00
--elitistants        0
--rasranks           0
--localsearch        0
--nnls               20
--dlb                1
--as                 0
--eas                0
--ras                0
--mmas               1
--bwas               0
--acs                0


begin try 0 
best      31146,        iteration:          1,        time       0.15
best      32300,        iteration:          2,        time       0.28
best      33014,        iteration:          6,        time       0.83
best      33206,        iteration:         17,        time       2.31
best      33243,        iteration:         18,        time       2.44
best      33277,        iteration:         40,        time       5.18
best      33329,        iteration:         43,        time       5.56
best      33593,        iteration:         44,        time       5.67
best      33628,        iteration:         47,        time       6.06
best      33697,        iteration:        186,        time      24.33
best      33763,        iteration:        208,        time      27.30
end try 0 


try          0,        best      33763,        found at iteration        208,        found at time      27.30
