Parameter-settings: 

--inputfile          instances/a280-thop/a280_01_bsc_10_03.thop
--outputfile         solutions/acothop*/a280-thop/a280_01_bsc_10_03_04.thop.sol
--tries              1
--tours              0
--ptries             1
--time               28.00
--seed               547617
--optimum            1
--ants               200
--nnants             20
--alpha              0.75
--beta               6.28
--rho                0.61
--q0                 0.00
--elitistants        0
--rasranks           0
--localsearch        0
--nnls               20
--dlb                1
--as                 0
--eas                0
--ras                0
--mmas               1
--bwas               0
--acs                0


begin try 0 
best     219942,        iteration:          1,        time       0.25
best     220913,        iteration:          2,        time       0.48
best     228212,        iteration:          4,        time       0.96
best     228790,        iteration:          7,        time       1.67
best     233647,        iteration:          8,        time       1.91
best     234627,        iteration:          9,        time       2.15
best     238725,        iteration:         10,        time       2.39
best     240783,        iteration:         11,        time       2.64
best     246817,        iteration:         15,        time       3.61
best     248590,        iteration:         18,        time       4.34
best     249212,        iteration:         21,        time       5.05
best     249304,        iteration:         26,        time       6.27
best     250085,        iteration:         28,        time       6.73
best     251267,        iteration:         29,        time       6.96
best     253454,        iteration:         30,        time       7.19
best     255016,        iteration:         73,        time      17.56
best     255528,        iteration:         74,        time      17.80
best     255581,        iteration:         75,        time      18.04
best     256168,        iteration:         76,        time      18.28
best     256338,        iteration:         80,        time      19.19
best     256616,        iteration:         82,        time      19.63
best     256712,        iteration:         89,        time      21.27
best     257072,        iteration:        103,        time      24.67
best     257548,        iteration:        105,        time      25.14
best     257597,        iteration:        117,        time      28.00
end try 0 


try          0,        best     257597,        found at iteration        117,        found at time      28.00
