Parameter-settings: 

--inputfile          instances/a280-thop/a280_10_unc_05_01.thop
--outputfile         solutions/acothop*/a280-thop/a280_10_unc_05_01_06.thop.sol
--tries              1
--tours              0
--ptries             1
--time               278.00
--seed               73456
--optimum            1
--ants               50
--nnants             20
--alpha              0.82
--beta               8.63
--rho                0.62
--q0                 0.00
--elitistants        0
--rasranks           0
--localsearch        0
--nnls               20
--dlb                1
--as                 0
--eas                0
--ras                0
--mmas               1
--bwas               0
--acs                0


begin try 0 
best     369691,        iteration:          1,        time       0.23
best     369922,        iteration:          6,        time       1.35
best     410444,        iteration:          7,        time       1.57
best     420252,        iteration:         16,        time       3.60
best     445853,        iteration:         19,        time       4.29
best     459785,        iteration:         58,        time      13.21
best     476932,        iteration:         69,        time      15.68
best     494988,        iteration:         74,        time      16.81
best     498733,        iteration:         83,        time      18.88
best     499469,        iteration:        299,        time      67.19
best     506437,        iteration:        306,        time      68.90
best     507614,        iteration:        318,        time      71.85
end try 0 


try          0,        best     507614,        found at iteration        318,        found at time      71.85
