Parameter-settings: 

--inputfile          instances/a280-thop/a280_10_unc_10_03.thop
--outputfile         solutions/acothop*/a280-thop/a280_10_unc_10_03_04.thop.sol
--tries              1
--tours              0
--ptries             1
--time               278.00
--seed               547617
--optimum            1
--ants               50
--nnants             20
--alpha              0.82
--beta               8.63
--rho                0.62
--q0                 0.00
--elitistants        0
--rasranks           0
--localsearch        0
--nnls               20
--dlb                1
--as                 0
--eas                0
--ras                0
--mmas               1
--bwas               0
--acs                0


begin try 0 
best    1054048,        iteration:          3,        time       1.39
best    1065775,        iteration:         10,        time       4.61
best    1071942,        iteration:         11,        time       5.07
best    1074914,        iteration:         12,        time       5.53
best    1074956,        iteration:         13,        time       5.99
best    1076699,        iteration:         14,        time       6.45
best    1080001,        iteration:         15,        time       6.92
best    1080889,        iteration:         17,        time       7.84
best    1085371,        iteration:         18,        time       8.30
best    1087200,        iteration:         19,        time       8.76
best    1090524,        iteration:         21,        time       9.68
best    1091089,        iteration:         22,        time      10.12
best    1091300,        iteration:         24,        time      11.05
best    1103181,        iteration:         26,        time      11.97
best    1104149,        iteration:         27,        time      12.43
best    1104352,        iteration:         40,        time      18.38
best    1104440,        iteration:         42,        time      19.30
best    1104548,        iteration:         58,        time      26.65
best    1104851,        iteration:         67,        time      30.79
best    1106284,        iteration:         68,        time      31.24
best    1108423,        iteration:         69,        time      31.70
best    1109085,        iteration:         71,        time      32.61
best    1109918,        iteration:         72,        time      33.08
best    1113473,        iteration:         75,        time      34.44
best    1118958,        iteration:        106,        time      48.69
best    1122083,        iteration:        108,        time      49.61
best    1125552,        iteration:        109,        time      50.07
best    1127459,        iteration:        110,        time      50.53
best    1128217,        iteration:        113,        time      51.90
best    1128850,        iteration:        114,        time      52.36
best    1133180,        iteration:        115,        time      52.82
best    1140153,        iteration:        116,        time      53.28
best    1141395,        iteration:        118,        time      54.18
best    1144105,        iteration:        119,        time      54.63
best    1145901,        iteration:        120,        time      55.08
best    1147617,        iteration:        121,        time      55.53
best    1151396,        iteration:        123,        time      56.44
best    1156589,        iteration:        133,        time      61.01
best    1156884,        iteration:        135,        time      61.93
best    1156923,        iteration:        137,        time      62.85
best    1158134,        iteration:        141,        time      64.68
best    1163900,        iteration:        142,        time      65.13
best    1168983,        iteration:        143,        time      65.60
best    1169722,        iteration:        145,        time      66.50
best    1170404,        iteration:        146,        time      66.97
best    1173604,        iteration:        147,        time      67.42
best    1174328,        iteration:        148,        time      67.88
best    1174613,        iteration:        157,        time      71.98
best    1175020,        iteration:        165,        time      75.60
best    1180571,        iteration:        169,        time      77.43
best    1188304,        iteration:        170,        time      77.88
best    1188888,        iteration:        180,        time      82.46
best    1188981,        iteration:        187,        time      85.64
best    1189266,        iteration:        210,        time      96.12
best    1190739,        iteration:        211,        time      96.58
best    1191904,        iteration:        212,        time      97.03
best    1191918,        iteration:        213,        time      97.49
best    1192170,        iteration:        216,        time      98.85
best    1198998,        iteration:        217,        time      99.31
best    1200027,        iteration:        219,        time     100.23
best    1202513,        iteration:        222,        time     101.60
best    1205176,        iteration:        223,        time     102.06
best    1207684,        iteration:        242,        time     110.73
best    1208000,        iteration:        246,        time     112.55
best    1208159,        iteration:        250,        time     114.36
best    1208165,        iteration:        278,        time     127.09
best    1208517,        iteration:        280,        time     127.99
best    1210587,        iteration:        281,        time     128.44
best    1210760,        iteration:        283,        time     129.35
best    1211729,        iteration:        289,        time     132.09
best    1214066,        iteration:        290,        time     132.55
end try 0 


try          0,        best    1214066,        found at iteration        290,        found at time     132.55
