Parameter-settings: 

--inputfile          instances/a280-thop/a280_01_unc_05_03.thop
--outputfile         solutions/acothop*/a280-thop/a280_01_unc_05_03_03.thop.sol
--tries              1
--tours              0
--ptries             1
--time               28.00
--seed               644764
--optimum            1
--ants               500
--nnants             20
--alpha              0.86
--beta               7.13
--rho                0.38
--q0                 0.00
--elitistants        0
--rasranks           0
--localsearch        0
--nnls               20
--dlb                1
--as                 0
--eas                0
--ras                0
--mmas               1
--bwas               0
--acs                0


begin try 0 
best      77467,        iteration:          1,        time       0.54
best      80764,        iteration:          2,        time       1.07
best      81248,        iteration:          6,        time       3.18
best      81832,        iteration:          7,        time       3.69
best      83247,        iteration:         11,        time       5.79
best      84336,        iteration:         15,        time       7.89
best      86154,        iteration:         18,        time       9.46
best      87110,        iteration:         28,        time      14.65
best      87178,        iteration:         31,        time      16.21
best      87422,        iteration:         32,        time      16.74
best      87801,        iteration:         34,        time      17.77
best      88232,        iteration:         39,        time      20.38
best      88263,        iteration:         47,        time      24.57
best      88398,        iteration:         48,        time      25.07
best      88788,        iteration:         49,        time      25.58
end try 0 


try          0,        best      88788,        found at iteration         49,        found at time      25.58
