Parameter-settings: 

--inputfile          instances/a280-thop/a280_10_unc_10_02.thop
--outputfile         solutions/acothop*/a280-thop/a280_10_unc_10_02_06.thop.sol
--tries              1
--tours              0
--ptries             1
--time               278.00
--seed               73456
--optimum            1
--ants               50
--nnants             20
--alpha              0.82
--beta               8.63
--rho                0.62
--q0                 0.00
--elitistants        0
--rasranks           0
--localsearch        0
--nnls               20
--dlb                1
--as                 0
--eas                0
--ras                0
--mmas               1
--bwas               0
--acs                0


begin try 0 
best     671290,        iteration:          1,        time       0.32
best     728288,        iteration:          6,        time       1.97
best     743937,        iteration:          7,        time       2.33
best     807911,        iteration:         20,        time       7.16
best     834945,        iteration:         28,        time      10.29
best     848646,        iteration:         50,        time      19.12
best     858195,        iteration:         55,        time      21.16
best     862731,        iteration:         61,        time      23.61
best     864436,        iteration:        134,        time      52.38
best     867654,        iteration:        622,        time     237.34
best     871213,        iteration:        639,        time     244.22
end try 0 


try          0,        best     871213,        found at iteration        639,        found at time     244.22
