Parameter-settings: 

--inputfile          instances/a280-thop/a280_05_usw_05_03.thop
--outputfile         solutions/acothop*/a280-thop/a280_05_usw_05_03_09.thop.sol
--tries              1
--tours              0
--ptries             1
--time               139.00
--seed               756112
--optimum            1
--ants               200
--nnants             20
--alpha              0.93
--beta               4.86
--rho                0.26
--q0                 0.00
--elitistants        0
--rasranks           0
--localsearch        0
--nnls               20
--dlb                1
--as                 0
--eas                0
--ras                0
--mmas               1
--bwas               0
--acs                0


begin try 0 
best     344124,        iteration:          1,        time       0.64
best     346494,        iteration:          2,        time       1.27
best     357431,        iteration:          3,        time       1.92
best     357442,        iteration:          5,        time       3.21
best     376884,        iteration:          6,        time       3.87
best     380764,        iteration:         13,        time       8.44
best     381893,        iteration:         21,        time      13.70
best     381960,        iteration:         22,        time      14.37
best     390092,        iteration:         24,        time      15.68
best     390804,        iteration:         32,        time      20.96
best     394469,        iteration:         36,        time      23.63
best     398631,        iteration:         37,        time      24.29
best     399083,        iteration:         41,        time      26.91
best     399146,        iteration:         45,        time      29.58
best     402503,        iteration:         47,        time      30.92
best     405410,        iteration:         49,        time      32.24
best     406079,        iteration:         50,        time      32.91
best     408111,        iteration:         52,        time      34.23
best     409923,        iteration:         53,        time      34.87
best     410762,        iteration:         57,        time      37.50
best     411619,        iteration:         58,        time      38.15
best     412375,        iteration:         60,        time      39.45
best     412888,        iteration:         61,        time      40.09
best     412937,        iteration:         62,        time      40.72
best     413602,        iteration:         68,        time      44.53
best     414656,        iteration:         69,        time      45.16
best     414714,        iteration:         70,        time      45.76
best     415312,        iteration:         76,        time      49.62
best     416159,        iteration:         79,        time      51.53
best     416629,        iteration:         83,        time      54.01
best     417149,        iteration:         85,        time      55.26
best     417300,        iteration:         86,        time      55.88
best     417328,        iteration:         95,        time      61.39
best     417490,        iteration:         96,        time      62.01
best     417796,        iteration:         98,        time      63.23
best     417818,        iteration:        121,        time      77.46
best     418686,        iteration:        122,        time      78.09
best     418763,        iteration:        124,        time      79.30
best     418895,        iteration:        128,        time      81.72
best     418948,        iteration:        133,        time      84.84
best     419341,        iteration:        137,        time      87.26
best     419608,        iteration:        144,        time      91.54
best     419612,        iteration:        146,        time      92.75
best     419639,        iteration:        147,        time      93.38
best     419686,        iteration:        150,        time      95.28
best     419688,        iteration:        154,        time      97.74
best     420539,        iteration:        160,        time     101.43
best     421370,        iteration:        162,        time     102.68
best     421415,        iteration:        169,        time     107.02
best     421645,        iteration:        180,        time     113.87
best     421697,        iteration:        182,        time     115.13
end try 0 


try          0,        best     421697,        found at iteration        182,        found at time     115.13
