Parameter-settings: 

--inputfile          instances/a280-thop/a280_03_unc_01_02.thop
--outputfile         solutions/acothop*/a280-thop/a280_03_unc_01_02_05.thop.sol
--tries              1
--tours              0
--ptries             1
--time               84.00
--seed               642580
--optimum            1
--ants               200
--nnants             20
--alpha              0.85
--beta               7.62
--rho                0.35
--q0                 0.00
--elitistants        0
--rasranks           0
--localsearch        0
--nnls               20
--dlb                1
--as                 0
--eas                0
--ras                0
--mmas               1
--bwas               0
--acs                0


begin try 0 
best      81327,        iteration:          1,        time       0.54
best      88205,        iteration:          2,        time       1.07
best      91897,        iteration:          8,        time       4.18
best      95631,        iteration:         12,        time       6.31
best      97562,        iteration:         17,        time       8.97
best      97582,        iteration:         18,        time       9.50
best      97621,        iteration:         19,        time      10.02
best      98048,        iteration:         22,        time      11.56
best      98559,        iteration:         26,        time      13.56
best     101920,        iteration:         27,        time      14.06
best     102594,        iteration:         34,        time      17.75
best     102760,        iteration:         89,        time      45.73
best     102895,        iteration:        115,        time      58.37
best     103021,        iteration:        126,        time      63.75
best     103287,        iteration:        131,        time      66.21
best     103448,        iteration:        140,        time      70.65
best     103816,        iteration:        152,        time      76.65
best     104039,        iteration:        161,        time      81.33
best     104094,        iteration:        166,        time      83.92
end try 0 


try          0,        best     104094,        found at iteration        166,        found at time      83.92
