Parameter-settings: 

--inputfile          instances/a280-thop/a280_03_bsc_10_03.thop
--outputfile         solutions/acothop*/a280-thop/a280_03_bsc_10_03_05.thop.sol
--tries              1
--tours              0
--ptries             2
--time               84.00
--seed               642580
--optimum            1
--ants               50
--nnants             20
--alpha              0.75
--beta               6.16
--rho                0.40
--q0                 0.00
--elitistants        0
--rasranks           0
--localsearch        0
--nnls               20
--dlb                1
--as                 0
--eas                0
--ras                0
--mmas               1
--bwas               0
--acs                0


begin try 0 
best     616686,        iteration:          1,        time       0.22
best     618847,        iteration:          6,        time       1.26
best     640735,        iteration:         10,        time       2.10
best     644960,        iteration:         11,        time       2.31
best     646691,        iteration:         13,        time       2.75
best     680483,        iteration:         17,        time       3.62
best     686871,        iteration:         23,        time       4.93
best     691450,        iteration:         42,        time       9.14
best     705914,        iteration:         45,        time       9.80
best     707169,        iteration:         48,        time      10.46
best     712389,        iteration:         52,        time      11.34
best     713700,        iteration:         60,        time      13.13
best     724889,        iteration:         65,        time      14.26
best     725184,        iteration:         92,        time      20.33
best     725278,        iteration:        134,        time      29.77
best     726001,        iteration:        136,        time      30.21
best     730328,        iteration:        142,        time      31.57
best     733170,        iteration:        150,        time      33.38
best     736971,        iteration:        158,        time      35.18
best     737075,        iteration:        160,        time      35.63
end try 0 


try          0,        best     737075,        found at iteration        160,        found at time      35.63
