Parameter-settings: 

--inputfile          instances/a280-thop/a280_01_unc_10_01.thop
--outputfile         solutions/acothop*/a280-thop/a280_01_unc_10_01_05.thop.sol
--tries              1
--tours              0
--ptries             1
--time               28.00
--seed               642580
--optimum            1
--ants               500
--nnants             20
--alpha              0.86
--beta               7.13
--rho                0.38
--q0                 0.00
--elitistants        0
--rasranks           0
--localsearch        0
--nnls               20
--dlb                1
--as                 0
--eas                0
--ras                0
--mmas               1
--bwas               0
--acs                0


begin try 0 
best      46813,        iteration:          1,        time       0.43
best      47772,        iteration:          2,        time       0.85
best      50325,        iteration:          3,        time       1.25
best      51441,        iteration:          5,        time       2.08
best      55544,        iteration:          7,        time       2.90
best      57959,        iteration:         12,        time       4.99
best      58816,        iteration:         14,        time       5.83
best      60199,        iteration:         40,        time      16.61
best      61326,        iteration:         44,        time      18.28
best      61500,        iteration:         67,        time      27.95
end try 0 


try          0,        best      61500,        found at iteration         67,        found at time      27.95
