Parameter-settings: 

--inputfile          instances/a280-thop/a280_01_usw_05_02.thop
--outputfile         solutions/acothop*/a280-thop/a280_01_usw_05_02_07.thop.sol
--tries              1
--tours              0
--ptries             2
--time               28.00
--seed               462018
--optimum            1
--ants               50
--nnants             20
--alpha              0.96
--beta               4.15
--rho                0.48
--q0                 0.00
--elitistants        0
--rasranks           0
--localsearch        0
--nnls               20
--dlb                1
--as                 0
--eas                0
--ras                0
--mmas               1
--bwas               0
--acs                0


begin try 0 
best      55983,        iteration:          1,        time       0.09
best      56601,        iteration:          2,        time       0.18
best      60035,        iteration:          4,        time       0.35
best      60082,        iteration:          6,        time       0.53
best      62192,        iteration:          8,        time       0.70
best      63678,        iteration:         11,        time       0.98
best      63827,        iteration:         12,        time       1.07
best      65847,        iteration:         14,        time       1.25
best      66179,        iteration:         16,        time       1.43
best      67176,        iteration:         23,        time       2.08
best      67182,        iteration:         25,        time       2.26
best      68645,        iteration:         26,        time       2.34
best      68826,        iteration:         28,        time       2.52
best      68828,        iteration:         29,        time       2.61
best      69032,        iteration:         32,        time       2.89
best      69820,        iteration:         33,        time       2.98
best      70617,        iteration:         42,        time       3.81
best      72099,        iteration:        117,        time      10.64
best      72244,        iteration:        158,        time      14.52
best      72732,        iteration:        174,        time      16.04
best      72955,        iteration:        183,        time      16.89
best      73207,        iteration:        185,        time      17.08
best      73305,        iteration:        190,        time      17.56
best      74005,        iteration:        216,        time      19.90
best      74023,        iteration:        297,        time      27.20
end try 0 


try          0,        best      74023,        found at iteration        297,        found at time      27.20
