Parameter-settings: 

--inputfile          instances/a280-thop/a280_01_unc_05_01.thop
--outputfile         solutions/acothop*/a280-thop/a280_01_unc_05_01_06.thop.sol
--tries              1
--tours              0
--ptries             1
--time               28.00
--seed               73456
--optimum            1
--ants               500
--nnants             20
--alpha              0.86
--beta               7.13
--rho                0.38
--q0                 0.00
--elitistants        0
--rasranks           0
--localsearch        0
--nnls               20
--dlb                1
--as                 0
--eas                0
--ras                0
--mmas               1
--bwas               0
--acs                0


begin try 0 
best      38821,        iteration:          1,        time       0.42
best      42185,        iteration:          3,        time       1.21
best      42202,        iteration:          7,        time       2.83
best      43160,        iteration:          8,        time       3.24
best      46712,        iteration:          9,        time       3.63
best      47335,        iteration:         15,        time       6.06
best      47642,        iteration:         16,        time       6.47
best      47876,        iteration:         20,        time       8.13
best      48787,        iteration:         21,        time       8.55
best      49208,        iteration:         28,        time      11.49
best      49282,        iteration:         30,        time      12.33
best      49457,        iteration:         32,        time      13.18
best      50104,        iteration:         34,        time      14.02
best      50136,        iteration:         35,        time      14.45
best      50450,        iteration:         62,        time      25.75
end try 0 


try          0,        best      50450,        found at iteration         62,        found at time      25.75
