Parameter-settings: 

--inputfile          instances/a280-thop/a280_01_unc_10_03.thop
--outputfile         solutions/acothop*/a280-thop/a280_01_unc_10_03_03.thop.sol
--tries              1
--tours              0
--ptries             1
--time               28.00
--seed               644764
--optimum            1
--ants               500
--nnants             20
--alpha              0.86
--beta               7.13
--rho                0.38
--q0                 0.00
--elitistants        0
--rasranks           0
--localsearch        0
--nnls               20
--dlb                1
--as                 0
--eas                0
--ras                0
--mmas               1
--bwas               0
--acs                0


begin try 0 
best     103450,        iteration:          1,        time       0.60
best     103804,        iteration:          2,        time       1.19
best     104527,        iteration:          3,        time       1.77
best     106476,        iteration:          4,        time       2.36
best     107051,        iteration:          9,        time       5.24
best     108030,        iteration:         10,        time       5.82
best     109425,        iteration:         17,        time       9.81
best     109704,        iteration:         18,        time      10.35
best     110611,        iteration:         19,        time      10.90
best     110811,        iteration:         23,        time      13.28
best     111412,        iteration:         25,        time      14.45
best     111539,        iteration:         26,        time      15.04
best     111635,        iteration:         29,        time      16.81
best     112793,        iteration:         30,        time      17.40
best     112904,        iteration:         36,        time      20.95
best     112956,        iteration:         38,        time      22.13
best     113154,        iteration:         40,        time      23.30
best     113443,        iteration:         42,        time      24.46
best     113828,        iteration:         43,        time      25.04
best     113945,        iteration:         44,        time      25.62
end try 0 


try          0,        best     113945,        found at iteration         44,        found at time      25.62
