Parameter-settings: 

--inputfile          instances/a280-thop/a280_05_unc_05_03.thop
--outputfile         solutions/acothop*/a280-thop/a280_05_unc_05_03_02.thop.sol
--tries              1
--tours              0
--ptries             1
--time               139.00
--seed               126489
--optimum            1
--ants               200
--nnants             20
--alpha              0.85
--beta               9.32
--rho                0.49
--q0                 0.00
--elitistants        0
--rasranks           0
--localsearch        0
--nnls               20
--dlb                1
--as                 0
--eas                0
--ras                0
--mmas               1
--bwas               0
--acs                0


begin try 0 
best     381531,        iteration:          1,        time       1.56
best     392668,        iteration:          2,        time       3.12
best     409326,        iteration:          4,        time       6.25
best     412095,        iteration:          7,        time      10.94
best     419640,        iteration:          8,        time      12.50
best     419943,        iteration:         11,        time      17.19
best     425534,        iteration:         14,        time      21.89
best     427366,        iteration:         15,        time      23.47
best     434860,        iteration:         16,        time      25.04
best     437338,        iteration:         17,        time      26.64
best     437591,        iteration:         19,        time      29.81
best     437670,        iteration:         23,        time      36.19
best     437863,        iteration:         24,        time      37.79
best     438648,        iteration:         25,        time      39.39
best     439178,        iteration:         27,        time      42.57
best     439827,        iteration:         28,        time      44.16
best     440494,        iteration:         30,        time      47.34
best     444459,        iteration:         47,        time      74.45
best     446911,        iteration:         50,        time      79.21
best     446936,        iteration:         67,        time     106.25
best     447506,        iteration:         68,        time     107.83
best     448622,        iteration:         69,        time     109.43
best     448795,        iteration:         71,        time     112.60
best     448859,        iteration:         84,        time     133.34
end try 0 


try          0,        best     448859,        found at iteration         84,        found at time     133.34
