Parameter-settings: 

--inputfile          instances/a280-thop/a280_10_bsc_01_03.thop
--outputfile         solutions/acothop*/a280-thop/a280_10_bsc_01_03_06.thop.sol
--tries              1
--tours              0
--ptries             1
--time               278.00
--seed               73456
--optimum            1
--ants               100
--nnants             20
--alpha              0.74
--beta               6.34
--rho                0.60
--q0                 0.00
--elitistants        0
--rasranks           0
--localsearch        0
--nnls               20
--dlb                1
--as                 0
--eas                0
--ras                0
--mmas               1
--bwas               0
--acs                0


begin try 0 
best     306648,        iteration:          1,        time       0.53
best     312750,        iteration:          2,        time       1.08
best     316890,        iteration:          5,        time       2.62
best     328318,        iteration:          6,        time       3.17
best     329257,        iteration:         12,        time       6.24
best     332197,        iteration:         14,        time       7.16
best     333058,        iteration:         15,        time       7.65
best     338479,        iteration:         21,        time      10.47
best     341998,        iteration:         31,        time      15.46
best     343859,        iteration:         33,        time      16.49
best     344104,        iteration:         67,        time      32.32
best     344974,        iteration:         95,        time      44.40
best     345342,        iteration:        268,        time     123.00
best     350081,        iteration:        282,        time     129.48
best     351650,        iteration:        289,        time     132.78
best     354153,        iteration:        298,        time     136.87
best     354599,        iteration:        309,        time     141.47
best     356547,        iteration:        315,        time     143.86
best     357912,        iteration:        320,        time     146.04
best     358381,        iteration:        321,        time     146.49
best     359527,        iteration:        324,        time     147.83
end try 0 


try          0,        best     359527,        found at iteration        324,        found at time     147.83
