Parameter-settings: 

--inputfile          instances/a280-thop/a280_01_unc_10_02.thop
--outputfile         solutions/acothop*/a280-thop/a280_01_unc_10_02_08.thop.sol
--tries              1
--tours              0
--ptries             1
--time               28.00
--seed               858990
--optimum            1
--ants               500
--nnants             20
--alpha              0.86
--beta               7.13
--rho                0.38
--q0                 0.00
--elitistants        0
--rasranks           0
--localsearch        0
--nnls               20
--dlb                1
--as                 0
--eas                0
--ras                0
--mmas               1
--bwas               0
--acs                0


begin try 0 
best      77992,        iteration:          1,        time       0.49
best      81913,        iteration:          2,        time       0.99
best      81929,        iteration:          5,        time       2.51
best      83886,        iteration:          6,        time       3.02
best      84119,        iteration:          8,        time       4.05
best      88215,        iteration:          9,        time       4.55
best      90278,        iteration:         10,        time       5.05
best      91271,        iteration:         12,        time       6.07
best      91348,        iteration:         13,        time       6.58
best      92568,        iteration:         14,        time       7.09
best      94265,        iteration:         17,        time       8.62
best      95428,        iteration:         18,        time       9.14
best      95669,        iteration:         21,        time      10.66
best      96268,        iteration:         23,        time      11.69
best      96736,        iteration:         24,        time      12.21
best      96896,        iteration:         26,        time      13.26
best      97362,        iteration:         37,        time      18.99
best      97738,        iteration:         38,        time      19.51
best      97783,        iteration:         39,        time      20.03
best      97895,        iteration:         40,        time      20.55
best      98451,        iteration:         44,        time      22.64
best      98547,        iteration:         50,        time      25.77
best      99131,        iteration:         51,        time      26.28
end try 0 


try          0,        best      99131,        found at iteration         51,        found at time      26.28
