Parameter-settings: 

--inputfile          instances/a280-thop/a280_05_bsc_01_02.thop
--outputfile         solutions/acothop*/a280-thop/a280_05_bsc_01_02_02.thop.sol
--tries              1
--tours              0
--ptries             1
--time               139.00
--seed               126489
--optimum            1
--ants               200
--nnants             20
--alpha              0.82
--beta               7.91
--rho                0.37
--q0                 0.00
--elitistants        0
--rasranks           0
--localsearch        0
--nnls               20
--dlb                1
--as                 0
--eas                0
--ras                0
--mmas               1
--bwas               0
--acs                0


begin try 0 
best     150360,        iteration:          1,        time       0.81
best     155114,        iteration:          2,        time       1.64
best     160544,        iteration:          5,        time       4.05
best     160857,        iteration:         30,        time      22.87
best     161785,        iteration:         37,        time      27.90
best     162049,        iteration:         39,        time      29.29
best     162133,        iteration:         40,        time      30.01
best     162226,        iteration:         47,        time      34.97
best     162355,        iteration:         50,        time      37.18
best     162387,        iteration:         61,        time      44.92
best     162409,        iteration:         62,        time      45.61
best     162542,        iteration:         64,        time      46.97
best     162966,        iteration:         83,        time      59.47
best     162982,        iteration:         84,        time      60.13
best     163048,        iteration:         90,        time      64.21
best     163133,        iteration:         93,        time      66.28
best     163191,        iteration:         94,        time      66.93
best     163653,        iteration:         96,        time      68.30
best     164031,        iteration:        117,        time      82.07
end try 0 


try          0,        best     164031,        found at iteration        117,        found at time      82.07
