Parameter-settings: 

--inputfile          instances/a280-thop/a280_01_unc_10_03.thop
--outputfile         solutions/acothop*/a280-thop/a280_01_unc_10_03_05.thop.sol
--tries              1
--tours              0
--ptries             1
--time               28.00
--seed               642580
--optimum            1
--ants               500
--nnants             20
--alpha              0.86
--beta               7.13
--rho                0.38
--q0                 0.00
--elitistants        0
--rasranks           0
--localsearch        0
--nnls               20
--dlb                1
--as                 0
--eas                0
--ras                0
--mmas               1
--bwas               0
--acs                0


begin try 0 
best     103022,        iteration:          1,        time       0.60
best     104938,        iteration:          2,        time       1.17
best     106614,        iteration:          4,        time       2.34
best     107771,        iteration:          7,        time       4.09
best     109230,        iteration:         12,        time       7.03
best     109354,        iteration:         13,        time       7.63
best     109605,        iteration:         16,        time       9.39
best     111845,        iteration:         17,        time       9.98
best     113694,        iteration:         22,        time      12.89
best     113838,        iteration:         24,        time      14.07
best     114146,        iteration:         25,        time      14.68
best     114181,        iteration:         39,        time      23.06
best     114247,        iteration:         41,        time      24.26
end try 0 


try          0,        best     114247,        found at iteration         41,        found at time      24.26
