Parameter-settings: 

--inputfile          instances/a280-thop/a280_03_usw_01_02.thop
--outputfile         solutions/acothop*/a280-thop/a280_03_usw_01_02_05.thop.sol
--tries              1
--tours              0
--ptries             1
--time               84.00
--seed               642580
--optimum            1
--ants               500
--nnants             20
--alpha              0.88
--beta               5.28
--rho                0.48
--q0                 0.00
--elitistants        0
--rasranks           0
--localsearch        0
--nnls               20
--dlb                1
--as                 0
--eas                0
--ras                0
--mmas               1
--bwas               0
--acs                0


begin try 0 
best      53170,        iteration:          1,        time       0.55
best      53199,        iteration:          2,        time       1.09
best      57821,        iteration:          4,        time       2.14
best      59252,        iteration:          5,        time       2.67
best      61773,        iteration:          8,        time       4.21
best      61990,        iteration:         14,        time       7.31
best      62238,        iteration:         39,        time      20.55
best      62356,        iteration:         41,        time      21.60
best      62442,        iteration:         43,        time      22.60
best      63371,        iteration:         46,        time      24.18
best      63735,        iteration:         79,        time      41.53
best      63866,        iteration:         87,        time      45.74
end try 0 


try          0,        best      63866,        found at iteration         87,        found at time      45.74
