Parameter-settings: 

--inputfile          instances/a280-thop/a280_01_usw_10_03.thop
--outputfile         solutions/acothop*/a280-thop/a280_01_usw_10_03_02.thop.sol
--tries              1
--tours              0
--ptries             2
--time               28.00
--seed               126489
--optimum            1
--ants               50
--nnants             20
--alpha              0.96
--beta               4.15
--rho                0.48
--q0                 0.00
--elitistants        0
--rasranks           0
--localsearch        0
--nnls               20
--dlb                1
--as                 0
--eas                0
--ras                0
--mmas               1
--bwas               0
--acs                0


begin try 0 
best     109540,        iteration:          2,        time       0.23
best     111638,        iteration:          5,        time       0.56
best     117634,        iteration:          6,        time       0.68
best     118008,        iteration:          8,        time       0.90
best     118340,        iteration:          9,        time       1.02
best     121075,        iteration:         11,        time       1.25
best     121203,        iteration:         15,        time       1.71
best     121210,        iteration:         17,        time       1.94
best     121234,        iteration:         18,        time       2.05
best     122233,        iteration:         19,        time       2.17
best     122344,        iteration:         20,        time       2.29
best     123376,        iteration:         26,        time       2.98
best     124106,        iteration:         27,        time       3.10
best     125670,        iteration:         28,        time       3.22
best     126078,        iteration:         40,        time       4.61
best     126109,        iteration:         51,        time       5.91
best     126289,        iteration:         52,        time       6.02
best     126445,        iteration:         77,        time       8.96
best     126508,        iteration:         94,        time      10.96
best     126546,        iteration:         95,        time      11.07
best     126656,        iteration:        100,        time      11.66
best     126835,        iteration:        130,        time      15.15
best     126911,        iteration:        178,        time      20.73
best     126970,        iteration:        234,        time      27.16
best     127024,        iteration:        240,        time      27.86
end try 0 


try          0,        best     127024,        found at iteration        240,        found at time      27.86
