Parameter-settings: 

--inputfile          instances/a280-thop/a280_03_unc_01_03.thop
--outputfile         solutions/acothop*/a280-thop/a280_03_unc_01_03_07.thop.sol
--tries              1
--tours              0
--ptries             1
--time               84.00
--seed               462018
--optimum            1
--ants               200
--nnants             20
--alpha              0.85
--beta               7.62
--rho                0.35
--q0                 0.00
--elitistants        0
--rasranks           0
--localsearch        0
--nnls               20
--dlb                1
--as                 0
--eas                0
--ras                0
--mmas               1
--bwas               0
--acs                0


begin try 0 
best     104957,        iteration:          1,        time       0.55
best     107840,        iteration:          2,        time       1.13
best     110222,        iteration:          3,        time       1.69
best     114000,        iteration:          6,        time       3.38
best     114711,        iteration:         13,        time       7.38
best     116861,        iteration:         20,        time      11.31
best     117704,        iteration:         44,        time      24.32
best     118618,        iteration:         50,        time      27.17
best     118662,        iteration:         52,        time      28.12
best     118889,        iteration:         53,        time      28.55
best     119186,        iteration:         55,        time      29.43
best     119269,        iteration:         57,        time      30.33
best     119288,        iteration:         58,        time      30.74
best     119441,        iteration:         59,        time      31.17
best     120799,        iteration:         61,        time      32.02
best     120806,        iteration:         64,        time      33.27
best     121150,        iteration:         65,        time      33.71
best     121162,        iteration:         71,        time      36.26
best     121316,        iteration:         72,        time      36.68
best     121397,        iteration:         89,        time      44.31
best     121532,        iteration:         91,        time      45.19
best     121604,        iteration:         93,        time      46.04
best     121630,        iteration:        102,        time      49.83
best     121717,        iteration:        119,        time      56.61
best     121863,        iteration:        124,        time      58.48
end try 0 


try          0,        best     121863,        found at iteration        124,        found at time      58.48
