Parameter-settings: 

--inputfile          instances/a280-thop/a280_01_bsc_01_01.thop
--outputfile         solutions/acothop*/a280-thop/a280_01_bsc_01_01_06.thop.sol
--tries              1
--tours              0
--ptries             1
--time               28.00
--seed               73456
--optimum            1
--ants               200
--nnants             20
--alpha              0.75
--beta               6.28
--rho                0.61
--q0                 0.00
--elitistants        0
--rasranks           0
--localsearch        0
--nnls               20
--dlb                1
--as                 0
--eas                0
--ras                0
--mmas               1
--bwas               0
--acs                0


begin try 0 
best      32596,        iteration:          1,        time       0.14
best      33130,        iteration:         11,        time       1.47
best      33226,        iteration:         14,        time       1.82
best      33280,        iteration:         15,        time       1.95
best      33436,        iteration:         17,        time       2.19
best      33481,        iteration:         20,        time       2.57
best      33512,        iteration:        108,        time      14.06
best      33520,        iteration:        115,        time      14.93
best      33605,        iteration:        160,        time      20.74
end try 0 


try          0,        best      33605,        found at iteration        160,        found at time      20.74
