Parameter-settings: 

--inputfile          instances/a280-thop/a280_05_usw_05_03.thop
--outputfile         solutions/acothop*/a280-thop/a280_05_usw_05_03_07.thop.sol
--tries              1
--tours              0
--ptries             1
--time               139.00
--seed               462018
--optimum            1
--ants               200
--nnants             20
--alpha              0.93
--beta               4.86
--rho                0.26
--q0                 0.00
--elitistants        0
--rasranks           0
--localsearch        0
--nnls               20
--dlb                1
--as                 0
--eas                0
--ras                0
--mmas               1
--bwas               0
--acs                0


begin try 0 
best     352378,        iteration:          1,        time       0.63
best     375566,        iteration:          3,        time       1.90
best     384092,        iteration:         14,        time       9.09
best     384114,        iteration:         20,        time      13.07
best     393110,        iteration:         24,        time      15.71
best     393683,        iteration:         39,        time      25.66
best     394361,        iteration:         40,        time      26.31
best     395043,        iteration:         41,        time      26.98
best     395976,        iteration:         42,        time      27.66
best     399158,        iteration:         43,        time      28.32
best     399523,        iteration:         44,        time      28.99
best     400806,        iteration:         45,        time      29.64
best     400994,        iteration:         48,        time      31.59
best     403672,        iteration:         49,        time      32.26
best     404114,        iteration:         52,        time      34.24
best     404364,        iteration:         55,        time      36.20
best     405045,        iteration:         56,        time      36.86
best     405734,        iteration:         58,        time      38.18
best     406276,        iteration:         59,        time      38.83
best     406567,        iteration:         62,        time      40.75
best     406899,        iteration:         68,        time      44.66
best     407090,        iteration:         71,        time      46.59
best     407143,        iteration:         72,        time      47.23
best     407224,        iteration:         73,        time      47.87
best     407829,        iteration:         74,        time      48.51
best     407875,        iteration:         75,        time      49.16
best     408255,        iteration:         77,        time      50.47
best     408271,        iteration:         79,        time      51.78
best     408439,        iteration:         80,        time      52.41
best     408843,        iteration:         83,        time      54.31
best     408890,        iteration:         94,        time      61.46
best     409030,        iteration:         98,        time      64.02
best     409153,        iteration:         99,        time      64.67
best     410648,        iteration:        100,        time      65.33
best     410709,        iteration:        104,        time      67.94
best     410711,        iteration:        110,        time      71.80
best     411117,        iteration:        113,        time      73.73
best     411236,        iteration:        118,        time      76.97
best     411528,        iteration:        130,        time      84.71
best     411700,        iteration:        138,        time      89.89
best     411754,        iteration:        139,        time      90.54
best     412659,        iteration:        140,        time      91.19
best     412671,        iteration:        141,        time      91.82
best     413626,        iteration:        144,        time      93.74
best     413636,        iteration:        158,        time     102.72
best     413695,        iteration:        174,        time     112.82
best     413835,        iteration:        175,        time     113.47
best     415078,        iteration:        177,        time     114.74
best     415242,        iteration:        178,        time     115.38
best     415434,        iteration:        182,        time     117.94
best     416920,        iteration:        183,        time     118.59
best     417165,        iteration:        186,        time     120.52
best     417417,        iteration:        189,        time     122.44
best     417429,        iteration:        190,        time     123.08
best     417437,        iteration:        191,        time     123.72
best     417737,        iteration:        193,        time     125.02
best     418169,        iteration:        196,        time     127.00
best     418602,        iteration:        197,        time     127.67
best     418635,        iteration:        198,        time     128.30
best     418901,        iteration:        199,        time     128.97
best     418970,        iteration:        206,        time     133.52
best     418977,        iteration:        210,        time     136.11
best     418996,        iteration:        212,        time     137.37
best     419024,        iteration:        214,        time     138.66
end try 0 


try          0,        best     419024,        found at iteration        214,        found at time     138.66
