Parameter-settings: 

--inputfile          instances/a280-thop/a280_05_bsc_05_02.thop
--outputfile         solutions/acothop*/a280-thop/a280_05_bsc_05_02_02.thop.sol
--tries              1
--tours              0
--ptries             1
--time               139.00
--seed               126489
--optimum            1
--ants               200
--nnants             20
--alpha              0.82
--beta               7.91
--rho                0.37
--q0                 0.00
--elitistants        0
--rasranks           0
--localsearch        0
--nnls               20
--dlb                1
--as                 0
--eas                0
--ras                0
--mmas               1
--bwas               0
--acs                0


begin try 0 
best     632793,        iteration:          1,        time       1.21
best     642758,        iteration:         10,        time      12.18
best     652303,        iteration:         11,        time      13.44
best     657480,        iteration:         18,        time      22.11
best     665054,        iteration:         21,        time      25.86
best     673933,        iteration:         23,        time      28.31
best     680676,        iteration:         39,        time      48.26
best     693869,        iteration:         46,        time      57.17
best     694721,        iteration:         65,        time      81.28
end try 0 


try          0,        best     694721,        found at iteration         65,        found at time      81.28
