Parameter-settings: 

--inputfile          instances/a280-thop/a280_05_bsc_10_02.thop
--outputfile         solutions/acothop*/a280-thop/a280_05_bsc_10_02_03.thop.sol
--tries              1
--tours              0
--ptries             1
--time               139.00
--seed               644764
--optimum            1
--ants               200
--nnants             20
--alpha              0.82
--beta               7.91
--rho                0.37
--q0                 0.00
--elitistants        0
--rasranks           0
--localsearch        0
--nnls               20
--dlb                1
--as                 0
--eas                0
--ras                0
--mmas               1
--bwas               0
--acs                0


begin try 0 
best     862833,        iteration:          1,        time       1.30
best     891368,        iteration:          6,        time       7.77
best     894601,        iteration:          7,        time       9.05
best     895671,        iteration:         13,        time      16.90
best     926327,        iteration:         14,        time      18.19
best     938319,        iteration:         17,        time      22.11
best     971215,        iteration:         19,        time      24.73
best     979161,        iteration:         93,        time     125.57
end try 0 


try          0,        best     979161,        found at iteration         93,        found at time     125.57
