Parameter-settings: 

--inputfile          instances/a280-thop/a280_10_usw_05_03.thop
--outputfile         solutions/acothop*/a280-thop/a280_10_usw_05_03_07.thop.sol
--tries              1
--tours              0
--ptries             1
--time               278.00
--seed               462018
--optimum            1
--ants               200
--nnants             20
--alpha              0.78
--beta               6.79
--rho                0.58
--q0                 0.00
--elitistants        0
--rasranks           0
--localsearch        0
--nnls               20
--dlb                1
--as                 0
--eas                0
--ras                0
--mmas               1
--bwas               0
--acs                0


begin try 0 
best     722416,        iteration:          1,        time       1.38
best     755906,        iteration:          2,        time       2.80
best     762174,        iteration:          3,        time       4.20
best     762403,        iteration:          6,        time       8.43
best     770170,        iteration:          7,        time       9.87
best     786122,        iteration:          8,        time      11.30
best     802186,        iteration:          9,        time      12.74
best     803042,        iteration:         15,        time      21.21
best     805545,        iteration:         16,        time      22.59
best     810863,        iteration:         17,        time      23.96
best     817229,        iteration:         18,        time      25.36
best     817316,        iteration:         19,        time      26.69
best     818900,        iteration:         20,        time      28.04
best     819049,        iteration:         21,        time      29.42
best     819701,        iteration:         22,        time      30.70
best     820252,        iteration:         23,        time      32.00
best     820263,        iteration:         25,        time      34.69
best     821941,        iteration:         32,        time      44.09
best     822379,        iteration:         35,        time      48.22
best     822503,        iteration:         36,        time      49.51
best     822562,        iteration:         38,        time      52.16
best     823970,        iteration:         39,        time      53.46
best     824263,        iteration:         40,        time      54.77
best     824789,        iteration:         42,        time      57.41
best     825339,        iteration:         55,        time      74.78
best     825403,        iteration:         57,        time      77.40
best     825433,        iteration:         76,        time     102.94
best     826477,        iteration:         79,        time     106.92
best     826617,        iteration:         84,        time     113.49
best     827790,        iteration:         93,        time     125.55
best     827940,        iteration:         96,        time     129.52
best     828202,        iteration:         97,        time     130.84
best     828827,        iteration:         98,        time     132.17
best     829751,        iteration:         99,        time     133.51
best     829901,        iteration:        108,        time     145.96
best     830083,        iteration:        109,        time     147.37
best     830461,        iteration:        116,        time     157.09
best     831564,        iteration:        118,        time     159.88
best     832837,        iteration:        123,        time     166.83
best     833233,        iteration:        125,        time     169.57
best     833527,        iteration:        128,        time     173.71
best     833802,        iteration:        141,        time     190.87
best     834322,        iteration:        143,        time     193.41
best     834784,        iteration:        144,        time     194.73
best     834971,        iteration:        150,        time     202.66
best     835403,        iteration:        161,        time     217.43
best     836420,        iteration:        162,        time     218.87
best     836619,        iteration:        163,        time     220.26
best     837791,        iteration:        164,        time     221.62
best     838363,        iteration:        165,        time     222.99
best     841707,        iteration:        187,        time     253.19
best     841777,        iteration:        189,        time     255.89
best     841927,        iteration:        191,        time     258.56
best     841941,        iteration:        197,        time     266.65
best     842027,        iteration:        201,        time     272.14
end try 0 


try          0,        best     842027,        found at iteration        201,        found at time     272.14
