Parameter-settings: 

--inputfile          instances/a280-thop/a280_05_unc_10_01.thop
--outputfile         solutions/acothop*/a280-thop/a280_05_unc_10_01_00.thop.sol
--tries              1
--tours              0
--ptries             1
--time               139.00
--seed               269070
--optimum            1
--ants               200
--nnants             20
--alpha              0.85
--beta               9.32
--rho                0.49
--q0                 0.00
--elitistants        0
--rasranks           0
--localsearch        0
--nnls               20
--dlb                1
--as                 0
--eas                0
--ras                0
--mmas               1
--bwas               0
--acs                0


begin try 0 
best     241860,        iteration:          1,        time       0.85
best     253073,        iteration:          3,        time       2.55
best     265423,        iteration:          7,        time       5.86
best     274458,        iteration:          8,        time       6.67
best     282185,        iteration:         11,        time       9.31
best     283822,        iteration:         18,        time      15.26
best     294673,        iteration:         22,        time      18.54
best     296096,        iteration:         38,        time      31.78
best     306853,        iteration:         40,        time      33.58
best     309185,        iteration:         41,        time      34.48
best     315844,        iteration:         71,        time      61.83
best     318066,        iteration:         78,        time      68.20
best     318953,        iteration:         81,        time      70.95
best     319181,        iteration:         84,        time      73.69
best     322898,        iteration:        115,        time     101.27
end try 0 


try          0,        best     322898,        found at iteration        115,        found at time     101.27
