Parameter-settings: 

--inputfile          instances/a280-thop/a280_10_usw_05_01.thop
--outputfile         solutions/acothop*/a280-thop/a280_10_usw_05_01_07.thop.sol
--tries              1
--tours              0
--ptries             1
--time               278.00
--seed               462018
--optimum            1
--ants               200
--nnants             20
--alpha              0.78
--beta               6.79
--rho                0.58
--q0                 0.00
--elitistants        0
--rasranks           0
--localsearch        0
--nnls               20
--dlb                1
--as                 0
--eas                0
--ras                0
--mmas               1
--bwas               0
--acs                0


begin try 0 
best     460236,        iteration:          1,        time       1.01
best     461554,        iteration:          3,        time       3.03
best     473327,        iteration:          4,        time       4.06
best     486793,        iteration:          9,        time       9.15
best     492647,        iteration:         12,        time      12.25
best     501229,        iteration:         13,        time      13.29
best     504241,        iteration:         14,        time      14.34
best     508749,        iteration:         15,        time      15.39
best     518498,        iteration:         16,        time      16.45
best     527860,        iteration:         17,        time      17.48
best     542144,        iteration:         21,        time      21.74
best     542920,        iteration:         23,        time      23.90
best     545079,        iteration:         24,        time      24.99
best     549347,        iteration:         30,        time      31.32
best     558372,        iteration:         32,        time      33.41
best     559713,        iteration:         34,        time      35.55
best     559957,        iteration:         35,        time      36.63
best     563515,        iteration:         36,        time      37.73
best     565358,        iteration:         40,        time      42.09
best     566411,        iteration:         42,        time      44.28
best     569013,        iteration:         43,        time      45.38
best     570657,        iteration:         53,        time      56.44
best     571622,        iteration:         56,        time      59.81
best     573652,        iteration:         57,        time      60.92
best     574241,        iteration:         68,        time      73.08
best     575147,        iteration:         91,        time      98.74
best     576630,        iteration:         92,        time      99.86
best     578416,        iteration:         95,        time     103.19
best     578424,        iteration:        108,        time     117.67
best     579656,        iteration:        118,        time     128.81
best     579803,        iteration:        158,        time     173.55
best     580291,        iteration:        159,        time     174.66
best     580739,        iteration:        160,        time     175.79
best     580930,        iteration:        161,        time     176.89
best     581690,        iteration:        163,        time     179.10
best     582165,        iteration:        165,        time     181.33
best     582321,        iteration:        170,        time     186.96
best     584368,        iteration:        172,        time     189.20
end try 0 


try          0,        best     584368,        found at iteration        172,        found at time     189.20
