Parameter-settings: 

--inputfile          instances/a280-thop/a280_03_usw_05_02.thop
--outputfile         solutions/acothop*/a280-thop/a280_03_usw_05_02_03.thop.sol
--tries              1
--tours              0
--ptries             1
--time               84.00
--seed               644764
--optimum            1
--ants               500
--nnants             20
--alpha              0.88
--beta               5.28
--rho                0.48
--q0                 0.00
--elitistants        0
--rasranks           0
--localsearch        0
--nnls               20
--dlb                1
--as                 0
--eas                0
--ras                0
--mmas               1
--bwas               0
--acs                0


begin try 0 
best     184141,        iteration:          1,        time       0.81
best     185881,        iteration:          3,        time       2.46
best     186469,        iteration:          5,        time       4.12
best     187716,        iteration:          6,        time       4.93
best     189270,        iteration:          9,        time       7.41
best     199172,        iteration:         10,        time       8.25
best     201147,        iteration:         15,        time      12.40
best     205848,        iteration:         16,        time      13.25
best     207336,        iteration:         19,        time      15.79
best     209269,        iteration:         20,        time      16.64
best     210230,        iteration:         21,        time      17.50
best     210924,        iteration:         22,        time      18.38
best     211176,        iteration:         23,        time      19.27
best     211744,        iteration:         24,        time      20.15
best     212557,        iteration:         27,        time      22.80
best     212805,        iteration:         33,        time      28.11
best     214610,        iteration:         34,        time      28.98
best     214838,        iteration:         36,        time      30.71
best     215657,        iteration:         37,        time      31.58
best     215940,        iteration:         39,        time      33.33
best     216014,        iteration:         41,        time      35.10
best     216246,        iteration:         42,        time      36.00
best     216565,        iteration:         46,        time      39.53
best     218697,        iteration:         85,        time      74.17
best     218961,        iteration:         95,        time      83.03
end try 0 


try          0,        best     218961,        found at iteration         95,        found at time      83.03
