Parameter-settings: 

--inputfile          instances/a280-thop/a280_05_usw_05_03.thop
--outputfile         solutions/acothop*/a280-thop/a280_05_usw_05_03_08.thop.sol
--tries              1
--tours              0
--ptries             1
--time               139.00
--seed               858990
--optimum            1
--ants               200
--nnants             20
--alpha              0.93
--beta               4.86
--rho                0.26
--q0                 0.00
--elitistants        0
--rasranks           0
--localsearch        0
--nnls               20
--dlb                1
--as                 0
--eas                0
--ras                0
--mmas               1
--bwas               0
--acs                0


begin try 0 
best     352811,        iteration:          1,        time       0.64
best     358011,        iteration:          4,        time       2.58
best     361386,        iteration:         10,        time       6.50
best     365101,        iteration:         12,        time       7.82
best     370968,        iteration:         14,        time       9.14
best     387656,        iteration:         16,        time      10.45
best     390477,        iteration:         23,        time      15.05
best     390569,        iteration:         24,        time      15.68
best     394556,        iteration:         25,        time      16.32
best     394723,        iteration:         36,        time      23.50
best     397271,        iteration:         39,        time      25.51
best     400051,        iteration:         40,        time      26.18
best     401360,        iteration:         41,        time      26.84
best     406429,        iteration:         43,        time      28.18
best     407827,        iteration:         47,        time      30.85
best     411265,        iteration:         48,        time      31.50
best     412460,        iteration:         50,        time      32.79
best     412566,        iteration:         56,        time      36.62
best     412689,        iteration:         57,        time      37.24
best     412953,        iteration:         59,        time      38.53
best     413479,        iteration:         60,        time      39.16
best     414760,        iteration:         61,        time      39.77
best     415237,        iteration:         62,        time      40.41
best     416226,        iteration:         63,        time      41.05
best     416650,        iteration:         69,        time      44.80
best     416729,        iteration:         84,        time      53.99
best     416883,        iteration:         88,        time      56.47
best     417612,        iteration:         92,        time      58.94
best     418230,        iteration:         95,        time      60.80
best     418274,        iteration:         97,        time      62.05
best     418523,        iteration:        100,        time      63.94
best     418807,        iteration:        101,        time      64.57
best     418968,        iteration:        103,        time      65.84
best     419651,        iteration:        104,        time      66.46
best     419721,        iteration:        107,        time      68.33
best     420041,        iteration:        110,        time      70.18
end try 0 


try          0,        best     420041,        found at iteration        110,        found at time      70.18
