Parameter-settings: 

--inputfile          instances/a280-thop/a280_01_bsc_05_03.thop
--outputfile         solutions/acothop*/a280-thop/a280_01_bsc_05_03_01.thop.sol
--tries              1
--tours              0
--ptries             1
--time               28.00
--seed               99470
--optimum            1
--ants               200
--nnants             20
--alpha              0.75
--beta               6.28
--rho                0.61
--q0                 0.00
--elitistants        0
--rasranks           0
--localsearch        0
--nnls               20
--dlb                1
--as                 0
--eas                0
--ras                0
--mmas               1
--bwas               0
--acs                0


begin try 0 
best     147710,        iteration:          1,        time       0.22
best     148006,        iteration:          2,        time       0.44
best     152493,        iteration:          6,        time       1.28
best     154559,        iteration:          7,        time       1.49
best     155073,        iteration:         10,        time       2.10
best     155477,        iteration:         17,        time       3.53
best     155823,        iteration:         18,        time       3.73
best     157767,        iteration:         20,        time       4.12
best     158515,        iteration:         21,        time       4.30
best     158763,        iteration:         22,        time       4.50
best     159057,        iteration:         52,        time      10.48
best     159243,        iteration:         62,        time      12.47
best     159763,        iteration:         78,        time      15.76
best     160017,        iteration:         90,        time      18.22
best     160454,        iteration:        105,        time      21.37
best     160486,        iteration:        112,        time      22.81
best     160530,        iteration:        120,        time      24.45
best     161097,        iteration:        121,        time      24.67
best     161223,        iteration:        122,        time      24.88
end try 0 


try          0,        best     161223,        found at iteration        122,        found at time      24.88
