Parameter-settings: 

--inputfile          instances/a280-thop/a280_05_bsc_10_03.thop
--outputfile         solutions/acothop*/a280-thop/a280_05_bsc_10_03_08.thop.sol
--tries              1
--tours              0
--ptries             1
--time               139.00
--seed               858990
--optimum            1
--ants               200
--nnants             20
--alpha              0.82
--beta               7.91
--rho                0.37
--q0                 0.00
--elitistants        0
--rasranks           0
--localsearch        0
--nnls               20
--dlb                1
--as                 0
--eas                0
--ras                0
--mmas               1
--bwas               0
--acs                0


begin try 0 
best    1026607,        iteration:          1,        time       1.52
best    1077557,        iteration:          3,        time       4.55
best    1091609,        iteration:         12,        time      18.23
best    1134304,        iteration:         15,        time      22.84
best    1138898,        iteration:         18,        time      27.44
best    1169110,        iteration:         23,        time      35.11
best    1183278,        iteration:         24,        time      36.63
best    1189439,        iteration:         27,        time      41.27
best    1193030,        iteration:         28,        time      42.82
best    1197470,        iteration:         33,        time      50.59
best    1199942,        iteration:         37,        time      56.80
best    1205474,        iteration:         47,        time      72.40
best    1205677,        iteration:         56,        time      86.37
best    1205806,        iteration:         69,        time     106.62
best    1206985,        iteration:         77,        time     119.13
best    1219209,        iteration:         86,        time     133.16
end try 0 


try          0,        best    1219209,        found at iteration         86,        found at time     133.16
