Parameter-settings: 

--inputfile          instances/a280-thop/a280_05_unc_01_02.thop
--outputfile         solutions/acothop*/a280-thop/a280_05_unc_01_02_00.thop.sol
--tries              1
--tours              0
--ptries             1
--time               139.00
--seed               269070
--optimum            1
--ants               200
--nnants             20
--alpha              0.85
--beta               9.32
--rho                0.49
--q0                 0.00
--elitistants        0
--rasranks           0
--localsearch        0
--nnls               20
--dlb                1
--as                 0
--eas                0
--ras                0
--mmas               1
--bwas               0
--acs                0


begin try 0 
best     143297,        iteration:          1,        time       0.97
best     151890,        iteration:          8,        time       7.91
best     154460,        iteration:         15,        time      14.86
best     154866,        iteration:         20,        time      19.91
best     159506,        iteration:         21,        time      20.92
best     161687,        iteration:         23,        time      22.91
best     162880,        iteration:         25,        time      24.82
best     163054,        iteration:         26,        time      25.80
best     163188,        iteration:         28,        time      27.63
best     164155,        iteration:         29,        time      28.50
best     164362,        iteration:         33,        time      32.11
best     168593,        iteration:         34,        time      32.95
best     170253,        iteration:         37,        time      35.63
best     170563,        iteration:         42,        time      40.11
best     170685,        iteration:         48,        time      45.64
best     171494,        iteration:         64,        time      60.45
best     171884,        iteration:         66,        time      62.41
best     172570,        iteration:         77,        time      72.92
best     172775,        iteration:         82,        time      77.76
best     172887,        iteration:         87,        time      82.48
best     173272,        iteration:         92,        time      87.24
best     173464,        iteration:        105,        time      99.64
best     173465,        iteration:        108,        time     102.57
end try 0 


try          0,        best     173465,        found at iteration        108,        found at time     102.57
