Parameter-settings: 

--inputfile          instances/a280-thop/a280_01_unc_01_01.thop
--outputfile         solutions/acothop*/a280-thop/a280_01_unc_01_01_00.thop.sol
--tries              1
--tours              0
--ptries             1
--time               28.00
--seed               269070
--optimum            1
--ants               500
--nnants             20
--alpha              0.86
--beta               7.13
--rho                0.38
--q0                 0.00
--elitistants        0
--rasranks           0
--localsearch        0
--nnls               20
--dlb                1
--as                 0
--eas                0
--ras                0
--mmas               1
--bwas               0
--acs                0


begin try 0 
best      24925,        iteration:          1,        time       0.37
best      25325,        iteration:          6,        time       2.18
best      25695,        iteration:          8,        time       2.92
best      27050,        iteration:         16,        time       5.83
best      27390,        iteration:         19,        time       6.89
best      28614,        iteration:         20,        time       7.27
best      28855,        iteration:         27,        time       9.82
best      29260,        iteration:         30,        time      10.90
best      29806,        iteration:         32,        time      11.61
best      30407,        iteration:         33,        time      11.98
best      30740,        iteration:         34,        time      12.35
best      31161,        iteration:         38,        time      13.83
best      31165,        iteration:         39,        time      14.21
best      31437,        iteration:         46,        time      16.78
end try 0 


try          0,        best      31437,        found at iteration         46,        found at time      16.78
