Parameter-settings: 

--inputfile          instances/a280-thop/a280_10_unc_01_03.thop
--outputfile         solutions/acothop*/a280-thop/a280_10_unc_01_03_00.thop.sol
--tries              1
--tours              0
--ptries             1
--time               278.00
--seed               269070
--optimum            1
--ants               50
--nnants             20
--alpha              0.82
--beta               8.63
--rho                0.62
--q0                 0.00
--elitistants        0
--rasranks           0
--localsearch        0
--nnls               20
--dlb                1
--as                 0
--eas                0
--ras                0
--mmas               1
--bwas               0
--acs                0


begin try 0 
best     329214,        iteration:          1,        time       0.38
best     330898,        iteration:          2,        time       0.72
best     348445,        iteration:          3,        time       1.06
best     357698,        iteration:          4,        time       1.39
best     360323,        iteration:          6,        time       2.06
best     363063,        iteration:         11,        time       3.80
best     376585,        iteration:         14,        time       4.80
best     380243,        iteration:         15,        time       5.08
best     383813,        iteration:         16,        time       5.36
best     384367,        iteration:         21,        time       6.96
best     385523,        iteration:         25,        time       8.01
best     387411,        iteration:         31,        time       9.59
best     396198,        iteration:         34,        time      10.34
best     402600,        iteration:         35,        time      10.61
best     405186,        iteration:         37,        time      11.11
best     405401,        iteration:         83,        time      22.13
best     405546,        iteration:         84,        time      22.37
best     407964,        iteration:         87,        time      23.02
best     408250,        iteration:         89,        time      23.44
best     408968,        iteration:        100,        time      25.78
best     409855,        iteration:        145,        time      36.24
best     410170,        iteration:        181,        time      44.47
end try 0 


try          0,        best     410170,        found at iteration        181,        found at time      44.47
