Parameter-settings: 

--inputfile          instances/a280-thop/a280_10_bsc_05_03.thop
--outputfile         solutions/acothop*/a280-thop/a280_10_bsc_05_03_03.thop.sol
--tries              1
--tours              0
--ptries             1
--time               278.00
--seed               644764
--optimum            1
--ants               100
--nnants             20
--alpha              0.74
--beta               6.34
--rho                0.60
--q0                 0.00
--elitistants        0
--rasranks           0
--localsearch        0
--nnls               20
--dlb                1
--as                 0
--eas                0
--ras                0
--mmas               1
--bwas               0
--acs                0


begin try 0 
best    1348825,        iteration:          1,        time       0.79
best    1381882,        iteration:          3,        time       2.37
best    1391013,        iteration:          7,        time       5.48
best    1396611,        iteration:          9,        time       7.09
best    1409822,        iteration:         16,        time      12.62
best    1433901,        iteration:         19,        time      14.95
best    1467610,        iteration:         20,        time      15.73
best    1475839,        iteration:         33,        time      25.84
best    1478138,        iteration:        175,        time     136.05
best    1478433,        iteration:        202,        time     156.88
best    1480202,        iteration:        225,        time     174.85
best    1480403,        iteration:        239,        time     185.42
best    1480435,        iteration:        240,        time     186.19
best    1486680,        iteration:        241,        time     186.93
best    1487936,        iteration:        246,        time     190.75
best    1488518,        iteration:        250,        time     193.78
best    1488655,        iteration:        254,        time     196.78
best    1488945,        iteration:        255,        time     197.55
best    1489285,        iteration:        256,        time     198.36
best    1489834,        iteration:        258,        time     199.93
best    1497619,        iteration:        260,        time     201.53
best    1497633,        iteration:        277,        time     214.13
best    1499032,        iteration:        295,        time     227.52
best    1500136,        iteration:        298,        time     229.69
best    1501081,        iteration:        362,        time     276.94
end try 0 


try          0,        best    1501081,        found at iteration        362,        found at time     276.94
