Parameter-settings: 

--inputfile          instances/a280-thop/a280_10_bsc_01_03.thop
--outputfile         solutions/acothop*/a280-thop/a280_10_bsc_01_03_04.thop.sol
--tries              1
--tours              0
--ptries             1
--time               278.00
--seed               547617
--optimum            1
--ants               100
--nnants             20
--alpha              0.74
--beta               6.34
--rho                0.60
--q0                 0.00
--elitistants        0
--rasranks           0
--localsearch        0
--nnls               20
--dlb                1
--as                 0
--eas                0
--ras                0
--mmas               1
--bwas               0
--acs                0


begin try 0 
best     328116,        iteration:          1,        time       0.51
best     328734,        iteration:         13,        time       6.75
best     330338,        iteration:         15,        time       7.72
best     339616,        iteration:         24,        time      12.26
best     342418,        iteration:         53,        time      26.16
best     343048,        iteration:         54,        time      26.62
best     343540,        iteration:         56,        time      27.60
best     345851,        iteration:         69,        time      33.99
best     347347,        iteration:         73,        time      35.70
best     347648,        iteration:        100,        time      46.91
best     350022,        iteration:        102,        time      47.83
best     351194,        iteration:        115,        time      53.26
best     353106,        iteration:        118,        time      54.38
best     353951,        iteration:        190,        time      83.70
end try 0 


try          0,        best     353951,        found at iteration        190,        found at time      83.70
