Parameter-settings: 

--inputfile          instances/a280-thop/a280_03_bsc_10_02.thop
--outputfile         solutions/acothop*/a280-thop/a280_03_bsc_10_02_04.thop.sol
--tries              1
--tours              0
--ptries             2
--time               84.00
--seed               547617
--optimum            1
--ants               50
--nnants             20
--alpha              0.75
--beta               6.16
--rho                0.40
--q0                 0.00
--elitistants        0
--rasranks           0
--localsearch        0
--nnls               20
--dlb                1
--as                 0
--eas                0
--ras                0
--mmas               1
--bwas               0
--acs                0


begin try 0 
best     495280,        iteration:          4,        time       0.73
best     535433,        iteration:          5,        time       0.90
best     550952,        iteration:         15,        time       2.80
best     553722,        iteration:         19,        time       3.57
best     559905,        iteration:         47,        time       8.96
best     562709,        iteration:         56,        time      10.74
best     563261,        iteration:         79,        time      15.26
best     564691,        iteration:        110,        time      21.29
best     566234,        iteration:        112,        time      21.68
best     574079,        iteration:        121,        time      23.44
best     576694,        iteration:        161,        time      31.18
best     576922,        iteration:        165,        time      31.94
best     583405,        iteration:        167,        time      32.33
best     601534,        iteration:        177,        time      34.28
best     605198,        iteration:        186,        time      36.01
end try 0 


try          0,        best     605198,        found at iteration        186,        found at time      36.01
