Parameter-settings: 

--inputfile          instances/a280-thop/a280_05_unc_10_02.thop
--outputfile         solutions/acothop*/a280-thop/a280_05_unc_10_02_07.thop.sol
--tries              1
--tours              0
--ptries             1
--time               139.00
--seed               462018
--optimum            1
--ants               200
--nnants             20
--alpha              0.85
--beta               9.32
--rho                0.49
--q0                 0.00
--elitistants        0
--rasranks           0
--localsearch        0
--nnls               20
--dlb                1
--as                 0
--eas                0
--ras                0
--mmas               1
--bwas               0
--acs                0


begin try 0 
best     362548,        iteration:          1,        time       1.27
best     365827,        iteration:          3,        time       3.79
best     376701,        iteration:          4,        time       5.07
best     377262,        iteration:          8,        time      10.20
best     382247,        iteration:         11,        time      14.05
best     384399,        iteration:         13,        time      16.60
best     385096,        iteration:         15,        time      19.21
best     394936,        iteration:         18,        time      23.16
best     398432,        iteration:         24,        time      31.11
best     402180,        iteration:         39,        time      51.14
best     403742,        iteration:         40,        time      52.50
best     405607,        iteration:         41,        time      53.85
best     407911,        iteration:         43,        time      56.64
best     412890,        iteration:         45,        time      59.46
best     414319,        iteration:         54,        time      72.13
best     423663,        iteration:         55,        time      73.57
best     424568,        iteration:         59,        time      79.28
best     426412,        iteration:         65,        time      87.86
best     427169,        iteration:         66,        time      89.27
best     427784,        iteration:         76,        time     103.07
best     430789,        iteration:         83,        time     112.88
end try 0 


try          0,        best     430789,        found at iteration         83,        found at time     112.88
