Parameter-settings: 

--inputfile          instances/a280-thop/a280_01_unc_10_02.thop
--outputfile         solutions/acothop*/a280-thop/a280_01_unc_10_02_00.thop.sol
--tries              1
--tours              0
--ptries             1
--time               28.00
--seed               269070
--optimum            1
--ants               500
--nnants             20
--alpha              0.86
--beta               7.13
--rho                0.38
--q0                 0.00
--elitistants        0
--rasranks           0
--localsearch        0
--nnls               20
--dlb                1
--as                 0
--eas                0
--ras                0
--mmas               1
--bwas               0
--acs                0


begin try 0 
best      79952,        iteration:          1,        time       0.46
best      81556,        iteration:          3,        time       1.46
best      81800,        iteration:          8,        time       4.00
best      82454,        iteration:         10,        time       5.02
best      87122,        iteration:         12,        time       6.01
best      88002,        iteration:         16,        time       8.04
best      88022,        iteration:         19,        time       9.58
best      91295,        iteration:         21,        time      10.63
best      91445,        iteration:         24,        time      12.19
best      91851,        iteration:         27,        time      13.79
best      93334,        iteration:         32,        time      16.52
best      93981,        iteration:         33,        time      17.07
best      94575,        iteration:         34,        time      17.63
best      94990,        iteration:         40,        time      20.94
best      95356,        iteration:         44,        time      23.14
end try 0 


try          0,        best      95356,        found at iteration         44,        found at time      23.14
