Parameter-settings: 

--inputfile          instances/a280-thop/a280_03_bsc_05_03.thop
--outputfile         solutions/acothop*/a280-thop/a280_03_bsc_05_03_01.thop.sol
--tries              1
--tours              0
--ptries             2
--time               84.00
--seed               99470
--optimum            1
--ants               50
--nnants             20
--alpha              0.75
--beta               6.16
--rho                0.40
--q0                 0.00
--elitistants        0
--rasranks           0
--localsearch        0
--nnls               20
--dlb                1
--as                 0
--eas                0
--ras                0
--mmas               1
--bwas               0
--acs                0


begin try 0 
best     388764,        iteration:          1,        time       0.18
best     408084,        iteration:          4,        time       0.74
best     421258,        iteration:         21,        time       3.94
best     423442,        iteration:         23,        time       4.31
best     428384,        iteration:         38,        time       7.17
best     435663,        iteration:         84,        time      16.15
best     436572,        iteration:         85,        time      16.35
best     441128,        iteration:         88,        time      16.94
end try 0 


try          0,        best     441128,        found at iteration         88,        found at time      16.94
