Parameter-settings: 

--inputfile          instances/a280-thop/a280_03_unc_01_02.thop
--outputfile         solutions/acothop*/a280-thop/a280_03_unc_01_02_03.thop.sol
--tries              1
--tours              0
--ptries             1
--time               84.00
--seed               644764
--optimum            1
--ants               200
--nnants             20
--alpha              0.85
--beta               7.62
--rho                0.35
--q0                 0.00
--elitistants        0
--rasranks           0
--localsearch        0
--nnls               20
--dlb                1
--as                 0
--eas                0
--ras                0
--mmas               1
--bwas               0
--acs                0


begin try 0 
best      86392,        iteration:          1,        time       0.52
best      87130,        iteration:          5,        time       2.63
best      89221,        iteration:          7,        time       3.68
best      92990,        iteration:         11,        time       5.80
best      97319,        iteration:         21,        time      11.00
best      99658,        iteration:         30,        time      15.70
best      99762,        iteration:         36,        time      18.73
best     100549,        iteration:         37,        time      19.23
best     100975,        iteration:         51,        time      26.21
best     101427,        iteration:         53,        time      27.20
best     101624,        iteration:         55,        time      28.18
best     101799,        iteration:         56,        time      28.67
best     102640,        iteration:         60,        time      30.60
best     102974,        iteration:        109,        time      53.95
best     103155,        iteration:        110,        time      54.42
best     103689,        iteration:        111,        time      54.88
best     103731,        iteration:        116,        time      57.23
best     104025,        iteration:        120,        time      59.21
best     104071,        iteration:        163,        time      80.43
end try 0 


try          0,        best     104071,        found at iteration        163,        found at time      80.43
