Parameter-settings: 

--inputfile          instances/a280-thop/a280_05_bsc_10_02.thop
--outputfile         solutions/acothop*/a280-thop/a280_05_bsc_10_02_07.thop.sol
--tries              1
--tours              0
--ptries             1
--time               139.00
--seed               462018
--optimum            1
--ants               200
--nnants             20
--alpha              0.82
--beta               7.91
--rho                0.37
--q0                 0.00
--elitistants        0
--rasranks           0
--localsearch        0
--nnls               20
--dlb                1
--as                 0
--eas                0
--ras                0
--mmas               1
--bwas               0
--acs                0


begin try 0 
best     844111,        iteration:          1,        time       1.27
best     895469,        iteration:          3,        time       3.86
best     948721,        iteration:         17,        time      22.12
best     986851,        iteration:         21,        time      27.50
best     987031,        iteration:         48,        time      64.53
best    1009561,        iteration:         60,        time      81.45
end try 0 


try          0,        best    1009561,        found at iteration         60,        found at time      81.45
