Parameter-settings: 

--inputfile          instances/a280-thop/a280_01_usw_10_01.thop
--outputfile         solutions/acothop*/a280-thop/a280_01_usw_10_01_00.thop.sol
--tries              1
--tours              0
--ptries             2
--time               28.00
--seed               269070
--optimum            1
--ants               50
--nnants             20
--alpha              0.96
--beta               4.15
--rho                0.48
--q0                 0.00
--elitistants        0
--rasranks           0
--localsearch        0
--nnls               20
--dlb                1
--as                 0
--eas                0
--ras                0
--mmas               1
--bwas               0
--acs                0


begin try 0 
best      59821,        iteration:          6,        time       0.52
best      60494,        iteration:          7,        time       0.60
best      68689,        iteration:          9,        time       0.78
best      69689,        iteration:         15,        time       1.29
best      71503,        iteration:         16,        time       1.38
best      72032,        iteration:         19,        time       1.66
best      72402,        iteration:         20,        time       1.75
best      73208,        iteration:         22,        time       1.94
best      73460,        iteration:         34,        time       3.02
best      74561,        iteration:         36,        time       3.20
best      75578,        iteration:         39,        time       3.47
best      75796,        iteration:         42,        time       3.74
best      75849,        iteration:         43,        time       3.83
best      76018,        iteration:         45,        time       4.02
best      76046,        iteration:         51,        time       4.59
best      78360,        iteration:         52,        time       4.68
best      78595,        iteration:         91,        time       8.18
best      78720,        iteration:        241,        time      21.72
best      78762,        iteration:        252,        time      22.73
best      79148,        iteration:        304,        time      27.09
end try 0 


try          0,        best      79148,        found at iteration        304,        found at time      27.09
