Parameter-settings: 

--inputfile          instances/eil51-thop/eil51_10_usw_10_01.thop
--outputfile         solutions/acothop*/eil51-thop/eil51_10_usw_10_01_04.thop.sol
--tries              1
--tours              0
--ptries             1
--time               49.00
--seed               547617
--optimum            1
--ants               50
--nnants             20
--alpha              0.93
--beta               6.15
--rho                0.69
--q0                 0.00
--elitistants        0
--rasranks           0
--localsearch        0
--nnls               20
--dlb                1
--as                 0
--eas                0
--ras                0
--mmas               1
--bwas               0
--acs                0


begin try 0 
best     100376,        iteration:          1,        time       0.02
best     103007,        iteration:          3,        time       0.05
best     103523,        iteration:          6,        time       0.11
best     109912,        iteration:          7,        time       0.12
best     114602,        iteration:          9,        time       0.16
best     114774,        iteration:         10,        time       0.18
best     116751,        iteration:         20,        time       0.36
best     118038,        iteration:         21,        time       0.38
best     118982,        iteration:         47,        time       0.85
best     119058,        iteration:         51,        time       0.92
best     126800,        iteration:         55,        time       0.99
best     129590,        iteration:        123,        time       2.24
best     131718,        iteration:        635,        time      11.41
best     133339,        iteration:        636,        time      11.42
best     135090,        iteration:       1162,        time      21.03
end try 0 


try          0,        best     135090,        found at iteration       1162,        found at time      21.03
