Parameter-settings: 

--inputfile          instances/eil51-thop/eil51_05_usw_05_01.thop
--outputfile         solutions/acothop*/eil51-thop/eil51_05_usw_05_01_05.thop.sol
--tries              1
--tours              0
--ptries             1
--time               25.00
--seed               642580
--optimum            1
--ants               1000
--nnants             20
--alpha              0.79
--beta               4.36
--rho                0.83
--q0                 0.00
--elitistants        0
--rasranks           0
--localsearch        0
--nnls               20
--dlb                1
--as                 0
--eas                0
--ras                0
--mmas               1
--bwas               0
--acs                0


begin try 0 
best      42608,        iteration:          1,        time       0.33
best      45429,        iteration:          3,        time       1.00
best      46616,        iteration:          4,        time       1.33
best      46822,        iteration:          5,        time       1.67
best      47396,        iteration:          6,        time       2.01
best      49028,        iteration:          7,        time       2.35
best      49545,        iteration:          8,        time       2.68
best      49929,        iteration:          9,        time       3.01
best      50170,        iteration:         11,        time       3.65
best      50743,        iteration:         16,        time       5.32
best      51423,        iteration:         17,        time       5.66
best      51716,        iteration:         35,        time      11.71
best      51986,        iteration:         37,        time      12.39
best      52247,        iteration:         43,        time      14.40
best      53194,        iteration:         57,        time      19.13
best      53573,        iteration:         69,        time      23.21
end try 0 


try          0,        best      53573,        found at iteration         69,        found at time      23.21
