Parameter-settings: 

--inputfile          instances/eil51-thop/eil51_05_usw_05_03.thop
--outputfile         solutions/acothop*/eil51-thop/eil51_05_usw_05_03_04.thop.sol
--tries              1
--tours              0
--ptries             1
--time               25.00
--seed               547617
--optimum            1
--ants               1000
--nnants             20
--alpha              0.79
--beta               4.36
--rho                0.83
--q0                 0.00
--elitistants        0
--rasranks           0
--localsearch        0
--nnls               20
--dlb                1
--as                 0
--eas                0
--ras                0
--mmas               1
--bwas               0
--acs                0


begin try 0 
best      65925,        iteration:          1,        time       0.37
best      67184,        iteration:          2,        time       0.75
best      69148,        iteration:          3,        time       1.13
best      69826,        iteration:          4,        time       1.51
best      71414,        iteration:          5,        time       1.87
best      71507,        iteration:          7,        time       2.63
best      71610,        iteration:          9,        time       3.40
best      71833,        iteration:         10,        time       3.78
best      72637,        iteration:         11,        time       4.16
best      72966,        iteration:         12,        time       4.54
best      73181,        iteration:         13,        time       4.92
best      73719,        iteration:         14,        time       5.30
best      74403,        iteration:         18,        time       6.81
best      74732,        iteration:         19,        time       7.19
best      74872,        iteration:         25,        time       9.45
best      75307,        iteration:         28,        time      10.57
end try 0 


try          0,        best      75307,        found at iteration         28,        found at time      10.57
