Parameter-settings: 

--inputfile          instances/eil51-thop/eil51_05_unc_01_03.thop
--outputfile         solutions/acothop*/eil51-thop/eil51_05_unc_01_03_08.thop.sol
--tries              1
--tours              0
--ptries             2
--time               25.00
--seed               858990
--optimum            1
--ants               50
--nnants             20
--alpha              0.98
--beta               3.65
--rho                0.44
--q0                 0.00
--elitistants        0
--rasranks           0
--localsearch        0
--nnls               20
--dlb                1
--as                 0
--eas                0
--ras                0
--mmas               1
--bwas               0
--acs                0


begin try 0 
best      28886,        iteration:          1,        time       0.02
best      29425,        iteration:          4,        time       0.07
best      31176,        iteration:          7,        time       0.12
best      34470,        iteration:         10,        time       0.17
best      34622,        iteration:         11,        time       0.19
best      34940,        iteration:         12,        time       0.20
best      34981,        iteration:         36,        time       0.57
best      35013,        iteration:        833,        time      13.06
best      35413,        iteration:        842,        time      13.19
best      35631,        iteration:        921,        time      14.44
end try 0 


try          0,        best      35631,        found at iteration        921,        found at time      14.44
