Parameter-settings: 

--inputfile          instances/eil51-thop/eil51_01_bsc_10_02.thop
--outputfile         solutions/acothop*/eil51-thop/eil51_01_bsc_10_02_02.thop.sol
--tries              1
--tours              0
--ptries             2
--time               5.00
--seed               126489
--optimum            1
--ants               100
--nnants             20
--alpha              1.03
--beta               2.64
--rho                0.82
--q0                 0.00
--elitistants        0
--rasranks           0
--localsearch        0
--nnls               20
--dlb                1
--as                 0
--eas                0
--ras                0
--mmas               1
--bwas               0
--acs                0


begin try 0 
best      32312,        iteration:          1,        time       0.01
best      33972,        iteration:          4,        time       0.03
best      34919,        iteration:          5,        time       0.04
best      36006,        iteration:          7,        time       0.05
best      36181,        iteration:          8,        time       0.06
best      36218,        iteration:         73,        time       0.56
best      36340,        iteration:         86,        time       0.66
best      36381,        iteration:        104,        time       0.80
best      36711,        iteration:        116,        time       0.90
best      36736,        iteration:        155,        time       1.21
best      36869,        iteration:        159,        time       1.24
best      37776,        iteration:        161,        time       1.26
end try 0 


try          0,        best      37776,        found at iteration        161,        found at time       1.26
