Parameter-settings: 

--inputfile          instances/eil51-thop/eil51_05_bsc_05_02.thop
--outputfile         solutions/acothop*/eil51-thop/eil51_05_bsc_05_02_05.thop.sol
--tries              1
--tours              0
--ptries             4
--time               25.00
--seed               642580
--optimum            1
--ants               200
--nnants             20
--alpha              0.74
--beta               3.30
--rho                0.65
--q0                 0.00
--elitistants        0
--rasranks           0
--localsearch        0
--nnls               20
--dlb                1
--as                 0
--eas                0
--ras                0
--mmas               1
--bwas               0
--acs                0


begin try 0 
best     102111,        iteration:          1,        time       0.14
best     118606,        iteration:          2,        time       0.28
best     121496,        iteration:         15,        time       2.13
best     125386,        iteration:         16,        time       2.27
best     126041,        iteration:         20,        time       2.85
best     126370,        iteration:         53,        time       7.53
best     129576,        iteration:         55,        time       7.82
best     131465,        iteration:        122,        time      17.45
best     131499,        iteration:        123,        time      17.59
best     133600,        iteration:        124,        time      17.74
best     133919,        iteration:        126,        time      18.03
best     134328,        iteration:        128,        time      18.33
end try 0 


try          0,        best     134328,        found at iteration        128,        found at time      18.33
