Parameter-settings: 

--inputfile          instances/eil51-thop/eil51_10_usw_05_02.thop
--outputfile         solutions/acothop*/eil51-thop/eil51_10_usw_05_02_05.thop.sol
--tries              1
--tours              0
--ptries             1
--time               49.00
--seed               642580
--optimum            1
--ants               50
--nnants             20
--alpha              0.93
--beta               6.15
--rho                0.69
--q0                 0.00
--elitistants        0
--rasranks           0
--localsearch        0
--nnls               20
--dlb                1
--as                 0
--eas                0
--ras                0
--mmas               1
--bwas               0
--acs                0


begin try 0 
best     102197,        iteration:          1,        time       0.02
best     102236,        iteration:          2,        time       0.04
best     108137,        iteration:          3,        time       0.06
best     108620,        iteration:          5,        time       0.09
best     111329,        iteration:          7,        time       0.13
best     114307,        iteration:          8,        time       0.15
best     114858,        iteration:         11,        time       0.21
best     115348,        iteration:         16,        time       0.29
best     117540,        iteration:         29,        time       0.53
best     117622,        iteration:         51,        time       0.94
best     118047,        iteration:         61,        time       1.12
best     118076,        iteration:         66,        time       1.22
best     119440,        iteration:         68,        time       1.25
best     120433,        iteration:         95,        time       1.75
best     123263,        iteration:        154,        time       2.82
best     123969,        iteration:        221,        time       4.07
best     124528,        iteration:        567,        time      10.47
best     125977,        iteration:        573,        time      10.58
best     127052,        iteration:        574,        time      10.60
best     127716,        iteration:        577,        time      10.66
best     127768,        iteration:        580,        time      10.72
best     127948,        iteration:        636,        time      11.79
best     128082,        iteration:        657,        time      12.20
best     128570,        iteration:        659,        time      12.24
best     129432,        iteration:        660,        time      12.26
best     129491,        iteration:        699,        time      13.01
best     130161,        iteration:        700,        time      13.03
best     130428,        iteration:        778,        time      14.55
best     131094,        iteration:       1037,        time      19.56
best     131481,        iteration:       1087,        time      20.54
end try 0 


try          0,        best     131481,        found at iteration       1087,        found at time      20.54
