Parameter-settings: 

--inputfile          instances/eil51-thop/eil51_10_usw_01_01.thop
--outputfile         solutions/acothop*/eil51-thop/eil51_10_usw_01_01_08.thop.sol
--tries              1
--tours              0
--ptries             1
--time               49.00
--seed               858990
--optimum            1
--ants               50
--nnants             20
--alpha              0.93
--beta               6.15
--rho                0.69
--q0                 0.00
--elitistants        0
--rasranks           0
--localsearch        0
--nnls               20
--dlb                1
--as                 0
--eas                0
--ras                0
--mmas               1
--bwas               0
--acs                0


begin try 0 
best      24895,        iteration:          1,        time       0.02
best      26596,        iteration:          2,        time       0.03
best      29872,        iteration:          3,        time       0.05
best      29876,        iteration:         27,        time       0.39
best      29954,        iteration:         29,        time       0.42
best      30569,        iteration:         31,        time       0.45
best      32325,        iteration:         32,        time       0.46
best      32840,        iteration:         33,        time       0.48
best      33136,        iteration:        549,        time       7.61
best      33391,        iteration:       3175,        time      45.35
best      33514,        iteration:       3191,        time      45.56
end try 0 


try          0,        best      33514,        found at iteration       3191,        found at time      45.56
