Parameter-settings: 

--inputfile          instances/eil51-thop/eil51_05_bsc_10_02.thop
--outputfile         solutions/acothop*/eil51-thop/eil51_05_bsc_10_02_09.thop.sol
--tries              1
--tours              0
--ptries             4
--time               25.00
--seed               756112
--optimum            1
--ants               200
--nnants             20
--alpha              0.74
--beta               3.30
--rho                0.65
--q0                 0.00
--elitistants        0
--rasranks           0
--localsearch        0
--nnls               20
--dlb                1
--as                 0
--eas                0
--ras                0
--mmas               1
--bwas               0
--acs                0


begin try 0 
best     159811,        iteration:          1,        time       0.15
best     173072,        iteration:          5,        time       0.74
best     184671,        iteration:          6,        time       0.90
best     186161,        iteration:          7,        time       1.05
best     188771,        iteration:          9,        time       1.36
best     196050,        iteration:         12,        time       1.82
best     198798,        iteration:         15,        time       2.29
best     202951,        iteration:         35,        time       5.37
best     204200,        iteration:         82,        time      12.62
best     205266,        iteration:        120,        time      18.50
best     206426,        iteration:        150,        time      23.17
end try 0 


try          0,        best     206426,        found at iteration        150,        found at time      23.17
