Parameter-settings: 

--inputfile          instances/eil51-thop/eil51_03_bsc_10_01.thop
--outputfile         solutions/acothop*/eil51-thop/eil51_03_bsc_10_01_08.thop.sol
--tries              1
--tours              0
--ptries             1
--time               15.00
--seed               858990
--optimum            1
--ants               50
--nnants             20
--alpha              1.00
--beta               3.81
--rho                0.37
--q0                 0.00
--elitistants        0
--rasranks           0
--localsearch        0
--nnls               20
--dlb                1
--as                 0
--eas                0
--ras                0
--mmas               1
--bwas               0
--acs                0


begin try 0 
best      58240,        iteration:          1,        time       0.01
best      67168,        iteration:          2,        time       0.01
best      70651,        iteration:          7,        time       0.04
best      80560,        iteration:          9,        time       0.05
best      80927,        iteration:         20,        time       0.11
best      83802,        iteration:         22,        time       0.12
best      87697,        iteration:         25,        time       0.14
best      90263,        iteration:         26,        time       0.14
best      90338,        iteration:       1776,        time       9.84
best      92032,        iteration:       1947,        time      10.78
end try 0 


try          0,        best      92032,        found at iteration       1947,        found at time      10.78
