Parameter-settings: 

--inputfile          instances/eil51-thop/eil51_10_usw_10_03.thop
--outputfile         solutions/acothop*/eil51-thop/eil51_10_usw_10_03_06.thop.sol
--tries              1
--tours              0
--ptries             1
--time               49.00
--seed               73456
--optimum            1
--ants               50
--nnants             20
--alpha              0.93
--beta               6.15
--rho                0.69
--q0                 0.00
--elitistants        0
--rasranks           0
--localsearch        0
--nnls               20
--dlb                1
--as                 0
--eas                0
--ras                0
--mmas               1
--bwas               0
--acs                0


begin try 0 
best     169438,        iteration:          1,        time       0.02
best     179383,        iteration:          2,        time       0.04
best     193878,        iteration:          4,        time       0.09
best     196468,        iteration:          5,        time       0.11
best     199009,        iteration:          6,        time       0.13
best     200547,        iteration:          7,        time       0.15
best     200585,        iteration:          9,        time       0.19
best     201200,        iteration:         26,        time       0.56
best     203994,        iteration:         27,        time       0.58
best     204515,        iteration:         34,        time       0.73
best     205148,        iteration:         35,        time       0.75
best     205206,        iteration:         36,        time       0.77
best     205220,        iteration:         39,        time       0.84
best     205222,        iteration:         55,        time       1.18
best     205385,        iteration:        125,        time       2.69
best     206105,        iteration:        135,        time       2.90
best     206281,        iteration:        136,        time       2.92
best     209074,        iteration:        327,        time       6.98
best     209254,        iteration:        328,        time       7.01
best     209307,        iteration:        330,        time       7.05
best     209376,        iteration:        359,        time       7.67
best     209746,        iteration:        526,        time      11.23
best     211211,        iteration:        527,        time      11.25
best     211273,        iteration:        528,        time      11.27
best     211369,        iteration:        594,        time      12.67
best     211490,        iteration:        595,        time      12.70
best     211605,        iteration:        596,        time      12.72
best     213949,        iteration:        612,        time      13.06
best     214024,        iteration:        614,        time      13.10
best     214043,        iteration:        619,        time      13.21
best     214064,        iteration:        625,        time      13.34
best     214233,        iteration:       1318,        time      28.18
best     214259,        iteration:       1320,        time      28.22
best     214264,        iteration:       1329,        time      28.41
best     215949,        iteration:       1386,        time      29.63
best     215998,        iteration:       1388,        time      29.68
best     216162,        iteration:       1391,        time      29.74
best     216209,        iteration:       1398,        time      29.89
best     216211,        iteration:       1399,        time      29.91
end try 0 


try          0,        best     216211,        found at iteration       1399,        found at time      29.91
