Parameter-settings: 

--inputfile          instances/eil51-thop/eil51_03_usw_05_02.thop
--outputfile         solutions/acothop*/eil51-thop/eil51_03_usw_05_02_05.thop.sol
--tries              1
--tours              0
--ptries             1
--time               15.00
--seed               642580
--optimum            1
--ants               20
--nnants             20
--alpha              1.00
--beta               3.87
--rho                0.49
--q0                 0.00
--elitistants        0
--rasranks           0
--localsearch        0
--nnls               20
--dlb                1
--as                 0
--eas                0
--ras                0
--mmas               1
--bwas               0
--acs                0


begin try 0 
best      29921,        iteration:          1,        time       0.00
best      30724,        iteration:          3,        time       0.01
best      32513,        iteration:          5,        time       0.02
best      37282,        iteration:          7,        time       0.03
best      37533,        iteration:         10,        time       0.05
best      37566,        iteration:         15,        time       0.07
best      37981,        iteration:         19,        time       0.09
best      38231,        iteration:         20,        time       0.09
best      38307,        iteration:         22,        time       0.10
best      38349,        iteration:         53,        time       0.24
best      39134,        iteration:         56,        time       0.26
best      39156,        iteration:         62,        time       0.28
best      39637,        iteration:        762,        time       3.41
best      39797,        iteration:        816,        time       3.65
best      39905,        iteration:        869,        time       3.88
best      40044,        iteration:        952,        time       4.25
best      40154,        iteration:       1865,        time       8.31
best      40199,        iteration:       2334,        time      10.34
best      40283,        iteration:       2484,        time      10.99
best      40481,        iteration:       2650,        time      11.75
end try 0 


try          0,        best      40481,        found at iteration       2650,        found at time      11.75
