Parameter-settings: 

--inputfile          instances/eil51-thop/eil51_01_bsc_05_03.thop
--outputfile         solutions/acothop*/eil51-thop/eil51_01_bsc_05_03_00.thop.sol
--tries              1
--tours              0
--ptries             2
--time               5.00
--seed               269070
--optimum            1
--ants               100
--nnants             20
--alpha              1.03
--beta               2.64
--rho                0.82
--q0                 0.00
--elitistants        0
--rasranks           0
--localsearch        0
--nnls               20
--dlb                1
--as                 0
--eas                0
--ras                0
--mmas               1
--bwas               0
--acs                0


begin try 0 
best      21681,        iteration:          1,        time       0.01
best      21929,        iteration:          7,        time       0.05
best      21948,        iteration:         10,        time       0.08
best      22731,        iteration:         13,        time       0.10
best      22774,        iteration:         15,        time       0.12
best      22953,        iteration:         19,        time       0.15
best      23068,        iteration:         56,        time       0.42
best      23415,        iteration:         59,        time       0.44
best      23506,        iteration:         70,        time       0.52
best      23653,        iteration:         74,        time       0.55
best      23809,        iteration:         82,        time       0.61
best      23925,        iteration:        108,        time       0.82
best      24017,        iteration:        165,        time       1.24
best      24120,        iteration:        258,        time       1.96
best      24236,        iteration:        261,        time       1.98
best      24268,        iteration:        312,        time       2.36
end try 0 


try          0,        best      24268,        found at iteration        312,        found at time       2.36
