Parameter-settings: 

--inputfile          instances/eil51-thop/eil51_03_usw_05_01.thop
--outputfile         solutions/acothop*/eil51-thop/eil51_03_usw_05_01_09.thop.sol
--tries              1
--tours              0
--ptries             1
--time               15.00
--seed               756112
--optimum            1
--ants               20
--nnants             20
--alpha              1.00
--beta               3.87
--rho                0.49
--q0                 0.00
--elitistants        0
--rasranks           0
--localsearch        0
--nnls               20
--dlb                1
--as                 0
--eas                0
--ras                0
--mmas               1
--bwas               0
--acs                0


begin try 0 
best      20370,        iteration:          1,        time       0.00
best      24763,        iteration:          2,        time       0.01
best      25878,        iteration:          7,        time       0.03
best      26225,        iteration:          8,        time       0.03
best      26306,        iteration:          9,        time       0.04
best      26674,        iteration:         22,        time       0.09
best      27079,        iteration:         23,        time       0.10
best      27307,        iteration:         25,        time       0.10
best      27392,        iteration:         34,        time       0.14
best      27631,        iteration:         35,        time       0.14
best      27854,        iteration:         55,        time       0.22
best      28682,        iteration:         57,        time       0.23
best      29777,        iteration:         58,        time       0.23
best      29963,        iteration:         62,        time       0.25
best      30734,        iteration:         76,        time       0.31
best      32020,        iteration:         87,        time       0.36
best      32278,        iteration:        257,        time       1.08
best      32860,        iteration:        315,        time       1.32
best      33118,        iteration:        547,        time       2.31
best      33322,        iteration:        688,        time       2.90
best      33451,        iteration:        943,        time       3.97
best      33567,        iteration:       2174,        time       9.18
end try 0 


try          0,        best      33567,        found at iteration       2174,        found at time       9.18
