Parameter-settings: 

--inputfile          instances/eil51-thop/eil51_05_unc_05_01.thop
--outputfile         solutions/acothop*/eil51-thop/eil51_05_unc_05_01_04.thop.sol
--tries              1
--tours              0
--ptries             2
--time               25.00
--seed               547617
--optimum            1
--ants               50
--nnants             20
--alpha              0.98
--beta               3.65
--rho                0.44
--q0                 0.00
--elitistants        0
--rasranks           0
--localsearch        0
--nnls               20
--dlb                1
--as                 0
--eas                0
--ras                0
--mmas               1
--bwas               0
--acs                0


begin try 0 
best      28188,        iteration:          1,        time       0.02
best      28810,        iteration:          2,        time       0.03
best      36403,        iteration:          3,        time       0.05
best      41433,        iteration:         11,        time       0.18
best      42849,        iteration:         12,        time       0.19
best      43131,        iteration:         16,        time       0.26
best      43224,        iteration:         33,        time       0.55
best      43389,        iteration:         35,        time       0.58
best      43889,        iteration:        107,        time       1.80
best      45579,        iteration:        379,        time       6.42
best      45665,        iteration:       1134,        time      19.12
best      47611,        iteration:       1135,        time      19.13
best      47897,        iteration:       1165,        time      19.65
best      47911,        iteration:       1177,        time      19.86
best      47951,        iteration:       1183,        time      19.97
best      48220,        iteration:       1187,        time      20.04
best      50221,        iteration:       1190,        time      20.09
best      50601,        iteration:       1192,        time      20.12
best      52060,        iteration:       1193,        time      20.14
best      52352,        iteration:       1194,        time      20.16
end try 0 


try          0,        best      52352,        found at iteration       1194,        found at time      20.16
