Parameter-settings: 

--inputfile          instances/eil51-thop/eil51_01_usw_10_01.thop
--outputfile         solutions/acothop*/eil51-thop/eil51_01_usw_10_01_08.thop.sol
--tries              1
--tours              0
--ptries             3
--time               5.00
--seed               858990
--optimum            1
--ants               1000
--nnants             20
--alpha              0.74
--beta               4.22
--rho                0.61
--q0                 0.00
--elitistants        0
--rasranks           0
--localsearch        0
--nnls               20
--dlb                1
--as                 0
--eas                0
--ras                0
--mmas               1
--bwas               0
--acs                0


begin try 0 
best      11897,        iteration:          1,        time       0.10
best      11944,        iteration:          2,        time       0.20
best      12787,        iteration:          3,        time       0.31
best      12917,        iteration:          6,        time       0.59
best      12975,        iteration:         14,        time       1.33
best      13004,        iteration:         27,        time       2.52
best      13033,        iteration:         28,        time       2.62
best      13076,        iteration:         29,        time       2.71
best      13249,        iteration:         36,        time       3.41
best      13447,        iteration:         37,        time       3.51
best      13562,        iteration:         42,        time       4.01
best      13676,        iteration:         43,        time       4.11
end try 0 


try          0,        best      13676,        found at iteration         43,        found at time       4.11
