Parameter-settings: 

--inputfile          instances/eil51-thop/eil51_03_bsc_05_03.thop
--outputfile         solutions/acothop*/eil51-thop/eil51_03_bsc_05_03_06.thop.sol
--tries              1
--tours              0
--ptries             1
--time               15.00
--seed               73456
--optimum            1
--ants               50
--nnants             20
--alpha              1.00
--beta               3.81
--rho                0.37
--q0                 0.00
--elitistants        0
--rasranks           0
--localsearch        0
--nnls               20
--dlb                1
--as                 0
--eas                0
--ras                0
--mmas               1
--bwas               0
--acs                0


begin try 0 
best      63353,        iteration:          1,        time       0.01
best      66676,        iteration:          4,        time       0.02
best      67169,        iteration:          7,        time       0.04
best      70410,        iteration:          8,        time       0.05
best      76693,        iteration:         10,        time       0.06
best      77068,        iteration:         87,        time       0.52
best      77080,        iteration:       2246,        time      13.15
end try 0 


try          0,        best      77080,        found at iteration       2246,        found at time      13.15
