Parameter-settings: 

--inputfile          instances/eil51-thop/eil51_05_unc_01_01.thop
--outputfile         solutions/acothop*/eil51-thop/eil51_05_unc_01_01_05.thop.sol
--tries              1
--tours              0
--ptries             2
--time               25.00
--seed               642580
--optimum            1
--ants               50
--nnants             20
--alpha              0.98
--beta               3.65
--rho                0.44
--q0                 0.00
--elitistants        0
--rasranks           0
--localsearch        0
--nnls               20
--dlb                1
--as                 0
--eas                0
--ras                0
--mmas               1
--bwas               0
--acs                0


begin try 0 
best      15334,        iteration:          1,        time       0.02
best      18080,        iteration:          3,        time       0.05
best      19719,        iteration:          8,        time       0.12
best      21142,        iteration:         11,        time       0.17
best      21540,        iteration:         16,        time       0.25
best      21959,        iteration:         17,        time       0.27
best      22777,        iteration:         18,        time       0.28
best      23392,        iteration:        137,        time       2.15
best      23408,        iteration:        534,        time       8.34
best      23743,        iteration:        539,        time       8.41
best      24020,        iteration:        545,        time       8.51
best      24102,        iteration:        626,        time       9.75
best      24602,        iteration:        851,        time      13.22
best      25096,        iteration:        892,        time      13.83
best      25105,        iteration:        893,        time      13.84
best      25538,        iteration:       1019,        time      15.76
best      25699,        iteration:       1041,        time      16.09
end try 0 


try          0,        best      25699,        found at iteration       1041,        found at time      16.09
