Parameter-settings: 

--inputfile          instances/eil51-thop/eil51_03_bsc_10_03.thop
--outputfile         solutions/acothop*/eil51-thop/eil51_03_bsc_10_03_06.thop.sol
--tries              1
--tours              0
--ptries             1
--time               15.00
--seed               73456
--optimum            1
--ants               50
--nnants             20
--alpha              1.00
--beta               3.81
--rho                0.37
--q0                 0.00
--elitistants        0
--rasranks           0
--localsearch        0
--nnls               20
--dlb                1
--as                 0
--eas                0
--ras                0
--mmas               1
--bwas               0
--acs                0


begin try 0 
best      99881,        iteration:          1,        time       0.01
best     109436,        iteration:          2,        time       0.01
best     111608,        iteration:          8,        time       0.05
best     113230,        iteration:          9,        time       0.06
best     118502,        iteration:         10,        time       0.06
best     119032,        iteration:         11,        time       0.07
best     124793,        iteration:         12,        time       0.08
best     126160,        iteration:         38,        time       0.25
best     127459,        iteration:         39,        time       0.25
best     127899,        iteration:         42,        time       0.27
best     128139,        iteration:         49,        time       0.32
best     128401,        iteration:         50,        time       0.32
best     128534,        iteration:         52,        time       0.34
best     129118,        iteration:         83,        time       0.53
best     129755,        iteration:         86,        time       0.55
best     130218,        iteration:         88,        time       0.57
best     130456,        iteration:         92,        time       0.59
best     130517,        iteration:         95,        time       0.61
best     131080,        iteration:        292,        time       1.87
best     131609,        iteration:        293,        time       1.87
best     132202,        iteration:        456,        time       2.92
best     132646,        iteration:        460,        time       2.95
best     133185,        iteration:        489,        time       3.13
best     133186,        iteration:        654,        time       4.16
best     133606,        iteration:        903,        time       5.76
best     134058,        iteration:        924,        time       5.90
best     134111,        iteration:       1250,        time       8.00
end try 0 


try          0,        best     134111,        found at iteration       1250,        found at time       8.00
