Parameter-settings: 

--inputfile          instances/eil51-thop/eil51_03_unc_01_02.thop
--outputfile         solutions/acothop*/eil51-thop/eil51_03_unc_01_02_01.thop.sol
--tries              1
--tours              0
--ptries             2
--time               15.00
--seed               99470
--optimum            1
--ants               200
--nnants             20
--alpha              0.93
--beta               4.12
--rho                0.69
--q0                 0.00
--elitistants        0
--rasranks           0
--localsearch        0
--nnls               20
--dlb                1
--as                 0
--eas                0
--ras                0
--mmas               1
--bwas               0
--acs                0


begin try 0 
best      15142,        iteration:          1,        time       0.08
best      15192,        iteration:          2,        time       0.15
best      16470,        iteration:          3,        time       0.23
best      16875,        iteration:          4,        time       0.31
best      16971,        iteration:          6,        time       0.46
best      17695,        iteration:          7,        time       0.53
best      17869,        iteration:          9,        time       0.68
best      18030,        iteration:         14,        time       1.06
best      18034,        iteration:         15,        time       1.13
best      18146,        iteration:         16,        time       1.21
best      18175,        iteration:         20,        time       1.50
best      18603,        iteration:         21,        time       1.58
best      18866,        iteration:         29,        time       2.18
best      18873,        iteration:         33,        time       2.48
best      19073,        iteration:         34,        time       2.54
best      19186,        iteration:         44,        time       3.28
best      19477,        iteration:         72,        time       5.37
best      19601,        iteration:         86,        time       6.35
best      19675,        iteration:        102,        time       7.41
best      19698,        iteration:        109,        time       7.91
end try 0 


try          0,        best      19698,        found at iteration        109,        found at time       7.91
