Parameter-settings: 

--inputfile          instances/eil51-thop/eil51_01_bsc_01_03.thop
--outputfile         solutions/acothop*/eil51-thop/eil51_01_bsc_01_03_05.thop.sol
--tries              1
--tours              0
--ptries             2
--time               5.00
--seed               642580
--optimum            1
--ants               100
--nnants             20
--alpha              1.03
--beta               2.64
--rho                0.82
--q0                 0.00
--elitistants        0
--rasranks           0
--localsearch        0
--nnls               20
--dlb                1
--as                 0
--eas                0
--ras                0
--mmas               1
--bwas               0
--acs                0


begin try 0 
best       5437,        iteration:          1,        time       0.01
best       5967,        iteration:          2,        time       0.01
best       6013,        iteration:          3,        time       0.02
best       6113,        iteration:          4,        time       0.03
best       6114,        iteration:          6,        time       0.04
best       6290,        iteration:          7,        time       0.04
best       6542,        iteration:          8,        time       0.05
best       6622,        iteration:         50,        time       0.32
best       6779,        iteration:         64,        time       0.40
end try 0 


try          0,        best       6779,        found at iteration         64,        found at time       0.40
