Parameter-settings: 

--inputfile          instances/eil51-thop/eil51_03_usw_10_01.thop
--outputfile         solutions/acothop*/eil51-thop/eil51_03_usw_10_01_03.thop.sol
--tries              1
--tours              0
--ptries             1
--time               15.00
--seed               644764
--optimum            1
--ants               20
--nnants             20
--alpha              1.00
--beta               3.87
--rho                0.49
--q0                 0.00
--elitistants        0
--rasranks           0
--localsearch        0
--nnls               20
--dlb                1
--as                 0
--eas                0
--ras                0
--mmas               1
--bwas               0
--acs                0


begin try 0 
best      27907,        iteration:          1,        time       0.00
best      29646,        iteration:          2,        time       0.01
best      31667,        iteration:          4,        time       0.02
best      32229,        iteration:          6,        time       0.03
best      36295,        iteration:          9,        time       0.04
best      38177,        iteration:         13,        time       0.06
best      38477,        iteration:         16,        time       0.07
best      38632,        iteration:         19,        time       0.08
best      38693,        iteration:         30,        time       0.13
best      39198,        iteration:         32,        time       0.14
best      39280,        iteration:        123,        time       0.55
best      39317,        iteration:        128,        time       0.57
best      40451,        iteration:        192,        time       0.86
best      40709,        iteration:        259,        time       1.16
best      41398,        iteration:       2264,        time      10.00
best      42183,        iteration:       2381,        time      10.52
best      42222,        iteration:       2437,        time      10.76
end try 0 


try          0,        best      42222,        found at iteration       2437,        found at time      10.76
