Parameter-settings: 

--inputfile          instances/eil51-thop/eil51_05_unc_01_03.thop
--outputfile         solutions/acothop*/eil51-thop/eil51_05_unc_01_03_06.thop.sol
--tries              1
--tours              0
--ptries             2
--time               25.00
--seed               73456
--optimum            1
--ants               50
--nnants             20
--alpha              0.98
--beta               3.65
--rho                0.44
--q0                 0.00
--elitistants        0
--rasranks           0
--localsearch        0
--nnls               20
--dlb                1
--as                 0
--eas                0
--ras                0
--mmas               1
--bwas               0
--acs                0


begin try 0 
best      25877,        iteration:          1,        time       0.02
best      26236,        iteration:          2,        time       0.03
best      29213,        iteration:          3,        time       0.05
best      29862,        iteration:          4,        time       0.07
best      29906,        iteration:          9,        time       0.16
best      31822,        iteration:         10,        time       0.17
best      31951,        iteration:         12,        time       0.21
best      32053,        iteration:         17,        time       0.29
best      32380,        iteration:         18,        time       0.31
best      32457,        iteration:         27,        time       0.47
best      32880,        iteration:         29,        time       0.51
best      33128,        iteration:         31,        time       0.54
best      33207,        iteration:         32,        time       0.56
best      33310,        iteration:         44,        time       0.78
best      33533,        iteration:         45,        time       0.79
best      33798,        iteration:         47,        time       0.83
best      33982,        iteration:         49,        time       0.87
best      34279,        iteration:         72,        time       1.28
best      34791,        iteration:         81,        time       1.44
best      35179,        iteration:        102,        time       1.82
best      35304,        iteration:        148,        time       2.64
best      35481,        iteration:        150,        time       2.67
best      35578,        iteration:        165,        time       2.90
end try 0 


try          0,        best      35578,        found at iteration        165,        found at time       2.90
