Parameter-settings: 

--inputfile          instances/eil51-thop/eil51_05_bsc_01_01.thop
--outputfile         solutions/acothop*/eil51-thop/eil51_05_bsc_01_01_09.thop.sol
--tries              1
--tours              0
--ptries             4
--time               25.00
--seed               756112
--optimum            1
--ants               200
--nnants             20
--alpha              0.74
--beta               3.30
--rho                0.65
--q0                 0.00
--elitistants        0
--rasranks           0
--localsearch        0
--nnls               20
--dlb                1
--as                 0
--eas                0
--ras                0
--mmas               1
--bwas               0
--acs                0


begin try 0 
best      25837,        iteration:          1,        time       0.12
best      28359,        iteration:          2,        time       0.24
best      28635,        iteration:          5,        time       0.61
best      29594,        iteration:         10,        time       1.20
best      29596,        iteration:         13,        time       1.56
best      29767,        iteration:         14,        time       1.68
best      29844,        iteration:         39,        time       4.65
end try 0 


try          0,        best      29844,        found at iteration         39,        found at time       4.65
