Parameter-settings: 

--inputfile          instances/eil51-thop/eil51_10_usw_01_03.thop
--outputfile         solutions/acothop*/eil51-thop/eil51_10_usw_01_03_00.thop.sol
--tries              1
--tours              0
--ptries             1
--time               49.00
--seed               269070
--optimum            1
--ants               50
--nnants             20
--alpha              0.93
--beta               6.15
--rho                0.69
--q0                 0.00
--elitistants        0
--rasranks           0
--localsearch        0
--nnls               20
--dlb                1
--as                 0
--eas                0
--ras                0
--mmas               1
--bwas               0
--acs                0


begin try 0 
best      32983,        iteration:          1,        time       0.02
best      35582,        iteration:          2,        time       0.03
best      35642,        iteration:          3,        time       0.05
best      38044,        iteration:          4,        time       0.06
best      38550,        iteration:       1967,        time      26.39
best      38951,        iteration:       2172,        time      29.19
best      39156,        iteration:       2175,        time      29.22
end try 0 


try          0,        best      39156,        found at iteration       2175,        found at time      29.22
