Parameter-settings: 

--inputfile          instances/eil51-thop/eil51_05_unc_10_01.thop
--outputfile         solutions/acothop*/eil51-thop/eil51_05_unc_10_01_03.thop.sol
--tries              1
--tours              0
--ptries             2
--time               25.00
--seed               644764
--optimum            1
--ants               50
--nnants             20
--alpha              0.98
--beta               3.65
--rho                0.44
--q0                 0.00
--elitistants        0
--rasranks           0
--localsearch        0
--nnls               20
--dlb                1
--as                 0
--eas                0
--ras                0
--mmas               1
--bwas               0
--acs                0


begin try 0 
best      43650,        iteration:          1,        time       0.02
best      45042,        iteration:          7,        time       0.12
best      47223,        iteration:          9,        time       0.15
best      51632,        iteration:         10,        time       0.17
best      53839,        iteration:         29,        time       0.50
best      55078,        iteration:         30,        time       0.52
best      55383,        iteration:         31,        time       0.53
best      55611,        iteration:         32,        time       0.55
best      56204,        iteration:         34,        time       0.59
best      56394,        iteration:         36,        time       0.62
best      58230,        iteration:         42,        time       0.73
best      58575,        iteration:         46,        time       0.80
best      58750,        iteration:         48,        time       0.84
best      59016,        iteration:         49,        time       0.85
best      59024,        iteration:         58,        time       1.01
best      59125,        iteration:         63,        time       1.10
best      59291,        iteration:        107,        time       1.89
best      59410,        iteration:        110,        time       1.95
best      59860,        iteration:        237,        time       4.22
best      60095,        iteration:        264,        time       4.71
best      60533,        iteration:        341,        time       6.09
best      60558,        iteration:        503,        time       8.96
best      61142,        iteration:        865,        time      15.23
best      61446,        iteration:       1258,        time      22.19
best      62318,        iteration:       1272,        time      22.44
best      62463,        iteration:       1349,        time      23.82
best      62941,        iteration:       1370,        time      24.20
end try 0 


try          0,        best      62941,        found at iteration       1370,        found at time      24.20
