Parameter-settings: 

--inputfile          instances/eil51-thop/eil51_03_usw_10_01.thop
--outputfile         solutions/acothop*/eil51-thop/eil51_03_usw_10_01_09.thop.sol
--tries              1
--tours              0
--ptries             1
--time               15.00
--seed               756112
--optimum            1
--ants               20
--nnants             20
--alpha              1.00
--beta               3.87
--rho                0.49
--q0                 0.00
--elitistants        0
--rasranks           0
--localsearch        0
--nnls               20
--dlb                1
--as                 0
--eas                0
--ras                0
--mmas               1
--bwas               0
--acs                0


begin try 0 
best      26081,        iteration:          1,        time       0.00
best      32611,        iteration:          2,        time       0.01
best      33031,        iteration:          5,        time       0.02
best      34906,        iteration:          7,        time       0.03
best      35858,        iteration:          9,        time       0.04
best      36136,        iteration:         10,        time       0.04
best      38797,        iteration:         12,        time       0.05
best      39020,        iteration:         33,        time       0.15
best      39750,        iteration:         67,        time       0.30
best      40099,        iteration:         80,        time       0.36
best      40422,        iteration:         81,        time       0.36
best      40949,        iteration:        354,        time       1.57
best      41013,        iteration:        602,        time       2.67
best      41187,        iteration:        656,        time       2.91
best      41482,        iteration:       1694,        time       7.51
best      42098,        iteration:       1758,        time       7.79
best      42183,        iteration:       1810,        time       8.01
best      42222,        iteration:       1869,        time       8.26
best      42239,        iteration:       2161,        time       9.57
best      42309,        iteration:       2216,        time       9.81
best      42396,        iteration:       2270,        time      10.04
best      42450,        iteration:       2322,        time      10.26
end try 0 


try          0,        best      42450,        found at iteration       2322,        found at time      10.26
