Parameter-settings: 

--inputfile          instances/eil51-thop/eil51_10_usw_01_01.thop
--outputfile         solutions/acothop*/eil51-thop/eil51_10_usw_01_01_04.thop.sol
--tries              1
--tours              0
--ptries             1
--time               49.00
--seed               547617
--optimum            1
--ants               50
--nnants             20
--alpha              0.93
--beta               6.15
--rho                0.69
--q0                 0.00
--elitistants        0
--rasranks           0
--localsearch        0
--nnls               20
--dlb                1
--as                 0
--eas                0
--ras                0
--mmas               1
--bwas               0
--acs                0


begin try 0 
best      22373,        iteration:          1,        time       0.02
best      25246,        iteration:          2,        time       0.03
best      25755,        iteration:          3,        time       0.05
best      27864,        iteration:          4,        time       0.06
best      28968,        iteration:          9,        time       0.14
best      30015,        iteration:         10,        time       0.15
best      30127,        iteration:         13,        time       0.19
best      30434,        iteration:         14,        time       0.21
best      31240,        iteration:         15,        time       0.22
best      31550,        iteration:         19,        time       0.28
best      31662,        iteration:        165,        time       2.31
best      31705,        iteration:        669,        time       9.32
best      32953,        iteration:       1007,        time      13.92
best      33124,        iteration:       1009,        time      13.94
best      33338,        iteration:       1238,        time      16.99
end try 0 


try          0,        best      33338,        found at iteration       1238,        found at time      16.99
