Parameter-settings: 

--inputfile          instances/eil51-thop/eil51_03_usw_10_03.thop
--outputfile         solutions/acothop*/eil51-thop/eil51_03_usw_10_03_07.thop.sol
--tries              1
--tours              0
--ptries             1
--time               15.00
--seed               462018
--optimum            1
--ants               20
--nnants             20
--alpha              1.00
--beta               3.87
--rho                0.49
--q0                 0.00
--elitistants        0
--rasranks           0
--localsearch        0
--nnls               20
--dlb                1
--as                 0
--eas                0
--ras                0
--mmas               1
--bwas               0
--acs                0


begin try 0 
best      50465,        iteration:          1,        time       0.01
best      50769,        iteration:          4,        time       0.02
best      51617,        iteration:          5,        time       0.03
best      54452,        iteration:          6,        time       0.03
best      58887,        iteration:          7,        time       0.04
best      63877,        iteration:          9,        time       0.05
best      64222,        iteration:         12,        time       0.06
best      64399,        iteration:         26,        time       0.13
best      64491,        iteration:         27,        time       0.13
best      64760,        iteration:         30,        time       0.15
best      64940,        iteration:         43,        time       0.21
best      65001,        iteration:         44,        time       0.22
best      65056,        iteration:         47,        time       0.23
best      65129,        iteration:        114,        time       0.57
best      65210,        iteration:        254,        time       1.28
best      65662,        iteration:        406,        time       2.04
best      65801,        iteration:        460,        time       2.31
best      65808,        iteration:        521,        time       2.61
best      65968,        iteration:        756,        time       3.82
best      66016,        iteration:        809,        time       4.09
best      66034,        iteration:        864,        time       4.36
end try 0 


try          0,        best      66034,        found at iteration        864,        found at time       4.36
