Parameter-settings: 

--inputfile          instances/eil51-thop/eil51_03_unc_10_01.thop
--outputfile         solutions/acothop*/eil51-thop/eil51_03_unc_10_01_09.thop.sol
--tries              1
--tours              0
--ptries             2
--time               15.00
--seed               756112
--optimum            1
--ants               200
--nnants             20
--alpha              0.93
--beta               4.12
--rho                0.69
--q0                 0.00
--elitistants        0
--rasranks           0
--localsearch        0
--nnls               20
--dlb                1
--as                 0
--eas                0
--ras                0
--mmas               1
--bwas               0
--acs                0


begin try 0 
best      28817,        iteration:          1,        time       0.08
best      29657,        iteration:          2,        time       0.15
best      32071,        iteration:          3,        time       0.24
best      32283,        iteration:          4,        time       0.31
best      33497,        iteration:          5,        time       0.38
best      33537,        iteration:          6,        time       0.46
best      33564,        iteration:          7,        time       0.54
best      34034,        iteration:          8,        time       0.62
best      34435,        iteration:         12,        time       0.94
best      34837,        iteration:         21,        time       1.68
best      35628,        iteration:         22,        time       1.76
best      35912,        iteration:         27,        time       2.17
best      37717,        iteration:         28,        time       2.26
best      37874,        iteration:         44,        time       3.50
best      38248,        iteration:         49,        time       3.90
best      38504,        iteration:         86,        time       6.88
best      38629,        iteration:         87,        time       6.96
best      38971,        iteration:         93,        time       7.44
end try 0 


try          0,        best      38971,        found at iteration         93,        found at time       7.44
