Parameter-settings: 

--inputfile          instances/eil51-thop/eil51_03_bsc_01_02.thop
--outputfile         solutions/acothop*/eil51-thop/eil51_03_bsc_01_02_01.thop.sol
--tries              1
--tours              0
--ptries             1
--time               15.00
--seed               99470
--optimum            1
--ants               50
--nnants             20
--alpha              1.00
--beta               3.81
--rho                0.37
--q0                 0.00
--elitistants        0
--rasranks           0
--localsearch        0
--nnls               20
--dlb                1
--as                 0
--eas                0
--ras                0
--mmas               1
--bwas               0
--acs                0


begin try 0 
best      14040,        iteration:          1,        time       0.01
best      14857,        iteration:          2,        time       0.01
best      14883,        iteration:          5,        time       0.03
best      16150,        iteration:          6,        time       0.03
best      16842,        iteration:         17,        time       0.08
best      17019,        iteration:         30,        time       0.15
best      17231,        iteration:        104,        time       0.49
best      17376,        iteration:        279,        time       1.28
best      17461,        iteration:        334,        time       1.51
best      17559,        iteration:        345,        time       1.56
best      17915,        iteration:        671,        time       3.04
best      18039,        iteration:       1332,        time       6.02
best      18083,        iteration:       1346,        time       6.09
best      18122,        iteration:       1519,        time       6.86
best      18184,        iteration:       1668,        time       7.53
best      18345,        iteration:       1813,        time       8.17
end try 0 


try          0,        best      18345,        found at iteration       1813,        found at time       8.17
