Parameter-settings: 

--inputfile          instances/eil51-thop/eil51_05_unc_05_01.thop
--outputfile         solutions/acothop*/eil51-thop/eil51_05_unc_05_01_02.thop.sol
--tries              1
--tours              0
--ptries             2
--time               25.00
--seed               126489
--optimum            1
--ants               50
--nnants             20
--alpha              0.98
--beta               3.65
--rho                0.44
--q0                 0.00
--elitistants        0
--rasranks           0
--localsearch        0
--nnls               20
--dlb                1
--as                 0
--eas                0
--ras                0
--mmas               1
--bwas               0
--acs                0


begin try 0 
best      32529,        iteration:          1,        time       0.02
best      34335,        iteration:          7,        time       0.12
best      37899,        iteration:          9,        time       0.15
best      40390,        iteration:         10,        time       0.17
best      40674,        iteration:         11,        time       0.19
best      40759,        iteration:         12,        time       0.20
best      42561,        iteration:         13,        time       0.22
best      42570,        iteration:         23,        time       0.39
best      43315,        iteration:         30,        time       0.51
best      43369,        iteration:         42,        time       0.71
best      45938,        iteration:        123,        time       2.06
best      46076,        iteration:        132,        time       2.22
best      46141,        iteration:        143,        time       2.40
best      46149,        iteration:        570,        time       9.54
best      46295,        iteration:        574,        time       9.61
best      46331,        iteration:        592,        time       9.92
best      46638,        iteration:        643,        time      10.81
best      47085,        iteration:        676,        time      11.38
best      47317,        iteration:       1384,        time      23.63
best      47425,        iteration:       1445,        time      24.68
best      47453,        iteration:       1448,        time      24.73
end try 0 


try          0,        best      47453,        found at iteration       1448,        found at time      24.73
