Parameter-settings: 

--inputfile          instances/eil51-thop/eil51_05_bsc_05_01.thop
--outputfile         solutions/acothop*/eil51-thop/eil51_05_bsc_05_01_00.thop.sol
--tries              1
--tours              0
--ptries             4
--time               25.00
--seed               269070
--optimum            1
--ants               200
--nnants             20
--alpha              0.74
--beta               3.30
--rho                0.65
--q0                 0.00
--elitistants        0
--rasranks           0
--localsearch        0
--nnls               20
--dlb                1
--as                 0
--eas                0
--ras                0
--mmas               1
--bwas               0
--acs                0


begin try 0 
best      79673,        iteration:          1,        time       0.13
best      85571,        iteration:          2,        time       0.26
best     101648,        iteration:          4,        time       0.52
best     102636,        iteration:         13,        time       1.64
best     104924,        iteration:         18,        time       2.25
best     105909,        iteration:         24,        time       3.04
best     107098,        iteration:         28,        time       3.55
best     107533,        iteration:         30,        time       3.81
best     109821,        iteration:         32,        time       4.07
best     111352,        iteration:         37,        time       4.73
best     111830,        iteration:         54,        time       6.95
best     113088,        iteration:         56,        time       7.22
best     113542,        iteration:         82,        time      10.66
best     116333,        iteration:         84,        time      10.92
best     119300,        iteration:        102,        time      13.31
best     119474,        iteration:        105,        time      13.70
end try 0 


try          0,        best     119474,        found at iteration        105,        found at time      13.70
