Parameter-settings: 

--inputfile          instances/eil51-thop/eil51_05_bsc_05_03.thop
--outputfile         solutions/acothop*/eil51-thop/eil51_05_bsc_05_03_00.thop.sol
--tries              1
--tours              0
--ptries             4
--time               25.00
--seed               269070
--optimum            1
--ants               200
--nnants             20
--alpha              0.74
--beta               3.30
--rho                0.65
--q0                 0.00
--elitistants        0
--rasranks           0
--localsearch        0
--nnls               20
--dlb                1
--as                 0
--eas                0
--ras                0
--mmas               1
--bwas               0
--acs                0


begin try 0 
best     114907,        iteration:          1,        time       0.15
best     124528,        iteration:          2,        time       0.30
best     128406,        iteration:          3,        time       0.45
best     130924,        iteration:          4,        time       0.61
best     131621,        iteration:          6,        time       0.91
best     135131,        iteration:          8,        time       1.21
best     135329,        iteration:          9,        time       1.36
best     136579,        iteration:         12,        time       1.83
best     136601,        iteration:         21,        time       3.23
best     138145,        iteration:         25,        time       3.85
best     138826,        iteration:        109,        time      16.73
best     139129,        iteration:        116,        time      17.80
best     139302,        iteration:        143,        time      21.76
end try 0 


try          0,        best     139302,        found at iteration        143,        found at time      21.76
