Parameter-settings: 

--inputfile          instances/eil51-thop/eil51_01_usw_05_03.thop
--outputfile         solutions/acothop*/eil51-thop/eil51_01_usw_05_03_03.thop.sol
--tries              1
--tours              0
--ptries             3
--time               5.00
--seed               644764
--optimum            1
--ants               1000
--nnants             20
--alpha              0.74
--beta               4.22
--rho                0.61
--q0                 0.00
--elitistants        0
--rasranks           0
--localsearch        0
--nnls               20
--dlb                1
--as                 0
--eas                0
--ras                0
--mmas               1
--bwas               0
--acs                0


begin try 0 
best      13474,        iteration:          1,        time       0.10
best      13509,        iteration:          2,        time       0.20
best      14104,        iteration:          3,        time       0.30
best      14401,        iteration:          4,        time       0.41
best      14576,        iteration:          5,        time       0.51
best      14653,        iteration:          6,        time       0.60
best      14947,        iteration:         21,        time       2.01
end try 0 


try          0,        best      14947,        found at iteration         21,        found at time       2.01
