Parameter-settings: 

--inputfile          instances/eil51-thop/eil51_05_bsc_01_01.thop
--outputfile         solutions/acothop*/eil51-thop/eil51_05_bsc_01_01_04.thop.sol
--tries              1
--tours              0
--ptries             4
--time               25.00
--seed               547617
--optimum            1
--ants               200
--nnants             20
--alpha              0.74
--beta               3.30
--rho                0.65
--q0                 0.00
--elitistants        0
--rasranks           0
--localsearch        0
--nnls               20
--dlb                1
--as                 0
--eas                0
--ras                0
--mmas               1
--bwas               0
--acs                0


begin try 0 
best      26251,        iteration:          1,        time       0.12
best      27365,        iteration:          2,        time       0.24
best      27486,        iteration:          3,        time       0.36
best      27615,        iteration:          6,        time       0.73
best      28124,        iteration:         10,        time       1.19
best      28234,        iteration:         12,        time       1.43
best      28238,        iteration:         13,        time       1.55
best      28261,        iteration:         17,        time       2.03
best      28662,        iteration:         18,        time       2.15
best      29063,        iteration:         19,        time       2.27
best      29249,        iteration:         45,        time       5.36
best      29355,        iteration:         48,        time       5.72
best      29602,        iteration:         49,        time       5.84
best      29611,        iteration:         71,        time       8.43
best      29639,        iteration:         99,        time      11.60
best      29726,        iteration:        127,        time      14.87
best      29730,        iteration:        128,        time      14.99
best      29749,        iteration:        140,        time      16.42
best      29820,        iteration:        148,        time      17.35
best      29856,        iteration:        183,        time      21.50
best      29928,        iteration:        194,        time      22.81
end try 0 


try          0,        best      29928,        found at iteration        194,        found at time      22.81
