Parameter-settings: 

--inputfile          instances/eil51-thop/eil51_10_bsc_05_01.thop
--outputfile         solutions/acothop*/eil51-thop/eil51_10_bsc_05_01_03.thop.sol
--tries              1
--tours              0
--ptries             2
--time               49.00
--seed               644764
--optimum            1
--ants               20
--nnants             20
--alpha              1.15
--beta               4.94
--rho                0.88
--q0                 0.00
--elitistants        0
--rasranks           0
--localsearch        0
--nnls               20
--dlb                1
--as                 0
--eas                0
--ras                0
--mmas               1
--bwas               0
--acs                0


begin try 0 
best     155051,        iteration:          1,        time       0.01
best     155446,        iteration:          2,        time       0.02
best     185057,        iteration:          3,        time       0.03
best     187851,        iteration:          4,        time       0.05
best     200949,        iteration:         31,        time       0.40
best     201984,        iteration:         32,        time       0.42
best     206194,        iteration:         34,        time       0.45
best     206370,        iteration:         37,        time       0.49
best     206420,        iteration:         41,        time       0.54
best     206917,        iteration:         42,        time       0.56
best     207083,        iteration:         50,        time       0.67
best     210131,        iteration:        169,        time       2.29
best     210274,        iteration:        173,        time       2.35
best     211312,        iteration:        484,        time       6.56
best     219708,        iteration:        487,        time       6.61
best     221847,        iteration:       2171,        time      29.96
end try 0 


try          0,        best     221847,        found at iteration       2171,        found at time      29.96
