Parameter-settings: 

--inputfile          instances/eil51-thop/eil51_05_unc_10_03.thop
--outputfile         solutions/acothop*/eil51-thop/eil51_05_unc_10_03_05.thop.sol
--tries              1
--tours              0
--ptries             2
--time               25.00
--seed               642580
--optimum            1
--ants               50
--nnants             20
--alpha              0.98
--beta               3.65
--rho                0.44
--q0                 0.00
--elitistants        0
--rasranks           0
--localsearch        0
--nnls               20
--dlb                1
--as                 0
--eas                0
--ras                0
--mmas               1
--bwas               0
--acs                0


begin try 0 
best      73835,        iteration:          2,        time       0.04
best      75844,        iteration:          3,        time       0.06
best      83381,        iteration:          4,        time       0.09
best      88951,        iteration:          7,        time       0.15
best      89367,        iteration:         11,        time       0.24
best      90617,        iteration:         12,        time       0.26
best      90854,        iteration:         17,        time       0.37
best      92426,        iteration:         21,        time       0.46
best      93626,        iteration:         22,        time       0.48
best      94614,        iteration:         24,        time       0.53
best      94689,        iteration:         36,        time       0.79
best      94775,        iteration:         40,        time       0.88
best      94896,        iteration:         42,        time       0.92
best      94948,        iteration:         43,        time       0.94
best      95205,        iteration:         44,        time       0.96
best      95911,        iteration:         46,        time       1.01
best      96534,        iteration:         47,        time       1.03
best      96729,        iteration:         51,        time       1.12
best      96939,        iteration:         52,        time       1.14
best      96993,        iteration:         55,        time       1.21
best      97065,        iteration:        105,        time       2.30
best      97074,        iteration:        106,        time       2.32
best      97428,        iteration:        107,        time       2.34
best      97480,        iteration:        108,        time       2.36
best      97484,        iteration:        113,        time       2.47
best      97487,        iteration:        124,        time       2.71
best      97497,        iteration:        175,        time       3.84
best      98118,        iteration:        214,        time       4.68
best      98196,        iteration:        374,        time       8.14
end try 0 


try          0,        best      98196,        found at iteration        374,        found at time       8.14
