Parameter-settings: 

--inputfile          instances/eil51-thop/eil51_03_usw_05_02.thop
--outputfile         solutions/acothop*/eil51-thop/eil51_03_usw_05_02_03.thop.sol
--tries              1
--tours              0
--ptries             1
--time               15.00
--seed               644764
--optimum            1
--ants               20
--nnants             20
--alpha              1.00
--beta               3.87
--rho                0.49
--q0                 0.00
--elitistants        0
--rasranks           0
--localsearch        0
--nnls               20
--dlb                1
--as                 0
--eas                0
--ras                0
--mmas               1
--bwas               0
--acs                0


begin try 0 
best      30813,        iteration:          2,        time       0.01
best      30857,        iteration:          4,        time       0.02
best      31543,        iteration:          6,        time       0.03
best      34963,        iteration:          7,        time       0.03
best      35266,        iteration:          9,        time       0.04
best      36516,        iteration:         10,        time       0.05
best      36895,        iteration:         11,        time       0.05
best      37060,        iteration:         16,        time       0.07
best      37912,        iteration:         17,        time       0.08
best      38423,        iteration:         19,        time       0.09
best      38730,        iteration:         28,        time       0.13
best      38861,        iteration:         29,        time       0.13
best      39262,        iteration:         30,        time       0.14
best      39300,        iteration:         70,        time       0.32
best      39319,        iteration:        142,        time       0.64
best      39357,        iteration:        146,        time       0.66
best      39689,        iteration:        543,        time       2.39
best      39887,        iteration:        544,        time       2.40
best      39898,        iteration:        563,        time       2.48
best      40137,        iteration:        759,        time       3.37
best      40202,        iteration:        819,        time       3.63
end try 0 


try          0,        best      40202,        found at iteration        819,        found at time       3.63
