Parameter-settings: 

--inputfile          instances/eil51-thop/eil51_01_usw_05_02.thop
--outputfile         solutions/acothop*/eil51-thop/eil51_01_usw_05_02_00.thop.sol
--tries              1
--tours              0
--ptries             3
--time               5.00
--seed               269070
--optimum            1
--ants               1000
--nnants             20
--alpha              0.74
--beta               4.22
--rho                0.61
--q0                 0.00
--elitistants        0
--rasranks           0
--localsearch        0
--nnls               20
--dlb                1
--as                 0
--eas                0
--ras                0
--mmas               1
--bwas               0
--acs                0


begin try 0 
best      10850,        iteration:          1,        time       0.10
best      11425,        iteration:          2,        time       0.20
best      11712,        iteration:          3,        time       0.30
best      12184,        iteration:          5,        time       0.51
best      12368,        iteration:          8,        time       0.81
best      12463,        iteration:         24,        time       2.42
best      12633,        iteration:         31,        time       3.13
best      12681,        iteration:         34,        time       3.43
best      12720,        iteration:         40,        time       4.00
end try 0 


try          0,        best      12720,        found at iteration         40,        found at time       4.00
