Parameter-settings: 

--inputfile          instances/eil51-thop/eil51_01_usw_05_02.thop
--outputfile         solutions/acothop*/eil51-thop/eil51_01_usw_05_02_06.thop.sol
--tries              1
--tours              0
--ptries             3
--time               5.00
--seed               73456
--optimum            1
--ants               1000
--nnants             20
--alpha              0.74
--beta               4.22
--rho                0.61
--q0                 0.00
--elitistants        0
--rasranks           0
--localsearch        0
--nnls               20
--dlb                1
--as                 0
--eas                0
--ras                0
--mmas               1
--bwas               0
--acs                0


begin try 0 
best      12208,        iteration:          1,        time       0.10
best      12263,        iteration:          9,        time       0.92
best      12383,        iteration:         11,        time       1.12
best      12726,        iteration:         13,        time       1.32
best      12862,        iteration:         23,        time       2.32
end try 0 


try          0,        best      12862,        found at iteration         23,        found at time       2.32
