Parameter-settings: 

--inputfile          instances/eil51-thop/eil51_10_unc_01_03.thop
--outputfile         solutions/acothop*/eil51-thop/eil51_10_unc_01_03_00.thop.sol
--tries              1
--tours              0
--ptries             1
--time               49.00
--seed               269070
--optimum            1
--ants               100
--nnants             20
--alpha              0.86
--beta               4.34
--rho                0.74
--q0                 0.00
--elitistants        0
--rasranks           0
--localsearch        0
--nnls               20
--dlb                1
--as                 0
--eas                0
--ras                0
--mmas               1
--bwas               0
--acs                0


begin try 0 
best      53220,        iteration:          1,        time       0.04
best      59611,        iteration:          2,        time       0.08
best      61479,        iteration:          3,        time       0.12
best      63758,        iteration:          4,        time       0.15
best      65470,        iteration:          5,        time       0.19
best      68503,        iteration:          6,        time       0.23
best      69743,        iteration:          9,        time       0.33
best      69878,        iteration:         15,        time       0.53
best      70537,        iteration:         46,        time       1.60
best      71356,        iteration:         54,        time       1.88
best      71466,        iteration:        205,        time       7.11
best      72495,        iteration:        206,        time       7.14
best      73340,        iteration:        207,        time       7.18
best      73362,        iteration:        213,        time       7.38
best      73603,        iteration:        225,        time       7.78
best      73626,        iteration:        232,        time       8.02
end try 0 


try          0,        best      73626,        found at iteration        232,        found at time       8.02
