Parameter-settings: 

--inputfile          instances/eil51-thop/eil51_03_usw_05_02.thop
--outputfile         solutions/acothop*/eil51-thop/eil51_03_usw_05_02_06.thop.sol
--tries              1
--tours              0
--ptries             1
--time               15.00
--seed               73456
--optimum            1
--ants               20
--nnants             20
--alpha              1.00
--beta               3.87
--rho                0.49
--q0                 0.00
--elitistants        0
--rasranks           0
--localsearch        0
--nnls               20
--dlb                1
--as                 0
--eas                0
--ras                0
--mmas               1
--bwas               0
--acs                0


begin try 0 
best      30650,        iteration:          1,        time       0.00
best      32297,        iteration:          2,        time       0.01
best      33501,        iteration:          5,        time       0.02
best      34123,        iteration:          8,        time       0.04
best      34603,        iteration:          9,        time       0.04
best      34788,        iteration:         11,        time       0.05
best      35811,        iteration:         14,        time       0.06
best      36708,        iteration:         15,        time       0.06
best      37478,        iteration:         16,        time       0.07
best      37641,        iteration:         19,        time       0.08
best      37721,        iteration:         25,        time       0.10
best      38189,        iteration:         40,        time       0.17
best      38590,        iteration:         70,        time       0.29
best      38803,        iteration:        256,        time       1.04
best      39329,        iteration:        257,        time       1.05
best      39338,        iteration:        310,        time       1.28
best      39904,        iteration:        452,        time       1.92
best      40001,        iteration:        630,        time       2.71
end try 0 


try          0,        best      40001,        found at iteration        630,        found at time       2.71
