Parameter-settings: 

--inputfile          instances/eil51-thop/eil51_05_usw_05_03.thop
--outputfile         solutions/acothop*/eil51-thop/eil51_05_usw_05_03_06.thop.sol
--tries              1
--tours              0
--ptries             1
--time               25.00
--seed               73456
--optimum            1
--ants               1000
--nnants             20
--alpha              0.79
--beta               4.36
--rho                0.83
--q0                 0.00
--elitistants        0
--rasranks           0
--localsearch        0
--nnls               20
--dlb                1
--as                 0
--eas                0
--ras                0
--mmas               1
--bwas               0
--acs                0


begin try 0 
best      65908,        iteration:          1,        time       0.37
best      67868,        iteration:          2,        time       0.75
best      70855,        iteration:          4,        time       1.51
best      71083,        iteration:          5,        time       1.89
best      72071,        iteration:          6,        time       2.26
best      72113,        iteration:         15,        time       5.68
best      72953,        iteration:         28,        time      10.61
best      72993,        iteration:         32,        time      12.11
best      73025,        iteration:         37,        time      13.88
best      73047,        iteration:         39,        time      14.62
best      73657,        iteration:         40,        time      15.00
best      73785,        iteration:         43,        time      16.12
best      74037,        iteration:         49,        time      18.33
best      74306,        iteration:         57,        time      21.36
best      74620,        iteration:         65,        time      24.37
end try 0 


try          0,        best      74620,        found at iteration         65,        found at time      24.37
