Parameter-settings: 

--inputfile          instances/eil51-thop/eil51_01_unc_10_03.thop
--outputfile         solutions/acothop*/eil51-thop/eil51_01_unc_10_03_07.thop.sol
--tries              1
--tours              0
--ptries             1
--time               5.00
--seed               462018
--optimum            1
--ants               200
--nnants             20
--alpha              0.91
--beta               4.00
--rho                0.48
--q0                 0.00
--elitistants        0
--rasranks           0
--localsearch        0
--nnls               20
--dlb                1
--as                 0
--eas                0
--ras                0
--mmas               1
--bwas               0
--acs                0


begin try 0 
best      19364,        iteration:          1,        time       0.02
best      19696,        iteration:          3,        time       0.05
best      20005,        iteration:          7,        time       0.12
best      20284,        iteration:          8,        time       0.13
best      20306,        iteration:         10,        time       0.17
best      20434,        iteration:         11,        time       0.18
best      20547,        iteration:         29,        time       0.47
best      20659,        iteration:         30,        time       0.48
best      20829,        iteration:         47,        time       0.76
best      20830,        iteration:         62,        time       1.01
best      20989,        iteration:        110,        time       1.80
best      21039,        iteration:        140,        time       2.29
end try 0 


try          0,        best      21039,        found at iteration        140,        found at time       2.29
