Parameter-settings: 

--inputfile          instances/eil51-thop/eil51_10_bsc_05_01.thop
--outputfile         solutions/acothop*/eil51-thop/eil51_10_bsc_05_01_02.thop.sol
--tries              1
--tours              0
--ptries             2
--time               49.00
--seed               126489
--optimum            1
--ants               20
--nnants             20
--alpha              1.15
--beta               4.94
--rho                0.88
--q0                 0.00
--elitistants        0
--rasranks           0
--localsearch        0
--nnls               20
--dlb                1
--as                 0
--eas                0
--ras                0
--mmas               1
--bwas               0
--acs                0


begin try 0 
best     159615,        iteration:          1,        time       0.01
best     170876,        iteration:          3,        time       0.04
best     184996,        iteration:          4,        time       0.05
best     186582,        iteration:          9,        time       0.12
best     188029,        iteration:         14,        time       0.19
best     193155,        iteration:         16,        time       0.22
best     197543,        iteration:         20,        time       0.28
best     198804,        iteration:         25,        time       0.35
best     202729,        iteration:         31,        time       0.43
best     211817,        iteration:        164,        time       2.28
best     221368,        iteration:        457,        time       6.36
best     225576,        iteration:       1857,        time      25.79
end try 0 


try          0,        best     225576,        found at iteration       1857,        found at time      25.79
