Parameter-settings: 

--inputfile          instances/eil51-thop/eil51_03_bsc_05_02.thop
--outputfile         solutions/acothop*/eil51-thop/eil51_03_bsc_05_02_06.thop.sol
--tries              1
--tours              0
--ptries             1
--time               15.00
--seed               73456
--optimum            1
--ants               50
--nnants             20
--alpha              1.00
--beta               3.81
--rho                0.37
--q0                 0.00
--elitistants        0
--rasranks           0
--localsearch        0
--nnls               20
--dlb                1
--as                 0
--eas                0
--ras                0
--mmas               1
--bwas               0
--acs                0


begin try 0 
best      57249,        iteration:          1,        time       0.01
best      57531,        iteration:          3,        time       0.02
best      58369,        iteration:          5,        time       0.03
best      62666,        iteration:          6,        time       0.03
best      63963,        iteration:         17,        time       0.10
best      64572,        iteration:         23,        time       0.13
best      65241,        iteration:         24,        time       0.14
best      65641,        iteration:         28,        time       0.16
best      65738,        iteration:         36,        time       0.21
best      66419,        iteration:         79,        time       0.46
best      66453,        iteration:        114,        time       0.66
best      66911,        iteration:        117,        time       0.67
best      67862,        iteration:        118,        time       0.68
best      68403,        iteration:        125,        time       0.72
best      69907,        iteration:        143,        time       0.82
best      71605,        iteration:        156,        time       0.89
best      71770,        iteration:        161,        time       0.92
best      72140,        iteration:        286,        time       1.65
best      72318,        iteration:        292,        time       1.68
end try 0 


try          0,        best      72318,        found at iteration        292,        found at time       1.68
