Parameter-settings: 

--inputfile          instances/eil51-thop/eil51_03_bsc_10_03.thop
--outputfile         solutions/acothop*/eil51-thop/eil51_03_bsc_10_03_01.thop.sol
--tries              1
--tours              0
--ptries             1
--time               15.00
--seed               99470
--optimum            1
--ants               50
--nnants             20
--alpha              1.00
--beta               3.81
--rho                0.37
--q0                 0.00
--elitistants        0
--rasranks           0
--localsearch        0
--nnls               20
--dlb                1
--as                 0
--eas                0
--ras                0
--mmas               1
--bwas               0
--acs                0


begin try 0 
best      91631,        iteration:          1,        time       0.01
best      96089,        iteration:          2,        time       0.01
best      96760,        iteration:          3,        time       0.02
best     103747,        iteration:          4,        time       0.03
best     104022,        iteration:          6,        time       0.04
best     104258,        iteration:          8,        time       0.05
best     107532,        iteration:         10,        time       0.06
best     116509,        iteration:         11,        time       0.07
best     117089,        iteration:         12,        time       0.08
best     118002,        iteration:         14,        time       0.09
best     120908,        iteration:         15,        time       0.10
best     121932,        iteration:         16,        time       0.10
best     128760,        iteration:         17,        time       0.11
best     129614,        iteration:         18,        time       0.12
best     129695,        iteration:         22,        time       0.14
best     130888,        iteration:         25,        time       0.16
best     130973,        iteration:        143,        time       0.92
best     131230,        iteration:        199,        time       1.28
best     132490,        iteration:        541,        time       3.46
best     132945,        iteration:        603,        time       3.84
end try 0 


try          0,        best     132945,        found at iteration        603,        found at time       3.84
