Parameter-settings: 

--inputfile          instances/eil51-thop/eil51_03_unc_01_03.thop
--outputfile         solutions/acothop*/eil51-thop/eil51_03_unc_01_03_06.thop.sol
--tries              1
--tours              0
--ptries             2
--time               15.00
--seed               73456
--optimum            1
--ants               200
--nnants             20
--alpha              0.93
--beta               4.12
--rho                0.69
--q0                 0.00
--elitistants        0
--rasranks           0
--localsearch        0
--nnls               20
--dlb                1
--as                 0
--eas                0
--ras                0
--mmas               1
--bwas               0
--acs                0


begin try 0 
best      18610,        iteration:          1,        time       0.08
best      18783,        iteration:          2,        time       0.14
best      19611,        iteration:          3,        time       0.22
best      20707,        iteration:          5,        time       0.38
best      21149,        iteration:         32,        time       2.48
end try 0 


try          0,        best      21149,        found at iteration         32,        found at time       2.48
