Parameter-settings: 

--inputfile          instances/eil51-thop/eil51_05_usw_01_02.thop
--outputfile         solutions/acothop*/eil51-thop/eil51_05_usw_01_02_04.thop.sol
--tries              1
--tours              0
--ptries             1
--time               25.00
--seed               547617
--optimum            1
--ants               1000
--nnants             20
--alpha              0.79
--beta               4.36
--rho                0.83
--q0                 0.00
--elitistants        0
--rasranks           0
--localsearch        0
--nnls               20
--dlb                1
--as                 0
--eas                0
--ras                0
--mmas               1
--bwas               0
--acs                0


begin try 0 
best      16153,        iteration:          1,        time       0.30
best      16667,        iteration:          2,        time       0.60
best      16920,        iteration:          4,        time       1.20
best      17435,        iteration:          5,        time       1.49
best      17471,        iteration:          6,        time       1.78
best      17834,        iteration:          7,        time       2.07
best      18117,        iteration:          9,        time       2.65
end try 0 


try          0,        best      18117,        found at iteration          9,        found at time       2.65
