Parameter-settings: 

--inputfile          instances/eil51-thop/eil51_01_usw_05_01.thop
--outputfile         solutions/acothop*/eil51-thop/eil51_01_usw_05_01_04.thop.sol
--tries              1
--tours              0
--ptries             3
--time               5.00
--seed               547617
--optimum            1
--ants               1000
--nnants             20
--alpha              0.74
--beta               4.22
--rho                0.61
--q0                 0.00
--elitistants        0
--rasranks           0
--localsearch        0
--nnls               20
--dlb                1
--as                 0
--eas                0
--ras                0
--mmas               1
--bwas               0
--acs                0


begin try 0 
best       8671,        iteration:          1,        time       0.09
best       8754,        iteration:          3,        time       0.29
best       9247,        iteration:          4,        time       0.39
best       9618,        iteration:          7,        time       0.67
best       9686,        iteration:          9,        time       0.86
best      10161,        iteration:         15,        time       1.42
end try 0 


try          0,        best      10161,        found at iteration         15,        found at time       1.42
