Parameter-settings: 

--inputfile          instances/eil51-thop/eil51_10_unc_05_03.thop
--outputfile         solutions/acothop*/eil51-thop/eil51_10_unc_05_03_05.thop.sol
--tries              1
--tours              0
--ptries             1
--time               49.00
--seed               642580
--optimum            1
--ants               100
--nnants             20
--alpha              0.86
--beta               4.34
--rho                0.74
--q0                 0.00
--elitistants        0
--rasranks           0
--localsearch        0
--nnls               20
--dlb                1
--as                 0
--eas                0
--ras                0
--mmas               1
--bwas               0
--acs                0


begin try 0 
best     125534,        iteration:          1,        time       0.04
best     127796,        iteration:          3,        time       0.13
best     136369,        iteration:          4,        time       0.18
best     137430,        iteration:          5,        time       0.22
best     140397,        iteration:          6,        time       0.27
best     140438,        iteration:          8,        time       0.35
best     141736,        iteration:          9,        time       0.40
best     142640,        iteration:         11,        time       0.49
best     142817,        iteration:         12,        time       0.53
best     143606,        iteration:         22,        time       0.97
best     144158,        iteration:         23,        time       1.01
best     144221,        iteration:         27,        time       1.19
best     144405,        iteration:         29,        time       1.28
best     144595,        iteration:         30,        time       1.32
best     144901,        iteration:         32,        time       1.41
best     145710,        iteration:         66,        time       2.92
best     146703,        iteration:         67,        time       2.96
best     146914,        iteration:         68,        time       3.00
best     146989,        iteration:         69,        time       3.04
best     147493,        iteration:         72,        time       3.18
best     148736,        iteration:         73,        time       3.22
best     150163,        iteration:         75,        time       3.31
best     153060,        iteration:         78,        time       3.44
best     155650,        iteration:         81,        time       3.58
best     155937,        iteration:         83,        time       3.67
best     156276,        iteration:         91,        time       4.03
best     157409,        iteration:         92,        time       4.07
best     157585,        iteration:         94,        time       4.16
best     157664,        iteration:         96,        time       4.25
best     157883,        iteration:        111,        time       4.92
best     157964,        iteration:        138,        time       6.09
best     157982,        iteration:        158,        time       6.98
best     157989,        iteration:        161,        time       7.12
best     157994,        iteration:        550,        time      24.52
best     158008,        iteration:        566,        time      25.24
best     158525,        iteration:        815,        time      36.22
best     159324,        iteration:        906,        time      40.28
best     159390,        iteration:        910,        time      40.46
best     159580,        iteration:        913,        time      40.59
best     160402,        iteration:       1018,        time      45.28
end try 0 


try          0,        best     160402,        found at iteration       1018,        found at time      45.28
