Parameter-settings: 

--inputfile          instances/eil51-thop/eil51_05_unc_10_03.thop
--outputfile         solutions/acothop*/eil51-thop/eil51_05_unc_10_03_01.thop.sol
--tries              1
--tours              0
--ptries             2
--time               25.00
--seed               99470
--optimum            1
--ants               50
--nnants             20
--alpha              0.98
--beta               3.65
--rho                0.44
--q0                 0.00
--elitistants        0
--rasranks           0
--localsearch        0
--nnls               20
--dlb                1
--as                 0
--eas                0
--ras                0
--mmas               1
--bwas               0
--acs                0


begin try 0 
best      80014,        iteration:          4,        time       0.08
best      85865,        iteration:          6,        time       0.13
best      88644,        iteration:          7,        time       0.15
best      90924,        iteration:          8,        time       0.17
best      91308,        iteration:         10,        time       0.22
best      93976,        iteration:         15,        time       0.32
best      93991,        iteration:         21,        time       0.46
best      94357,        iteration:         22,        time       0.48
best      94607,        iteration:         56,        time       1.20
best      95239,        iteration:         57,        time       1.23
best      95289,        iteration:         58,        time       1.25
best      95771,        iteration:         59,        time       1.27
best      95915,        iteration:         60,        time       1.29
best      96083,        iteration:         77,        time       1.66
best      96159,        iteration:         78,        time       1.69
best      96254,        iteration:         79,        time       1.71
best      96260,        iteration:         80,        time       1.73
best      96402,        iteration:         83,        time       1.80
best      96415,        iteration:         86,        time       1.86
best      96634,        iteration:         87,        time       1.89
best      96866,        iteration:         88,        time       1.91
best      96963,        iteration:         92,        time       2.00
best      97078,        iteration:        139,        time       3.02
best      97121,        iteration:        140,        time       3.05
best      97230,        iteration:        141,        time       3.07
best      97311,        iteration:        142,        time       3.09
best      97334,        iteration:        144,        time       3.13
best      97387,        iteration:        145,        time       3.16
best      97443,        iteration:        188,        time       4.10
best      97530,        iteration:        189,        time       4.12
best      98159,        iteration:        190,        time       4.14
best      98596,        iteration:        191,        time       4.17
end try 0 


try          0,        best      98596,        found at iteration        191,        found at time       4.17
