Parameter-settings: 

--inputfile          instances/eil51-thop/eil51_10_usw_01_01.thop
--outputfile         solutions/acothop*/eil51-thop/eil51_10_usw_01_01_06.thop.sol
--tries              1
--tours              0
--ptries             1
--time               49.00
--seed               73456
--optimum            1
--ants               50
--nnants             20
--alpha              0.93
--beta               6.15
--rho                0.69
--q0                 0.00
--elitistants        0
--rasranks           0
--localsearch        0
--nnls               20
--dlb                1
--as                 0
--eas                0
--ras                0
--mmas               1
--bwas               0
--acs                0


begin try 0 
best      24731,        iteration:          1,        time       0.02
best      25207,        iteration:          2,        time       0.03
best      27431,        iteration:          4,        time       0.06
best      28517,        iteration:          5,        time       0.08
best      29199,        iteration:          8,        time       0.12
best      29759,        iteration:         21,        time       0.30
best      29908,        iteration:        143,        time       1.96
best      30290,        iteration:        343,        time       4.73
best      30422,        iteration:        347,        time       4.78
best      31136,        iteration:        406,        time       5.58
best      31705,        iteration:        407,        time       5.60
best      31709,        iteration:        493,        time       6.76
best      31916,        iteration:       1022,        time      14.10
best      32303,        iteration:       1083,        time      14.94
best      32430,        iteration:       1091,        time      15.05
best      32766,        iteration:       1961,        time      27.18
best      33331,        iteration:       1964,        time      27.22
best      33574,        iteration:       2241,        time      30.85
end try 0 


try          0,        best      33574,        found at iteration       2241,        found at time      30.85
