Parameter-settings: 

--inputfile          instances/eil51-thop/eil51_01_bsc_05_01.thop
--outputfile         solutions/acothop*/eil51-thop/eil51_01_bsc_05_01_08.thop.sol
--tries              1
--tours              0
--ptries             2
--time               5.00
--seed               858990
--optimum            1
--ants               100
--nnants             20
--alpha              1.03
--beta               2.64
--rho                0.82
--q0                 0.00
--elitistants        0
--rasranks           0
--localsearch        0
--nnls               20
--dlb                1
--as                 0
--eas                0
--ras                0
--mmas               1
--bwas               0
--acs                0


begin try 0 
best      14300,        iteration:          1,        time       0.01
best      14637,        iteration:          2,        time       0.01
best      15744,        iteration:          3,        time       0.02
best      16974,        iteration:          5,        time       0.04
best      17595,        iteration:          6,        time       0.04
best      17654,        iteration:         25,        time       0.17
best      17975,        iteration:         28,        time       0.19
best      18070,        iteration:         63,        time       0.43
best      18171,        iteration:         86,        time       0.58
best      18569,        iteration:         87,        time       0.59
best      18628,        iteration:         91,        time       0.62
best      18802,        iteration:        554,        time       3.86
end try 0 


try          0,        best      18802,        found at iteration        554,        found at time       3.86
