Parameter-settings: 

--inputfile          instances/eil51-thop/eil51_01_unc_10_01.thop
--outputfile         solutions/acothop*/eil51-thop/eil51_01_unc_10_01_00.thop.sol
--tries              1
--tours              0
--ptries             1
--time               5.00
--seed               269070
--optimum            1
--ants               200
--nnants             20
--alpha              0.91
--beta               4.00
--rho                0.48
--q0                 0.00
--elitistants        0
--rasranks           0
--localsearch        0
--nnls               20
--dlb                1
--as                 0
--eas                0
--ras                0
--mmas               1
--bwas               0
--acs                0


begin try 0 
best      11502,        iteration:          1,        time       0.02
best      11597,        iteration:          2,        time       0.03
best      11651,        iteration:          3,        time       0.05
best      12368,        iteration:          4,        time       0.06
best      12460,        iteration:          9,        time       0.13
best      12605,        iteration:         11,        time       0.17
best      13450,        iteration:         18,        time       0.27
best      13474,        iteration:         42,        time       0.62
best      13489,        iteration:         53,        time       0.79
best      13777,        iteration:         75,        time       1.12
best      13788,        iteration:        138,        time       2.00
best      13924,        iteration:        273,        time       3.98
end try 0 


try          0,        best      13924,        found at iteration        273,        found at time       3.98
