Parameter-settings: 

--inputfile          instances/eil51-thop/eil51_03_bsc_05_02.thop
--outputfile         solutions/acothop*/eil51-thop/eil51_03_bsc_05_02_04.thop.sol
--tries              1
--tours              0
--ptries             1
--time               15.00
--seed               547617
--optimum            1
--ants               50
--nnants             20
--alpha              1.00
--beta               3.81
--rho                0.37
--q0                 0.00
--elitistants        0
--rasranks           0
--localsearch        0
--nnls               20
--dlb                1
--as                 0
--eas                0
--ras                0
--mmas               1
--bwas               0
--acs                0


begin try 0 
best      52876,        iteration:          1,        time       0.01
best      53832,        iteration:          4,        time       0.02
best      57574,        iteration:          5,        time       0.03
best      57639,        iteration:          9,        time       0.05
best      60280,        iteration:         10,        time       0.06
best      60838,        iteration:         11,        time       0.06
best      61081,        iteration:         13,        time       0.07
best      62400,        iteration:         15,        time       0.09
best      62637,        iteration:         41,        time       0.23
best      63568,        iteration:         67,        time       0.38
best      65041,        iteration:        121,        time       0.68
best      65263,        iteration:        123,        time       0.70
best      66875,        iteration:        127,        time       0.72
best      67224,        iteration:        132,        time       0.75
best      67995,        iteration:        239,        time       1.36
best      68259,        iteration:        245,        time       1.39
best      68472,        iteration:        265,        time       1.51
best      70420,        iteration:        634,        time       3.62
best      71748,        iteration:        652,        time       3.72
best      72355,        iteration:        912,        time       5.20
best      72404,        iteration:        922,        time       5.26
best      73534,        iteration:       1557,        time       8.91
end try 0 


try          0,        best      73534,        found at iteration       1557,        found at time       8.91
