Parameter-settings: 

--inputfile          instances/eil51-thop/eil51_10_unc_05_02.thop
--outputfile         solutions/acothop*/eil51-thop/eil51_10_unc_05_02_01.thop.sol
--tries              1
--tours              0
--ptries             1
--time               49.00
--seed               99470
--optimum            1
--ants               100
--nnants             20
--alpha              0.86
--beta               4.34
--rho                0.74
--q0                 0.00
--elitistants        0
--rasranks           0
--localsearch        0
--nnls               20
--dlb                1
--as                 0
--eas                0
--ras                0
--mmas               1
--bwas               0
--acs                0


begin try 0 
best      95603,        iteration:          1,        time       0.04
best      99533,        iteration:          2,        time       0.08
best     105517,        iteration:          4,        time       0.16
best     106036,        iteration:          5,        time       0.20
best     106527,        iteration:         13,        time       0.52
best     106639,        iteration:         17,        time       0.68
best     106782,        iteration:         21,        time       0.84
best     108245,        iteration:         29,        time       1.17
best     109130,        iteration:         30,        time       1.21
best     109719,        iteration:         34,        time       1.37
best     113723,        iteration:         61,        time       2.44
best     116052,        iteration:         95,        time       3.80
best     116770,        iteration:         97,        time       3.89
best     117527,        iteration:         98,        time       3.93
best     117800,        iteration:        103,        time       4.14
best     119344,        iteration:        106,        time       4.26
best     121491,        iteration:        216,        time       8.79
best     121669,        iteration:        339,        time      13.88
best     121841,        iteration:        340,        time      13.93
best     122494,        iteration:        342,        time      14.01
best     122539,        iteration:        357,        time      14.62
best     123352,        iteration:        368,        time      15.08
best     123779,        iteration:        531,        time      21.83
best     123830,        iteration:        643,        time      26.47
best     124659,        iteration:        869,        time      35.84
end try 0 


try          0,        best     124659,        found at iteration        869,        found at time      35.84
