Parameter-settings: 

--inputfile          instances/eil51-thop/eil51_01_usw_05_01.thop
--outputfile         solutions/acothop*/eil51-thop/eil51_01_usw_05_01_09.thop.sol
--tries              1
--tours              0
--ptries             3
--time               5.00
--seed               756112
--optimum            1
--ants               1000
--nnants             20
--alpha              0.74
--beta               4.22
--rho                0.61
--q0                 0.00
--elitistants        0
--rasranks           0
--localsearch        0
--nnls               20
--dlb                1
--as                 0
--eas                0
--ras                0
--mmas               1
--bwas               0
--acs                0


begin try 0 
best       8519,        iteration:          1,        time       0.08
best       8952,        iteration:          2,        time       0.18
best       9143,        iteration:          4,        time       0.38
best       9196,        iteration:          5,        time       0.47
best       9581,        iteration:          6,        time       0.57
best       9642,        iteration:          7,        time       0.67
best       9689,        iteration:          8,        time       0.77
best       9862,        iteration:          9,        time       0.87
best      10053,        iteration:         12,        time       1.16
end try 0 


try          0,        best      10053,        found at iteration         12,        found at time       1.16
