Parameter-settings: 

--inputfile          instances/eil51-thop/eil51_10_unc_01_03.thop
--outputfile         solutions/acothop*/eil51-thop/eil51_10_unc_01_03_02.thop.sol
--tries              1
--tours              0
--ptries             1
--time               49.00
--seed               126489
--optimum            1
--ants               100
--nnants             20
--alpha              0.86
--beta               4.34
--rho                0.74
--q0                 0.00
--elitistants        0
--rasranks           0
--localsearch        0
--nnls               20
--dlb                1
--as                 0
--eas                0
--ras                0
--mmas               1
--bwas               0
--acs                0


begin try 0 
best      54527,        iteration:          1,        time       0.04
best      61069,        iteration:          2,        time       0.08
best      62842,        iteration:          5,        time       0.19
best      63199,        iteration:          6,        time       0.23
best      65222,        iteration:          8,        time       0.30
best      65481,        iteration:         21,        time       0.76
best      65936,        iteration:         22,        time       0.80
best      70687,        iteration:         27,        time       0.97
best      70803,        iteration:         29,        time       1.04
best      71291,        iteration:         30,        time       1.08
best      71589,        iteration:         33,        time       1.18
best      71849,        iteration:         35,        time       1.25
best      71926,        iteration:         37,        time       1.31
best      74292,        iteration:         44,        time       1.56
best      74350,        iteration:         46,        time       1.62
best      74502,        iteration:        564,        time      19.30
best      74550,        iteration:        571,        time      19.53
best      74558,        iteration:        572,        time      19.56
best      74565,        iteration:        580,        time      19.84
best      74597,        iteration:        582,        time      19.90
end try 0 


try          0,        best      74597,        found at iteration        582,        found at time      19.90
