Parameter-settings: 

--inputfile          instances/eil51-thop/eil51_10_bsc_01_03.thop
--outputfile         solutions/acothop*/eil51-thop/eil51_10_bsc_01_03_07.thop.sol
--tries              1
--tours              0
--ptries             2
--time               49.00
--seed               462018
--optimum            1
--ants               20
--nnants             20
--alpha              1.15
--beta               4.94
--rho                0.88
--q0                 0.00
--elitistants        0
--rasranks           0
--localsearch        0
--nnls               20
--dlb                1
--as                 0
--eas                0
--ras                0
--mmas               1
--bwas               0
--acs                0


begin try 0 
best      54233,        iteration:          1,        time       0.01
best      56961,        iteration:          2,        time       0.02
best      58274,        iteration:          3,        time       0.03
best      61234,        iteration:          4,        time       0.04
best      61839,        iteration:          5,        time       0.05
best      63181,        iteration:          9,        time       0.10
best      63240,        iteration:         13,        time       0.14
best      63433,        iteration:         14,        time       0.15
best      63479,        iteration:         23,        time       0.26
best      64050,        iteration:         24,        time       0.27
best      64831,        iteration:         48,        time       0.56
best      65010,        iteration:        105,        time       1.21
best      65996,        iteration:        111,        time       1.28
best      66126,        iteration:        115,        time       1.32
best      66341,        iteration:        206,        time       2.32
best      66562,        iteration:        223,        time       2.49
best      66612,        iteration:        851,        time       9.96
best      66642,        iteration:        955,        time      11.14
best      66931,        iteration:        957,        time      11.16
best      67001,        iteration:       1690,        time      19.91
best      67371,        iteration:       2033,        time      23.90
best      67426,        iteration:       3069,        time      36.46
best      67571,        iteration:       3079,        time      36.56
best      67830,        iteration:       3096,        time      36.74
best      68478,        iteration:       3114,        time      36.92
end try 0 


try          0,        best      68478,        found at iteration       3114,        found at time      36.92
