Parameter-settings: 

--inputfile          instances/eil51-thop/eil51_03_bsc_10_02.thop
--outputfile         solutions/acothop*/eil51-thop/eil51_03_bsc_10_02_00.thop.sol
--tries              1
--tours              0
--ptries             1
--time               15.00
--seed               269070
--optimum            1
--ants               50
--nnants             20
--alpha              1.00
--beta               3.81
--rho                0.37
--q0                 0.00
--elitistants        0
--rasranks           0
--localsearch        0
--nnls               20
--dlb                1
--as                 0
--eas                0
--ras                0
--mmas               1
--bwas               0
--acs                0


begin try 0 
best      81466,        iteration:          1,        time       0.01
best      84185,        iteration:          4,        time       0.02
best      87136,        iteration:          6,        time       0.04
best      94666,        iteration:          8,        time       0.05
best      95111,        iteration:          9,        time       0.05
best      97233,        iteration:         11,        time       0.07
best     109514,        iteration:         13,        time       0.08
best     113321,        iteration:         21,        time       0.13
best     113537,        iteration:         32,        time       0.19
best     115090,        iteration:         51,        time       0.31
best     115154,        iteration:       1062,        time       6.47
best     117418,        iteration:       1295,        time       7.90
end try 0 


try          0,        best     117418,        found at iteration       1295,        found at time       7.90
