Parameter-settings: 

--inputfile          instances/eil51-thop/eil51_10_unc_01_01.thop
--outputfile         solutions/acothop*/eil51-thop/eil51_10_unc_01_01_08.thop.sol
--tries              1
--tours              0
--ptries             1
--time               49.00
--seed               858990
--optimum            1
--ants               100
--nnants             20
--alpha              0.86
--beta               4.34
--rho                0.74
--q0                 0.00
--elitistants        0
--rasranks           0
--localsearch        0
--nnls               20
--dlb                1
--as                 0
--eas                0
--ras                0
--mmas               1
--bwas               0
--acs                0


begin try 0 
best      38134,        iteration:          1,        time       0.03
best      38868,        iteration:          6,        time       0.18
best      42463,        iteration:          7,        time       0.22
best      44142,        iteration:          8,        time       0.25
best      44378,        iteration:         14,        time       0.44
best      45417,        iteration:         15,        time       0.47
best      45750,        iteration:         16,        time       0.50
best      47079,        iteration:         23,        time       0.73
best      47963,        iteration:        298,        time       9.75
end try 0 


try          0,        best      47963,        found at iteration        298,        found at time       9.75
