Parameter-settings: 

--inputfile          instances/eil51-thop/eil51_03_usw_10_03.thop
--outputfile         solutions/acothop*/eil51-thop/eil51_03_usw_10_03_06.thop.sol
--tries              1
--tours              0
--ptries             1
--time               15.00
--seed               73456
--optimum            1
--ants               20
--nnants             20
--alpha              1.00
--beta               3.87
--rho                0.49
--q0                 0.00
--elitistants        0
--rasranks           0
--localsearch        0
--nnls               20
--dlb                1
--as                 0
--eas                0
--ras                0
--mmas               1
--bwas               0
--acs                0


begin try 0 
best      51652,        iteration:          3,        time       0.02
best      52810,        iteration:          4,        time       0.02
best      55228,        iteration:          5,        time       0.03
best      57331,        iteration:          6,        time       0.03
best      58852,        iteration:          7,        time       0.04
best      59679,        iteration:          8,        time       0.04
best      60628,        iteration:          9,        time       0.05
best      60784,        iteration:         11,        time       0.06
best      63387,        iteration:         12,        time       0.06
best      64936,        iteration:         27,        time       0.14
best      65032,        iteration:         29,        time       0.15
best      65160,        iteration:        253,        time       1.29
best      65187,        iteration:        308,        time       1.56
best      65222,        iteration:       1466,        time       7.47
best      65355,        iteration:       1475,        time       7.52
best      65439,        iteration:       1653,        time       8.43
best      65707,        iteration:       1710,        time       8.71
best      65817,        iteration:       1768,        time       9.00
best      65913,        iteration:       1986,        time      10.08
end try 0 


try          0,        best      65913,        found at iteration       1986,        found at time      10.08
