Parameter-settings: 

--inputfile          instances/eil51-thop/eil51_10_bsc_05_03.thop
--outputfile         solutions/acothop*/eil51-thop/eil51_10_bsc_05_03_07.thop.sol
--tries              1
--tours              0
--ptries             2
--time               49.00
--seed               462018
--optimum            1
--ants               20
--nnants             20
--alpha              1.15
--beta               4.94
--rho                0.88
--q0                 0.00
--elitistants        0
--rasranks           0
--localsearch        0
--nnls               20
--dlb                1
--as                 0
--eas                0
--ras                0
--mmas               1
--bwas               0
--acs                0


begin try 0 
best     234967,        iteration:          1,        time       0.02
best     242312,        iteration:          2,        time       0.03
best     252349,        iteration:          5,        time       0.08
best     259218,        iteration:          7,        time       0.12
best     264806,        iteration:          8,        time       0.13
best     264909,        iteration:         12,        time       0.20
best     269048,        iteration:         16,        time       0.27
best     269335,        iteration:        168,        time       2.78
best     269428,        iteration:        685,        time      11.34
best     269795,        iteration:        694,        time      11.49
best     270533,        iteration:        699,        time      11.57
best     271105,        iteration:        786,        time      13.01
best     271109,        iteration:       1321,        time      21.80
end try 0 


try          0,        best     271109,        found at iteration       1321,        found at time      21.80
