Parameter-settings: 

--inputfile          instances/eil51-thop/eil51_03_bsc_01_03.thop
--outputfile         solutions/acothop*/eil51-thop/eil51_03_bsc_01_03_05.thop.sol
--tries              1
--tours              0
--ptries             1
--time               15.00
--seed               642580
--optimum            1
--ants               50
--nnants             20
--alpha              1.00
--beta               3.81
--rho                0.37
--q0                 0.00
--elitistants        0
--rasranks           0
--localsearch        0
--nnls               20
--dlb                1
--as                 0
--eas                0
--ras                0
--mmas               1
--bwas               0
--acs                0


begin try 0 
best      15731,        iteration:          1,        time       0.01
best      15900,        iteration:          3,        time       0.02
best      17405,        iteration:          7,        time       0.03
best      17865,        iteration:         15,        time       0.07
best      18320,        iteration:         40,        time       0.19
best      18472,        iteration:         58,        time       0.27
best      18544,        iteration:        115,        time       0.52
best      18642,        iteration:        129,        time       0.58
best      18916,        iteration:        134,        time       0.60
best      18923,        iteration:        187,        time       0.83
best      19198,        iteration:        191,        time       0.85
best      19325,        iteration:        406,        time       1.80
best      19389,        iteration:       1290,        time       5.72
end try 0 


try          0,        best      19389,        found at iteration       1290,        found at time       5.72
