Parameter-settings: 

--inputfile          instances/eil51-thop/eil51_03_bsc_01_03.thop
--outputfile         solutions/acothop*/eil51-thop/eil51_03_bsc_01_03_00.thop.sol
--tries              1
--tours              0
--ptries             1
--time               15.00
--seed               269070
--optimum            1
--ants               50
--nnants             20
--alpha              1.00
--beta               3.81
--rho                0.37
--q0                 0.00
--elitistants        0
--rasranks           0
--localsearch        0
--nnls               20
--dlb                1
--as                 0
--eas                0
--ras                0
--mmas               1
--bwas               0
--acs                0


begin try 0 
best      15132,        iteration:          1,        time       0.00
best      16479,        iteration:          2,        time       0.01
best      16900,        iteration:          5,        time       0.02
best      17106,        iteration:          8,        time       0.03
best      17407,        iteration:          9,        time       0.04
best      17526,        iteration:         15,        time       0.07
best      18005,        iteration:         16,        time       0.07
best      18024,        iteration:         24,        time       0.11
best      18033,        iteration:         29,        time       0.13
best      18046,        iteration:         32,        time       0.14
best      18312,        iteration:        113,        time       0.49
best      18417,        iteration:        477,        time       2.09
best      18471,        iteration:        478,        time       2.09
best      18508,        iteration:        795,        time       3.42
best      18511,        iteration:       1215,        time       5.24
best      18797,        iteration:       1219,        time       5.26
best      18895,        iteration:       1372,        time       5.94
best      18977,        iteration:       2200,        time       9.55
best      19271,        iteration:       2416,        time      10.48
end try 0 


try          0,        best      19271,        found at iteration       2416,        found at time      10.48
