Parameter-settings: 

--inputfile          instances/eil51-thop/eil51_05_bsc_05_01.thop
--outputfile         solutions/acothop*/eil51-thop/eil51_05_bsc_05_01_01.thop.sol
--tries              1
--tours              0
--ptries             4
--time               25.00
--seed               99470
--optimum            1
--ants               200
--nnants             20
--alpha              0.74
--beta               3.30
--rho                0.65
--q0                 0.00
--elitistants        0
--rasranks           0
--localsearch        0
--nnls               20
--dlb                1
--as                 0
--eas                0
--ras                0
--mmas               1
--bwas               0
--acs                0


begin try 0 
best      81433,        iteration:          1,        time       0.13
best      83812,        iteration:          2,        time       0.25
best      94036,        iteration:          3,        time       0.38
best      95078,        iteration:          8,        time       1.02
best     103967,        iteration:         13,        time       1.64
best     107681,        iteration:         34,        time       4.34
best     108653,        iteration:         50,        time       6.42
best     110478,        iteration:         53,        time       6.81
end try 0 


try          0,        best     110478,        found at iteration         53,        found at time       6.81
