Parameter-settings: 

--inputfile          instances/eil51-thop/eil51_03_unc_05_02.thop
--outputfile         solutions/acothop*/eil51-thop/eil51_03_unc_05_02_06.thop.sol
--tries              1
--tours              0
--ptries             2
--time               15.00
--seed               73456
--optimum            1
--ants               200
--nnants             20
--alpha              0.93
--beta               4.12
--rho                0.69
--q0                 0.00
--elitistants        0
--rasranks           0
--localsearch        0
--nnls               20
--dlb                1
--as                 0
--eas                0
--ras                0
--mmas               1
--bwas               0
--acs                0


begin try 0 
best      28576,        iteration:          1,        time       0.08
best      30915,        iteration:          2,        time       0.15
best      32356,        iteration:          3,        time       0.23
best      32898,        iteration:          4,        time       0.31
best      34284,        iteration:          5,        time       0.40
best      35229,        iteration:          6,        time       0.48
best      35587,        iteration:         15,        time       1.25
best      35648,        iteration:         16,        time       1.34
best      35696,        iteration:         29,        time       2.46
best      36266,        iteration:         33,        time       2.80
best      38372,        iteration:         63,        time       5.29
best      38425,        iteration:         72,        time       6.08
best      38838,        iteration:         74,        time       6.25
best      39118,        iteration:         75,        time       6.34
end try 0 


try          0,        best      39118,        found at iteration         75,        found at time       6.34
