Parameter-settings: 

--inputfile          instances/eil51-thop/eil51_01_unc_10_01.thop
--outputfile         solutions/acothop*/eil51-thop/eil51_01_unc_10_01_02.thop.sol
--tries              1
--tours              0
--ptries             1
--time               5.00
--seed               126489
--optimum            1
--ants               200
--nnants             20
--alpha              0.91
--beta               4.00
--rho                0.48
--q0                 0.00
--elitistants        0
--rasranks           0
--localsearch        0
--nnls               20
--dlb                1
--as                 0
--eas                0
--ras                0
--mmas               1
--bwas               0
--acs                0


begin try 0 
best      11291,        iteration:          1,        time       0.02
best      12533,        iteration:          3,        time       0.05
best      12732,        iteration:          5,        time       0.07
best      12984,        iteration:          8,        time       0.12
best      12990,        iteration:         12,        time       0.18
best      13181,        iteration:         13,        time       0.19
best      13234,        iteration:         15,        time       0.22
best      13270,        iteration:         17,        time       0.25
best      13447,        iteration:         23,        time       0.34
best      13534,        iteration:         31,        time       0.46
best      14023,        iteration:         32,        time       0.48
best      14152,        iteration:         33,        time       0.49
best      14269,        iteration:         35,        time       0.52
best      14343,        iteration:         43,        time       0.63
best      14513,        iteration:         54,        time       0.79
best      14559,        iteration:         69,        time       1.01
best      14646,        iteration:         73,        time       1.07
end try 0 


try          0,        best      14646,        found at iteration         73,        found at time       1.07
