Parameter-settings: 

--inputfile          instances/eil51-thop/eil51_01_bsc_05_03.thop
--outputfile         solutions/acothop*/eil51-thop/eil51_01_bsc_05_03_09.thop.sol
--tries              1
--tours              0
--ptries             2
--time               5.00
--seed               756112
--optimum            1
--ants               100
--nnants             20
--alpha              1.03
--beta               2.64
--rho                0.82
--q0                 0.00
--elitistants        0
--rasranks           0
--localsearch        0
--nnls               20
--dlb                1
--as                 0
--eas                0
--ras                0
--mmas               1
--bwas               0
--acs                0


begin try 0 
best      20436,        iteration:          1,        time       0.01
best      21066,        iteration:          2,        time       0.02
best      21668,        iteration:          3,        time       0.02
best      22519,        iteration:          4,        time       0.03
best      22620,        iteration:          6,        time       0.05
best      22858,        iteration:          8,        time       0.06
best      22915,        iteration:         10,        time       0.08
best      23016,        iteration:         15,        time       0.11
best      23123,        iteration:         43,        time       0.33
best      23182,        iteration:         84,        time       0.64
best      23183,        iteration:        101,        time       0.77
best      23559,        iteration:        111,        time       0.85
best      23850,        iteration:        113,        time       0.86
best      24055,        iteration:        181,        time       1.38
best      24221,        iteration:        184,        time       1.40
best      24499,        iteration:        191,        time       1.45
end try 0 


try          0,        best      24499,        found at iteration        191,        found at time       1.45
