Parameter-settings: 

--inputfile          instances/eil51-thop/eil51_05_unc_01_01.thop
--outputfile         solutions/acothop*/eil51-thop/eil51_05_unc_01_01_03.thop.sol
--tries              1
--tours              0
--ptries             2
--time               25.00
--seed               644764
--optimum            1
--ants               50
--nnants             20
--alpha              0.98
--beta               3.65
--rho                0.44
--q0                 0.00
--elitistants        0
--rasranks           0
--localsearch        0
--nnls               20
--dlb                1
--as                 0
--eas                0
--ras                0
--mmas               1
--bwas               0
--acs                0


begin try 0 
best      16785,        iteration:          1,        time       0.02
best      18106,        iteration:          5,        time       0.08
best      18793,        iteration:          9,        time       0.15
best      20431,        iteration:         16,        time       0.26
best      21119,        iteration:         17,        time       0.27
best      21293,        iteration:         19,        time       0.31
best      21980,        iteration:         21,        time       0.34
best      24509,        iteration:         37,        time       0.59
best      24540,        iteration:         42,        time       0.65
best      24776,        iteration:         43,        time       0.67
best      24876,        iteration:         52,        time       0.80
best      25054,        iteration:        106,        time       1.62
best      25346,        iteration:        117,        time       1.79
end try 0 


try          0,        best      25346,        found at iteration        117,        found at time       1.79
