Parameter-settings: 

--inputfile          instances/eil51-thop/eil51_05_usw_01_02.thop
--outputfile         solutions/acothop*/eil51-thop/eil51_05_usw_01_02_03.thop.sol
--tries              1
--tours              0
--ptries             1
--time               25.00
--seed               644764
--optimum            1
--ants               1000
--nnants             20
--alpha              0.79
--beta               4.36
--rho                0.83
--q0                 0.00
--elitistants        0
--rasranks           0
--localsearch        0
--nnls               20
--dlb                1
--as                 0
--eas                0
--ras                0
--mmas               1
--bwas               0
--acs                0


begin try 0 
best      16124,        iteration:          1,        time       0.30
best      16437,        iteration:          3,        time       0.88
best      17161,        iteration:          4,        time       1.19
best      17162,        iteration:          6,        time       1.79
best      17614,        iteration:         13,        time       3.85
best      18040,        iteration:         14,        time       4.15
best      18048,        iteration:         59,        time      17.10
end try 0 


try          0,        best      18048,        found at iteration         59,        found at time      17.10
