Parameter-settings: 

--inputfile          instances/eil51-thop/eil51_03_unc_10_02.thop
--outputfile         solutions/acothop*/eil51-thop/eil51_03_unc_10_02_05.thop.sol
--tries              1
--tours              0
--ptries             2
--time               15.00
--seed               642580
--optimum            1
--ants               200
--nnants             20
--alpha              0.93
--beta               4.12
--rho                0.69
--q0                 0.00
--elitistants        0
--rasranks           0
--localsearch        0
--nnls               20
--dlb                1
--as                 0
--eas                0
--ras                0
--mmas               1
--bwas               0
--acs                0


begin try 0 
best      41369,        iteration:          1,        time       0.08
best      42800,        iteration:          3,        time       0.26
best      43819,        iteration:          4,        time       0.35
best      44086,        iteration:          5,        time       0.44
best      45507,        iteration:          6,        time       0.53
best      49201,        iteration:          7,        time       0.63
best      49314,        iteration:          8,        time       0.72
best      49318,        iteration:         11,        time       1.00
best      49324,        iteration:         12,        time       1.09
best      49380,        iteration:         16,        time       1.47
best      49596,        iteration:         22,        time       2.03
best      49834,        iteration:         49,        time       4.57
best      49869,        iteration:         50,        time       4.67
best      49953,        iteration:         63,        time       5.90
best      50225,        iteration:         89,        time       8.30
best      50349,        iteration:         92,        time       8.56
best      50415,        iteration:         93,        time       8.65
best      50588,        iteration:         96,        time       8.92
end try 0 


try          0,        best      50588,        found at iteration         96,        found at time       8.92
