Parameter-settings: 

--inputfile          instances/eil51-thop/eil51_05_unc_05_01.thop
--outputfile         solutions/acothop*/eil51-thop/eil51_05_unc_05_01_01.thop.sol
--tries              1
--tours              0
--ptries             2
--time               25.00
--seed               99470
--optimum            1
--ants               50
--nnants             20
--alpha              0.98
--beta               3.65
--rho                0.44
--q0                 0.00
--elitistants        0
--rasranks           0
--localsearch        0
--nnls               20
--dlb                1
--as                 0
--eas                0
--ras                0
--mmas               1
--bwas               0
--acs                0


begin try 0 
best      29988,        iteration:          1,        time       0.02
best      35997,        iteration:          2,        time       0.03
best      36122,        iteration:          5,        time       0.08
best      38424,        iteration:          7,        time       0.12
best      41102,        iteration:         42,        time       0.71
best      41236,        iteration:         45,        time       0.76
best      44416,        iteration:         53,        time       0.89
best      44441,        iteration:         56,        time       0.95
best      45590,        iteration:         58,        time       0.98
best      47445,        iteration:         63,        time       1.07
best      47453,        iteration:         64,        time       1.08
best      47512,        iteration:         65,        time       1.10
best      48154,        iteration:         66,        time       1.12
best      48438,        iteration:        279,        time       4.79
best      48830,        iteration:        473,        time       8.15
best      49102,        iteration:       1066,        time      18.30
best      49370,        iteration:       1139,        time      19.55
best      49862,        iteration:       1148,        time      19.70
best      50098,        iteration:       1160,        time      19.90
best      50383,        iteration:       1174,        time      20.15
end try 0 


try          0,        best      50383,        found at iteration       1174,        found at time      20.15
