Parameter-settings: 

--inputfile          instances/eil51-thop/eil51_01_bsc_01_01.thop
--outputfile         solutions/acothop*/eil51-thop/eil51_01_bsc_01_01_00.thop.sol
--tries              1
--tours              0
--ptries             2
--time               5.00
--seed               269070
--optimum            1
--ants               100
--nnants             20
--alpha              1.03
--beta               2.64
--rho                0.82
--q0                 0.00
--elitistants        0
--rasranks           0
--localsearch        0
--nnls               20
--dlb                1
--as                 0
--eas                0
--ras                0
--mmas               1
--bwas               0
--acs                0


begin try 0 
best       4634,        iteration:          1,        time       0.01
best       4866,        iteration:          2,        time       0.02
best       4885,        iteration:         12,        time       0.07
best       5228,        iteration:         13,        time       0.08
best       5231,        iteration:         56,        time       0.34
best       5446,        iteration:        457,        time       2.91
end try 0 


try          0,        best       5446,        found at iteration        457,        found at time       2.91
