Parameter-settings: 

--inputfile          instances/eil51-thop/eil51_05_usw_01_01.thop
--outputfile         solutions/acothop*/eil51-thop/eil51_05_usw_01_01_01.thop.sol
--tries              1
--tours              0
--ptries             1
--time               25.00
--seed               99470
--optimum            1
--ants               1000
--nnants             20
--alpha              0.79
--beta               4.36
--rho                0.83
--q0                 0.00
--elitistants        0
--rasranks           0
--localsearch        0
--nnls               20
--dlb                1
--as                 0
--eas                0
--ras                0
--mmas               1
--bwas               0
--acs                0


begin try 0 
best      12970,        iteration:          1,        time       0.27
best      14677,        iteration:          3,        time       0.85
best      15101,        iteration:          4,        time       1.13
best      15355,        iteration:          7,        time       1.98
best      15502,        iteration:          8,        time       2.27
best      15857,        iteration:          9,        time       2.56
best      16046,        iteration:         18,        time       5.14
best      16052,        iteration:         32,        time       9.05
best      16119,        iteration:         33,        time       9.34
end try 0 


try          0,        best      16119,        found at iteration         33,        found at time       9.34
