Parameter-settings: 

--inputfile          instances/eil51-thop/eil51_01_bsc_05_03.thop
--outputfile         solutions/acothop*/eil51-thop/eil51_01_bsc_05_03_04.thop.sol
--tries              1
--tours              0
--ptries             2
--time               5.00
--seed               547617
--optimum            1
--ants               100
--nnants             20
--alpha              1.03
--beta               2.64
--rho                0.82
--q0                 0.00
--elitistants        0
--rasranks           0
--localsearch        0
--nnls               20
--dlb                1
--as                 0
--eas                0
--ras                0
--mmas               1
--bwas               0
--acs                0


begin try 0 
best      19880,        iteration:          1,        time       0.01
best      20022,        iteration:          2,        time       0.02
best      21208,        iteration:          3,        time       0.02
best      21933,        iteration:          6,        time       0.05
best      22776,        iteration:         12,        time       0.09
best      23021,        iteration:         13,        time       0.10
best      23351,        iteration:         27,        time       0.21
best      23361,        iteration:         38,        time       0.29
best      23378,        iteration:         39,        time       0.30
best      23795,        iteration:         54,        time       0.41
best      23873,        iteration:         59,        time       0.45
best      23974,        iteration:        114,        time       0.87
best      23992,        iteration:        115,        time       0.88
end try 0 


try          0,        best      23992,        found at iteration        115,        found at time       0.88
