Parameter-settings: 

--inputfile          instances/eil51-thop/eil51_01_unc_05_02.thop
--outputfile         solutions/acothop*/eil51-thop/eil51_01_unc_05_02_09.thop.sol
--tries              1
--tours              0
--ptries             1
--time               5.00
--seed               756112
--optimum            1
--ants               200
--nnants             20
--alpha              0.91
--beta               4.00
--rho                0.48
--q0                 0.00
--elitistants        0
--rasranks           0
--localsearch        0
--nnls               20
--dlb                1
--as                 0
--eas                0
--ras                0
--mmas               1
--bwas               0
--acs                0


begin try 0 
best      12318,        iteration:          1,        time       0.02
best      12752,        iteration:          2,        time       0.03
best      13714,        iteration:          4,        time       0.06
best      13872,        iteration:          7,        time       0.11
best      13878,        iteration:         14,        time       0.21
best      13939,        iteration:         15,        time       0.23
best      14249,        iteration:         16,        time       0.24
best      14664,        iteration:         19,        time       0.29
best      14802,        iteration:        220,        time       3.23
best      15067,        iteration:        272,        time       3.98
end try 0 


try          0,        best      15067,        found at iteration        272,        found at time       3.98
