Parameter-settings: 

--inputfile          instances/eil51-thop/eil51_05_unc_10_01.thop
--outputfile         solutions/acothop*/eil51-thop/eil51_05_unc_10_01_07.thop.sol
--tries              1
--tours              0
--ptries             2
--time               25.00
--seed               462018
--optimum            1
--ants               50
--nnants             20
--alpha              0.98
--beta               3.65
--rho                0.44
--q0                 0.00
--elitistants        0
--rasranks           0
--localsearch        0
--nnls               20
--dlb                1
--as                 0
--eas                0
--ras                0
--mmas               1
--bwas               0
--acs                0


begin try 0 
best      35395,        iteration:          1,        time       0.02
best      36463,        iteration:          2,        time       0.03
best      45965,        iteration:          5,        time       0.08
best      46308,        iteration:          8,        time       0.14
best      47520,        iteration:          9,        time       0.15
best      47570,        iteration:         10,        time       0.17
best      53675,        iteration:         11,        time       0.19
best      54791,        iteration:         12,        time       0.21
best      55350,        iteration:         14,        time       0.24
best      56215,        iteration:         15,        time       0.26
best      57228,        iteration:         22,        time       0.38
best      57657,        iteration:         31,        time       0.54
best      57983,        iteration:        275,        time       4.85
best      58018,        iteration:        581,        time      10.27
best      59670,        iteration:        636,        time      11.25
best      59736,        iteration:        637,        time      11.27
best      59745,        iteration:        655,        time      11.59
best      59765,        iteration:        656,        time      11.61
best      59857,        iteration:        764,        time      13.52
best      59921,        iteration:        895,        time      15.85
best      60015,        iteration:        910,        time      16.12
best      60371,        iteration:       1051,        time      18.55
best      60386,        iteration:       1080,        time      19.07
end try 0 


try          0,        best      60386,        found at iteration       1080,        found at time      19.07
