Parameter-settings: 

--inputfile          instances/eil51-thop/eil51_10_unc_10_02.thop
--outputfile         solutions/acothop*/eil51-thop/eil51_10_unc_10_02_07.thop.sol
--tries              1
--tours              0
--ptries             1
--time               49.00
--seed               462018
--optimum            1
--ants               100
--nnants             20
--alpha              0.86
--beta               4.34
--rho                0.74
--q0                 0.00
--elitistants        0
--rasranks           0
--localsearch        0
--nnls               20
--dlb                1
--as                 0
--eas                0
--ras                0
--mmas               1
--bwas               0
--acs                0


begin try 0 
best     107747,        iteration:          1,        time       0.04
best     108356,        iteration:          2,        time       0.08
best     118611,        iteration:          3,        time       0.11
best     127457,        iteration:          4,        time       0.15
best     127699,        iteration:          7,        time       0.27
best     131824,        iteration:         11,        time       0.43
best     134033,        iteration:         12,        time       0.47
best     140816,        iteration:         15,        time       0.59
best     142764,        iteration:         20,        time       0.79
best     144633,        iteration:         22,        time       0.87
best     145001,        iteration:         24,        time       0.95
best     145788,        iteration:         25,        time       0.99
best     147531,        iteration:         41,        time       1.64
best     151293,        iteration:         55,        time       2.22
best     151886,        iteration:         56,        time       2.26
best     154607,        iteration:         66,        time       2.68
best     156372,        iteration:         71,        time       2.89
best     157522,        iteration:         92,        time       3.73
best     158081,        iteration:        106,        time       4.28
best     160856,        iteration:        303,        time      12.51
best     164448,        iteration:        699,        time      29.03
best     164452,        iteration:        769,        time      31.98
best     165621,        iteration:        790,        time      32.87
best     165762,        iteration:        796,        time      33.13
best     166228,        iteration:        807,        time      33.59
best     167096,        iteration:        879,        time      36.59
end try 0 


try          0,        best     167096,        found at iteration        879,        found at time      36.59
