Parameter-settings: 

--inputfile          instances/eil51-thop/eil51_05_usw_05_03.thop
--outputfile         solutions/acothop*/eil51-thop/eil51_05_usw_05_03_09.thop.sol
--tries              1
--tours              0
--ptries             1
--time               25.00
--seed               756112
--optimum            1
--ants               1000
--nnants             20
--alpha              0.79
--beta               4.36
--rho                0.83
--q0                 0.00
--elitistants        0
--rasranks           0
--localsearch        0
--nnls               20
--dlb                1
--as                 0
--eas                0
--ras                0
--mmas               1
--bwas               0
--acs                0


begin try 0 
best      64895,        iteration:          1,        time       0.36
best      65252,        iteration:          2,        time       0.74
best      67384,        iteration:          3,        time       1.11
best      69885,        iteration:          4,        time       1.50
best      71040,        iteration:          5,        time       1.86
best      71624,        iteration:          6,        time       2.23
best      72770,        iteration:          7,        time       2.61
best      72814,        iteration:          8,        time       2.98
best      72854,        iteration:          9,        time       3.35
best      72920,        iteration:         11,        time       4.11
best      73918,        iteration:         14,        time       5.25
best      74317,        iteration:         58,        time      21.85
end try 0 


try          0,        best      74317,        found at iteration         58,        found at time      21.85
