Parameter-settings: 

--inputfile          instances/eil51-thop/eil51_03_unc_01_03.thop
--outputfile         solutions/acothop*/eil51-thop/eil51_03_unc_01_03_07.thop.sol
--tries              1
--tours              0
--ptries             2
--time               15.00
--seed               462018
--optimum            1
--ants               200
--nnants             20
--alpha              0.93
--beta               4.12
--rho                0.69
--q0                 0.00
--elitistants        0
--rasranks           0
--localsearch        0
--nnls               20
--dlb                1
--as                 0
--eas                0
--ras                0
--mmas               1
--bwas               0
--acs                0


begin try 0 
best      19293,        iteration:          1,        time       0.08
best      19809,        iteration:          3,        time       0.23
best      20093,        iteration:          9,        time       0.70
best      20297,        iteration:         12,        time       0.93
best      20298,        iteration:         18,        time       1.40
best      20479,        iteration:         22,        time       1.70
best      20487,        iteration:         24,        time       1.85
best      21042,        iteration:         25,        time       1.93
best      21091,        iteration:         39,        time       3.00
best      21333,        iteration:         61,        time       4.61
best      21422,        iteration:         62,        time       4.69
best      21479,        iteration:         98,        time       7.43
end try 0 


try          0,        best      21479,        found at iteration         98,        found at time       7.43
