Parameter-settings: 

--inputfile          instances/eil51-thop/eil51_05_usw_05_01.thop
--outputfile         solutions/acothop*/eil51-thop/eil51_05_usw_05_01_08.thop.sol
--tries              1
--tours              0
--ptries             1
--time               25.00
--seed               858990
--optimum            1
--ants               1000
--nnants             20
--alpha              0.79
--beta               4.36
--rho                0.83
--q0                 0.00
--elitistants        0
--rasranks           0
--localsearch        0
--nnls               20
--dlb                1
--as                 0
--eas                0
--ras                0
--mmas               1
--bwas               0
--acs                0


begin try 0 
best      41952,        iteration:          1,        time       0.33
best      45979,        iteration:          2,        time       0.66
best      49032,        iteration:          3,        time       0.99
best      50297,        iteration:          4,        time       1.32
best      51407,        iteration:          5,        time       1.67
best      52581,        iteration:          6,        time       2.01
best      53430,        iteration:          7,        time       2.36
best      53622,        iteration:         38,        time      12.84
best      54099,        iteration:         39,        time      13.19
best      54398,        iteration:         44,        time      14.91
best      54562,        iteration:         45,        time      15.25
best      54609,        iteration:         47,        time      15.94
end try 0 


try          0,        best      54609,        found at iteration         47,        found at time      15.94
