Parameter-settings: 

--inputfile          instances/eil51-thop/eil51_10_unc_01_02.thop
--outputfile         solutions/acothop*/eil51-thop/eil51_10_unc_01_02_01.thop.sol
--tries              1
--tours              0
--ptries             1
--time               49.00
--seed               99470
--optimum            1
--ants               100
--nnants             20
--alpha              0.86
--beta               4.34
--rho                0.74
--q0                 0.00
--elitistants        0
--rasranks           0
--localsearch        0
--nnls               20
--dlb                1
--as                 0
--eas                0
--ras                0
--mmas               1
--bwas               0
--acs                0


begin try 0 
best      43328,        iteration:          1,        time       0.04
best      48531,        iteration:          3,        time       0.11
best      48872,        iteration:          6,        time       0.22
best      52526,        iteration:          7,        time       0.25
best      53485,        iteration:         10,        time       0.36
best      54189,        iteration:         11,        time       0.40
best      55247,        iteration:         17,        time       0.61
best      55701,        iteration:         28,        time       0.99
best      56145,        iteration:         29,        time       1.02
best      56184,        iteration:         33,        time       1.16
best      56446,        iteration:         37,        time       1.30
best      56649,        iteration:         47,        time       1.64
best      56780,        iteration:        107,        time       3.77
best      56906,        iteration:        309,        time      10.95
best      58572,        iteration:        389,        time      13.77
best      58911,        iteration:        394,        time      13.95
best      58979,        iteration:        453,        time      15.98
best      59350,        iteration:        461,        time      16.24
best      59695,        iteration:        462,        time      16.28
best      61229,        iteration:        703,        time      24.72
best      61662,        iteration:        706,        time      24.82
best      61695,        iteration:        707,        time      24.85
best      61766,        iteration:        714,        time      25.08
best      62556,        iteration:        747,        time      26.23
end try 0 


try          0,        best      62556,        found at iteration        747,        found at time      26.23
