Parameter-settings: 

--inputfile          instances/eil51-thop/eil51_01_bsc_10_01.thop
--outputfile         solutions/acothop*/eil51-thop/eil51_01_bsc_10_01_05.thop.sol
--tries              1
--tours              0
--ptries             2
--time               5.00
--seed               642580
--optimum            1
--ants               100
--nnants             20
--alpha              1.03
--beta               2.64
--rho                0.82
--q0                 0.00
--elitistants        0
--rasranks           0
--localsearch        0
--nnls               20
--dlb                1
--as                 0
--eas                0
--ras                0
--mmas               1
--bwas               0
--acs                0


begin try 0 
best      22176,        iteration:          1,        time       0.01
best      26088,        iteration:          2,        time       0.01
best      26472,        iteration:          4,        time       0.03
best      29143,        iteration:          7,        time       0.05
best      30185,        iteration:        211,        time       1.52
best      30596,        iteration:        553,        time       3.99
best      30978,        iteration:        556,        time       4.01
end try 0 


try          0,        best      30978,        found at iteration        556,        found at time       4.01
