Parameter-settings: 

--inputfile          instances/eil51-thop/eil51_03_usw_01_03.thop
--outputfile         solutions/acothop*/eil51-thop/eil51_03_usw_01_03_07.thop.sol
--tries              1
--tours              0
--ptries             1
--time               15.00
--seed               462018
--optimum            1
--ants               20
--nnants             20
--alpha              1.00
--beta               3.87
--rho                0.49
--q0                 0.00
--elitistants        0
--rasranks           0
--localsearch        0
--nnls               20
--dlb                1
--as                 0
--eas                0
--ras                0
--mmas               1
--bwas               0
--acs                0


begin try 0 
best       9213,        iteration:          1,        time       0.00
best      10071,        iteration:          5,        time       0.02
best      10108,        iteration:         15,        time       0.06
best      10555,        iteration:         61,        time       0.22
best      10899,        iteration:        258,        time       0.90
best      10904,        iteration:        347,        time       1.18
best      11022,        iteration:        697,        time       2.29
best      11030,        iteration:        712,        time       2.34
end try 0 


try          0,        best      11030,        found at iteration        712,        found at time       2.34
