Parameter-settings: 

--inputfile          instances/eil51-thop/eil51_10_bsc_05_02.thop
--outputfile         solutions/acothop*/eil51-thop/eil51_10_bsc_05_02_05.thop.sol
--tries              1
--tours              0
--ptries             2
--time               49.00
--seed               642580
--optimum            1
--ants               20
--nnants             20
--alpha              1.15
--beta               4.94
--rho                0.88
--q0                 0.00
--elitistants        0
--rasranks           0
--localsearch        0
--nnls               20
--dlb                1
--as                 0
--eas                0
--ras                0
--mmas               1
--bwas               0
--acs                0


begin try 0 
best     205849,        iteration:          1,        time       0.02
best     213145,        iteration:          3,        time       0.05
best     225254,        iteration:          5,        time       0.08
best     230898,        iteration:          8,        time       0.13
best     241748,        iteration:          9,        time       0.14
best     245026,        iteration:         43,        time       0.69
best     247490,        iteration:         44,        time       0.70
best     252374,        iteration:         47,        time       0.75
best     255265,        iteration:        136,        time       2.14
best     260494,        iteration:        140,        time       2.20
best     260894,        iteration:        141,        time       2.22
best     261367,        iteration:        739,        time      11.63
best     262074,        iteration:        763,        time      12.02
best     262139,        iteration:        764,        time      12.04
best     262575,        iteration:       1932,        time      30.48
best     262866,        iteration:       1936,        time      30.54
best     263120,        iteration:       2992,        time      47.14
best     263271,        iteration:       2993,        time      47.15
best     264698,        iteration:       2994,        time      47.17
best     264931,        iteration:       2999,        time      47.25
best     265660,        iteration:       3007,        time      47.38
end try 0 


try          0,        best     265660,        found at iteration       3007,        found at time      47.38
