Parameter-settings: 

--inputfile          instances/eil51-thop/eil51_01_bsc_10_02.thop
--outputfile         solutions/acothop*/eil51-thop/eil51_01_bsc_10_02_06.thop.sol
--tries              1
--tours              0
--ptries             2
--time               5.00
--seed               73456
--optimum            1
--ants               100
--nnants             20
--alpha              1.03
--beta               2.64
--rho                0.82
--q0                 0.00
--elitistants        0
--rasranks           0
--localsearch        0
--nnls               20
--dlb                1
--as                 0
--eas                0
--ras                0
--mmas               1
--bwas               0
--acs                0


begin try 0 
best      29938,        iteration:          1,        time       0.01
best      32058,        iteration:          2,        time       0.01
best      33288,        iteration:          3,        time       0.02
best      33529,        iteration:          7,        time       0.05
best      33711,        iteration:          8,        time       0.06
best      33934,        iteration:          9,        time       0.07
best      34111,        iteration:         10,        time       0.07
best      34862,        iteration:         18,        time       0.14
best      34942,        iteration:         19,        time       0.15
best      35195,        iteration:         20,        time       0.15
best      35725,        iteration:         25,        time       0.20
best      35815,        iteration:         30,        time       0.24
best      35875,        iteration:         31,        time       0.24
best      35962,        iteration:         49,        time       0.39
best      35973,        iteration:        117,        time       0.93
best      36370,        iteration:        118,        time       0.94
best      36839,        iteration:        124,        time       0.98
best      37111,        iteration:        162,        time       1.28
best      37197,        iteration:        172,        time       1.36
best      37611,        iteration:        173,        time       1.37
best      37754,        iteration:        196,        time       1.55
end try 0 


try          0,        best      37754,        found at iteration        196,        found at time       1.55
