Parameter-settings: 

--inputfile          instances/eil51-thop/eil51_05_usw_10_03.thop
--outputfile         solutions/acothop*/eil51-thop/eil51_05_usw_10_03_02.thop.sol
--tries              1
--tours              0
--ptries             1
--time               25.00
--seed               126489
--optimum            1
--ants               1000
--nnants             20
--alpha              0.79
--beta               4.36
--rho                0.83
--q0                 0.00
--elitistants        0
--rasranks           0
--localsearch        0
--nnls               20
--dlb                1
--as                 0
--eas                0
--ras                0
--mmas               1
--bwas               0
--acs                0


begin try 0 
best      88877,        iteration:          1,        time       0.40
best      94206,        iteration:          2,        time       0.80
best      99599,        iteration:          3,        time       1.20
best     102299,        iteration:          4,        time       1.61
best     103831,        iteration:          5,        time       2.03
best     104063,        iteration:          7,        time       2.85
best     104111,        iteration:          8,        time       3.26
best     104469,        iteration:          9,        time       3.67
best     105160,        iteration:         10,        time       4.08
best     105185,        iteration:         11,        time       4.49
best     105931,        iteration:         17,        time       6.94
best     106103,        iteration:         18,        time       7.34
best     106196,        iteration:         22,        time       8.96
best     106690,        iteration:         23,        time       9.37
best     107132,        iteration:         28,        time      11.38
best     107133,        iteration:         29,        time      11.79
best     107451,        iteration:         33,        time      13.42
best     107491,        iteration:         34,        time      13.83
best     108003,        iteration:         37,        time      15.00
best     108149,        iteration:         38,        time      15.41
best     108163,        iteration:         40,        time      16.21
best     108303,        iteration:         44,        time      17.86
best     108855,        iteration:         45,        time      18.28
best     108882,        iteration:         60,        time      24.39
end try 0 


try          0,        best     108882,        found at iteration         60,        found at time      24.39
