Parameter-settings: 

--inputfile          instances/eil51-thop/eil51_03_bsc_01_02.thop
--outputfile         solutions/acothop*/eil51-thop/eil51_03_bsc_01_02_03.thop.sol
--tries              1
--tours              0
--ptries             1
--time               15.00
--seed               644764
--optimum            1
--ants               50
--nnants             20
--alpha              1.00
--beta               3.81
--rho                0.37
--q0                 0.00
--elitistants        0
--rasranks           0
--localsearch        0
--nnls               20
--dlb                1
--as                 0
--eas                0
--ras                0
--mmas               1
--bwas               0
--acs                0


begin try 0 
best      14841,        iteration:          1,        time       0.01
best      15665,        iteration:          2,        time       0.01
best      15930,        iteration:          3,        time       0.02
best      16398,        iteration:          5,        time       0.03
best      16580,        iteration:         12,        time       0.06
best      16583,        iteration:         13,        time       0.06
best      16702,        iteration:         14,        time       0.07
best      16836,        iteration:         16,        time       0.08
best      16856,        iteration:         52,        time       0.25
best      16907,        iteration:         55,        time       0.26
best      16969,        iteration:         62,        time       0.29
best      17026,        iteration:         66,        time       0.31
best      17334,        iteration:         81,        time       0.37
best      17393,        iteration:        141,        time       0.62
best      17457,        iteration:        378,        time       1.69
best      17532,        iteration:        382,        time       1.71
best      17554,        iteration:        391,        time       1.75
best      17827,        iteration:        414,        time       1.86
best      17949,        iteration:       1669,        time       7.41
best      17952,        iteration:       1724,        time       7.65
best      18100,        iteration:       2521,        time      11.08
best      18142,        iteration:       2545,        time      11.19
best      18159,        iteration:       2579,        time      11.33
best      18199,        iteration:       2669,        time      11.68
end try 0 


try          0,        best      18199,        found at iteration       2669,        found at time      11.68
