Parameter-settings: 

--inputfile          instances/eil51-thop/eil51_01_usw_05_02.thop
--outputfile         solutions/acothop*/eil51-thop/eil51_01_usw_05_02_09.thop.sol
--tries              1
--tours              0
--ptries             3
--time               5.00
--seed               756112
--optimum            1
--ants               1000
--nnants             20
--alpha              0.74
--beta               4.22
--rho                0.61
--q0                 0.00
--elitistants        0
--rasranks           0
--localsearch        0
--nnls               20
--dlb                1
--as                 0
--eas                0
--ras                0
--mmas               1
--bwas               0
--acs                0


begin try 0 
best      11457,        iteration:          1,        time       0.10
best      11922,        iteration:          2,        time       0.20
best      12099,        iteration:          6,        time       0.61
best      12208,        iteration:          9,        time       0.91
best      12295,        iteration:         10,        time       1.01
best      12419,        iteration:         11,        time       1.11
best      12510,        iteration:         21,        time       2.12
best      12648,        iteration:         32,        time       3.23
best      12726,        iteration:         37,        time       3.74
end try 0 


try          0,        best      12726,        found at iteration         37,        found at time       3.74
