Parameter-settings: 

--inputfile          instances/eil51-thop/eil51_03_bsc_10_01.thop
--outputfile         solutions/acothop*/eil51-thop/eil51_03_bsc_10_01_07.thop.sol
--tries              1
--tours              0
--ptries             1
--time               15.00
--seed               462018
--optimum            1
--ants               50
--nnants             20
--alpha              1.00
--beta               3.81
--rho                0.37
--q0                 0.00
--elitistants        0
--rasranks           0
--localsearch        0
--nnls               20
--dlb                1
--as                 0
--eas                0
--ras                0
--mmas               1
--bwas               0
--acs                0


begin try 0 
best      57196,        iteration:          1,        time       0.01
best      66914,        iteration:          3,        time       0.02
best      69093,        iteration:          5,        time       0.03
best      80445,        iteration:          8,        time       0.04
best      83409,        iteration:         32,        time       0.18
best      85812,        iteration:         34,        time       0.19
best      88545,        iteration:         41,        time       0.23
best      88706,        iteration:       1427,        time       7.97
best      92541,        iteration:       1432,        time       8.00
end try 0 


try          0,        best      92541,        found at iteration       1432,        found at time       8.00
