Parameter-settings: 

--inputfile          instances/eil51-thop/eil51_10_unc_01_01.thop
--outputfile         solutions/acothop*/eil51-thop/eil51_10_unc_01_01_09.thop.sol
--tries              1
--tours              0
--ptries             1
--time               49.00
--seed               756112
--optimum            1
--ants               100
--nnants             20
--alpha              0.86
--beta               4.34
--rho                0.74
--q0                 0.00
--elitistants        0
--rasranks           0
--localsearch        0
--nnls               20
--dlb                1
--as                 0
--eas                0
--ras                0
--mmas               1
--bwas               0
--acs                0


begin try 0 
best      30628,        iteration:          1,        time       0.03
best      30641,        iteration:          2,        time       0.06
best      30777,        iteration:          3,        time       0.09
best      35241,        iteration:          4,        time       0.13
best      38825,        iteration:          5,        time       0.16
best      40046,        iteration:          8,        time       0.25
best      40559,        iteration:          9,        time       0.28
best      40909,        iteration:         16,        time       0.52
best      41506,        iteration:         24,        time       0.77
best      42271,        iteration:         35,        time       1.13
best      42498,        iteration:         42,        time       1.36
best      42617,        iteration:         56,        time       1.82
best      45038,        iteration:         74,        time       2.42
best      45727,        iteration:         77,        time       2.52
best      45993,        iteration:        110,        time       3.61
best      46954,        iteration:        127,        time       4.17
best      46996,        iteration:        170,        time       5.62
best      47188,        iteration:        184,        time       6.09
end try 0 


try          0,        best      47188,        found at iteration        184,        found at time       6.09
