Parameter-settings: 

--inputfile          instances/eil51-thop/eil51_10_unc_10_02.thop
--outputfile         solutions/acothop*/eil51-thop/eil51_10_unc_10_02_03.thop.sol
--tries              1
--tours              0
--ptries             1
--time               49.00
--seed               644764
--optimum            1
--ants               100
--nnants             20
--alpha              0.86
--beta               4.34
--rho                0.74
--q0                 0.00
--elitistants        0
--rasranks           0
--localsearch        0
--nnls               20
--dlb                1
--as                 0
--eas                0
--ras                0
--mmas               1
--bwas               0
--acs                0


begin try 0 
best     112660,        iteration:          1,        time       0.04
best     128432,        iteration:          3,        time       0.12
best     130594,        iteration:          4,        time       0.16
best     137415,        iteration:          6,        time       0.24
best     143666,        iteration:         13,        time       0.53
best     150518,        iteration:         14,        time       0.56
best     153606,        iteration:         16,        time       0.64
best     157876,        iteration:         54,        time       2.22
best     159865,        iteration:         58,        time       2.37
best     160459,        iteration:         65,        time       2.66
best     160762,        iteration:        121,        time       5.04
best     161234,        iteration:        177,        time       7.45
best     163092,        iteration:        282,        time      11.90
best     164279,        iteration:        292,        time      12.33
best     164321,        iteration:        319,        time      13.47
best     164738,        iteration:        347,        time      14.67
best     164807,        iteration:        350,        time      14.80
best     167601,        iteration:        522,        time      21.86
best     167643,        iteration:       1117,        time      46.44
best     167831,        iteration:       1123,        time      46.69
end try 0 


try          0,        best     167831,        found at iteration       1123,        found at time      46.69
