Parameter-settings: 

--inputfile          instances/eil51-thop/eil51_03_usw_01_03.thop
--outputfile         solutions/acothop*/eil51-thop/eil51_03_usw_01_03_02.thop.sol
--tries              1
--tours              0
--ptries             1
--time               15.00
--seed               126489
--optimum            1
--ants               20
--nnants             20
--alpha              1.00
--beta               3.87
--rho                0.49
--q0                 0.00
--elitistants        0
--rasranks           0
--localsearch        0
--nnls               20
--dlb                1
--as                 0
--eas                0
--ras                0
--mmas               1
--bwas               0
--acs                0


begin try 0 
best       8363,        iteration:          1,        time       0.00
best       9460,        iteration:          2,        time       0.01
best       9751,        iteration:          7,        time       0.02
best      10053,        iteration:         41,        time       0.14
best      10156,        iteration:         47,        time       0.16
best      10378,        iteration:         68,        time       0.23
best      10440,        iteration:         88,        time       0.30
best      10480,        iteration:        220,        time       0.78
best      10648,        iteration:        223,        time       0.79
best      10894,        iteration:        392,        time       1.37
best      10952,        iteration:       1182,        time       4.13
best      11114,        iteration:       1379,        time       4.85
end try 0 


try          0,        best      11114,        found at iteration       1379,        found at time       4.85
