Parameter-settings: 

--inputfile          instances/eil51-thop/eil51_05_usw_01_02.thop
--outputfile         solutions/acothop*/eil51-thop/eil51_05_usw_01_02_05.thop.sol
--tries              1
--tours              0
--ptries             1
--time               25.00
--seed               642580
--optimum            1
--ants               1000
--nnants             20
--alpha              0.79
--beta               4.36
--rho                0.83
--q0                 0.00
--elitistants        0
--rasranks           0
--localsearch        0
--nnls               20
--dlb                1
--as                 0
--eas                0
--ras                0
--mmas               1
--bwas               0
--acs                0


begin try 0 
best      15990,        iteration:          1,        time       0.30
best      16752,        iteration:          2,        time       0.59
best      16787,        iteration:          3,        time       0.88
best      16923,        iteration:          7,        time       2.03
best      17472,        iteration:          8,        time       2.32
best      17678,        iteration:          9,        time       2.61
best      17700,        iteration:         22,        time       6.26
best      17826,        iteration:         24,        time       6.81
best      18000,        iteration:         29,        time       8.25
end try 0 


try          0,        best      18000,        found at iteration         29,        found at time       8.25
