Parameter-settings: 

--inputfile          instances/eil51-thop/eil51_03_bsc_01_03.thop
--outputfile         solutions/acothop*/eil51-thop/eil51_03_bsc_01_03_04.thop.sol
--tries              1
--tours              0
--ptries             1
--time               15.00
--seed               547617
--optimum            1
--ants               50
--nnants             20
--alpha              1.00
--beta               3.81
--rho                0.37
--q0                 0.00
--elitistants        0
--rasranks           0
--localsearch        0
--nnls               20
--dlb                1
--as                 0
--eas                0
--ras                0
--mmas               1
--bwas               0
--acs                0


begin try 0 
best      15515,        iteration:          1,        time       0.01
best      15545,        iteration:          2,        time       0.01
best      15877,        iteration:          3,        time       0.02
best      16371,        iteration:          4,        time       0.02
best      16374,        iteration:          7,        time       0.04
best      17235,        iteration:          8,        time       0.04
best      17515,        iteration:         17,        time       0.09
best      17565,        iteration:         27,        time       0.13
best      17851,        iteration:         28,        time       0.14
best      18230,        iteration:         29,        time       0.14
best      18408,        iteration:         30,        time       0.15
best      18409,        iteration:         37,        time       0.18
best      18513,        iteration:         39,        time       0.19
best      18742,        iteration:         41,        time       0.20
best      18994,        iteration:        236,        time       1.05
best      19110,        iteration:        389,        time       1.74
best      19236,        iteration:        400,        time       1.79
best      19272,        iteration:       3244,        time      14.56
end try 0 


try          0,        best      19272,        found at iteration       3244,        found at time      14.56
