Parameter-settings: 

--inputfile          instances/eil51-thop/eil51_05_usw_10_02.thop
--outputfile         solutions/acothop*/eil51-thop/eil51_05_usw_10_02_05.thop.sol
--tries              1
--tours              0
--ptries             1
--time               25.00
--seed               642580
--optimum            1
--ants               1000
--nnants             20
--alpha              0.79
--beta               4.36
--rho                0.83
--q0                 0.00
--elitistants        0
--rasranks           0
--localsearch        0
--nnls               20
--dlb                1
--as                 0
--eas                0
--ras                0
--mmas               1
--bwas               0
--acs                0


begin try 0 
best      73821,        iteration:          1,        time       0.37
best      75457,        iteration:          2,        time       0.74
best      80887,        iteration:          3,        time       1.11
best      81602,        iteration:          4,        time       1.49
best      82027,        iteration:          5,        time       1.87
best      82679,        iteration:          6,        time       2.25
best      84266,        iteration:          7,        time       2.63
best      85365,        iteration:          8,        time       3.01
best      86153,        iteration:         12,        time       4.56
best      86425,        iteration:         15,        time       5.73
best      86465,        iteration:         17,        time       6.49
best      86769,        iteration:         18,        time       6.87
best      87619,        iteration:         19,        time       7.26
best      88623,        iteration:         20,        time       7.64
best      88681,        iteration:         21,        time       8.02
best      88686,        iteration:         24,        time       9.11
best      89178,        iteration:         32,        time      12.13
end try 0 


try          0,        best      89178,        found at iteration         32,        found at time      12.13
