Parameter-settings: 

--inputfile          instances/eil51-thop/eil51_01_bsc_05_01.thop
--outputfile         solutions/acothop*/eil51-thop/eil51_01_bsc_05_01_01.thop.sol
--tries              1
--tours              0
--ptries             2
--time               5.00
--seed               99470
--optimum            1
--ants               100
--nnants             20
--alpha              1.03
--beta               2.64
--rho                0.82
--q0                 0.00
--elitistants        0
--rasranks           0
--localsearch        0
--nnls               20
--dlb                1
--as                 0
--eas                0
--ras                0
--mmas               1
--bwas               0
--acs                0


begin try 0 
best      14414,        iteration:          1,        time       0.01
best      14787,        iteration:          2,        time       0.01
best      15713,        iteration:          4,        time       0.03
best      15942,        iteration:          6,        time       0.04
best      16217,        iteration:          7,        time       0.05
best      16276,        iteration:         10,        time       0.07
best      17113,        iteration:         11,        time       0.08
best      17114,        iteration:         12,        time       0.09
best      17210,        iteration:         17,        time       0.12
best      17698,        iteration:         53,        time       0.38
best      17799,        iteration:         54,        time       0.38
best      18136,        iteration:        232,        time       1.61
best      18182,        iteration:        233,        time       1.62
best      18492,        iteration:        418,        time       2.91
end try 0 


try          0,        best      18492,        found at iteration        418,        found at time       2.91
