Parameter-settings: 

--inputfile          instances/eil51-thop/eil51_01_bsc_01_03.thop
--outputfile         solutions/acothop*/eil51-thop/eil51_01_bsc_01_03_07.thop.sol
--tries              1
--tours              0
--ptries             2
--time               5.00
--seed               462018
--optimum            1
--ants               100
--nnants             20
--alpha              1.03
--beta               2.64
--rho                0.82
--q0                 0.00
--elitistants        0
--rasranks           0
--localsearch        0
--nnls               20
--dlb                1
--as                 0
--eas                0
--ras                0
--mmas               1
--bwas               0
--acs                0


begin try 0 
best       5591,        iteration:          1,        time       0.01
best       6035,        iteration:          2,        time       0.01
best       6264,        iteration:         11,        time       0.07
best       6523,        iteration:         29,        time       0.17
best       6542,        iteration:         40,        time       0.24
best       6622,        iteration:        166,        time       1.01
best       6675,        iteration:        478,        time       2.84
best       6676,        iteration:        494,        time       2.94
best       6760,        iteration:        742,        time       4.41
best       6825,        iteration:        785,        time       4.67
end try 0 


try          0,        best       6825,        found at iteration        785,        found at time       4.67
