Parameter-settings: 

--inputfile          instances/eil51-thop/eil51_05_unc_01_01.thop
--outputfile         solutions/acothop*/eil51-thop/eil51_05_unc_01_01_09.thop.sol
--tries              1
--tours              0
--ptries             2
--time               25.00
--seed               756112
--optimum            1
--ants               50
--nnants             20
--alpha              0.98
--beta               3.65
--rho                0.44
--q0                 0.00
--elitistants        0
--rasranks           0
--localsearch        0
--nnls               20
--dlb                1
--as                 0
--eas                0
--ras                0
--mmas               1
--bwas               0
--acs                0


begin try 0 
best      16208,        iteration:          1,        time       0.02
best      18294,        iteration:          2,        time       0.03
best      19319,        iteration:          7,        time       0.11
best      19516,        iteration:         11,        time       0.18
best      21184,        iteration:         14,        time       0.22
best      21319,        iteration:         21,        time       0.34
best      21425,        iteration:         49,        time       0.79
best      21731,        iteration:         56,        time       0.90
best      21926,        iteration:         67,        time       1.07
best      22020,        iteration:        224,        time       3.56
best      22048,        iteration:        536,        time       8.43
best      22057,        iteration:        547,        time       8.61
best      22304,        iteration:        548,        time       8.63
best      22679,        iteration:        552,        time       8.70
best      22729,        iteration:        565,        time       8.90
best      23036,        iteration:        600,        time       9.46
best      24286,        iteration:        611,        time       9.64
best      24661,        iteration:        621,        time       9.80
best      24668,        iteration:        644,        time      10.16
best      24669,        iteration:        710,        time      11.21
best      24961,        iteration:        724,        time      11.43
best      25054,        iteration:        985,        time      15.49
best      25375,        iteration:        989,        time      15.55
best      25471,        iteration:       1108,        time      17.36
end try 0 


try          0,        best      25471,        found at iteration       1108,        found at time      17.36
