Parameter-settings: 

--inputfile          instances/eil51-thop/eil51_10_usw_10_03.thop
--outputfile         solutions/acothop*/eil51-thop/eil51_10_usw_10_03_04.thop.sol
--tries              1
--tours              0
--ptries             1
--time               49.00
--seed               547617
--optimum            1
--ants               50
--nnants             20
--alpha              0.93
--beta               6.15
--rho                0.69
--q0                 0.00
--elitistants        0
--rasranks           0
--localsearch        0
--nnls               20
--dlb                1
--as                 0
--eas                0
--ras                0
--mmas               1
--bwas               0
--acs                0


begin try 0 
best     174860,        iteration:          1,        time       0.02
best     179159,        iteration:          2,        time       0.04
best     187740,        iteration:          3,        time       0.06
best     192081,        iteration:          5,        time       0.10
best     198190,        iteration:          6,        time       0.12
best     203212,        iteration:          7,        time       0.15
best     203375,        iteration:          9,        time       0.19
best     203698,        iteration:         10,        time       0.21
best     203723,        iteration:         11,        time       0.23
best     203752,        iteration:         13,        time       0.28
best     203758,        iteration:         14,        time       0.30
best     204495,        iteration:         39,        time       0.83
best     205355,        iteration:         40,        time       0.85
best     205358,        iteration:         54,        time       1.15
best     205745,        iteration:         70,        time       1.49
best     205933,        iteration:         71,        time       1.51
best     206418,        iteration:         73,        time       1.54
best     206657,        iteration:         74,        time       1.57
best     207039,        iteration:         78,        time       1.65
best     207362,        iteration:         80,        time       1.70
best     207590,        iteration:         82,        time       1.74
best     207609,        iteration:         88,        time       1.87
best     209607,        iteration:         90,        time       1.91
best     209754,        iteration:         91,        time       1.93
best     209782,        iteration:         94,        time       1.99
best     212290,        iteration:         96,        time       2.03
best     212304,        iteration:         98,        time       2.08
best     212306,        iteration:        173,        time       3.66
best     212310,        iteration:       1046,        time      22.24
best     212794,        iteration:       1179,        time      25.06
best     212876,        iteration:       1180,        time      25.08
best     213034,        iteration:       1182,        time      25.13
best     213170,        iteration:       1210,        time      25.73
best     213436,        iteration:       1540,        time      32.66
best     213695,        iteration:       1541,        time      32.68
best     213751,        iteration:       1542,        time      32.70
best     213761,        iteration:       1545,        time      32.77
best     213768,        iteration:       1547,        time      32.81
best     214005,        iteration:       1956,        time      41.46
best     214018,        iteration:       1962,        time      41.58
best     214030,        iteration:       1973,        time      41.82
best     214348,        iteration:       1980,        time      41.97
best     214553,        iteration:       1981,        time      41.99
best     214713,        iteration:       1982,        time      42.01
best     214778,        iteration:       1983,        time      42.03
best     214802,        iteration:       1992,        time      42.23
end try 0 


try          0,        best     214802,        found at iteration       1992,        found at time      42.23
