Parameter-settings: 

--inputfile          instances/eil51-thop/eil51_10_unc_05_01.thop
--outputfile         solutions/acothop*/eil51-thop/eil51_10_unc_05_01_02.thop.sol
--tries              1
--tours              0
--ptries             1
--time               49.00
--seed               126489
--optimum            1
--ants               100
--nnants             20
--alpha              0.86
--beta               4.34
--rho                0.74
--q0                 0.00
--elitistants        0
--rasranks           0
--localsearch        0
--nnls               20
--dlb                1
--as                 0
--eas                0
--ras                0
--mmas               1
--bwas               0
--acs                0


begin try 0 
best      70799,        iteration:          1,        time       0.03
best      74313,        iteration:          2,        time       0.07
best      88014,        iteration:          3,        time       0.10
best      91238,        iteration:         41,        time       1.44
best      91428,        iteration:         42,        time       1.47
best      95923,        iteration:         69,        time       2.41
best      98665,        iteration:        106,        time       3.71
best     100032,        iteration:        130,        time       4.57
best     101226,        iteration:        365,        time      12.92
best     105677,        iteration:        367,        time      12.99
end try 0 


try          0,        best     105677,        found at iteration        367,        found at time      12.99
