Parameter-settings: 

--inputfile          instances/eil51-thop/eil51_10_unc_05_03.thop
--outputfile         solutions/acothop*/eil51-thop/eil51_10_unc_05_03_08.thop.sol
--tries              1
--tours              0
--ptries             1
--time               49.00
--seed               858990
--optimum            1
--ants               100
--nnants             20
--alpha              0.86
--beta               4.34
--rho                0.74
--q0                 0.00
--elitistants        0
--rasranks           0
--localsearch        0
--nnls               20
--dlb                1
--as                 0
--eas                0
--ras                0
--mmas               1
--bwas               0
--acs                0


begin try 0 
best     119744,        iteration:          1,        time       0.04
best     132924,        iteration:          2,        time       0.09
best     134177,        iteration:          4,        time       0.18
best     136948,        iteration:          5,        time       0.22
best     146971,        iteration:          6,        time       0.27
best     147460,        iteration:          7,        time       0.31
best     147995,        iteration:          9,        time       0.40
best     148589,        iteration:         14,        time       0.63
best     148806,        iteration:         28,        time       1.26
best     149726,        iteration:         39,        time       1.76
best     154873,        iteration:         40,        time       1.80
best     156754,        iteration:         42,        time       1.89
best     159168,        iteration:         44,        time       1.98
best     159269,        iteration:         45,        time       2.02
best     159801,        iteration:         46,        time       2.06
best     159970,        iteration:         47,        time       2.11
best     159999,        iteration:         52,        time       2.33
best     160057,        iteration:         53,        time       2.37
best     160058,        iteration:         59,        time       2.64
best     160060,        iteration:         67,        time       3.00
best     160860,        iteration:        518,        time      23.08
best     160864,        iteration:        538,        time      23.97
best     161131,        iteration:        616,        time      27.45
best     161189,        iteration:        639,        time      28.48
best     161313,        iteration:        641,        time      28.57
best     161348,        iteration:        645,        time      28.74
end try 0 


try          0,        best     161348,        found at iteration        645,        found at time      28.74
