Parameter-settings: 

--inputfile          instances/eil51-thop/eil51_03_unc_10_01.thop
--outputfile         solutions/acothop*/eil51-thop/eil51_03_unc_10_01_07.thop.sol
--tries              1
--tours              0
--ptries             2
--time               15.00
--seed               462018
--optimum            1
--ants               200
--nnants             20
--alpha              0.93
--beta               4.12
--rho                0.69
--q0                 0.00
--elitistants        0
--rasranks           0
--localsearch        0
--nnls               20
--dlb                1
--as                 0
--eas                0
--ras                0
--mmas               1
--bwas               0
--acs                0


begin try 0 
best      27188,        iteration:          1,        time       0.08
best      27825,        iteration:          2,        time       0.16
best      28673,        iteration:          3,        time       0.24
best      32008,        iteration:          4,        time       0.32
best      35246,        iteration:          6,        time       0.48
best      35455,        iteration:          7,        time       0.56
best      36057,        iteration:          8,        time       0.64
best      37795,        iteration:          9,        time       0.72
best      39614,        iteration:         69,        time       5.40
best      39875,        iteration:         70,        time       5.49
end try 0 


try          0,        best      39875,        found at iteration         70,        found at time       5.49
