Parameter-settings: 

--inputfile          instances/eil51-thop/eil51_05_bsc_01_01.thop
--outputfile         solutions/acothop*/eil51-thop/eil51_05_bsc_01_01_01.thop.sol
--tries              1
--tours              0
--ptries             4
--time               25.00
--seed               99470
--optimum            1
--ants               200
--nnants             20
--alpha              0.74
--beta               3.30
--rho                0.65
--q0                 0.00
--elitistants        0
--rasranks           0
--localsearch        0
--nnls               20
--dlb                1
--as                 0
--eas                0
--ras                0
--mmas               1
--bwas               0
--acs                0


begin try 0 
best      26848,        iteration:          1,        time       0.12
best      28232,        iteration:          2,        time       0.24
best      28359,        iteration:          5,        time       0.60
best      29198,        iteration:          9,        time       1.08
best      29442,        iteration:         12,        time       1.44
best      29465,        iteration:         19,        time       2.28
best      29756,        iteration:         30,        time       3.60
best      30034,        iteration:         33,        time       3.95
best      30139,        iteration:         55,        time       6.54
best      30239,        iteration:         59,        time       7.00
best      30452,        iteration:         61,        time       7.25
end try 0 


try          0,        best      30452,        found at iteration         61,        found at time       7.25
