Parameter-settings: 

--inputfile          instances/eil51-thop/eil51_05_usw_01_03.thop
--outputfile         solutions/acothop*/eil51-thop/eil51_05_usw_01_03_00.thop.sol
--tries              1
--tours              0
--ptries             1
--time               25.00
--seed               269070
--optimum            1
--ants               1000
--nnants             20
--alpha              0.79
--beta               4.36
--rho                0.83
--q0                 0.00
--elitistants        0
--rasranks           0
--localsearch        0
--nnls               20
--dlb                1
--as                 0
--eas                0
--ras                0
--mmas               1
--bwas               0
--acs                0


begin try 0 
best      16344,        iteration:          1,        time       0.30
best      18483,        iteration:          2,        time       0.60
best      18588,        iteration:          4,        time       1.16
best      18646,        iteration:          7,        time       2.01
best      18981,        iteration:          8,        time       2.30
best      19052,        iteration:          9,        time       2.58
best      19053,        iteration:         42,        time      11.77
best      19090,        iteration:         44,        time      12.34
best      19244,        iteration:         48,        time      13.49
end try 0 


try          0,        best      19244,        found at iteration         48,        found at time      13.49
