Parameter-settings: 

--inputfile          instances/eil51-thop/eil51_03_unc_05_02.thop
--outputfile         solutions/acothop*/eil51-thop/eil51_03_unc_05_02_00.thop.sol
--tries              1
--tours              0
--ptries             2
--time               15.00
--seed               269070
--optimum            1
--ants               200
--nnants             20
--alpha              0.93
--beta               4.12
--rho                0.69
--q0                 0.00
--elitistants        0
--rasranks           0
--localsearch        0
--nnls               20
--dlb                1
--as                 0
--eas                0
--ras                0
--mmas               1
--bwas               0
--acs                0


begin try 0 
best      28112,        iteration:          1,        time       0.07
best      29374,        iteration:          2,        time       0.15
best      31486,        iteration:          3,        time       0.23
best      32074,        iteration:          5,        time       0.39
best      33092,        iteration:          6,        time       0.47
best      33481,        iteration:          7,        time       0.56
best      35515,        iteration:          8,        time       0.64
best      35697,        iteration:         12,        time       0.96
best      36713,        iteration:         14,        time       1.13
best      37282,        iteration:         78,        time       6.58
best      37870,        iteration:        104,        time       8.85
best      38086,        iteration:        116,        time       9.87
best      38379,        iteration:        117,        time       9.95
end try 0 


try          0,        best      38379,        found at iteration        117,        found at time       9.95
