Parameter-settings: 

--inputfile          instances/eil51-thop/eil51_01_bsc_01_02.thop
--outputfile         solutions/acothop*/eil51-thop/eil51_01_bsc_01_02_09.thop.sol
--tries              1
--tours              0
--ptries             2
--time               5.00
--seed               756112
--optimum            1
--ants               100
--nnants             20
--alpha              1.03
--beta               2.64
--rho                0.82
--q0                 0.00
--elitistants        0
--rasranks           0
--localsearch        0
--nnls               20
--dlb                1
--as                 0
--eas                0
--ras                0
--mmas               1
--bwas               0
--acs                0


begin try 0 
best       4852,        iteration:          1,        time       0.01
best       5236,        iteration:          2,        time       0.01
best       5308,        iteration:          4,        time       0.03
best       5624,        iteration:          5,        time       0.03
best       5780,        iteration:          6,        time       0.04
best       5883,        iteration:          7,        time       0.05
best       5973,        iteration:        137,        time       0.85
best       6261,        iteration:        196,        time       1.21
best       6334,        iteration:        712,        time       4.41
end try 0 


try          0,        best       6334,        found at iteration        712,        found at time       4.41
