Parameter-settings: 

--inputfile          instances/eil51-thop/eil51_01_usw_05_03.thop
--outputfile         solutions/acothop*/eil51-thop/eil51_01_usw_05_03_04.thop.sol
--tries              1
--tours              0
--ptries             3
--time               5.00
--seed               547617
--optimum            1
--ants               1000
--nnants             20
--alpha              0.74
--beta               4.22
--rho                0.61
--q0                 0.00
--elitistants        0
--rasranks           0
--localsearch        0
--nnls               20
--dlb                1
--as                 0
--eas                0
--ras                0
--mmas               1
--bwas               0
--acs                0


begin try 0 
best      13495,        iteration:          1,        time       0.10
best      13547,        iteration:          3,        time       0.31
best      14432,        iteration:          5,        time       0.52
best      14653,        iteration:          6,        time       0.62
best      14671,        iteration:          8,        time       0.83
best      14803,        iteration:          9,        time       0.93
best      15028,        iteration:         16,        time       1.65
end try 0 


try          0,        best      15028,        found at iteration         16,        found at time       1.65
