Parameter-settings: 

--inputfile          instances/eil51-thop/eil51_01_unc_10_03.thop
--outputfile         solutions/acothop*/eil51-thop/eil51_01_unc_10_03_00.thop.sol
--tries              1
--tours              0
--ptries             1
--time               5.00
--seed               269070
--optimum            1
--ants               200
--nnants             20
--alpha              0.91
--beta               4.00
--rho                0.48
--q0                 0.00
--elitistants        0
--rasranks           0
--localsearch        0
--nnls               20
--dlb                1
--as                 0
--eas                0
--ras                0
--mmas               1
--bwas               0
--acs                0


begin try 0 
best      19270,        iteration:          1,        time       0.02
best      19756,        iteration:          2,        time       0.03
best      20056,        iteration:          4,        time       0.07
best      20184,        iteration:          7,        time       0.12
best      20569,        iteration:          9,        time       0.15
best      20591,        iteration:         10,        time       0.17
best      20681,        iteration:         13,        time       0.22
best      20720,        iteration:         14,        time       0.23
best      20803,        iteration:         15,        time       0.25
best      20859,        iteration:         17,        time       0.28
best      20957,        iteration:         18,        time       0.30
best      21047,        iteration:         20,        time       0.33
best      21128,        iteration:         21,        time       0.35
best      21215,        iteration:         22,        time       0.37
end try 0 


try          0,        best      21215,        found at iteration         22,        found at time       0.37
