Parameter-settings: 

--inputfile          instances/eil51-thop/eil51_10_usw_05_01.thop
--outputfile         solutions/acothop*/eil51-thop/eil51_10_usw_05_01_07.thop.sol
--tries              1
--tours              0
--ptries             1
--time               49.00
--seed               462018
--optimum            1
--ants               50
--nnants             20
--alpha              0.93
--beta               6.15
--rho                0.69
--q0                 0.00
--elitistants        0
--rasranks           0
--localsearch        0
--nnls               20
--dlb                1
--as                 0
--eas                0
--ras                0
--mmas               1
--bwas               0
--acs                0


begin try 0 
best      81073,        iteration:          1,        time       0.02
best      85859,        iteration:          3,        time       0.05
best      87435,        iteration:          4,        time       0.07
best      91161,        iteration:          5,        time       0.09
best      94339,        iteration:          6,        time       0.11
best      95295,        iteration:          7,        time       0.12
best      95586,        iteration:          8,        time       0.14
best      95601,        iteration:         10,        time       0.18
best      95730,        iteration:         13,        time       0.23
best      99189,        iteration:         17,        time       0.30
best     100527,        iteration:         18,        time       0.32
best     101300,        iteration:         19,        time       0.34
best     102828,        iteration:         87,        time       1.55
best     104233,        iteration:        406,        time       7.33
best     104621,        iteration:        409,        time       7.38
best     104958,        iteration:        411,        time       7.41
best     105083,        iteration:        414,        time       7.47
best     105553,        iteration:        416,        time       7.50
best     106163,        iteration:        545,        time       9.86
best     107383,        iteration:        547,        time       9.90
best     107452,        iteration:        565,        time      10.23
best     107559,        iteration:        711,        time      12.88
best     107718,        iteration:        712,        time      12.90
best     109867,        iteration:        862,        time      15.64
best     110152,        iteration:        863,        time      15.66
best     110598,        iteration:        865,        time      15.69
best     111131,        iteration:        868,        time      15.75
best     111267,        iteration:        963,        time      17.44
best     113073,        iteration:       1072,        time      19.40
end try 0 


try          0,        best     113073,        found at iteration       1072,        found at time      19.40
