Parameter-settings: 

--inputfile          instances/eil51-thop/eil51_01_bsc_01_03.thop
--outputfile         solutions/acothop*/eil51-thop/eil51_01_bsc_01_03_09.thop.sol
--tries              1
--tours              0
--ptries             2
--time               5.00
--seed               756112
--optimum            1
--ants               100
--nnants             20
--alpha              1.03
--beta               2.64
--rho                0.82
--q0                 0.00
--elitistants        0
--rasranks           0
--localsearch        0
--nnls               20
--dlb                1
--as                 0
--eas                0
--ras                0
--mmas               1
--bwas               0
--acs                0


begin try 0 
best       5458,        iteration:          1,        time       0.01
best       5659,        iteration:          2,        time       0.01
best       6032,        iteration:          3,        time       0.02
best       6158,        iteration:          4,        time       0.03
best       6308,        iteration:          6,        time       0.04
best       6475,        iteration:          7,        time       0.04
best       6493,        iteration:         28,        time       0.17
best       6542,        iteration:         30,        time       0.18
best       6676,        iteration:         51,        time       0.31
end try 0 


try          0,        best       6676,        found at iteration         51,        found at time       0.31
