Parameter-settings: 

--inputfile          instances/eil51-thop/eil51_05_unc_05_02.thop
--outputfile         solutions/acothop*/eil51-thop/eil51_05_unc_05_02_06.thop.sol
--tries              1
--tours              0
--ptries             2
--time               25.00
--seed               73456
--optimum            1
--ants               50
--nnants             20
--alpha              0.98
--beta               3.65
--rho                0.44
--q0                 0.00
--elitistants        0
--rasranks           0
--localsearch        0
--nnls               20
--dlb                1
--as                 0
--eas                0
--ras                0
--mmas               1
--bwas               0
--acs                0


begin try 0 
best      38824,        iteration:          1,        time       0.02
best      40319,        iteration:          2,        time       0.04
best      41272,        iteration:          3,        time       0.05
best      44283,        iteration:          4,        time       0.07
best      47627,        iteration:          5,        time       0.09
best      48242,        iteration:          9,        time       0.17
best      49470,        iteration:         10,        time       0.18
best      50600,        iteration:         11,        time       0.20
best      50880,        iteration:         12,        time       0.22
best      53414,        iteration:         13,        time       0.24
best      54033,        iteration:         14,        time       0.26
best      55133,        iteration:         16,        time       0.30
best      57101,        iteration:         17,        time       0.32
best      57193,        iteration:         19,        time       0.36
best      58625,        iteration:         30,        time       0.57
best      60250,        iteration:         31,        time       0.59
best      60269,        iteration:         36,        time       0.69
best      60819,        iteration:         76,        time       1.48
best      60834,        iteration:         80,        time       1.56
best      60863,        iteration:         81,        time       1.58
best      61511,        iteration:         82,        time       1.60
best      62177,        iteration:         86,        time       1.68
best      62212,        iteration:         95,        time       1.85
best      62506,        iteration:        106,        time       2.07
best      62943,        iteration:        535,        time      10.51
best      63450,        iteration:        542,        time      10.65
end try 0 


try          0,        best      63450,        found at iteration        542,        found at time      10.65
