Parameter-settings: 

--inputfile          instances/eil51-thop/eil51_01_unc_05_02.thop
--outputfile         solutions/acothop*/eil51-thop/eil51_01_unc_05_02_04.thop.sol
--tries              1
--tours              0
--ptries             1
--time               5.00
--seed               547617
--optimum            1
--ants               200
--nnants             20
--alpha              0.91
--beta               4.00
--rho                0.48
--q0                 0.00
--elitistants        0
--rasranks           0
--localsearch        0
--nnls               20
--dlb                1
--as                 0
--eas                0
--ras                0
--mmas               1
--bwas               0
--acs                0


begin try 0 
best      12472,        iteration:          1,        time       0.02
best      13013,        iteration:          2,        time       0.03
best      14612,        iteration:          6,        time       0.09
best      14651,        iteration:         25,        time       0.37
best      14715,        iteration:         82,        time       1.21
best      14738,        iteration:         84,        time       1.24
best      14802,        iteration:        154,        time       2.27
end try 0 


try          0,        best      14802,        found at iteration        154,        found at time       2.27
