Parameter-settings: 

--inputfile          instances/eil51-thop/eil51_05_usw_10_02.thop
--outputfile         solutions/acothop*/eil51-thop/eil51_05_usw_10_02_07.thop.sol
--tries              1
--tours              0
--ptries             1
--time               25.00
--seed               462018
--optimum            1
--ants               1000
--nnants             20
--alpha              0.79
--beta               4.36
--rho                0.83
--q0                 0.00
--elitistants        0
--rasranks           0
--localsearch        0
--nnls               20
--dlb                1
--as                 0
--eas                0
--ras                0
--mmas               1
--bwas               0
--acs                0


begin try 0 
best      74736,        iteration:          1,        time       0.37
best      75132,        iteration:          2,        time       0.74
best      81399,        iteration:          3,        time       1.12
best      83350,        iteration:          4,        time       1.50
best      86807,        iteration:          5,        time       1.89
best      87458,        iteration:          6,        time       2.28
best      88168,        iteration:          7,        time       2.65
best      88910,        iteration:          9,        time       3.41
best      88915,        iteration:         14,        time       5.34
best      89569,        iteration:         15,        time       5.72
best      90291,        iteration:         16,        time       6.11
best      90305,        iteration:         21,        time       8.03
end try 0 


try          0,        best      90305,        found at iteration         21,        found at time       8.03
