Parameter-settings: 

--inputfile          instances/eil51-thop/eil51_10_bsc_01_03.thop
--outputfile         solutions/acothop*/eil51-thop/eil51_10_bsc_01_03_03.thop.sol
--tries              1
--tours              0
--ptries             2
--time               49.00
--seed               644764
--optimum            1
--ants               20
--nnants             20
--alpha              1.15
--beta               4.94
--rho                0.88
--q0                 0.00
--elitistants        0
--rasranks           0
--localsearch        0
--nnls               20
--dlb                1
--as                 0
--eas                0
--ras                0
--mmas               1
--bwas               0
--acs                0


begin try 0 
best      58062,        iteration:          1,        time       0.01
best      58082,        iteration:          2,        time       0.03
best      58118,        iteration:          4,        time       0.06
best      58919,        iteration:          5,        time       0.07
best      58971,        iteration:          9,        time       0.12
best      59043,        iteration:         15,        time       0.19
best      59248,        iteration:         17,        time       0.22
best      59264,        iteration:         18,        time       0.23
best      61536,        iteration:         20,        time       0.26
best      62940,        iteration:         22,        time       0.28
best      64070,        iteration:         33,        time       0.41
best      64465,        iteration:         41,        time       0.50
best      64504,        iteration:        106,        time       1.30
best      65236,        iteration:        110,        time       1.34
best      65314,        iteration:        256,        time       2.98
best      66173,        iteration:        263,        time       3.05
best      66389,        iteration:        416,        time       4.81
best      66746,        iteration:        418,        time       4.83
best      67977,        iteration:        419,        time       4.85
end try 0 


try          0,        best      67977,        found at iteration        419,        found at time       4.85
