Parameter-settings: 

--inputfile          instances/eil51-thop/eil51_03_unc_10_01.thop
--outputfile         solutions/acothop*/eil51-thop/eil51_03_unc_10_01_08.thop.sol
--tries              1
--tours              0
--ptries             2
--time               15.00
--seed               858990
--optimum            1
--ants               200
--nnants             20
--alpha              0.93
--beta               4.12
--rho                0.69
--q0                 0.00
--elitistants        0
--rasranks           0
--localsearch        0
--nnls               20
--dlb                1
--as                 0
--eas                0
--ras                0
--mmas               1
--bwas               0
--acs                0


begin try 0 
best      27890,        iteration:          1,        time       0.08
best      29998,        iteration:          2,        time       0.16
best      31678,        iteration:          4,        time       0.32
best      33248,        iteration:          5,        time       0.40
best      34799,        iteration:          6,        time       0.49
best      34861,        iteration:          7,        time       0.57
best      35036,        iteration:         11,        time       0.90
best      35497,        iteration:         13,        time       1.07
best      35938,        iteration:         14,        time       1.15
best      35965,        iteration:         15,        time       1.24
best      36057,        iteration:         18,        time       1.48
best      36751,        iteration:         19,        time       1.57
best      36926,        iteration:         20,        time       1.65
best      37596,        iteration:         22,        time       1.81
best      37891,        iteration:         23,        time       1.90
best      38822,        iteration:         37,        time       3.03
best      39025,        iteration:         39,        time       3.20
best      39486,        iteration:         40,        time       3.28
best      39821,        iteration:         43,        time       3.52
end try 0 


try          0,        best      39821,        found at iteration         43,        found at time       3.52
