Parameter-settings: 

--inputfile          instances/eil51-thop/eil51_01_unc_05_02.thop
--outputfile         solutions/acothop*/eil51-thop/eil51_01_unc_05_02_06.thop.sol
--tries              1
--tours              0
--ptries             1
--time               5.00
--seed               73456
--optimum            1
--ants               200
--nnants             20
--alpha              0.91
--beta               4.00
--rho                0.48
--q0                 0.00
--elitistants        0
--rasranks           0
--localsearch        0
--nnls               20
--dlb                1
--as                 0
--eas                0
--ras                0
--mmas               1
--bwas               0
--acs                0


begin try 0 
best      12286,        iteration:          1,        time       0.02
best      12872,        iteration:          2,        time       0.03
best      13355,        iteration:          3,        time       0.05
best      13358,        iteration:          4,        time       0.06
best      13625,        iteration:          5,        time       0.08
best      14498,        iteration:          9,        time       0.12
best      14884,        iteration:         11,        time       0.15
best      14894,        iteration:         14,        time       0.19
best      14943,        iteration:         18,        time       0.25
best      15294,        iteration:         41,        time       0.56
end try 0 


try          0,        best      15294,        found at iteration         41,        found at time       0.56
