Parameter-settings: 

--inputfile          instances/eil51-thop/eil51_01_usw_10_03.thop
--outputfile         solutions/acothop*/eil51-thop/eil51_01_usw_10_03_06.thop.sol
--tries              1
--tours              0
--ptries             3
--time               5.00
--seed               73456
--optimum            1
--ants               1000
--nnants             20
--alpha              0.74
--beta               4.22
--rho                0.61
--q0                 0.00
--elitistants        0
--rasranks           0
--localsearch        0
--nnls               20
--dlb                1
--as                 0
--eas                0
--ras                0
--mmas               1
--bwas               0
--acs                0


begin try 0 
best      19378,        iteration:          1,        time       0.11
best      19982,        iteration:          2,        time       0.22
best      20263,        iteration:          4,        time       0.45
best      20952,        iteration:          5,        time       0.56
best      21230,        iteration:         10,        time       1.11
best      21384,        iteration:         14,        time       1.55
best      21462,        iteration:         39,        time       4.27
best      21472,        iteration:         44,        time       4.83
best      21478,        iteration:         45,        time       4.94
end try 0 


try          0,        best      21478,        found at iteration         45,        found at time       4.94
