Parameter-settings: 

--inputfile          instances/eil51-thop/eil51_05_bsc_01_01.thop
--outputfile         solutions/acothop*/eil51-thop/eil51_05_bsc_01_01_07.thop.sol
--tries              1
--tours              0
--ptries             4
--time               25.00
--seed               462018
--optimum            1
--ants               200
--nnants             20
--alpha              0.74
--beta               3.30
--rho                0.65
--q0                 0.00
--elitistants        0
--rasranks           0
--localsearch        0
--nnls               20
--dlb                1
--as                 0
--eas                0
--ras                0
--mmas               1
--bwas               0
--acs                0


begin try 0 
best      27549,        iteration:          1,        time       0.12
best      28702,        iteration:          4,        time       0.46
best      29018,        iteration:          6,        time       0.70
best      29123,        iteration:         12,        time       1.41
best      29388,        iteration:         17,        time       2.02
best      29518,        iteration:         22,        time       2.62
best      29594,        iteration:         23,        time       2.74
best      29668,        iteration:         24,        time       2.87
best      29692,        iteration:         25,        time       2.99
best      29935,        iteration:         42,        time       5.04
best      30052,        iteration:         43,        time       5.16
best      30059,        iteration:         46,        time       5.52
best      30121,        iteration:         65,        time       7.66
best      30162,        iteration:         79,        time       9.29
best      30420,        iteration:         80,        time       9.40
best      30452,        iteration:        159,        time      18.72
best      30463,        iteration:        192,        time      22.47
best      30602,        iteration:        193,        time      22.58
end try 0 


try          0,        best      30602,        found at iteration        193,        found at time      22.58
