Parameter-settings: 

--inputfile          instances/eil51-thop/eil51_03_unc_01_03.thop
--outputfile         solutions/acothop*/eil51-thop/eil51_03_unc_01_03_05.thop.sol
--tries              1
--tours              0
--ptries             2
--time               15.00
--seed               642580
--optimum            1
--ants               200
--nnants             20
--alpha              0.93
--beta               4.12
--rho                0.69
--q0                 0.00
--elitistants        0
--rasranks           0
--localsearch        0
--nnls               20
--dlb                1
--as                 0
--eas                0
--ras                0
--mmas               1
--bwas               0
--acs                0


begin try 0 
best      18796,        iteration:          1,        time       0.08
best      19538,        iteration:          2,        time       0.16
best      20280,        iteration:          3,        time       0.23
best      20297,        iteration:          4,        time       0.31
best      20809,        iteration:          6,        time       0.47
best      20902,        iteration:          9,        time       0.69
best      21105,        iteration:         34,        time       2.64
best      21224,        iteration:         42,        time       3.27
best      21459,        iteration:         44,        time       3.43
best      21664,        iteration:         53,        time       4.14
end try 0 


try          0,        best      21664,        found at iteration         53,        found at time       4.14
