Parameter-settings: 

--inputfile          instances/eil51-thop/eil51_10_bsc_10_03.thop
--outputfile         solutions/acothop*/eil51-thop/eil51_10_bsc_10_03_08.thop.sol
--tries              1
--tours              0
--ptries             2
--time               49.00
--seed               858990
--optimum            1
--ants               20
--nnants             20
--alpha              1.15
--beta               4.94
--rho                0.88
--q0                 0.00
--elitistants        0
--rasranks           0
--localsearch        0
--nnls               20
--dlb                1
--as                 0
--eas                0
--ras                0
--mmas               1
--bwas               0
--acs                0


begin try 0 
best     326244,        iteration:          2,        time       0.04
best     352592,        iteration:          3,        time       0.05
best     371276,        iteration:          4,        time       0.07
best     386029,        iteration:          5,        time       0.09
best     390848,        iteration:         14,        time       0.25
best     392894,        iteration:         15,        time       0.27
best     393375,        iteration:         16,        time       0.28
best     400855,        iteration:         17,        time       0.30
best     411584,        iteration:         29,        time       0.51
best     418806,        iteration:         37,        time       0.65
best     423724,        iteration:         84,        time       1.47
best     425989,        iteration:         88,        time       1.54
best     430807,        iteration:         89,        time       1.55
best     436588,        iteration:         90,        time       1.57
best     440124,        iteration:         91,        time       1.59
best     441816,        iteration:         94,        time       1.64
best     448544,        iteration:        106,        time       1.85
best     456635,        iteration:        133,        time       2.32
best     458794,        iteration:        149,        time       2.60
best     460371,        iteration:       2089,        time      36.40
best     461203,        iteration:       2110,        time      36.77
end try 0 


try          0,        best     461203,        found at iteration       2110,        found at time      36.77
